Apr-24 13:54:15.176 [main] DEBUG nextflow.cli.Launcher - $> nextflow run main.nf
Apr-24 13:54:15.585 [main] DEBUG nextflow.cli.CmdRun - N E X T F L O W  ~  version 24.04.4
Apr-24 13:54:15.632 [main] DEBUG nextflow.plugin.PluginsFacade - Setting up plugin manager > mode=prod; embedded=false; plugins-dir=/hpc/users/cotea02/.nextflow/plugins; core-plugins: nf-amazon@2.5.3,nf-azure@1.6.1,nf-cloudcache@0.4.1,nf-codecommit@0.2.1,nf-console@1.1.3,nf-ga4gh@1.3.0,nf-google@1.13.2-patch1,nf-tower@1.9.1,nf-wave@1.4.2-patch1
Apr-24 13:54:15.643 [main] INFO  o.pf4j.DefaultPluginStatusProvider - Enabled plugins: []
Apr-24 13:54:15.643 [main] INFO  o.pf4j.DefaultPluginStatusProvider - Disabled plugins: []
Apr-24 13:54:15.647 [main] INFO  org.pf4j.DefaultPluginManager - PF4J version 3.12.0 in 'deployment' mode
Apr-24 13:54:15.681 [main] INFO  org.pf4j.AbstractPluginManager - No plugins
Apr-24 13:54:15.720 [main] DEBUG nextflow.config.ConfigBuilder - Found config local: /sc/arion/projects/psychgen/cotea02_prset/geneoverlap_nf/nextflow.config
Apr-24 13:54:15.722 [main] DEBUG nextflow.config.ConfigBuilder - Parsing config file: /sc/arion/projects/psychgen/cotea02_prset/geneoverlap_nf/nextflow.config
Apr-24 13:54:15.790 [main] DEBUG n.secret.LocalSecretsProvider - Secrets store: /hpc/users/cotea02/.nextflow/secrets/store.json
Apr-24 13:54:15.793 [main] DEBUG nextflow.secret.SecretsLoader - Discovered secrets providers: [nextflow.secret.LocalSecretsProvider@2e1792e7] - activable => nextflow.secret.LocalSecretsProvider@2e1792e7
Apr-24 13:54:15.811 [main] DEBUG nextflow.config.ConfigBuilder - Applying config profile: `standard`
Apr-24 13:54:16.722 [main] DEBUG nextflow.cli.CmdRun - Applied DSL=2 from script declaration
Apr-24 13:54:16.746 [main] DEBUG nextflow.cli.CmdRun - Launching `main.nf` [modest_mestorf] DSL2 - revision: b4e714e641
Apr-24 13:54:16.747 [main] DEBUG nextflow.plugin.PluginsFacade - Plugins default=[]
Apr-24 13:54:16.747 [main] DEBUG nextflow.plugin.PluginsFacade - Plugins resolved requirement=[]
Apr-24 13:54:16.823 [main] DEBUG nextflow.Session - Session UUID: 2dd46f55-d40f-4053-9e36-172c5515cb48
Apr-24 13:54:16.823 [main] DEBUG nextflow.Session - Run name: modest_mestorf
Apr-24 13:54:16.823 [main] DEBUG nextflow.Session - Executor pool size: 2
Apr-24 13:54:16.829 [main] DEBUG nextflow.file.FilePorter - File porter settings maxRetries=3; maxTransfers=50; pollTimeout=null
Apr-24 13:54:16.872 [main] DEBUG nextflow.cli.CmdRun - 
  Version: 24.04.4 build 5917
  Created: 01-08-2024 07:05 UTC (03:05 EDT)
  System: Linux 5.14.0-427.13.1.el9_4.x86_64
  Runtime: Groovy 4.0.21 on Java HotSpot(TM) 64-Bit Server VM 21.0.4+8-LTS-274
  Encoding: UTF-8 (UTF-8)
  Process: 2465710@lc03e17 [172.28.3.76]
  CPUs: 1 - Mem: 1.5 TB (668.8 GB) - Swap: 178.8 GB (174.4 GB) - Virtual threads ON
Apr-24 13:54:16.908 [main] DEBUG nextflow.Session - Work-dir: /sc/arion/projects/psychgen/cotea02_prset/geneoverlap_nf/work [gpfs]
Apr-24 13:54:16.908 [main] DEBUG nextflow.Session - Script base path does not exist or is not a directory: /sc/arion/projects/psychgen/cotea02_prset/geneoverlap_nf/bin
Apr-24 13:54:16.922 [main] DEBUG nextflow.executor.ExecutorFactory - Extension executors providers=[]
Apr-24 13:54:16.948 [main] DEBUG nextflow.Session - Observer factory: DefaultObserverFactory
Apr-24 13:54:17.004 [main] DEBUG nextflow.cache.CacheFactory - Using Nextflow cache factory: nextflow.cache.DefaultCacheFactory
Apr-24 13:54:17.012 [main] DEBUG nextflow.util.CustomPoolFactory - Creating virtual thread pool
Apr-24 13:54:17.140 [main] DEBUG nextflow.Session - Session start
Apr-24 13:54:17.725 [main] DEBUG nextflow.script.ScriptRunner - > Launching execution
Apr-24 13:54:18.448 [main] DEBUG nextflow.executor.ExecutorFactory - << taskConfig executor: local
Apr-24 13:54:18.449 [main] DEBUG nextflow.executor.ExecutorFactory - >> processorType: 'local'
Apr-24 13:54:18.463 [main] DEBUG nextflow.executor.Executor - [warm up] executor > local
Apr-24 13:54:18.467 [main] DEBUG n.processor.LocalPollingMonitor - Creating local task monitor for executor 'local' > cpus=1; memory=1.5 TB; capacity=1; pollInterval=100ms; dumpInterval=5m
Apr-24 13:54:18.480 [main] DEBUG n.processor.TaskPollingMonitor - >>> barrier register (monitor: local)
Apr-24 13:54:18.611 [main] DEBUG nextflow.executor.ExecutorFactory - << taskConfig executor: local
Apr-24 13:54:18.612 [main] DEBUG nextflow.executor.ExecutorFactory - >> processorType: 'local'
Apr-24 13:54:18.637 [main] DEBUG nextflow.script.ProcessConfig - Config settings `withName:run_gene_analysis` matches process magma:run_gene_analysis
Apr-24 13:54:18.639 [main] DEBUG nextflow.executor.ExecutorFactory - << taskConfig executor: lsf
Apr-24 13:54:18.639 [main] DEBUG nextflow.executor.ExecutorFactory - >> processorType: 'lsf'
Apr-24 13:54:18.646 [main] DEBUG nextflow.executor.Executor - [warm up] executor > lsf
Apr-24 13:54:18.655 [main] DEBUG n.processor.TaskPollingMonitor - Creating task monitor for executor 'lsf' > capacity: 100; pollInterval: 5s; dumpInterval: 5m 
Apr-24 13:54:18.655 [main] DEBUG n.processor.TaskPollingMonitor - >>> barrier register (monitor: lsf)
Apr-24 13:54:18.656 [main] DEBUG n.executor.AbstractGridExecutor - Creating executor 'lsf' > queue-stat-interval: 1m
Apr-24 13:54:18.667 [main] DEBUG nextflow.executor.LsfExecutor - [LSF] Detected lsf.conf LSF_UNIT_FOR_LIMITS=MB
Apr-24 13:54:18.672 [main] DEBUG nextflow.executor.ExecutorFactory - << taskConfig executor: null
Apr-24 13:54:18.672 [main] DEBUG nextflow.executor.ExecutorFactory - >> processorType: 'local'
Apr-24 13:54:18.723 [main] DEBUG nextflow.script.ProcessConfig - Config settings `withName:run_random_sets` matches process magma:run_random_sets
Apr-24 13:54:18.723 [main] DEBUG nextflow.executor.ExecutorFactory - << taskConfig executor: lsf
Apr-24 13:54:18.723 [main] DEBUG nextflow.executor.ExecutorFactory - >> processorType: 'lsf'
Apr-24 13:54:18.727 [main] DEBUG nextflow.Session - Workflow process names [dsl2]: magma:run_gene_analysis, run_random_sets, annotate_genes, run_gene_analysis, magma:run_real_geneset, prepare_input, run_real_geneset, magma:annotate_genes, magma:run_random_sets, magma:prepare_input
Apr-24 13:54:18.728 [main] DEBUG nextflow.Session - Igniting dataflow network (7)
Apr-24 13:54:18.728 [main] DEBUG nextflow.processor.TaskProcessor - Starting process > magma:prepare_input
Apr-24 13:54:18.741 [main] DEBUG nextflow.processor.TaskProcessor - Starting process > magma:annotate_genes
Apr-24 13:54:18.745 [main] DEBUG nextflow.processor.TaskProcessor - Starting process > magma:run_gene_analysis
Apr-24 13:54:18.746 [main] DEBUG nextflow.processor.TaskProcessor - Starting process > magma:run_real_geneset
Apr-24 13:54:18.761 [main] DEBUG nextflow.processor.TaskProcessor - Starting process > magma:run_random_sets
Apr-24 13:54:18.768 [main] DEBUG nextflow.script.ScriptRunner - Parsed script files:
  Script_c43f8de4e1eaf6a0: /sc/arion/projects/psychgen/cotea02_prset/geneoverlap_nf/main.nf
  Script_0a0d2cbe73deacb7: /sc/arion/projects/psychgen/cotea02_prset/geneoverlap_nf/./modules/magma/magma.nf
Apr-24 13:54:18.768 [main] DEBUG nextflow.script.ScriptRunner - > Awaiting termination 
Apr-24 13:54:18.768 [main] DEBUG nextflow.Session - Session await
Apr-24 13:54:19.016 [Task submitter] DEBUG n.executor.local.LocalTaskHandler - Launch cmd line: /bin/bash -ue .command.run
Apr-24 13:54:19.018 [Task submitter] INFO  nextflow.Session - [53/e954d2] Submitted process > magma:prepare_input (1)
Apr-24 13:54:20.532 [Task monitor] DEBUG n.processor.TaskPollingMonitor - Task completed > TaskHandler[id: 1; name: magma:prepare_input (1); status: COMPLETED; exit: 0; error: -; workDir: /sc/arion/projects/psychgen/cotea02_prset/geneoverlap_nf/work/53/e954d2e1334e28ee208a1997bdce19]
Apr-24 13:54:20.672 [Task submitter] DEBUG n.executor.local.LocalTaskHandler - Launch cmd line: /bin/bash -ue .command.run
Apr-24 13:54:20.672 [Task submitter] INFO  nextflow.Session - [26/94e81e] Submitted process > magma:annotate_genes (1)
Apr-24 13:54:23.911 [Task monitor] DEBUG n.processor.TaskPollingMonitor - Task completed > TaskHandler[id: 2; name: magma:annotate_genes (1); status: COMPLETED; exit: 0; error: -; workDir: /sc/arion/projects/psychgen/cotea02_prset/geneoverlap_nf/work/26/94e81ebca664a1e07713fc74a112de]
Apr-24 13:54:24.454 [Task submitter] DEBUG nextflow.executor.GridTaskHandler - [LSF] submitted process magma:run_gene_analysis (1) > jobId: 182144976; workDir: /sc/arion/projects/psychgen/cotea02_prset/geneoverlap_nf/work/8d/a00649808abd4f3d5df5f251301c29
Apr-24 13:54:24.455 [Task submitter] INFO  nextflow.Session - [8d/a00649] Submitted process > magma:run_gene_analysis (1)
Apr-24 13:59:18.680 [Task monitor] DEBUG n.processor.TaskPollingMonitor - !! executor local > No more task to compute -- The following nodes are still active:
[process] magma:run_real_geneset
  status=ACTIVE
  port 0: (queue) OPEN  ; channel: -
  port 1: (cntrl) -     ; channel: $

[process] magma:run_random_sets
  status=ACTIVE
  port 0: (queue) OPEN  ; channel: -
  port 1: (cntrl) -     ; channel: $

Apr-24 13:59:23.681 [Task monitor] DEBUG n.processor.TaskPollingMonitor - !! executor lsf > tasks to be completed: 1 -- submitted tasks are shown below
~> TaskHandler[jobId: 182144976; id: 3; name: magma:run_gene_analysis (1); status: RUNNING; exit: -; error: -; workDir: /sc/arion/projects/psychgen/cotea02_prset/geneoverlap_nf/work/8d/a00649808abd4f3d5df5f251301c29 started: 1745517333661; exited: -; ]
Apr-24 14:03:38.687 [Task monitor] DEBUG n.processor.TaskPollingMonitor - Task completed > TaskHandler[jobId: 182144976; id: 3; name: magma:run_gene_analysis (1); status: COMPLETED; exit: 0; error: -; workDir: /sc/arion/projects/psychgen/cotea02_prset/geneoverlap_nf/work/8d/a00649808abd4f3d5df5f251301c29 started: 1745517333661; exited: 2025-04-24T18:03:34.091233329Z; ]
Apr-24 14:03:38.860 [Task submitter] DEBUG n.executor.local.LocalTaskHandler - Launch cmd line: /bin/bash -ue .command.run
Apr-24 14:03:38.861 [Task submitter] INFO  nextflow.Session - [61/3a11cb] Submitted process > magma:run_real_geneset (1)
Apr-24 14:03:46.887 [Task monitor] DEBUG n.processor.TaskPollingMonitor - Task completed > TaskHandler[id: 4; name: magma:run_real_geneset (1); status: COMPLETED; exit: 0; error: -; workDir: /sc/arion/projects/psychgen/cotea02_prset/geneoverlap_nf/work/61/3a11cb3af289e53de4fb3ecc8d4133]
Apr-24 14:03:46.931 [main] DEBUG nextflow.Session - Session await > all processes finished
Apr-24 14:03:46.988 [Task monitor] DEBUG n.processor.TaskPollingMonitor - <<< barrier arrives (monitor: local) - terminating tasks monitor poll loop
Apr-24 14:03:48.684 [Task monitor] DEBUG n.processor.TaskPollingMonitor - <<< barrier arrives (monitor: lsf) - terminating tasks monitor poll loop
Apr-24 14:03:48.684 [main] DEBUG nextflow.Session - Session await > all barriers passed
Apr-24 14:03:48.687 [main] DEBUG nextflow.util.ThreadPoolManager - Thread pool 'TaskFinalizer' shutdown completed (hard=false)
Apr-24 14:03:48.687 [main] DEBUG nextflow.util.ThreadPoolManager - Thread pool 'PublishDir' shutdown completed (hard=false)
Apr-24 14:03:48.694 [main] DEBUG n.trace.WorkflowStatsObserver - Workflow completed > WorkflowStats[succeededCount=4; failedCount=0; ignoredCount=0; cachedCount=0; pendingCount=0; submittedCount=0; runningCount=0; retriesCount=0; abortedCount=0; succeedDuration=8m 18s; failedDuration=0ms; cachedDuration=0ms;loadCpus=0; loadMemory=0; peakRunning=1; peakCpus=1; peakMemory=48.8 GB; ]
Apr-24 14:03:48.932 [main] DEBUG nextflow.cache.CacheDB - Closing CacheDB done
Apr-24 14:03:48.984 [main] DEBUG nextflow.util.ThreadPoolManager - Thread pool 'FileTransfer' shutdown completed (hard=false)
Apr-24 14:03:48.985 [main] DEBUG nextflow.script.ScriptRunner - > Execution complete -- Goodbye
