# ALPHA = 0.05
# NUMBER_OF_TESTS = 5878

# _SET1_  VARIABLE = KEGG_MEDICUS_REFERENCE_CA2_ENTRY_VOLTAGE_GATED_CA2_CHANNEL (set)
# _SET1_  NGENES = 24
# _SET1_  P-VALUE = 1.90687e-06
_SET1_   GENE              CHR      START       STOP  NSNPS  NPARAM       N        ZSTAT            P  ZFITTED_BASE  ZRESID_BASE
_SET1_   ENSG00000198216     1  181347238  181812219   1201      90  128525     -0.13672     0.064252   -2.0539e-15     -0.13672
_SET1_   ENSG00000081248     1  200973642  201116694    454      64  126869       2.6385   4.0768e-05   -2.2204e-15       2.6385
_SET1_   ENSG00000182389     2  152654290  152990593    753      41  128221      0.77676     0.017921   -1.9984e-15      0.77676
_SET1_   ENSG00000007402     3   50365233   50576675    289      22  117924      0.57908     0.073899   -1.9984e-15      0.57908
_SET1_   ENSG00000157388     3   53493683   53882760    911      86  127371       1.4563    0.0013175   -1.9984e-15       1.4563
_SET1_   ENSG00000157445     3   54121574   55143584   2960     203  128091      0.85722   0.00023034   -1.9984e-15      0.85722
_SET1_   ENSG00000153956     7   81540760   82108114   1681     114  127646      0.69614    0.0029095   -1.9984e-15      0.69614
_SET1_   ENSG00000148408     9  140737241  141054076    674      54  123309       0.6859      0.01595   -1.9984e-15       0.6859
_SET1_   ENSG00000165995    10   18394606   18865798   1762     113  128131        6.524   3.8694e-18   -1.7764e-15        6.524
_SET1_   ENSG00000151062    12    1866123    2063002    634      61  128876       2.3399    0.0001845   -2.2204e-15       2.3399
_SET1_   ENSG00000151067    12    2044952    2837108   2142     177  128326       5.3565   1.1519e-14   -1.7764e-15       5.3565
_SET1_   ENSG00000167535    12   49172577   49257724    151      25  127175        1.559    0.0038824   -1.9984e-15        1.559
_SET1_   ENSG00000196557    16    1168241    1306771    445      74  127372      0.41452     0.051039   -2.0539e-15      0.41452
_SET1_   ENSG00000006116    16   24231874   24409122    572      74  128932       1.8516   0.00095329   -1.9984e-15       1.8516
_SET1_   ENSG00000067191    17   37294709   37388956    246      42  128533      0.87827      0.03256   -1.9984e-15      0.87827
_SET1_   ENSG00000006283    17   48603429   48739835    362      48  127752       1.7383    0.0015243   -1.9984e-15       1.7383
_SET1_   ENSG00000075429    17   64796235   64916603    422      63  129177      -1.4052      0.62763   -1.9984e-15      -1.4052
_SET1_   ENSG00000075461    17   64926026   65064514    451      71  127722      0.43306       0.0511   -2.0539e-15      0.43306
_SET1_   ENSG00000108878    17   65005706   65087909    193      34  127417     -0.39123      0.23657   -2.0539e-15     -0.39123
_SET1_   ENSG00000141837    19   13282256   13769804   1661     172  127788      0.64496    0.0040627   -1.9984e-15      0.64496
_SET1_   ENSG00000105605    19   54377589   54482195    235      61  126472       2.5865   9.3459e-05   -2.2204e-15       2.5865
_SET1_   ENSG00000130433    19   54460542   54550923    335      50  129416       1.8712    0.0016585   -1.9984e-15       1.8712
_SET1_   ENSG00000166862    22   36924968   37134603    663      80  128435      0.56147     0.031963   -1.9984e-15      0.56147
_SET1_   ENSG00000100346    22   39931758   40120742    398      39  128695       6.3554   2.6358e-14   -1.7764e-15       6.3554

# _SET2_  VARIABLE = REACTOME_PHASE_2_PLATEAU_PHASE (set)
# _SET2_  NGENES = 14
# _SET2_  P-VALUE = 1.6841e-07
_SET2_   GENE              CHR      START       STOP  NSNPS  NPARAM       N        ZSTAT            P  ZFITTED_BASE  ZRESID_BASE
_SET2_   ENSG00000152049     2  223881532  224098117    880      42  128851      -1.0974      0.38318   -1.9984e-15      -1.0974
_SET2_   ENSG00000007402     3   50365233   50576675    289      22  117924      0.57908     0.073899   -1.9984e-15      0.57908
_SET2_   ENSG00000127914     7   91535181   91774987    406      10  129102       1.0607     0.015571   -1.9984e-15       1.0607
_SET2_   ENSG00000165995    10   18394606   18865798   1762     113  128131        6.524   3.8694e-18   -1.7764e-15        6.524
_SET2_   ENSG00000053918    11    2430914    2905339   1370     164  128205     -0.47119     0.096998   -2.0539e-15     -0.47119
_SET2_   ENSG00000175538    11   74130886   74213774    218      26  128726       1.5565    0.0041361   -1.9984e-15       1.5565
_SET2_   ENSG00000151067    12    2044952    2837108   2142     177  128326       5.3565   1.1519e-14   -1.7764e-15       5.3565
_SET2_   ENSG00000067191    17   37294709   37388956    246      42  128533      0.87827      0.03256   -1.9984e-15      0.87827
_SET2_   ENSG00000075461    17   64926026   65064514    451      71  127722      0.43306       0.0511   -2.0539e-15      0.43306
_SET2_   ENSG00000105605    19   54377589   54482195    235      61  126472       2.5865   9.3459e-05   -2.2204e-15       2.5865
_SET2_   ENSG00000142408    19   54431294   54528469    281      39  129460       2.5288   0.00018805   -2.2204e-15       2.5288
_SET2_   ENSG00000130433    19   54460542   54550923    335      50  129416       1.8712    0.0016585   -1.9984e-15       1.8712
_SET2_   ENSG00000159197    21   35701323   35778688    262      32  129429     -0.78793       0.4434   -1.9984e-15     -0.78793
_SET2_   ENSG00000180509    21   35783988   35919573    429      41  129548      -1.2664      0.57179   -1.9984e-15      -1.2664

# _SET3_  VARIABLE = WP_15Q25_COPY_NUMBER_VARIATION (set)
# _SET3_  NGENES = 43
# _SET3_  P-VALUE = 5.7122e-06
_SET3_   GENE              CHR      START       STOP  NSNPS  NPARAM       N        ZSTAT            P  ZFITTED_BASE  ZRESID_BASE
_SET3_   ENSG00000117394     1   43356052   43459530    329      27  126297       -1.594      0.63549   -1.9984e-15       -1.594
_SET3_   ENSG00000197959     1  171775621  172422606   1501      73  128639      0.56632      0.00723   -1.9984e-15      0.56632
_SET3_   ENSG00000198626     1  237170505  238032288   2903     226  127314      -1.0554     0.047869   -1.9984e-15      -1.0554
_SET3_   ENSG00000150995     3    4500032    4924524   1452     153  128138     -0.75053      0.13837   -1.9984e-15     -0.75053
_SET3_   ENSG00000132155     3   12590100   12740725    371      20  127940       1.4218    0.0047724   -1.9984e-15       1.4218
_SET3_   ENSG00000114902     3   52703971   52777182    137      10  128756       6.3205   1.3345e-13   -1.7764e-15       6.3205
_SET3_   ENSG00000197386     4    3041408    3280676    585      29  129071      0.18098     0.090141   -2.0539e-15      0.18098
_SET3_   ENSG00000138798     4  110799040  110968422    364      20  128481       1.7155    0.0025073   -1.9984e-15       1.7155
_SET3_   ENSG00000129128     4  177206115  177288396    365      27  129421     -0.52166      0.29832   -1.9984e-15     -0.52166
_SET3_   ENSG00000177879     5  115142178  115284778    290      38  127089      -0.9362      0.41294   -1.9984e-15      -0.9362
_SET3_   ENSG00000135577     6  142344467  142444936    190      14  129883       1.0561     0.023441   -1.9984e-15       1.0561
_SET3_   ENSG00000152822     6  146313782  146793734    907      43  127794       1.5829    0.0011611   -1.9984e-15       1.5829
_SET3_   ENSG00000070718     8   41975464   42064191    135      14  128686       1.2421     0.013008   -1.9984e-15       1.2421
_SET3_   ENSG00000118363    11   74625292   74725076    158      19  127404       1.4506     0.005272   -1.9984e-15       1.4506
_SET3_   ENSG00000168959    11   88202744   88834113   1850      46  127275      0.50341    0.0038842   -1.9984e-15      0.50341
_SET3_   ENSG00000135439    12   58083980   58170940    122      17  126118     -0.22936      0.17577   -2.0539e-15     -0.22936
_SET3_   ENSG00000214575    15   83176951   83352612    325      22  129156       4.9061   1.7141e-09   -1.7764e-15       4.9061
_SET3_   ENSG00000103723    15   83293033   83413666    277      25  128521       5.0154   9.0077e-10   -1.7764e-15       5.0154
_SET3_   ENSG00000186628    15   83389114   83509822    280      26  128278       2.2071   0.00056128   -2.2204e-15       2.2071
_SET3_   ENSG00000156232    15   83443380   83538611    230      29  127975       1.3945    0.0065761   -1.9984e-15       1.3945
_SET3_   ENSG00000103942    15   83474838   83689661    471      35  127557      0.68031     0.028343   -1.9984e-15      0.68031
_SET3_   ENSG00000169609    15   83622193   83715393    185      26  127782      0.92905     0.027118   -1.9984e-15      0.92905
_SET3_   ENSG00000064726    15   83650174   83771106    247      30  128323       1.3118     0.009525   -1.9984e-15       1.3118
_SET3_   ENSG00000136404    15   83741159   83848606    160      18  128687       1.5755     0.005795   -1.9984e-15       1.5755
_SET3_   ENSG00000169594    15   83889655   83988466    142      13  127765       1.7457    0.0032719   -1.9984e-15       1.7457
_SET3_   ENSG00000140600    15   84080980   84322495    540      58  127924       1.0496     0.010951   -1.9984e-15       1.0496
_SET3_   ENSG00000156218    15   84287838   84743594   1094      45  128578       2.2327   6.8473e-05   -2.2204e-15       2.2327
_SET3_   ENSG00000184206    15   84869525   84949120    135      20  129991       4.8277   7.4635e-09   -1.7764e-15       4.8277
_SET3_   ENSG00000176371    15   85109217   85206027    188      21  128712       5.4347   5.4558e-11   -1.7764e-15       5.4347
_SET3_   ENSG00000177082    15   85150999   85232574    162      19  128340       5.2571   1.7367e-10   -1.7764e-15       5.2571
_SET3_   ENSG00000197696    15   85163360   85236794    142      17  128936       5.3138   1.7684e-10   -1.7764e-15       5.3138
_SET3_   ENSG00000140612    15   85177775   85294947    231      25  128548       5.2464   2.0293e-10   -1.7764e-15       5.2464
_SET3_   ENSG00000166716    15   85256866   85384659    258      18  128398       4.9679   9.7103e-10   -1.7764e-15       4.9679
_SET3_   ENSG00000136383    15   85324911   85451713    379      42  128542       4.5854   5.0533e-09   -1.7764e-15       4.5854
_SET3_   ENSG00000156222    15   85392885   85553876    586      70  128605        1.779    0.0011933   -1.9984e-15        1.779
_SET3_   ENSG00000073417    15   85488671   85717376    756      37  125476      -1.3163       0.4253   -1.9984e-15      -1.3163
_SET3_   ENSG00000101654    18   13691659   13799557    296      21  128009       1.5905    0.0046521   -1.9984e-15       1.5905
_SET3_   ENSG00000065000    19    2065988    2199464    453      42  126378       2.5097   7.5284e-05   -2.2204e-15       2.5097
_SET3_   ENSG00000196218    19   38889339   39113204    675      53  128355       1.3083    0.0070819   -1.9984e-15       1.3083
_SET3_   ENSG00000161681    19   51130084   51257707    354      76  128591       1.0702     0.013876   -1.9984e-15       1.0702
_SET3_   ENSG00000198900    20   39622458   39788127    287      27  127092        1.788    0.0021647   -1.9984e-15        1.788
_SET3_   ENSG00000159082    21   33966069   34135359    296      25  128763      0.89112     0.028321   -1.9984e-15      0.89112
_SET3_   ENSG00000251322    22   51077843   51206726    273      38  128084       3.1178    1.304e-05   -2.2204e-15       3.1178
