# ALPHA = 0.05
# NUMBER_OF_TESTS = 5878

# _SET1_  VARIABLE = CAIRO_HEPATOBLASTOMA_CLASSES_UP (set)
# _SET1_  NGENES = 558
# _SET1_  P-VALUE = 1.74041e-06
_SET1_   GENE              CHR      START       STOP  NSNPS  NPARAM      N        ZSTAT            P  ZFITTED_BASE  ZRESID_BASE
_SET1_   ENSG00000187608     1     913803     984920    236      25  59957     -0.40967      0.33906    1.8263e-14     -0.40967
_SET1_   ENSG00000078808     1    1117288    1202411    389      27  59957       3.3701   3.8049e-05    1.8208e-14       3.3701
_SET1_   ENSG00000078369     1    1681729    1857495    375      26  59957       3.9958   8.7078e-07    1.8208e-14       3.9958
_SET1_   ENSG00000169885     1    1811266    1883735    229      21  59957        3.953   7.1341e-07    1.8208e-14        3.953
_SET1_   ENSG00000142606     1    2487078    2599481    349      20  59957       3.0956   6.7136e-05    1.8208e-14       3.0956
_SET1_   ENSG00000078900     1    3534084    3687765    582      86  59957     -0.48276      0.31142    1.8263e-14     -0.48276
_SET1_   ENSG00000142599     1    8377457    8912702    992      40  59957      0.33968      0.13453    1.8263e-14      0.33968
_SET1_   ENSG00000074800     1    8886061    8974308    230      35  59957      0.34371      0.10025    1.8263e-14      0.34371
_SET1_   ENSG00000173614     1    9968486   10080559    266      26  59957       0.2462      0.19789    1.8291e-14       0.2462
_SET1_   ENSG00000004487     1   23310941   23445182    224      24  59957      0.47582      0.10036    1.8263e-14      0.47582
_SET1_   ENSG00000175793     1   27154633   27225947    112      16  59957     0.098619      0.20394    1.8291e-14     0.098619
_SET1_   ENSG00000084636     1   32082848   32204920    300      37  59957     -0.78319      0.46513    1.8319e-14     -0.78319
_SET1_   ENSG00000116885     1   36846428   36951086    467      26  59957      0.46195      0.12504    1.8263e-14      0.46195
_SET1_   ENSG00000084073     1   40688779   40794856    248      45  59957      -2.0493      0.88152    1.8208e-14      -2.0493
_SET1_   ENSG00000065978     1   43113098   43203020    205      29  59957       1.0877     0.024805    1.8208e-14       1.0877
_SET1_   ENSG00000070785     1   45281450   45487282    639      25  59957       1.6681     0.011006    1.8208e-14       1.6681
_SET1_   ENSG00000085999     1   46678360   46779145    129      30  59957       1.0071     0.034664    1.8208e-14       1.0071
_SET1_   ENSG00000198841     1   52462775   52534488    168      21  59957       0.6413      0.12123    1.8319e-14       0.6413
_SET1_   ENSG00000177606     1   59211465   59284785    170      35  59957     -0.51353      0.34974    1.8319e-14     -0.51353
_SET1_   ENSG00000162599     1   61295931   61963465   2041     221  59957      0.89697     0.033112    1.8319e-14      0.89697
_SET1_   ENSG00000116704     1   67430015   67554782    400      29  59957       5.7791   3.5236e-11    1.8652e-14       5.7791
_SET1_   ENSG00000172260     1   71826623   72783417   2333     123  59957    -0.026578      0.18233    1.8287e-14    -0.026578
_SET1_   ENSG00000122420     1   78734568   79040434   1025      68  59957        1.965    0.0027693    1.8208e-14        1.965
_SET1_   ENSG00000142875     1   84508745   84739181    515      40  59957      -1.4247      0.72399    1.8208e-14      -1.4247
_SET1_   ENSG00000162645     1   89536815   89651139    335      22  59957       1.0542     0.034754    1.8208e-14       1.0542
_SET1_   ENSG00000117525     1   94959781   95042356    223      42  59957      -1.4408      0.69119    1.8208e-14      -1.4408
_SET1_   ENSG00000185946     1  104033313  104132861    198      48  59957      0.88082       0.0379    1.8319e-14      0.88082
_SET1_   ENSG00000134215     1  108078782  108542766   1833     111  59957      0.26311       0.1245    1.8263e-14      0.26311
_SET1_   ENSG00000116489     1  113126795  113249241    245      26  59957        2.862   0.00010242    1.8208e-14        2.862
_SET1_   ENSG00000134242     1  114321433  114449381    261      26  59957       1.2082     0.020233    1.8208e-14       1.2082
_SET1_   ENSG00000116830     1  117567925  117685075    363      47  59957      -1.1178      0.60582    1.8208e-14      -1.1178
_SET1_   ENSG00000143365     1  151743547  151839348    276      39  59957       5.0458   9.8689e-10    1.8652e-14       5.0458
_SET1_   ENSG00000187223     1  152600872  152672135    302      18  59957       2.0899    0.0029454    1.8208e-14       2.0899
_SET1_   ENSG00000203783     1  153155060  153226793    251      32  59957     -0.52127      0.34269    1.8319e-14     -0.52127
_SET1_   ENSG00000196420     1  153474623  153549241    198      17  59957     -0.39124      0.44602    1.8263e-14     -0.39124
_SET1_   ENSG00000189334     1  153551731  153624462    178      26  59957      -1.8586      0.82767    1.8208e-14      -1.8586
_SET1_   ENSG00000160691     1  154899774  154981871    146      29  59957     -0.21985      0.27681    1.8291e-14     -0.21985
_SET1_   ENSG00000116586     1  155989543  156063301    131      37  59957       2.4133   0.00040603    1.8208e-14       2.4133
_SET1_   ENSG00000203747     1  161476549  161635917    374      43  59957       5.6434   2.8669e-11    1.8652e-14       5.6434
_SET1_   ENSG00000162733     1  162566163  162792190    675      55  59957       -1.827      0.86613    1.8208e-14       -1.827
_SET1_   ENSG00000152382     1  166790747  166880564    221      29  59957      0.80503     0.042025    1.8319e-14      0.80503
_SET1_   ENSG00000007933     1  171025018  171121959    384      31  59957      -1.9335      0.88392    1.8208e-14      -1.9335
_SET1_   ENSG00000135845     1  172304329  172448230    399      35  59957      -1.3877      0.71696    1.8208e-14      -1.3877
_SET1_   ENSG00000117560     1  172593154  172671014    193      40  59957       1.6398    0.0040263    1.8208e-14       1.6398
_SET1_   ENSG00000116161     1  174933300  175015851    181      34  59957     -0.63447       0.3972    1.8319e-14     -0.63447
_SET1_   ENSG00000057252     1  179227925  179362815    625      29  59957      0.71183     0.069547    1.8319e-14      0.71183
_SET1_   ENSG00000162704     1  183557401  183639892    376      17  59957       2.0629    0.0040661    1.8208e-14       2.0629
_SET1_   ENSG00000116741     1  192743169  192816403    222      35  59957      0.21436      0.12448    1.8291e-14      0.21436
_SET1_   ENSG00000122180     1  203017260  203090164    227      39  59957      -0.8374      0.44349    1.8319e-14      -0.8374
_SET1_   ENSG00000188783     1  203409956  203495480    335      33  59957      -1.3638      0.73088    1.8208e-14      -1.3638
_SET1_   ENSG00000136653     1  206645879  206797616    509      55  59957       1.4707    0.0086322    1.8208e-14       1.4707
_SET1_   ENSG00000180667     1  207182194  207261325    216      35  59957      0.78267     0.049158    1.8319e-14      0.78267
_SET1_   ENSG00000123684     1  211881799  212039114    555      48  59957      -1.1341       0.6511    1.8208e-14      -1.1341
_SET1_   ENSG00000143499     1  214419445  214545474    422      42  59957      0.45955     0.090093    1.8263e-14      0.45955
_SET1_   ENSG00000154305     1  222756428  222876354    290      24  59957      -1.1575      0.68278    1.8208e-14      -1.1575
_SET1_   ENSG00000143756     1  224266789  224384749    477      27  59957     -0.73815       0.5035    1.8319e-14     -0.73815
_SET1_   ENSG00000143641     1  230158536  230452870   1273     110  59957       1.7937    0.0033803    1.8208e-14       1.7937
_SET1_   ENSG00000135744     1  230803269  230885043    408      38  59957      0.32219      0.13059    1.8263e-14      0.32219
_SET1_   ENSG00000174371     1  241976269  242093450    536      61  59957    -0.075252      0.18223    1.8291e-14    -0.075252
_SET1_   ENSG00000117020     1  243616535  244049381    830      43  59957      0.56391      0.10481    1.8319e-14      0.56391
_SET1_   ENSG00000153187     1  244979468  245062844    226      34  59957      0.90114     0.040846    1.8319e-14      0.90114
_SET1_   ENSG00000185420     1  245877642  246705614   4127     143  59957     -0.13336      0.22177    1.8291e-14     -0.13336
_SET1_   ENSG00000134324     2   11782721   12002535    855     111  59957      0.87842     0.034161    1.8319e-14      0.87842
_SET1_   ENSG00000071575     2   12822015   12917860    264      30  59957     -0.93973      0.52098    1.8319e-14     -0.93973
_SET1_   ENSG00000170745     2   18024114   18577882   2451     172  59957     -0.46333      0.30451    1.8263e-14     -0.46333
_SET1_   ENSG00000115138     2   25348722   25426772    203      26  59957       1.8026    0.0044041    1.8208e-14       1.8026
_SET1_   ENSG00000084734     2   27684709   27781554    216      29  59957       3.7156   1.9115e-06    1.8208e-14       3.7156
_SET1_   ENSG00000150938     2   36548069   36813278    903      85  59957      -1.8822      0.82496    1.8208e-14      -1.8822
_SET1_   ENSG00000055332     2   37291353   37419208    600      26  59957      0.53104      0.12358    1.8319e-14      0.53104
_SET1_   ENSG00000115828     2   37536717   37635465    467      65  59957      0.78239     0.055854    1.8319e-14      0.78239
_SET1_   ENSG00000171132     2   45843484   46450129   2629     249  59957      -1.7561      0.74623    1.8208e-14      -1.7561
_SET1_   ENSG00000180398     2   47094009   47203994    556      49  59957      0.27098      0.14263    1.8263e-14      0.27098
_SET1_   ENSG00000115464     2   61379598   61732904    929      36  59957       5.2675   9.1489e-10    1.8652e-14       5.2675
_SET1_   ENSG00000176407     2   85163216   85321595    368      42  59957      0.70207     0.067367    1.8319e-14      0.70207
_SET1_   ENSG00000239305     2   86795516   86885989    233      34  59957      -1.1649      0.60356    1.8208e-14      -1.1649
_SET1_   ENSG00000153561     2   86912296   87040164    232      32  59957      0.35247       0.1172    1.8263e-14      0.35247
_SET1_   ENSG00000172086     2   88291724   88390248    286      30  59957     -0.62516      0.43985    1.8319e-14     -0.62516
_SET1_   ENSG00000135940     2   98227503   98299846     82      15  59957      0.91783     0.041978    1.8319e-14      0.91783
_SET1_   ENSG00000115085     2   98295023   98391325    192      30  59957       1.0321     0.025727    1.8208e-14       1.0321
_SET1_   ENSG00000115641     2  105939169  106089970    605      90  59957     -0.49636      0.31603    1.8263e-14     -0.49636
_SET1_   ENSG00000184492     2  114221661  114293728     43      13  59957     -0.19614      0.20828    1.8291e-14     -0.19614
_SET1_   ENSG00000155368     2  120089497  120165126    318      27  59957      0.85268     0.049416    1.8319e-14      0.85268
_SET1_   ENSG00000048991     2  136254025  136517840    446      33  59957      -1.1913       0.6867    1.8208e-14      -1.1913
_SET1_   ENSG00000115221     2  160921177  161163399    807      51  59957       1.6831     0.006552    1.8208e-14       1.6831
_SET1_   ENSG00000136560     2  161958419  162127732    357      36  59957     -0.52637      0.43997    1.8319e-14     -0.52637
_SET1_   ENSG00000115233     2  162129549  162303228    352      35  59957      0.46675      0.11988    1.8263e-14      0.46675
_SET1_   ENSG00000172292     2  169277372  169666644   1404      99  59957       1.8967     0.003434    1.8208e-14       1.8967
_SET1_   ENSG00000152253     2  169655642  169804881    488      52  59957      -2.2313       0.9021    1.8208e-14      -2.2313
_SET1_   ENSG00000138382     2  170631591  170716441    360      30  59957     -0.95785      0.56998    1.8319e-14     -0.95785
_SET1_   ENSG00000152256     2  173385101  173524823    559      31  59957     -0.24396      0.34786    1.8291e-14     -0.24396
_SET1_   ENSG00000115966     2  175901978  176068110    449      32  59957     -0.92267      0.61125    1.8319e-14     -0.92267
_SET1_   ENSG00000128652     2  176966340  177072830    269      37  59957       2.3275   0.00060764    1.8208e-14       2.3275
_SET1_   ENSG00000163002     2  183947241  184061408    648      27  59957      -1.5788      0.82719    1.8208e-14      -1.5788
_SET1_   ENSG00000064989     2  188172856  188348187    505      28  59957      -0.3648      0.35685    1.8263e-14      -0.3648
_SET1_   ENSG00000128694     2  190576386  190662953    192      21  59957     -0.28435      0.33827    1.8263e-14     -0.28435
_SET1_   ENSG00000115419     2  191710553  191865278    348      34  59957       0.5176     0.094309    1.8319e-14       0.5176
_SET1_   ENSG00000115415     2  191794084  191920686    334      47  59957      0.19947      0.14547    1.8291e-14      0.19947
_SET1_   ENSG00000138378     2  191859302  192051322    529      55  59957       2.2543   0.00090995    1.8208e-14       2.2543
_SET1_   ENSG00000138443     2  204157942  204347446    323      36  59957      -3.0434      0.98939    1.8208e-14      -3.0434
_SET1_   ENSG00000168530     2  211119874  211214914    230      26  59957       1.1391     0.019885    1.8208e-14       1.1391
_SET1_   ENSG00000135913     2  219279974  219468084    415      21  59957      0.16462      0.19134    1.8291e-14      0.16462
_SET1_   ENSG00000169047     2  227561033  227699475    355      42  59957      -1.5089      0.80578    1.8208e-14      -1.5089
_SET1_   ENSG00000135898     2  231737033  231860781    577      78  59957       2.8318   9.9092e-05    1.8208e-14       2.8318
_SET1_   ENSG00000173692     2  231886578  232072541    469      38  59957      -1.4611      0.75066    1.8208e-14      -1.4611
_SET1_   ENSG00000134107     3    4985801    5062008    297      41  59957       1.0976     0.024912    1.8208e-14       1.0976
_SET1_   ENSG00000132155     3   12590100   12740725    461      29  59957      -1.3459      0.70776    1.8208e-14      -1.3459
_SET1_   ENSG00000163517     3   13486224   13582916    381      65  59957      0.42179     0.084383    1.8263e-14      0.42179
_SET1_   ENSG00000163520     3   13538824   13714922    807      80  59957       2.1587    0.0011511    1.8208e-14       2.1587
_SET1_   ENSG00000154767     3   14151647   14255283    313      35  59957      0.76273     0.053336    1.8319e-14      0.76273
_SET1_   ENSG00000163508     3   27722440   27799206    279      30  59957      -1.1053      0.65074    1.8208e-14      -1.1053
_SET1_   ENSG00000163513     3   30612994   30770634    589      76  59957        3.959   4.6325e-07    1.8208e-14        3.959
_SET1_   ENSG00000172936     3   38144969   38219513    125      31  59957     -0.17773      0.28056    1.8291e-14     -0.17773
_SET1_   ENSG00000164045     3   48163636   48264892    182      24  59957      0.66573     0.068707    1.8319e-14      0.66573
_SET1_   ENSG00000145040     3   48564160   48636206    107      26  59957         5.31   9.9998e-10    1.8652e-14         5.31
_SET1_   ENSG00000177479     3   48921254   49058815    176      28  59957       4.6867      1.7e-08    1.8652e-14       4.6867
_SET1_   ENSG00000173531     3   49686380   49761934    129      21  59957        5.163        5e-10    1.8652e-14        5.163
_SET1_   ENSG00000168306     3   58455863   58558046    268      51  59957      0.18547      0.13953    1.8291e-14      0.18547
_SET1_   ENSG00000144749     3   66394221   66586687    610      64  59957      -0.6404      0.42031    1.8319e-14      -0.6404
_SET1_   ENSG00000163378     3   68989365   69098112    332      34  59957      -1.7198      0.80188    1.8208e-14      -1.7198
_SET1_   ENSG00000175105     3   88153254   88228815    188      12  59957         -1.6      0.85349    1.8208e-14         -1.6
_SET1_   ENSG00000080822     3   98181756   98276910    235      48  59957       1.1598       0.0149    1.8208e-14       1.1598
_SET1_   ENSG00000196776     3  107727145  107844872    335      45  59957     -0.38276       0.2986    1.8263e-14     -0.38276
_SET1_   ENSG00000121552     3  122009091  122095819    297      29  59957    -0.091896      0.24293    1.8291e-14    -0.091896
_SET1_   ENSG00000160145     3  123763870  124480172   2613     125  59957      0.48153     0.073482    1.8263e-14      0.48153
_SET1_   ENSG00000173706     3  124649554  124809802    568      70  59957      0.27239      0.10978    1.8263e-14      0.27239
_SET1_   ENSG00000163913     3  129123968  129274198    518      23  59957     -0.46014      0.50188    1.8263e-14     -0.46014
_SET1_   ENSG00000163781     3  133282019  133415737    458      36  59957     -0.52175      0.40684    1.8319e-14     -0.52175
_SET1_   ENSG00000114115     3  139201276  139293671    294      28  59957      -1.8642      0.84758    1.8208e-14      -1.8642
_SET1_   ENSG00000120742     3  150224781  150356015    401      42  59957    -0.011905      0.19467    1.8289e-14    -0.011905
_SET1_   ENSG00000152601     3  151926617  152218569    587      51  59957     -0.28536      0.28945    1.8263e-14     -0.28536
_SET1_   ENSG00000163661     3  157119578  157196417    252      29  59957      -1.1501      0.59285    1.8208e-14      -1.1501
_SET1_   ENSG00000173889     3  169769520  169934537    368      26  59957     -0.26112      0.30046    1.8263e-14     -0.26112
_SET1_   ENSG00000154310     3  170744128  171213197   1509     159  59957      -1.2501      0.60793    1.8208e-14      -1.2501
_SET1_   ENSG00000075651     3  171283195  171563740    982      40  59957      -1.4883      0.77363    1.8208e-14      -1.4883
_SET1_   ENSG00000114450     3  179081990  179204378    388      49  59957      0.11781      0.16212    1.8291e-14      0.11781
_SET1_   ENSG00000214160     3  183925089  184002336    191      27  59957      0.23861      0.14571    1.8291e-14      0.23861
_SET1_   ENSG00000113889     3  186400065  186496743    501      50  59957     -0.85502      0.47576    1.8319e-14     -0.85502
_SET1_   ENSG00000196083     3  190196840  190410843    775     120  59957     -0.77664      0.43399    1.8319e-14     -0.77664
_SET1_   ENSG00000061938     3  195555235  195673816    499      75  59957     -0.19795      0.24313    1.8291e-14     -0.19795
_SET1_   ENSG00000174013     3  196260482  196350930    325      48  59957       1.6875    0.0037315    1.8208e-14       1.6875
_SET1_   ENSG00000075711     3  196734431  197061171   1110      50  59957      -1.0957      0.63832    1.8208e-14      -1.0957
_SET1_   ENSG00000169744     4   16468164   16935432   1561     164  59957     -0.40005      0.28553    1.8263e-14     -0.40005
_SET1_   ENSG00000109606     4   24484064   24621173    439      48  59957     -0.31941      0.30876    1.8263e-14     -0.31941
_SET1_   ENSG00000091490     4   25714055   25900382    659      98  59957      0.24894      0.10741    1.8291e-14      0.24894
_SET1_   ENSG00000174125     4   38757298   38893438    732      32  59957       1.2383     0.025916    1.8208e-14       1.2383
_SET1_   ENSG00000035928     4   39254076   39402995    315      25  59957      -1.6422      0.77977    1.8208e-14      -1.6422
_SET1_   ENSG00000145216     4   54208810   55196439   3205     181  59957     -0.35601      0.24867    1.8263e-14     -0.35601
_SET1_   ENSG00000128052     4   55909644   56026756    418      62  59957       2.2159    0.0006483    1.8208e-14       2.2159
_SET1_   ENSG00000185873     4   69057371   69146438    207      19  59957     -0.50216      0.39618    1.8319e-14     -0.50216
_SET1_   ENSG00000197888     4   69367902   69469245     53       5  59957      -2.0181      0.88327    1.8208e-14      -2.0181
_SET1_   ENSG00000156136     4   71823255   71931631    245      29  59957     0.060498      0.21967    1.8291e-14     0.060498
_SET1_   ENSG00000163739     4   74700110   74771959    288      28  59957      -1.6599       0.8242    1.8208e-14      -1.6599
_SET1_   ENSG00000163734     4   74867306   74939524     98      38  59957       1.1389     0.015592    1.8208e-14       1.1389
_SET1_   ENSG00000169245     4   76907273   76979650    359      16  59957       1.3471     0.015311    1.8208e-14       1.3471
_SET1_   ENSG00000118816     4   77933311   78032158    244      42  59957       -1.659      0.79907    1.8208e-14       -1.659
_SET1_   ENSG00000138764     4   78043304   78389542   1898      46  59957     -0.63654      0.45664    1.8319e-14     -0.63654
_SET1_   ENSG00000138675     4   81152753   81292834    530      53  59957       0.1288      0.18955    1.8291e-14       0.1288
_SET1_   ENSG00000151247     4   99757835   99886788    412      32  59957      -1.1993      0.66542    1.8208e-14      -1.1993
_SET1_   ENSG00000123737     4  122687472  122773176    248      30  59957      -1.0759      0.57997    1.8208e-14      -1.0759
_SET1_   ENSG00000109471     4  123337625  123412880    215      32  59957       4.6268   2.6793e-08    1.8652e-14       4.6268
_SET1_   ENSG00000138685     4  123712863  123854391    563      45  59957      0.45325      0.12552    1.8263e-14      0.45325
_SET1_   ENSG00000109424     4  141445588  141524959    198      26  59957     -0.14928      0.24793    1.8291e-14     -0.14928
_SET1_   ENSG00000109654     4  154038494  154295472    804      78  59957      0.15666      0.14213    1.8291e-14      0.15666
_SET1_   ENSG00000171497     4  159595286  159679548    169      38  59957      0.67817     0.054462    1.8319e-14      0.67817
_SET1_   ENSG00000109472     4  166247346  166454472    973      53  59957      0.33024      0.11963    1.8263e-14      0.33024
_SET1_   ENSG00000154447     4  169980407  170227256    700      61  59957     -0.73161      0.43361    1.8319e-14     -0.73161
_SET1_   ENSG00000109794     4  186990573  187128821    575      53  59957       2.9092   6.1329e-05    1.8208e-14       2.9092
_SET1_   ENSG00000169862     5   10936952   11939155   3498     248  59957     -0.46762      0.28637    1.8263e-14     -0.46762
_SET1_   ENSG00000145604     5   36117091   36219421    245      39  59957      0.36515      0.10997    1.8263e-14      0.36515
_SET1_   ENSG00000145592     5   40790364   40870437    210      35  59957       4.6876   1.0246e-08    1.8652e-14       4.6876
_SET1_   ENSG00000016082     5   50643921   50725564    202      29  59957      0.22547      0.14445    1.8291e-14      0.22547
_SET1_   ENSG00000145649     5   54363476   54441080    184      21  59957      0.19529      0.17705    1.8291e-14      0.19529
_SET1_   ENSG00000134352     5   55195923   55325821    349      44  59957        0.763     0.063155    1.8319e-14        0.763
_SET1_   ENSG00000095015     5   56076401   56226979    411      22  59957       1.7935    0.0068759    1.8208e-14       1.7935
_SET1_   ENSG00000145675     5   67476548   67632649    480      72  59957        1.568    0.0066445    1.8208e-14        1.568
_SET1_   ENSG00000134058     5   68495668   68608250    332      18  59957      -1.4677      0.75526    1.8208e-14      -1.4677
_SET1_   ENSG00000172058     5   70161492   70249357      1       1  59957      0.39708       0.2139    1.8263e-14      0.39708
_SET1_   ENSG00000214944     5   72886983   73272818   1363      94  59957      0.39762     0.092478    1.8263e-14      0.39762
_SET1_   ENSG00000186468     5   81534177   81609396    196      33  59957     -0.33571      0.28272    1.8263e-14     -0.33571
_SET1_   ENSG00000153140     5   89653078   89740603    138      28  59957      -1.4789      0.70113    1.8208e-14      -1.4789
_SET1_   ENSG00000113368     5  126077315  126207712    499      49  59957       1.1414     0.024671    1.8208e-14       1.1414
_SET1_   ENSG00000064651     5  127384458  127560380    329      25  59957     -0.67325      0.48745    1.8319e-14     -0.67325
_SET1_   ENSG00000217128     5  130942407  131167710    418      30  59957       1.7193    0.0084132    1.8208e-14       1.7193
_SET1_   ENSG00000197375     5  131670444  131766306    339      31  59957       5.7366   2.8736e-11    1.8652e-14       5.7366
_SET1_   ENSG00000113522     5  131856711  132015313    368      28  59957       2.8793   0.00021903    1.8208e-14       2.8793
_SET1_   ENSG00000213585     5  133272606  133375824    254      31  59957     -0.53563      0.38971    1.8319e-14     -0.53563
_SET1_   ENSG00000119048     5  133671870  133762683    176      20  59957       0.4016       0.1607    1.8263e-14       0.4016
_SET1_   ENSG00000171720     5  140965443  141051437    270      41  59957       1.1013     0.027353    1.8208e-14       1.1013
_SET1_   ENSG00000113657     5  146735374  146924619    354      61  59957     -0.83896       0.4662    1.8319e-14     -0.83896
_SET1_   ENSG00000169252     5  148171156  148243196    257      48  59957      0.71877     0.047671    1.8319e-14      0.71877
_SET1_   ENSG00000019582     5  149746200  149827492    242      44  59957      -3.2138      0.99006    1.8208e-14      -3.2138
_SET1_   ENSG00000237693     5  150191085  150315298    428      20  59957       6.3614   1.6058e-12    1.8652e-14       6.3614
_SET1_   ENSG00000164611     5  159813829  159890748    251      48  59957       0.4723     0.078167    1.8263e-14       0.4723
_SET1_   ENSG00000043462     5  169638241  169760231    375      92  59957      0.56115     0.054457    1.8319e-14      0.56115
_SET1_   ENSG00000120129     5  172160093  172233198    302      52  59957       2.7472   0.00012082    1.8208e-14       2.7472
_SET1_   ENSG00000074317     5  176012085  176092530    197      44  59957     -0.10984      0.19056    1.8291e-14     -0.10984
_SET1_   ENSG00000113758     5  176848609  176936402    166      30  59957      0.30295      0.10121    1.8263e-14      0.30295
_SET1_   ENSG00000161021     5  179124851  179258512    416      40  59957      -0.9435      0.55275    1.8319e-14      -0.9435
_SET1_   ENSG00000161011     5  179198388  179300078    367      49  59957      -0.9341      0.52104    1.8319e-14      -0.9341
_SET1_   ENSG00000037280     5  179993506  180111624    566      75  59957     -0.90184      0.49601    1.8319e-14     -0.90184
_SET1_   ENSG00000137275     6    3029225    3150421    451      52  59957     -0.27045      0.28688    1.8263e-14     -0.27045
_SET1_   ENSG00000124783     6    7233539    7382679    688      49  59957      -2.1046       0.8962    1.8208e-14      -2.1046
_SET1_   ENSG00000112186     6   17358447   17593023    790      76  59957     -0.14989      0.21292    1.8291e-14     -0.14989
_SET1_   ENSG00000235109     6   28257470   28359048    407      34  59957       2.1423    0.0022322    1.8208e-14       2.1423
_SET1_   ENSG00000204632     6   29759744   29833902   1360      31  59957       3.4162    2.248e-05    1.8208e-14       3.4162
_SET1_   ENSG00000137337     6   30632584   30720666    288      23  59957       2.8524   0.00040461    1.8208e-14       2.8524
_SET1_   ENSG00000137331     6   30675976   30747331    251      40  59957        3.189   3.3449e-05    1.8208e-14        3.189
_SET1_   ENSG00000204580     6   30809198   30902933    468      29  59957       3.9635   1.0423e-06    1.8208e-14       3.9635
_SET1_   ENSG00000198563     6   31462996   31545225    656      47  59957       6.5293   1.1667e-13    1.8652e-14       6.5293
_SET1_   ENSG00000204308     6   32111131   32186930    273      35  59957       7.2404   4.1121e-16    1.8652e-14       7.2404
_SET1_   ENSG00000179344     6   32592244   32671160    634      33  59957       6.2753   8.1455e-13    1.8652e-14       6.2753
_SET1_   ENSG00000204257     6   32881390   32971871    580      44  59957       5.4529   3.7586e-10    1.8652e-14       5.4529
_SET1_   ENSG00000112062     6   35960488   36114013    450      35  59957      0.26941       0.1486    1.8263e-14      0.26941
_SET1_   ENSG00000124762     6   36609305   36690116    355      41  59957        1.987    0.0021324    1.8208e-14        1.987
_SET1_   ENSG00000137193     6   37102979   37178202    282      35  59957       1.0794     0.021659    1.8208e-14       1.0794
_SET1_   ENSG00000112576     6   41867671   42053095    592      79  59957       3.2756   1.2642e-05    1.8208e-14       3.2756
_SET1_   ENSG00000124541     6   42954383   43036894    228      27  59957      -1.6881      0.86009    1.8208e-14      -1.6881
_SET1_   ENSG00000112715     6   43702921   43789224    273      64  59957       1.0706     0.017025    1.8208e-14       1.0706
_SET1_   ENSG00000112759     6   44152242   44236888    266      51  59957      0.34986     0.091896    1.8263e-14      0.34986
_SET1_   ENSG00000096384     6   44179824   44256620    256      44  59957      0.62971     0.059065    1.8319e-14      0.62971
_SET1_   ENSG00000196284     6   44742054   45380690   2205      37  59957      0.54355      0.11429    1.8319e-14      0.54355
_SET1_   ENSG00000146233     6   46482541   46655523    476      40  59957       1.2506     0.022884    1.8208e-14       1.2506
_SET1_   ENSG00000112115     6   52016185   52090436    327      32  59957      0.68452      0.06935    1.8319e-14      0.68452
_SET1_   ENSG00000096093     6   52250106   52422892    691      49  59957      0.51418      0.10024    1.8319e-14      0.51418
_SET1_   ENSG00000118418     6   79875962   79979406    279      21  59957     -0.40748      0.39822    1.8263e-14     -0.40748
_SET1_   ENSG00000146281     6   89820769   89910284    334      28  59957     -0.54713      0.39381    1.8319e-14     -0.54713
_SET1_   ENSG00000135341     6   91188292   91331764    507      38  59957       0.8768     0.044707    1.8319e-14       0.8768
_SET1_   ENSG00000123552     6   99845190  100004604    470      34  59957      -2.2225      0.92201    1.8208e-14      -2.2225
_SET1_   ENSG00000080546     6  109272640  109451022    410      20  59957       2.9933   0.00019848    1.8208e-14       2.9933
_SET1_   ENSG00000027697     6  137483621  137575586    242      47  59957       1.3544     0.012906    1.8208e-14       1.3544
_SET1_   ENSG00000118503     6  138153351  138239449    202      31  59957      0.78163     0.060518    1.8319e-14      0.78163
_SET1_   ENSG00000112378     6  138374642  138463648    386      47  59957     -0.27149       0.2632    1.8263e-14     -0.27149
_SET1_   ENSG00000135577     6  142344467  142444936    268      22  59957     -0.88897       0.5335    1.8319e-14     -0.88897
_SET1_   ENSG00000152818     6  144571837  145209170   1843     117  59957     -0.54289       0.3792    1.8319e-14     -0.54289
_SET1_   ENSG00000118508     6  146829829  146911101    176      35  59957      0.33832      0.11421    1.8263e-14      0.33832
_SET1_   ENSG00000164506     6  147490561  147741866    451      34  59957      0.87237     0.049944    1.8319e-14      0.87237
_SET1_   ENSG00000049618     6  157064063  157566913   1354     114  59957     -0.08931      0.21911    1.8291e-14     -0.08931
_SET1_   ENSG00000112486     6  167490295  167588184    395      42  59957       5.4563     1.25e-10    1.8652e-14       5.4563
_SET1_   ENSG00000112562     6  168806831  169108984   1301      97  59957      -1.0666      0.57218    1.8208e-14      -1.0666
_SET1_   ENSG00000136213     7    2408223    2509242    356      46  59957      -1.2382      0.62806    1.8208e-14      -1.2382
_SET1_   ENSG00000106546     7   17303246   17420776    204      49  59957      0.60279     0.066391    1.8319e-14      0.60279
_SET1_   ENSG00000136244     7   22730503   22806621    360      34  59957       2.0749    0.0016602    1.8208e-14       2.0749
_SET1_   ENSG00000006451     7   39628082   39782723    418      37  59957     -0.35802      0.33677    1.8263e-14     -0.35802
_SET1_   ENSG00000106605     7   43763279   43881939    319      28  59957       0.9249     0.040684    1.8319e-14       0.9249
_SET1_   ENSG00000164742     7   45578739   45797715    739      70  59957      -2.3036      0.92978    1.8208e-14      -2.3036
_SET1_   ENSG00000136273     7   47700328   48054178   1574      99  59957      0.50847     0.070861    1.8319e-14      0.50847
_SET1_   ENSG00000183696     7   48093225   48183330    247      34  59957      0.20381      0.13568    1.8291e-14      0.20381
_SET1_   ENSG00000169919     7   65390671   65482301    255      17  59957       1.2647     0.025884    1.8208e-14       1.2647
_SET1_   ENSG00000006576     7   77393122   77621818    671      43  59957      0.26313      0.15224    1.8263e-14      0.26313
_SET1_   ENSG00000187391     7   77611393   79117890   6321     321  59957     -0.81506      0.41173    1.8319e-14     -0.81506
_SET1_   ENSG00000127955     7   79728271   79883718    461      63  59957     -0.34137      0.28714    1.8263e-14     -0.34137
_SET1_   ENSG00000170381     7   82958222   83313326   1312      67  59957      0.38089      0.10294    1.8263e-14      0.38089
_SET1_   ENSG00000185467     7   98736197   98840129    384      26  59957       5.1459   4.0187e-09    1.8652e-14       5.1459
_SET1_   ENSG00000241685     7   98888521   99020787    320      28  59957        1.643     0.014227    1.8208e-14        1.643
_SET1_   ENSG00000021461     7   99390636   99498718    230      29  59957      0.93616     0.041532    1.8319e-14      0.93616
_SET1_   ENSG00000168090     7   99651577   99724823    149      28  59957     -0.36766      0.30102    1.8263e-14     -0.36766
_SET1_   ENSG00000172354     7  100236154  100311797    176      28  59957       3.1117   3.8389e-05    1.8208e-14       3.1117
_SET1_   ENSG00000105819     7  102902869  103004958    190      31  59957      0.41635       0.1321    1.8263e-14      0.41635
_SET1_   ENSG00000008282     7  105695949  105788022    362      38  59957       1.4991    0.0097707    1.8208e-14       1.4991
_SET1_   ENSG00000091136     7  107529244  107678700    406      61  59957       5.9574   2.0475e-12    1.8652e-14       5.9574
_SET1_   ENSG00000196937     7  120953905  121071418    355      35  59957     -0.21296      0.29132    1.8291e-14     -0.21296
_SET1_   ENSG00000135245     7  128060903  128133472    239      37  59957      0.25483      0.14437    1.8263e-14      0.25483
_SET1_   ENSG00000122786     7  134394003  134690479    952      80  59957       -1.005      0.52188    1.8208e-14       -1.005
_SET1_   ENSG00000133606     7  140117840  140214369    361      36  59957     -0.20465      0.26995    1.8291e-14     -0.20465
_SET1_   ENSG00000090266     7  140355577  140457590    218      28  59957       1.4229     0.018272    1.8208e-14       1.4229
_SET1_   ENSG00000159840     7  143043173  143123204    241      66  59957     -0.88546       0.4443    1.8319e-14     -0.88546
_SET1_   ENSG00000181444     7  149426271  149505568    334      54  59957      0.12917      0.17197    1.8291e-14      0.12917
_SET1_   ENSG00000106615     7  151128098  151252206    381      47  59957      0.26919      0.12331    1.8263e-14      0.26919
_SET1_   ENSG00000164741     8   12905870   13408167   2962     111  59957     -0.76641      0.42865    1.8319e-14     -0.76641
_SET1_   ENSG00000147416     8   20019878   20119330    391      61  59957       0.6819     0.049742    1.8319e-14       0.6819
_SET1_   ENSG00000130227     8   21742180   21899096    464      38  59957       1.6607    0.0060241    1.8208e-14       1.6607
_SET1_   ENSG00000173530     8   22958101   23056543    363      67  59957     -0.30144      0.27395    1.8263e-14     -0.30144
_SET1_   ENSG00000165392     8   30856317   31066285    549      46  59957     -0.75902      0.46911    1.8319e-14     -0.75902
_SET1_   ENSG00000147465     8   37966167   38043783    172      36  59957      0.71961     0.067779    1.8319e-14      0.71961
_SET1_   ENSG00000077782     8   38233656   38361352    306      44  59957      0.53988      0.07691    1.8319e-14      0.53988
_SET1_   ENSG00000104368     8   41997236   42100242    261      31  59957      0.12841      0.18526    1.8291e-14      0.12841
_SET1_   ENSG00000104365     8   42093820   42224973    308      32  59957      0.12046      0.24582    1.8291e-14      0.12046
_SET1_   ENSG00000165102     8   42960556   43092998    235      30  59957      0.59391      0.11499    1.8319e-14      0.59391
_SET1_   ENSG00000019549     8   49795249   49869299    174      48  59957     -0.87447       0.4864    1.8319e-14     -0.87447
_SET1_   ENSG00000104218     8   67939661   68143498    379      27  59957     -0.12429      0.36738    1.8291e-14     -0.12429
_SET1_   ENSG00000104435     8   80488049   80613410    440      51  59957     -0.44425      0.32677    1.8263e-14     -0.44425
_SET1_   ENSG00000164929     8  104117938  104277533    652      55  59957      0.18678      0.15114    1.8291e-14      0.18678
_SET1_   ENSG00000182197     8  118771729  119159092   1181      91  59957      -1.5556      0.73814    1.8208e-14      -1.5556
_SET1_   ENSG00000136986     8  123990404  124089663    315      44  59957       1.6171    0.0069573    1.8208e-14       1.6171
_SET1_   ENSG00000169398     8  141632999  142047315    931      27  59957       1.3172     0.020842    1.8208e-14       1.3172
_SET1_   ENSG00000022567     8  142182265  142353404    659      70  59957     -0.71301      0.40823    1.8319e-14     -0.71301
_SET1_   ENSG00000160886     8  143746529  143821545    260      18  59957      0.28838      0.13461    1.8263e-14      0.28838
_SET1_   ENSG00000180921     8  144771103  144850971    231      33  59957      0.31782      0.13834    1.8263e-14      0.31782
_SET1_   ENSG00000178896     8  145098529  145170550    159      19  59957      0.60073      0.11856    1.8319e-14      0.60073
_SET1_   ENSG00000167702     8  145656426  145734585    179      32  59957       0.8513     0.030383    1.8319e-14       0.8513
_SET1_   ENSG00000147853     9    4676155    4777043    520      61  59957      0.83146     0.036674    1.8319e-14      0.83146
_SET1_   ENSG00000137040     9    5976043    6050618    222      31  59957     -0.62012      0.42865    1.8319e-14     -0.62012
_SET1_   ENSG00000147883     9   21967902   22044362    218      33  59957      0.17362      0.14215    1.8291e-14      0.17362
_SET1_   ENSG00000137074     9   32937604   33060166    496      18  59957      -1.0967      0.70605    1.8208e-14      -1.0967
_SET1_   ENSG00000221829     9   35038832   35115013    181      29  59957     -0.71102      0.43418    1.8319e-14     -0.71102
_SET1_   ENSG00000196781     9   84163598   84339220    647     105  59957     -0.58946      0.34057    1.8319e-14     -0.58946
_SET1_   ENSG00000165105     9   85559500   85713092    346      35  59957       1.5847    0.0068507    1.8208e-14       1.5847
_SET1_   ENSG00000135018     9   86239878   86358118    361      26  59957     -0.71105      0.45398    1.8319e-14     -0.71105
_SET1_   ENSG00000178966     9   86560626   86653985    201      27  59957      0.98489     0.028865    1.8319e-14      0.98489
_SET1_   ENSG00000135070     9   88844461   88932676    195      25  59957     -0.13312      0.21249    1.8291e-14     -0.13312
_SET1_   ENSG00000185963     9   95438645   95562094    380      26  59957        2.667   0.00036018    1.8208e-14        2.667
_SET1_   ENSG00000165140     9   97330415   97437531    457      39  59957      -2.2392      0.91351    1.8208e-14      -2.2392
_SET1_   ENSG00000204291     9  101670461  101868069    658      72  59957     -0.51106      0.35829    1.8319e-14     -0.51106
_SET1_   ENSG00000136826     9  110212133  110287763    270      39  59957      -0.4499      0.35823    1.8263e-14      -0.4499
_SET1_   ENSG00000136869     9  120431610  120514149    273      35  59957      0.72981     0.054028    1.8319e-14      0.72981
_SET1_   ENSG00000095261     9  123542774  123640262    182      24  59957     -0.91124      0.55738    1.8319e-14     -0.91124
_SET1_   ENSG00000106804     9  123679616  123847554    460      35  59957     -0.32462      0.31782    1.8263e-14     -0.32462
_SET1_   ENSG00000095303     9  125097824  125192982    340      48  59957      0.12118      0.19887    1.8291e-14      0.12118
_SET1_   ENSG00000136950     9  127589409  127675003    288      26  59957     -0.37671      0.34474    1.8263e-14     -0.37671
_SET1_   ENSG00000160408     9  130612600  130702687    227      51  59957     -0.18841      0.26039    1.8291e-14     -0.18841
_SET1_   ENSG00000167114     9  131067925  131158749    215      35  59957     -0.40744      0.38696    1.8263e-14     -0.40744
_SET1_   ENSG00000148400     9  139353896  139475314    435      68  59957       6.4842     5.68e-14    1.8652e-14       6.4842
_SET1_   ENSG00000188229     9  140100665  140173159    226      32  59957      -1.1589      0.62494    1.8208e-14      -1.1589
_SET1_   ENSG00000130653     9  140319404  140479986    374      80  59957       1.0894     0.020943    1.8208e-14       1.0894
_SET1_   ENSG00000198610    10    5202425    5295912    528      26  59957      -1.9256      0.89196    1.8208e-14      -1.9256
_SET1_   ENSG00000178462    10    5400061    5481793    290      29  59957      0.55748     0.080863    1.8319e-14      0.55748
_SET1_   ENSG00000107485    10    8060567    8152161    436      69  59957       2.6109   0.00015644    1.8208e-14       2.6109
_SET1_   ENSG00000123240    10   13106449   13215291    381      55  59957      0.18407      0.12702    1.8291e-14      0.18407
_SET1_   ENSG00000107537    10   13284796   13379412    465      58  59957     -0.79234      0.43504    1.8319e-14     -0.79234
_SET1_   ENSG00000165995    10   18394606   18865798   2177     139  59957      -1.5225      0.71158    1.8208e-14      -1.5225
_SET1_   ENSG00000151151    10   59916278   60062694    613      15  59957       4.0361   3.1199e-06    1.8652e-14       4.0361
_SET1_   ENSG00000148634    10   69646665   69870105    553      31  59957      0.23471      0.19055    1.8291e-14      0.23471
_SET1_   ENSG00000166228    10   72607037   72683541    299      48  59957      0.63137     0.064889    1.8319e-14      0.63137
_SET1_   ENSG00000168209    10   73998678   74070794    176      18  59957       1.4137     0.012746    1.8208e-14       1.4137
_SET1_   ENSG00000156026    10   74416889   74682452    375      33  59957       1.4666     0.013504    1.8208e-14       1.4666
_SET1_   ENSG00000122884    10   74731975   74891732    448      24  59957      0.45583      0.17867    1.8263e-14      0.45583
_SET1_   ENSG00000107758    10   75161186   75290782    349      11  59957      0.86816      0.15536    1.8319e-14      0.86816
_SET1_   ENSG00000122367    10   88393206   88530825    588      56  59957      0.49395     0.088141    1.8263e-14      0.49395
_SET1_   ENSG00000185745    10   91117303   91198745    306      30  59957     -0.42531      0.38136    1.8263e-14     -0.42531
_SET1_   ENSG00000119938    10   93353199   93427811    289      22  59957      -1.2631      0.68069    1.8208e-14      -1.2631
_SET1_   ENSG00000138119    10   95031186   95277074   1200      95  59957      0.53661     0.071638    1.8319e-14      0.53661
_SET1_   ENSG00000138185    10   97436536   97672023    806      32  59957       1.0021     0.044171    1.8208e-14       1.0021
_SET1_   ENSG00000213341    10  101913055  102024376    300      20  59957     -0.44343      0.44249    1.8263e-14     -0.44343
_SET1_   ENSG00000099194    10  102071881  102159591    279      40  59957     -0.22432      0.26827    1.8291e-14     -0.22432
_SET1_   ENSG00000148795    10  104555288  104632290    221      29  59957     -0.62335       0.3921    1.8319e-14     -0.62335
_SET1_   ENSG00000119927    10  113874624  114010135    391      53  59957      0.47811     0.086411    1.8263e-14      0.47811
_SET1_   ENSG00000170370    10  119266955  119344056    311      30  59957     -0.16044      0.25212    1.8291e-14     -0.16044
_SET1_   ENSG00000196177    10  124733495  124852827    454      43  59957      -2.6832      0.96538    1.8208e-14      -2.6832
_SET1_   ENSG00000174915    11     413268     526393    475      38  59957     -0.90253      0.56156    1.8319e-14     -0.90253
_SET1_   ENSG00000254647    11    2146009    2217571    291      38  59957    -0.023768      0.17695    1.8287e-14    -0.023768
_SET1_   ENSG00000110651    11    2362407    2453649    397      37  59957      -1.8996      0.87575    1.8208e-14      -1.8996
_SET1_   ENSG00000132274    11    5675919    5793319    661      57  59957     -0.39398      0.31144    1.8263e-14     -0.39398
_SET1_   ENSG00000182261    11    7945971    8021973    315      36  59957     -0.22938      0.25164    1.8291e-14     -0.22938
_SET1_   ENSG00000205339    11    9371169    9504673    375      33  59957      0.49841     0.087883    1.8263e-14      0.49841
_SET1_   ENSG00000148926    11   10291227   10363944    247      25  59957      0.34239       0.1124    1.8263e-14      0.34239
_SET1_   ENSG00000133818    11   14264472   14421052    283      41  59957     -0.41125       0.3292    1.8263e-14     -0.41125
_SET1_   ENSG00000169550    11   26545580   26628780    486      44  59957      -2.5393      0.95121    1.8208e-14      -2.5393
_SET1_   ENSG00000030066    11   47764639   47905107    306      20  59957      0.35125      0.13063    1.8263e-14      0.35125
_SET1_   ENSG00000149136    11   57058459   57138351    231      27  59957     -0.56943      0.40529    1.8319e-14     -0.56943
_SET1_   ENSG00000149131    11   57329860   57417326    199      29  59957      -1.4702       0.6987    1.8208e-14      -1.4702
_SET1_   ENSG00000166900    11   59445929   59608354    560      19  59957      0.62937      0.16685    1.8319e-14      0.62937
_SET1_   ENSG00000134824    11   61525452   61669826    335      31  59957       3.3092   1.5991e-05    1.8208e-14       3.3092
_SET1_   ENSG00000175334    11   65734550   65806620    246      28  59957       1.2134     0.019429    1.8208e-14       1.2134
_SET1_   ENSG00000175294    11   65749223   65828988    243      30  59957       1.6003    0.0065546    1.8208e-14       1.6003
_SET1_   ENSG00000110717    11   67763084   67839111    215      40  59957     -0.63791       0.3986    1.8319e-14     -0.63791
_SET1_   ENSG00000168014    11   73688763   73917255    728      34  59957     -0.27276      0.37112    1.8263e-14     -0.27276
_SET1_   ENSG00000077514    11   74169896   74415162    955      47  59957     -0.10929      0.24563    1.8291e-14     -0.10929
_SET1_   ENSG00000171204    11   85304629   85382580    190      31  59957     -0.84469      0.53568    1.8319e-14     -0.84469
_SET1_   ENSG00000150676    11   85531144   85666064    539      36  59957      -1.1849      0.68142    1.8208e-14      -1.1849
_SET1_   ENSG00000109861    11   87991760   88105955    402      41  59957       1.3382     0.013434    1.8208e-14       1.3382
_SET1_   ENSG00000166266    11  107844459  108013503    440      36  59957     0.091139      0.18519    1.8291e-14     0.091139
_SET1_   ENSG00000150787    11  112062088  112175678    439      38  59957     -0.50459      0.40664    1.8319e-14     -0.50459
_SET1_   ENSG00000149577    11  117014449  117103160    316      26  59957      0.74378     0.076926    1.8319e-14      0.74378
_SET1_   ENSG00000149591    11  117035037  117110498    262      28  59957      0.70832      0.07235    1.8319e-14      0.70832
_SET1_   ENSG00000076706    11  119144241  119227231    169      42  59957     -0.29693      0.22547    1.8263e-14     -0.29693
_SET1_   ENSG00000149547    11  125404112  125489575    284      25  59957     -0.62719      0.44943    1.8319e-14     -0.62719
_SET1_   ENSG00000067182    12    6402923    6486280    254      60  59957       1.0955     0.016805    1.8208e-14       1.0955
_SET1_   ENSG00000111679    12    7020631    7105479    168      41  59957     -0.76068      0.46442    1.8319e-14     -0.76068
_SET1_   ENSG00000172243    12   10234376   10317857    351      35  59957      0.82578     0.048108    1.8319e-14      0.82578
_SET1_   ENSG00000134539    12   10343657   10504850    608      46  59957    -0.026652      0.21485    1.8287e-14    -0.026652
_SET1_   ENSG00000133703    12   25322723   25438870    438      53  59957      -0.6465      0.40043    1.8319e-14      -0.6465
_SET1_   ENSG00000211455    12   27361901   27513892    517      39  59957      0.38691      0.12076    1.8263e-14      0.38691
_SET1_   ENSG00000110841    12   27641364   27883497    868      79  59957      0.64426     0.058522    1.8319e-14      0.64426
_SET1_   ENSG00000133704    12   30746922   30883920    497      29  59957         2.57   0.00040649    1.8208e-14         2.57
_SET1_   ENSG00000198001    12   44117747   44218346    314      30  59957      0.29735       0.1798    1.8263e-14      0.29735
_SET1_   ENSG00000167612    12   52246744   52320448    278      42  59957      -0.7588      0.44563    1.8319e-14      -0.7588
_SET1_   ENSG00000135503    12   52310451   52425862    303      48  59957       0.6598     0.062015    1.8319e-14       0.6598
_SET1_   ENSG00000167767    12   52527780   52620784    449      61  59957     -0.63401      0.36381    1.8319e-14     -0.63401
_SET1_   ENSG00000205420    12   52845958   52922041    431      23  59957      0.14823      0.17162    1.8291e-14      0.14823
_SET1_   ENSG00000123411    12   56366443   56467219    200      27  59957      -1.3937      0.73579    1.8208e-14      -1.3937
_SET1_   ENSG00000175189    12   57793543   57879611    202      35  59957       2.3213   0.00060053    1.8208e-14       2.3213
_SET1_   ENSG00000111537    12   68513548   68588527    273      19  59957       4.0032   1.0437e-06    1.8652e-14       4.0032
_SET1_   ENSG00000139278    12   75839460   75932633    267      18  59957     -0.63995      0.43169    1.8319e-14     -0.63995
_SET1_   ENSG00000058272    12   80132343   80364240    439      24  59957      0.73943      0.11496    1.8319e-14      0.73943
_SET1_   ENSG00000120833    12   93928590   94012263    262      35  59957     -0.34669       0.3048    1.8263e-14     -0.34669
_SET1_   ENSG00000012504    12  100832486  100993191    391      52  59957     -0.49279       0.3773    1.8263e-14     -0.49279
_SET1_   ENSG00000171310    12  104814073  105190792   1486     170  59957       1.7211    0.0030779    1.8208e-14       1.7211
_SET1_   ENSG00000111252    12  111808752  111924427    150      20  59957       2.0749    0.0023223    1.8208e-14       2.0749
_SET1_   ENSG00000111275    12  112169691  112282782    187      19  59957      0.61783       0.1031    1.8319e-14      0.61783
_SET1_   ENSG00000179295    12  112821155  112982717    256      25  59957       1.8619    0.0072952    1.8208e-14       1.8619
_SET1_   ENSG00000135100    12  121381346  121475315    348      29  59957      0.14292      0.17138    1.8291e-14      0.14292
_SET1_   ENSG00000184047    12  122657210  122747081    227      29  59957      0.76936     0.056336    1.8319e-14      0.76936
_SET1_   ENSG00000111328    12  123710528  123791881    273      19  59957     -0.70004      0.51951    1.8319e-14     -0.70004
_SET1_   ENSG00000150991    12  125361150  125436914    284      47  59957      0.79448     0.040623    1.8319e-14      0.79448
_SET1_   ENSG00000240654    13   24846304   24931673    324      48  59957      0.31167      0.10627    1.8263e-14      0.31167
_SET1_   ENSG00000122042    13   30303508   30459821    476      33  59957     -0.58713      0.44733    1.8319e-14     -0.58713
_SET1_   ENSG00000139618    13   32854611   33008805    435      54  59957     -0.17239      0.22535    1.8291e-14     -0.17239
_SET1_   ENSG00000102531    13   49515048   49818915    582      40  59957       2.5927   0.00043917    1.8208e-14       2.5927
_SET1_   ENSG00000136160    13   78434616   78528903    356      26  59957      -1.4547      0.78581    1.8208e-14      -1.4547
_SET1_   ENSG00000102471    13   80020287   80165210    358      26  59957      -2.4146      0.95887    1.8208e-14      -2.4146
_SET1_   ENSG00000068650    13  113309643  113576482    968      94  59957     -0.11158       0.2107    1.8291e-14     -0.11158
_SET1_   ENSG00000169385    14   21388611   21459595    236      40  59957      0.62762     0.059672    1.8319e-14      0.62762
_SET1_   ENSG00000165795    14   21449922   21574031    430      94  59957     -0.28454      0.22811    1.8263e-14     -0.28454
_SET1_   ENSG00000165801    14   21503429   21593399    279      56  59957     -0.73942      0.40648    1.8319e-14     -0.73942
_SET1_   ENSG00000197324    14   23305822   23385789    214      46  59957      0.75325     0.038572    1.8319e-14      0.75325
_SET1_   ENSG00000222028    14   23476376   23548269    166      43  59957        1.307      0.01197    1.8208e-14        1.307
_SET1_   ENSG00000100836    14   23755498   23830394    189      47  59957     -0.27036      0.24403    1.8263e-14     -0.27036
_SET1_   ENSG00000100889    14   24528262   24614807    183      44  59957      0.49976     0.076843    1.8263e-14      0.49976
_SET1_   ENSG00000100450    14   25040686   25113905    270      27  59957     -0.32148      0.31138    1.8263e-14     -0.32148
_SET1_   ENSG00000126785    14   63635832   63794937    511      41  59957    -0.013128      0.22927    1.8289e-14    -0.013128
_SET1_   ENSG00000154001    14   63803075   64045092    775      45  59957       2.0638    0.0034368    1.8208e-14       2.0638
_SET1_   ENSG00000100714    14   64819749   64961722    460      47  59957      0.37898      0.10704    1.8263e-14      0.37898
_SET1_   ENSG00000126803    14   64967623   65044955    253      23  59957      0.36186      0.12469    1.8263e-14      0.36186
_SET1_   ENSG00000033170    14   65842310   66245839   1080      35  59957      0.81867      0.07078    1.8319e-14      0.81867
_SET1_   ENSG00000054690    14   67965018   68091329    497      77  59957      0.15008      0.12845    1.8291e-14      0.15008
_SET1_   ENSG00000100650    14   70158617   70273722    300      39  59957       1.8526    0.0040553    1.8208e-14       1.8526
_SET1_   ENSG00000100652    14   70207134   70299006    277      19  59957       1.1215     0.038932    1.8208e-14       1.1215
_SET1_   ENSG00000119661    14   74076578   74205435    414      35  59957     -0.30474      0.30259    1.8263e-14     -0.30474
_SET1_   ENSG00000165949    14   94536182   94618033    332      40  59957    -0.026183      0.18433    1.8287e-14    -0.026183
_SET1_   ENSG00000197249    14   94808084   94892030    405      50  59957      -1.5054       0.7118    1.8208e-14      -1.5054
_SET1_   ENSG00000168398    14   96636016   96745666    509      82  59957       1.5787    0.0055374    1.8208e-14       1.5787
_SET1_   ENSG00000142208    14  105200686  105297088    321      49  59957       1.1232     0.021767    1.8208e-14       1.1232
_SET1_   ENSG00000184887    14  105679827  105752430    230      24  59957     -0.59436      0.41647    1.8319e-14     -0.59436
_SET1_   ENSG00000166206    15   26753693   27219686   1638     146  59957      0.44472      0.07445    1.8263e-14      0.44472
_SET1_   ENSG00000172575    15   38745304   38892776    427      45  59957     -0.44328      0.37786    1.8263e-14     -0.44328
_SET1_   ENSG00000104081    15   40345091   40436093    216      39  59957     -0.69553      0.38928    1.8319e-14     -0.69553
_SET1_   ENSG00000128944    15   40639922   40721447    253      25  59957      -1.2853      0.67373    1.8208e-14      -1.2853
_SET1_   ENSG00000187446    15   41488037   41609043    406      27  59957       1.2113     0.027424    1.8208e-14       1.2113
_SET1_   ENSG00000137804    15   41589892   41708248    305      24  59957         1.07     0.039915    1.8208e-14         1.07
_SET1_   ENSG00000128881    15   42995932   43248007    472      41  59957     0.054682      0.22924    1.8291e-14     0.054682
_SET1_   ENSG00000168806    15   43584974   43657803    171      17  59957      0.19314      0.17886    1.8291e-14      0.19314
_SET1_   ENSG00000137872    15   47441298   48101420   2410      96  59957       1.1825     0.018368    1.8208e-14       1.1825
_SET1_   ENSG00000069956    15   52209303   52393462    592      42  59957     -0.66325      0.47781    1.8319e-14     -0.66325
_SET1_   ENSG00000069943    15   55576158   55682846    377      33  59957      -2.0809      0.91289    1.8208e-14      -2.0809
_SET1_   ENSG00000128918    15   58210622   58825065   2624     163  59957      -1.2246      0.58611    1.8208e-14      -1.2246
_SET1_   ENSG00000157450    15   59122374   59424618    845      48  59957      0.49628      0.11151    1.8263e-14      0.49628
_SET1_   ENSG00000157456    15   59362277   59452244    322      26  59957     -0.40922      0.40252    1.8263e-14     -0.40922
_SET1_   ENSG00000140416    15   63299831   63399114    463      44  59957      -1.0434         0.58    1.8208e-14      -1.0434
_SET1_   ENSG00000166949    15   67321101   67522533    622      80  59957       6.1781   3.4756e-13    1.8652e-14       6.1781
_SET1_   ENSG00000137818    15   69710123   69783255    126      22  59957     0.092742      0.23343    1.8291e-14     0.092742
_SET1_   ENSG00000041357    15   78797747   78876604    256      20  59957      -1.5613      0.77665    1.8208e-14      -1.5613
_SET1_   ENSG00000140379    15   80218231   80298788    223      42  59957      0.92022     0.031187    1.8319e-14      0.92022
_SET1_   ENSG00000198901    15   91474270   91573859    363      29  59957      -1.8001        0.857    1.8208e-14      -1.8001
_SET1_   ENSG00000185518    15   91608180   91879539   1030      86  59957      -1.5892      0.75566    1.8208e-14      -1.5892
_SET1_   ENSG00000140450    15   98427784   98552068    667      63  59957       0.9829     0.033423    1.8319e-14       0.9829
_SET1_   ENSG00000140986    16    1958975    2042607    438      51  59957      0.44776     0.091715    1.8263e-14      0.44776
_SET1_   ENSG00000162063    16    2444395    2543855    208      15  59957     0.079559      0.19679    1.8291e-14     0.079559
_SET1_   ENSG00000166501    16   23812322   24266932   1696     144  59957        3.422   5.5891e-06    1.8208e-14        3.422
_SET1_   ENSG00000176046    16   28513606   28585495    203      22  59957       6.3088   6.4228e-13    1.8652e-14       6.3088
_SET1_   ENSG00000159579    16   57185049   57309387    277      23  59957      0.46381      0.13473    1.8263e-14      0.46381
_SET1_   ENSG00000140932    16   66578351   66657178    199      17  59957     0.042959      0.28107    1.8291e-14     0.042959
_SET1_   ENSG00000135723    16   67228290   67316561    144      24  59957     -0.35853      0.40452    1.8263e-14     -0.35853
_SET1_   ENSG00000072736    16   68083654   68298162    399      22  59957      -1.7084      0.87398    1.8208e-14      -1.7084
_SET1_   ENSG00000140945    16   82625408   83865204   8010     416  59957      0.41324     0.070229    1.8263e-14      0.41324
_SET1_   ENSG00000179409    17     612654     692239    303      34  59957       -1.753      0.83123    1.8208e-14       -1.753
_SET1_   ENSG00000167741    17    4425222    4499113    339      68  59957      0.48753     0.076479    1.8263e-14      0.48753
_SET1_   ENSG00000141485    17    6553032    6651886    400      74  59957     0.036835      0.14371    1.8291e-14     0.036835
_SET1_   ENSG00000170049    17    7790177    7868121    202      25  59957     -0.10765        0.226    1.8291e-14     -0.10765
_SET1_   ENSG00000132518    17    7870912    7958657    388      45  59957      -1.3547      0.71178    1.8208e-14      -1.3547
_SET1_   ENSG00000170425    17   15813231   15914060    281      32  59957     -0.58352      0.41254    1.8319e-14     -0.58352
_SET1_   ENSG00000141068    17   25748670   25988461    668      55  59957      0.94728     0.031782    1.8319e-14      0.94728
_SET1_   ENSG00000160551    17   27682482   27913922    485      30  59957     0.012201      0.20618    1.8289e-14     0.012201
_SET1_   ENSG00000172171    17   29189354   29268838    205      16  59957      -1.1399      0.71188    1.8208e-14      -1.1399
_SET1_   ENSG00000108691    17   32547304   32619222    241      35  59957       5.6225   3.4235e-11    1.8652e-14       5.6225
_SET1_   ENSG00000108700    17   32611055   32683421    268      26  59957       3.5475   6.7561e-06    1.8208e-14       3.5475
_SET1_   ENSG00000006125    17   33870065   34088436    774      37  59957      -0.0449      0.25854    1.8291e-14      -0.0449
_SET1_   ENSG00000129270    17   34048268   34157711    290      27  59957      0.52268      0.13106    1.8319e-14      0.52268
_SET1_   ENSG00000167258    17   37582764   37756160    398      23  59957       2.3444    0.0014402    1.8208e-14       2.3444
_SET1_   ENSG00000108342    17   38136614   38209066    247      22  59957       4.8829   4.4183e-09    1.8652e-14       4.8829
_SET1_   ENSG00000131747    17   38509768   38609202    238      26  59957       2.7689   0.00033118    1.8208e-14       2.7689
_SET1_   ENSG00000186395    17   38939369   39013847    248      35  59957      0.79182     0.046354    1.8319e-14      0.79182
_SET1_   ENSG00000131467    17   40941402   41030774    100      38  59957         2.74   0.00027012    1.8208e-14         2.74
_SET1_   ENSG00000073969    17   44633035   44869830    175      19  59957      0.76467     0.063596    1.8319e-14      0.76467
_SET1_   ENSG00000108511    17   46636639   46717354    250      44  59957     -0.24667      0.27482    1.8291e-14     -0.24667
_SET1_   ENSG00000120068    17   46653739   46727478    246      42  59957     -0.25366      0.28273    1.8263e-14     -0.25366
_SET1_   ENSG00000064300    17   47537655   47627379    300      68  59957       -0.897        0.448    1.8319e-14       -0.897
_SET1_   ENSG00000108960    17   53434974   53534353    297      45  59957     -0.61017       0.3542    1.8319e-14     -0.61017
_SET1_   ENSG00000121101    17   56599039   56804416    515      30  59957      0.75625     0.069346    1.8319e-14      0.75625
_SET1_   ENSG00000175175    17   56798230   57093983    557      30  59957      0.68356     0.079865    1.8319e-14      0.68356
_SET1_   ENSG00000167447    17   57251761   57327608    158      18  59957      0.11607      0.18968    1.8291e-14      0.11607
_SET1_   ENSG00000007312    17   61971100   62044714    233      38  59957      0.30117      0.10948    1.8263e-14      0.30117
_SET1_   ENSG00000197170    17   65299032   65397743    218      41  59957      0.95974     0.027961    1.8319e-14      0.95974
_SET1_   ENSG00000108984    17   67375839   67574472    586      73  59957     -0.51325      0.31511    1.8319e-14     -0.51325
_SET1_   ENSG00000070731    17   74524792   74618038    431      55  59957      -1.1225      0.58575    1.8208e-14      -1.1225
_SET1_   ENSG00000161547    17   74695197   74768456    164      27  59957     -0.19269      0.24056    1.8291e-14     -0.19269
_SET1_   ENSG00000167889    17   74829538   74981475    827      90  59957      -1.1746       0.5922    1.8208e-14      -1.1746
_SET1_   ENSG00000108679    17   76932320   77011191    327      59  59957      0.15707      0.16355    1.8291e-14      0.15707
_SET1_   ENSG00000169738    17   79958012   80030608    216      41  59957      -2.2693      0.91214    1.8208e-14      -2.2693
_SET1_   ENSG00000170579    18    3461030    4490335   4239     394  59957     0.055464      0.10947    1.8291e-14     0.055464
_SET1_   ENSG00000101639    18   12956361   13160051    695      31  59957      0.55382      0.10713    1.8319e-14      0.55382
_SET1_   ENSG00000206073    18   61269493   61346532    215      21  59957      -1.0939      0.67799    1.8208e-14      -1.0939
_SET1_   ENSG00000057149    18   61287431   61364197    234      27  59957      -1.2524       0.7004    1.8208e-14      -1.2524
_SET1_   ENSG00000197971    18   74655783   74880639   1115     145  59957       2.2875   0.00052566    1.8208e-14       2.2875
_SET1_   ENSG00000197561    19     816014     891242    324      58  59957       1.5364    0.0054818    1.8208e-14       1.5364
_SET1_   ENSG00000099617    19    1251153    1336430    172      36  59957      0.81594     0.039262    1.8319e-14      0.81594
_SET1_   ENSG00000071655    19    1541639    1627882    193      52  59957       1.3324     0.012675    1.8208e-14       1.3324
_SET1_   ENSG00000104969    19    2719712    2818369    312      27  59957      -1.1063      0.63665    1.8208e-14      -1.1063
_SET1_   ENSG00000141905    19    3324561    3504215    693      96  59957       1.1222     0.020087    1.8208e-14       1.1222
_SET1_   ENSG00000126934    19    4055319    4159126    345      51  59957       1.5427    0.0067487    1.8208e-14       1.5427
_SET1_   ENSG00000077463    19    4139106    4217601    306      44  59957     -0.95577      0.50309    1.8319e-14     -0.95577
_SET1_   ENSG00000125730    19    6642715    6765573    475      71  59957      0.83412     0.032193    1.8319e-14      0.83412
_SET1_   ENSG00000104918    19    7698930    7770334    361      54  59957     -0.28214      0.24729    1.8263e-14     -0.28214
_SET1_   ENSG00000142303    19    8610126    8710620    241      65  59957     0.065189      0.14529    1.8291e-14     0.065189
_SET1_   ENSG00000090339    19   10346511   10432291    256      51  59957       2.8545   6.3051e-05    1.8208e-14       2.8545
_SET1_   ENSG00000065989    19   10492449   10615305    299      29  59957       5.6309   7.7111e-11    1.8652e-14       5.6309
_SET1_   ENSG00000079999    19   10561796   10649417    262      33  59957        5.263   4.6949e-10    1.8652e-14        5.263
_SET1_   ENSG00000142453    19   10947189   11068453    253      23  59957      -1.1793      0.66487    1.8208e-14      -1.1793
_SET1_   ENSG00000127616    19   11036598   11211071    541      37  59957      0.56569     0.094526    1.8319e-14      0.56569
_SET1_   ENSG00000141837    19   13282256   13769804   1916     202  59957     -0.46635      0.29373    1.8263e-14     -0.46635
_SET1_   ENSG00000123136    19   14484631   14565192    192      61  59957     -0.99918      0.48868    1.8319e-14     -0.99918
_SET1_   ENSG00000105135    19   15190795   15271596    353      48  59957      -1.4515      0.70793    1.8208e-14      -1.4515
_SET1_   ENSG00000130520    19   18382040   18469084    322      50  59957     -0.57356      0.34596    1.8319e-14     -0.57356
_SET1_   ENSG00000168813    19   32801500   32913573    321      36  59957     -0.15041      0.24896    1.8291e-14     -0.15041
_SET1_   ENSG00000104825    19   39355340   39434533    256      41  59957     -0.54955      0.35335    1.8319e-14     -0.54955
_SET1_   ENSG00000105323    19   41733401   41848503    271      24  59957      -0.8746       0.5637    1.8319e-14      -0.8746
_SET1_   ENSG00000130203    19   45374011   45447650    241      55  59957      0.41522     0.078635    1.8263e-14      0.41522
_SET1_   ENSG00000160014    19   47069331   47149050    268      35  59957       3.2155   1.9069e-05    1.8208e-14       3.2155
_SET1_   ENSG00000160013    19   47088725   47163375    238      40  59957       3.6232   2.4329e-06    1.8208e-14       3.6232
_SET1_   ENSG00000105486    19   48583702   48708860    639      45  59957      0.52619     0.085612    1.8319e-14      0.52619
_SET1_   ENSG00000189052    19   49512141   49583568    317      49  59957       1.1225     0.019108    1.8208e-14       1.1225
_SET1_   ENSG00000104951    19   50357911   50467796    375      60  59957      0.12871      0.15157    1.8291e-14      0.12871
_SET1_   ENSG00000142528    19   50493971   50591671    247      31  59957      0.52357      0.10098    1.8319e-14      0.52357
_SET1_   ENSG00000105568    19   52658292   52765687    456      37  59957      -1.0118      0.60325    1.8208e-14      -1.0118
_SET1_   ENSG00000105617    19   54623899   54698620    268      49  59957      -1.1175      0.56107    1.8208e-14      -1.1175
_SET1_   ENSG00000170889    19   54669610   54787862    515      62  59957     0.065958      0.15742    1.8291e-14     0.065958
_SET1_   ENSG00000105609    19   54719263   54796164    338      53  59957      0.77813     0.043388    1.8319e-14      0.77813
_SET1_   ENSG00000105048    19   55609162   55695722    315      46  59957      0.09703      0.18996    1.8291e-14      0.09703
_SET1_   ENSG00000063244    19   56130512   56221081    302      28  59957      0.46925      0.13352    1.8263e-14      0.46925
_SET1_   ENSG00000101224    20    3732578    3821762    309      41  59957     -0.31434      0.27848    1.8263e-14     -0.31434
_SET1_   ENSG00000125885    20    5896298    6010852    483      48  59957      -1.1238      0.64347    1.8208e-14      -1.1238
_SET1_   ENSG00000182621    20    8077824    8984003   3298     221  59957      0.36081     0.074126    1.8263e-14      0.36081
_SET1_   ENSG00000149346    20   10380951   10652477   1005      61  59957       2.3475   0.00068821    1.8208e-14       2.3475
_SET1_   ENSG00000125814    20   23320159   23437125    413      24  59957     -0.79316      0.52846    1.8319e-14     -0.79316
_SET1_   ENSG00000131044    20   30423505   30567764    318      41  59957       2.6596   0.00021652    1.8208e-14       2.6596
_SET1_   ENSG00000101347    20   35483632   35615246    309      36  59957      -1.1402      0.59632    1.8208e-14      -1.1402
_SET1_   ENSG00000197122    20   35938088   36069453    397      57  59957     -0.04678       0.2292    1.8291e-14     -0.04678
_SET1_   ENSG00000101098    20   43345449   43473979    311      52  59957      0.89774     0.034727    1.8319e-14      0.89774
_SET1_   ENSG00000166913    20   43479317   43572173    270      23  59957      0.27786      0.13234    1.8263e-14      0.27786
_SET1_   ENSG00000197496    20   45303126   45399965    338      35  59957       1.4781     0.010703    1.8208e-14       1.4781
_SET1_   ENSG00000087460    20   57379773   57521247    392      70  59957      -1.4432      0.68617    1.8208e-14      -1.4432
_SET1_   ENSG00000130702    20   60848011   60977368    572      41  59957      0.85461     0.049501    1.8319e-14      0.85461
_SET1_   ENSG00000156299    21   32455734   32967290   1832     156  59957    0.0054524      0.17168    1.8289e-14    0.0054524
_SET1_   ENSG00000170262    21   33629124   33722095    207      28  59957     -0.36204      0.33361    1.8263e-14     -0.36204
_SET1_   ENSG00000142188    21   34769792   34887318    342      24  59957       1.8153    0.0044741    1.8208e-14       1.8153
_SET1_   ENSG00000205726    21   34979706   35307165    749     106  59957       0.6913      0.05155    1.8319e-14       0.6913
_SET1_   ENSG00000183036    21   41204243   41336322    664      88  59957      0.23563      0.11267    1.8291e-14      0.23563
_SET1_   ENSG00000157617    21   43270221   43408999    681     111  59957       -1.162        0.576    1.8208e-14       -1.162
_SET1_   ENSG00000160285    21   47573055   47683738    516      32  59957      -1.2273      0.68662    1.8208e-14      -1.2273
_SET1_   ENSG00000100084    22   19283221   19470224    509      29  59957    -0.022025      0.26053    1.8287e-14    -0.022025
_SET1_   ENSG00000185608    22   19384425   19458598    179      26  59957      -0.3917      0.32366    1.8263e-14      -0.3917
_SET1_   ENSG00000183597    22   19969537   20088449    481      53  59957     -0.47227      0.34277    1.8263e-14     -0.47227
_SET1_   ENSG00000186575    22   29964545   30129587    460      41  59957       3.4582   8.0018e-06    1.8208e-14       3.4582
_SET1_   ENSG00000100003    22   30757846   30856305    342      33  59957    -0.005201      0.20145    1.8289e-14    -0.005201
_SET1_   ENSG00000100297    22   35761056   35856423    358      44  59957      0.19448      0.14098    1.8291e-14      0.19448
_SET1_   ENSG00000128284    22   36501372   36597225    546      40  59957     0.075862      0.18652    1.8291e-14     0.075862
_SET1_   ENSG00000185022    22   38562889   38647518    316      25  59957       -1.016      0.57432    1.8208e-14       -1.016
_SET1_   ENSG00000177989    22   50933139   51006009    350      41  59957       1.0812     0.029171    1.8208e-14       1.0812
_SET1_   ENSG00000205560    22   50972290   51052899    427      42  59957     -0.19743       0.2772    1.8291e-14     -0.19743
