# ALPHA = 0.05
# NUMBER_OF_TESTS = 5878

# _SET1_  VARIABLE = ACEVEDO_METHYLATED_IN_LIVER_CANCER_DN (set)
# _SET1_  NGENES = 713
# _SET1_  P-VALUE = 8.83627e-07
_SET1_   GENE              CHR      START       STOP  NSNPS  NPARAM      N        ZSTAT            P  ZFITTED_BASE  ZRESID_BASE
_SET1_   ENSG00000179403     1    1335241    1413262    287      30  59957       4.8286   2.2424e-08    1.8652e-14       4.8286
_SET1_   ENSG00000078369     1    1681729    1857495    375      26  59957       3.9958   8.7078e-07    1.8208e-14       3.9958
_SET1_   ENSG00000078900     1    3534084    3687765    582      86  59957     -0.48276      0.31142    1.8263e-14     -0.48276
_SET1_   ENSG00000097021     1    6289329    6489451    763      42  59957       2.4243    0.0014357    1.8208e-14       2.4243
_SET1_   ENSG00000049246     1    7809380    7940237    554      38  59957       3.4398    1.105e-05    1.8208e-14       3.4398
_SET1_   ENSG00000171608     1    9676790    9824172    375      63  59957     -0.81002      0.46695    1.8319e-14     -0.81002
_SET1_   ENSG00000162438     1   15729935   15810737    285      49  59957       1.9105    0.0022902    1.8208e-14       1.9105
_SET1_   ENSG00000159363     1   17277453   17373423    281      30  59957     -0.54757      0.37542    1.8319e-14     -0.54757
_SET1_   ENSG00000158828     1   20924948   21013004    344      27  59957      -1.2076      0.64854    1.8208e-14      -1.2076
_SET1_   ENSG00000117602     1   24794387   24902530    397      43  59957     -0.80302      0.46165    1.8319e-14     -0.80302
_SET1_   ENSG00000117676     1   26821252   26936521    278      32  59957       2.0686    0.0019515    1.8208e-14       2.0686
_SET1_   ENSG00000000938     1   27903575   27996788    183      34  59957      0.57302      0.11329    1.8319e-14      0.57302
_SET1_   ENSG00000180198     1   28797455   28900812    269      19  59957      0.22855      0.19099    1.8291e-14      0.22855
_SET1_   ENSG00000168528     1   31847412   31942525    400      27  59957       1.1552     0.026833    1.8208e-14       1.1552
_SET1_   ENSG00000160050     1   32630987   32705988    142      18  59957      -1.9387      0.91749    1.8208e-14      -1.9387
_SET1_   ENSG00000142687     1   35864091   36058551    297      25  59957     -0.29938      0.42739    1.8263e-14     -0.29938
_SET1_   ENSG00000163874     1   37905153   37984980    272      36  59957    -0.029686      0.19124    1.8287e-14    -0.029686
_SET1_   ENSG00000163877     1   37965050   38054903    265      24  59957     -0.56314      0.42219    1.8319e-14     -0.56314
_SET1_   ENSG00000198815     1   42607210   42836548    513      30  59957      0.84388     0.060056    1.8319e-14      0.84388
_SET1_   ENSG00000171960     1   43089096   43177429    219      27  59957       1.0919     0.025988    1.8208e-14       1.0919
_SET1_   ENSG00000117399     1   43789626   43863874    137      24  59957      0.30465      0.11357    1.8263e-14      0.30465
_SET1_   ENSG00000117407     1   44363992   44437913    177      21  59957      -1.2034       0.6887    1.8208e-14      -1.2034
_SET1_   ENSG00000117411     1   44409615   44491840    183      31  59957      -1.4427      0.75318    1.8208e-14      -1.4427
_SET1_   ENSG00000117461     1   46470812   46677160    460      35  59957       1.1605     0.024058    1.8208e-14       1.1605
_SET1_   ENSG00000085840     1   52803501   52905131    180      36  59957       0.9573     0.049902    1.8319e-14       0.9573
_SET1_   ENSG00000116678     1   65851248   66142242    973      43  59957       0.1757      0.16066    1.8291e-14       0.1757
_SET1_   ENSG00000162594     1   67597083   67760662    539      42  59957       8.2155   6.3212e-20    1.7764e-14       8.2155
_SET1_   ENSG00000172260     1   71826623   72783417   2333     123  59957    -0.026578      0.18233    1.8287e-14    -0.026578
_SET1_   ENSG00000116791     1   75136170   75234092    337      36  59957      0.55474     0.078784    1.8319e-14      0.55474
_SET1_   ENSG00000057468     1   76227567   76413923    702      32  59957     -0.87027       0.5736    1.8319e-14     -0.87027
_SET1_   ENSG00000137965     1   79080481   79164763    252      35  59957      -1.1765       0.6348    1.8208e-14      -1.1765
_SET1_   ENSG00000142875     1   84508745   84739181    515      40  59957      -1.4247      0.72399    1.8208e-14      -1.4247
_SET1_   ENSG00000171502     1   86159916   86657626   1954      79  59957       -1.286      0.65721    1.8208e-14       -1.286
_SET1_   ENSG00000174842     1   92676959   92799544    203      28  59957       2.7678   0.00013929    1.8208e-14       2.7678
_SET1_   ENSG00000117620     1  100400345  100527535    440      29  59957      0.24607      0.21186    1.8291e-14      0.24607
_SET1_   ENSG00000168679     1  110870470  110968704    257      21  59957     -0.06761      0.22637    1.8291e-14     -0.06761
_SET1_   ENSG00000143119     1  111380775  111477550    432      29  59957       1.4005     0.013703    1.8208e-14       1.4005
_SET1_   ENSG00000116473     1  112049840  112294313    918      67  59957      -1.7324      0.81272    1.8208e-14      -1.7324
_SET1_   ENSG00000116489     1  113126795  113249241    245      26  59957        2.862   0.00010242    1.8208e-14        2.862
_SET1_   ENSG00000197323     1  114900399  115088781    548      36  59957      -1.3309      0.74417    1.8208e-14      -1.3309
_SET1_   ENSG00000134258     1  117651209  117788556    495      59  59957     -0.24061      0.28397    1.8291e-14     -0.24061
_SET1_   ENSG00000117289     1  145403469  145477635     78      21  59957      0.27595       0.1338    1.8263e-14      0.27595
_SET1_   ENSG00000131795     1  145472598  145548536     73      21  59957      0.80511      0.04228    1.8319e-14      0.80511
_SET1_   ENSG00000121634     1  147339946  147416393    202      35  59957     -0.57918       0.4084    1.8319e-14     -0.57918
_SET1_   ENSG00000143369     1  150445538  150521265    211      22  59957       2.0789     0.001651    1.8208e-14       2.0789
_SET1_   ENSG00000163131     1  150667672  150773433    245      20  59957       4.2657   1.7514e-07    1.8652e-14       4.2657
_SET1_   ENSG00000143390     1  151278116  151354833    166      34  59957       2.3053   0.00066573    1.8208e-14       2.3053
_SET1_   ENSG00000159377     1  151337010  151409420    153      24  59957     -0.73175      0.47635    1.8319e-14     -0.73175
_SET1_   ENSG00000143375     1  151447986  151546168    196      35  59957       1.9508    0.0020609    1.8208e-14       1.9508
_SET1_   ENSG00000143376     1  151549541  151706567    307      32  59957        2.427   0.00055457    1.8208e-14        2.427
_SET1_   ENSG00000143515     1  154263029  154358783    336      23  59957       1.2679     0.020195    1.8208e-14       1.2679
_SET1_   ENSG00000125459     1  155544979  155753153    293      30  59957       4.6356   4.5136e-08    1.8652e-14       4.6356
_SET1_   ENSG00000132718     1  155794300  155889990    187      28  59957       3.1077   5.2258e-05    1.8208e-14       3.1077
_SET1_   ENSG00000116584     1  155881630  156011861    234      31  59957       2.3122   0.00089704    1.8208e-14       2.3122
_SET1_   ENSG00000163479     1  155943839  156025750    169      32  59957       2.1879    0.0010725    1.8208e-14       2.1879
_SET1_   ENSG00000143320     1  156634398  156710608    217      54  59957       1.1804     0.014479    1.8208e-14       1.1804
_SET1_   ENSG00000143314     1  156672095  156746382    188      37  59957       1.6811    0.0051549    1.8208e-14       1.6811
_SET1_   ENSG00000158481     1  158224576  158298420    165      31  59957       1.8904    0.0033028    1.8208e-14       1.8904
_SET1_   ENSG00000132693     1  159647079  159719379    218      32  59957     -0.33647      0.29066    1.8263e-14     -0.33647
_SET1_   ENSG00000162738     1  160335376  160433468    279      25  59957      0.23316      0.14883    1.8291e-14      0.23316
_SET1_   ENSG00000143248     1  163045911  163326577   1203      67  59957       1.0146     0.030003    1.8208e-14       1.0146
_SET1_   ENSG00000120332     1  175001994  175152202    570      43  59957     -0.98225      0.53385    1.8319e-14     -0.98225
_SET1_   ENSG00000135828     1  182507769  182593391    287      38  59957     -0.22033      0.22477    1.8291e-14     -0.22033
_SET1_   ENSG00000135862     1  182957595  183149727    786      27  59957       -1.365      0.71902    1.8208e-14       -1.365
_SET1_   ENSG00000116711     1  186763085  186993113    795      71  59957       1.4426     0.010714    1.8208e-14       1.4426
_SET1_   ENSG00000116741     1  192743169  192816403    222      35  59957      0.21436      0.12448    1.8291e-14      0.21436
_SET1_   ENSG00000077152     1  202265785  202346108    212      30  59957     -0.14411      0.21438    1.8291e-14     -0.14411
_SET1_   ENSG00000136634     1  206905947  206980839    236      52  59957       7.3023   5.5512e-17    1.8652e-14       7.3023
_SET1_   ENSG00000123836     1  207187801  207289369    250      44  59957       1.1264     0.021222    1.8208e-14       1.1264
_SET1_   ENSG00000117594     1  209824510  209943295    383      56  59957       1.1103     0.023187    1.8208e-14       1.1103
_SET1_   ENSG00000117650     1  211801114  211883960    377      40  59957       0.2147      0.13543    1.8291e-14       0.2147
_SET1_   ENSG00000162772     1  212703676  212829119    471      73  59957     -0.53125      0.35194    1.8319e-14     -0.53125
_SET1_   ENSG00000154380     1  225639537  225875844    672      39  59957     -0.80823       0.5611    1.8319e-14     -0.80823
_SET1_   ENSG00000143776     1  227142566  227541175   1952      29  59957     -0.34091       0.3857    1.8263e-14     -0.34091
_SET1_   ENSG00000069248     1  229542045  229679103    445      38  59957       3.1954   4.2556e-05    1.8208e-14       3.1954
_SET1_   ENSG00000135801     1  229693858  229796794    256      31  59957      0.67815     0.056974    1.8319e-14      0.67815
_SET1_   ENSG00000182901     1  240896554  241555530   2677     215  59957      0.79966     0.032297    1.8319e-14      0.79966
_SET1_   ENSG00000162711     1  247544458  247647410    609      67  59957      0.90244     0.035195    1.8319e-14      0.90244
_SET1_   ENSG00000171848     2   10227455   10306545    250      43  59957      -2.4896       0.9393    1.8208e-14      -2.4896
_SET1_   ENSG00000115758     2   10545094   10623630    286      39  59957      -0.5319      0.34246    1.8319e-14      -0.5319
_SET1_   ENSG00000134324     2   11782721   12002535    855     111  59957      0.87842     0.034161    1.8319e-14      0.87842
_SET1_   ENSG00000079785     2   15696302   15806235    390      30  59957     -0.38567      0.33514    1.8263e-14     -0.38567
_SET1_   ENSG00000198399     2   24390733   24618583    652      26  59957     -0.80812      0.61443    1.8319e-14     -0.80812
_SET1_   ENSG00000084676     2   24679783   25028571    931      40  59957       4.4157   1.9138e-07    1.8652e-14       4.4157
_SET1_   ENSG00000138080     2   27266435   27344271    153      25  59957      0.56659     0.074377    1.8319e-14      0.56659
_SET1_   ENSG00000084774     2   27405258   27501811    273      20  59957     -0.18582      0.33335    1.8291e-14     -0.18582
_SET1_   ENSG00000115194     2   27441552   27533685    229      30  59957       0.2332      0.16615    1.8291e-14       0.2332
_SET1_   ENSG00000213639     2   28939506   29060806    273      23  59957       1.6787    0.0063324    1.8208e-14       1.6787
_SET1_   ENSG00000158125     2   31522187   31672581    574      76  59957    -0.038669      0.18591    1.8291e-14    -0.038669
_SET1_   ENSG00000163214     2   38989871   39138075    387      29  59957     -0.83689       0.5242    1.8319e-14     -0.83689
_SET1_   ENSG00000115904     2   39173537   39386486    524      25  59957      0.66272      0.12693    1.8319e-14      0.66272
_SET1_   ENSG00000143921     2   44031103   44140605    556      44  59957      0.33115      0.12999    1.8263e-14      0.33115
_SET1_   ENSG00000143947     2   55424039   55497989    226      38  59957     -0.10958      0.23179    1.8291e-14     -0.10958
_SET1_   ENSG00000169764     2   64033074   64153696    329      39  59957      -1.3726      0.73109    1.8208e-14      -1.3726
_SET1_   ENSG00000119862     2   64646103   64723515    269      34  59957      0.18481      0.13278    1.8291e-14      0.18481
_SET1_   ENSG00000115275     2   74653184   74727537    108      23  59957     -0.32715      0.34975    1.8263e-14     -0.32715
_SET1_   ENSG00000115325     2   74741153   74819681    106      29  59957       0.3132       0.1589    1.8263e-14       0.3132
_SET1_   ENSG00000159399     2   75026108   75155486    483      72  59957      0.11066      0.14013    1.8291e-14      0.11066
_SET1_   ENSG00000115364     2   75838909   75952977    435      32  59957       -1.075      0.61278    1.8208e-14       -1.075
_SET1_   ENSG00000152291     2   85510147   85590548    276      32  59957      0.81877     0.044721    1.8319e-14      0.81877
_SET1_   ENSG00000115525     2   86031267   86151137    459      29  59957     -0.05436       0.2203    1.8291e-14     -0.05436
_SET1_   ENSG00000132300     2   86298305   86404280    323      22  59957       0.4112      0.12621    1.8263e-14       0.4112
_SET1_   ENSG00000132305     2   86336055   86457893    387      22  59957      0.90256     0.045599    1.8319e-14      0.90256
_SET1_   ENSG00000158050     2   96773905   96846179    134      29  59957      0.22757      0.13337    1.8291e-14      0.22757
_SET1_   ENSG00000115641     2  105939169  106089970    605      90  59957     -0.49636      0.31603    1.8263e-14     -0.49636
_SET1_   ENSG00000169607     2  113458930  113557254    296      33  59957      0.76427     0.043938    1.8319e-14      0.76427
_SET1_   ENSG00000074047     2  121458199  121785229   1076     110  59957      0.53495     0.077899    1.8319e-14      0.53495
_SET1_   ENSG00000075886     2  132198666  132275507    442      15  59957      0.81091     0.081546    1.8319e-14      0.81091
_SET1_   ENSG00000153246     2  160753519  160954121    794      47  59957        1.094     0.028412    1.8208e-14        1.094
_SET1_   ENSG00000153250     2  161093662  161385305    857      51  59957       3.0479   6.5251e-05    1.8208e-14       3.0479
_SET1_   ENSG00000115267     2  163088589  163210213    276      10  59957       1.5297     0.045708    1.8208e-14       1.5297
_SET1_   ENSG00000182263     2  164414906  164627522    560      77  59957     -0.53377      0.37417    1.8319e-14     -0.53377
_SET1_   ENSG00000153253     2  165909032  166095577    508      41  59957      0.18852      0.17546    1.8291e-14      0.18852
_SET1_   ENSG00000138385     2  170613443  170703574    403      36  59957     -0.58235      0.40284    1.8319e-14     -0.58235
_SET1_   ENSG00000128708     2  172743958  172883599    390      33  59957     -0.92947      0.58076    1.8319e-14     -0.92947
_SET1_   ENSG00000152256     2  173385101  173524823    559      31  59957     -0.24396      0.34786    1.8291e-14     -0.24396
_SET1_   ENSG00000128654     2  177099123  177237753    326      30  59957      0.12733      0.17679    1.8291e-14      0.12733
_SET1_   ENSG00000170144     2  178042291  178123686    135      24  59957      -0.7176      0.46143    1.8319e-14      -0.7176
_SET1_   ENSG00000187231     2  179931419  180164517    739      39  59957       0.6116     0.094742    1.8319e-14       0.6116
_SET1_   ENSG00000188738     2  186568355  186733017    415      19  59957       -1.039      0.60896    1.8208e-14       -1.039
_SET1_   ENSG00000138378     2  191859302  192051322    529      55  59957       2.2543   0.00090995    1.8208e-14       2.2543
_SET1_   ENSG00000114942     2  206989309  207062652    228      23  59957       2.7612   0.00013256    1.8208e-14       2.7612
_SET1_   ENSG00000118263     2  207903861  208066991    536      54  59957      -1.7409      0.79811    1.8208e-14      -1.7409
_SET1_   ENSG00000163251     2  208592310  208669287    194      27  59957     -0.55818      0.42097    1.8319e-14     -0.55818
_SET1_   ENSG00000078018     2  210253782  210633842   1136      44  59957       1.3267      0.02436    1.8208e-14       1.3267
_SET1_   ENSG00000115457     2  217462551  217564159    283      62  59957      -1.5776       0.7587    1.8208e-14      -1.5776
_SET1_   ENSG00000163482     2  219501749  219602439    203      21  59957      0.19166      0.15428    1.8291e-14      0.19166
_SET1_   ENSG00000135912     2  219540568  219655139    270      14  59957     -0.74069        0.481    1.8319e-14     -0.74069
_SET1_   ENSG00000135925     2  219710085  219799303    108      22  59957      -1.1247      0.63654    1.8208e-14      -1.1247
_SET1_   ENSG00000187736     2  219905039  220060587    376      21  59957    -0.027661      0.24935    1.8287e-14    -0.027661
_SET1_   ENSG00000152056     2  224581403  224737744    630      44  59957      -0.4128      0.31786    1.8263e-14      -0.4128
_SET1_   ENSG00000169047     2  227561033  227699475    355      42  59957      -1.5089      0.80578    1.8208e-14      -1.5089
_SET1_   ENSG00000115009     2  228643558  228717272    269      48  59957       2.8365   7.0633e-05    1.8208e-14       2.8365
_SET1_   ENSG00000173692     2  231886578  232072541    469      38  59957      -1.4611      0.75066    1.8208e-14      -1.4611
_SET1_   ENSG00000123485     2  234707062  234798212    408      41  59957      0.62173     0.063756    1.8319e-14      0.62173
_SET1_   ENSG00000144476     2  237441430  237526001    313      39  59957       1.4727     0.014972    1.8208e-14       1.4727
_SET1_   ENSG00000144485     2  239111908  239184303    322      30  59957     -0.83675      0.50011    1.8319e-14     -0.83675
_SET1_   ENSG00000130414     2  240796867  240999819    979      87  59957      -1.4646      0.70397    1.8208e-14      -1.4646
_SET1_   ENSG00000063660     2  241340088  241442493    555      52  59957       2.8519   9.9033e-05    1.8208e-14       2.8519
_SET1_   ENSG00000187288     3    9873398    9956938    266      40  59957     -0.91935      0.49647    1.8319e-14     -0.91935
_SET1_   ENSG00000144559     3   11796916   11923393    450      62  59957     -0.77812      0.42809    1.8319e-14     -0.77812
_SET1_   ENSG00000132155     3   12590100   12740725    461      29  59957      -1.3459      0.70776    1.8208e-14      -1.3459
_SET1_   ENSG00000092345     3   16593299   16746813    726      70  59957     -0.72555      0.43611    1.8319e-14     -0.72555
_SET1_   ENSG00000182568     3   18351879   18522080    456      66  59957       2.0833    0.0013159    1.8208e-14       2.0833
_SET1_   ENSG00000114166     3   20046515   20230896    761      47  59957      0.69416     0.062802    1.8319e-14      0.69416
_SET1_   ENSG00000153560     3   33394828   33517863    439      27  59957     0.087115      0.23967    1.8291e-14     0.087115
_SET1_   ENSG00000076242     3   36999823   37142380    309      18  59957      -1.0522      0.61572    1.8208e-14      -1.0522
_SET1_   ENSG00000168028     3   39413180   39489033    363      18  59957       1.3121     0.020318    1.8208e-14       1.3121
_SET1_   ENSG00000114857     3   42607106   42725227    328      26  59957     -0.41142      0.38759    1.8263e-14     -0.41142
_SET1_   ENSG00000144648     3   42811244   42964466    391      41  59957     0.090562      0.17678    1.8291e-14     0.090562
_SET1_   ENSG00000144792     3   44584715   44676186    226      23  59957     -0.22722      0.28084    1.8291e-14     -0.22722
_SET1_   ENSG00000160799     3   46928216   47058500    226      29  59957      0.56882      0.07506    1.8319e-14      0.56882
_SET1_   ENSG00000164045     3   48163636   48264892    182      24  59957      0.66573     0.068707    1.8319e-14      0.66573
_SET1_   ENSG00000055957     3   52776603   52861078    256      22  59957      0.47016      0.10866    1.8263e-14      0.47016
_SET1_   ENSG00000163932     3   53155025   53261733    314      36  59957      0.40624     0.095024    1.8263e-14      0.40624
_SET1_   ENSG00000136068     3   57959127   58192982    686      55  59957   -0.0018308      0.18308    1.8289e-14   -0.0018308
_SET1_   ENSG00000144749     3   66394221   66586687    610      64  59957      -0.6404      0.42031    1.8319e-14      -0.6404
_SET1_   ENSG00000044524     3   89121674   89566284   1027      44  59957      -1.1856      0.66476    1.8208e-14      -1.1856
_SET1_   ENSG00000114439     3  107206783  107565171    907      64  59957       1.9839    0.0025747    1.8208e-14       1.9839
_SET1_   ENSG00000160145     3  123763870  124480172   2613     125  59957      0.48153     0.073482    1.8263e-14      0.48153
_SET1_   ENSG00000163902     3  128303817  128434918    460      29  59957     -0.28256      0.30118    1.8263e-14     -0.28256
_SET1_   ENSG00000196455     3  130362779  130500673    364      16  59957     -0.70285      0.56394    1.8319e-14     -0.70285
_SET1_   ENSG00000174640     3  133616540  133806028    662      87  59957     -0.71095      0.40205    1.8319e-14     -0.71095
_SET1_   ENSG00000118007     3  136020077  136506220    932      38  59957      0.62797     0.093944    1.8319e-14      0.62797
_SET1_   ENSG00000158092     3  136546050  136703665    423      19  59957       1.3984     0.015802    1.8208e-14       1.3984
_SET1_   ENSG00000163655     3  155553325  155696815    439      27  59957      -1.8134      0.87801    1.8208e-14      -1.8134
_SET1_   ENSG00000114850     3  156222929  156307973    312      30  59957     0.029295       0.1863    1.8287e-14     0.029295
_SET1_   ENSG00000079257     3  158328611  158425482    357      16  59957       1.0321     0.037346    1.8208e-14       1.0321
_SET1_   ENSG00000169255     3  160766671  160858172    234      26  59957     -0.29471      0.28309    1.8263e-14     -0.29471
_SET1_   ENSG00000214160     3  183925089  184002336    191      27  59957      0.23861      0.14571    1.8291e-14      0.23861
_SET1_   ENSG00000175166     3  183981497  184061842    169      34  59957      0.74475     0.047893    1.8319e-14      0.74475
_SET1_   ENSG00000113905     3  186343005  186431029    403      36  59957      0.11202      0.18215    1.8291e-14      0.11202
_SET1_   ENSG00000113916     3  187404165  187498515    352      41  59957       1.6312    0.0068241    1.8208e-14       1.6312
_SET1_   ENSG00000196083     3  190196840  190410843    775     120  59957     -0.77664      0.43399    1.8319e-14     -0.77664
_SET1_   ENSG00000114279     3  191822184  192520553   2508     199  59957     -0.90042      0.46009    1.8319e-14     -0.90042
_SET1_   ENSG00000063978     4    2428947    2662047    718      59  59957     -0.63202      0.43561    1.8319e-14     -0.63202
_SET1_   ENSG00000048342     4   15436489   15638180    580      43  59957     -0.78502      0.48573    1.8319e-14     -0.78502
_SET1_   ENSG00000007062     4   15929699   16121001    775      95  59957      0.21103      0.12579    1.8291e-14      0.21103
_SET1_   ENSG00000169851     4   30687037   31183422   1697      90  59957      0.96941     0.032026    1.8319e-14      0.96941
_SET1_   ENSG00000109814     4   39465375   39564931    419      41  59957      0.57044     0.082677    1.8319e-14      0.57044
_SET1_   ENSG00000179299     4   40716914   40847002    370      38  59957      -0.7501      0.43523    1.8319e-14      -0.7501
_SET1_   ENSG00000154277     4   41223430   41305472    328      30  59957       0.1978      0.16102    1.8291e-14       0.1978
_SET1_   ENSG00000109158     4   46885917   47031424    514      31  59957       0.6773     0.071181    1.8319e-14       0.6773
_SET1_   ENSG00000109180     4   48772229   48898834    221      32  59957       0.5598     0.075217    1.8319e-14       0.5598
_SET1_   ENSG00000128052     4   55909644   56026756    418      62  59957       2.2159    0.0006483    1.8208e-14       2.2159
_SET1_   ENSG00000128039     4   56177276   56274263    316      33  59957      0.86906     0.041922    1.8319e-14      0.86906
_SET1_   ENSG00000109163     4   68570046   68655078    261      24  59957      -1.3715      0.71112    1.8208e-14      -1.3715
_SET1_   ENSG00000135220     4   69759181   69852509    440      24  59957     -0.71119      0.53109    1.8319e-14     -0.71119
_SET1_   ENSG00000080493     4   72018003   72472804   1145      86  59957     -0.57111      0.41642    1.8319e-14     -0.57111
_SET1_   ENSG00000169116     4   75823305   76010325    457      56  59957     0.090014      0.17628    1.8291e-14     0.090014
_SET1_   ENSG00000169245     4   76907273   76979650    359      16  59957       1.3471     0.015311    1.8208e-14       1.3471
_SET1_   ENSG00000138760     4   77044890   77170046    607      30  59957      -1.8474      0.87519    1.8208e-14      -1.8474
_SET1_   ENSG00000138764     4   78043304   78389542   1898      46  59957     -0.63654      0.45664    1.8319e-14     -0.63654
_SET1_   ENSG00000156234     4   78397907   78567988    381      66  59957     -0.97584      0.52602    1.8319e-14     -0.97584
_SET1_   ENSG00000138675     4   81152753   81292834    530      53  59957       0.1288      0.18955    1.8291e-14       0.1288
_SET1_   ENSG00000163624     4   85469132   85607491    298      27  59957     -0.46841       0.3707    1.8263e-14     -0.46841
_SET1_   ENSG00000163629     4   87480468   87771324    825      22  59957      -1.1642      0.75973    1.8208e-14      -1.1642
_SET1_   ENSG00000109320     4  103387486  103573459    557      28  59957      -0.2298      0.29494    1.8291e-14      -0.2298
_SET1_   ENSG00000109332     4  103680540  103825053    339      13  59957       1.6256    0.0089544    1.8208e-14       1.6256
_SET1_   ENSG00000145354     4  103755135  103845399    182      10  59957       1.6324    0.0073895    1.8208e-14       1.6324
_SET1_   ENSG00000164023     4  108710719  108871203    419      58  59957    -0.085103      0.20157    1.8291e-14    -0.085103
_SET1_   ENSG00000205403     4  110626852  110758335    381      35  59957     -0.70361      0.46159    1.8319e-14     -0.70361
_SET1_   ENSG00000138798     4  110799040  110968422    518      32  59957      -0.8249      0.53728    1.8319e-14      -0.8249
_SET1_   ENSG00000145362     4  113704265  114339896   2159     182  59957      0.27002      0.10287    1.8263e-14      0.27002
_SET1_   ENSG00000164096     4  120183207  120260600    311      22  59957     -0.98321      0.56469    1.8319e-14     -0.98321
_SET1_   ENSG00000164109     4  120941763  121023229    214      35  59957      -1.2633      0.63731    1.8208e-14      -1.2633
_SET1_   ENSG00000138685     4  123712863  123854391    563      45  59957      0.45325      0.12552    1.8263e-14      0.45325
_SET1_   ENSG00000109390     4  140153034  140258705    318      22  59957     -0.63052      0.44875    1.8319e-14     -0.63052
_SET1_   ENSG00000121211     4  154230801  154371270    471      42  59957     0.069452      0.20348    1.8291e-14     0.069452
_SET1_   ENSG00000171564     4  155449108  155527238    227      27  59957     -0.68591      0.42002    1.8319e-14     -0.68591
_SET1_   ENSG00000171557     4  155490286  155569119    164      37  59957       1.1751     0.014024    1.8208e-14       1.1751
_SET1_   ENSG00000185149     4  156094781  156173230    318      28  59957      0.16366       0.1465    1.8291e-14      0.16366
_SET1_   ENSG00000109756     4  159990330  160316321    717      47  59957      0.84414     0.044283    1.8319e-14      0.84414
_SET1_   ENSG00000198948     4  170872748  170989182    391      34  59957     -0.72328      0.46435    1.8319e-14     -0.72328
_SET1_   ENSG00000218336     4  183030140  183759177   3042     267  59957      0.33945     0.073173    1.8263e-14      0.33945
_SET1_   ENSG00000164342     4  186955306  187044223    374      53  59957        1.844    0.0023414    1.8208e-14        1.844
_SET1_   ENSG00000153395     5    1421595    1559092    572      78  59957     0.078684       0.1433    1.8291e-14     0.078684
_SET1_   ENSG00000038382     5   14108811   14567235   1338      76  59957     -0.55802      0.39393    1.8319e-14     -0.55802
_SET1_   ENSG00000113387     5   32496739   32639185    551      48  59957      -1.2079      0.64907    1.8208e-14      -1.2079
_SET1_   ENSG00000164190     5   36841861   37101515    445      43  59957     -0.62299      0.45184    1.8319e-14     -0.62299
_SET1_   ENSG00000113448     5   58229865   59852947   4862     207  59957      0.82443     0.038651    1.8319e-14      0.82443
_SET1_   ENSG00000134057     5   68427837   68509072    211      21  59957      -2.2428      0.91234    1.8208e-14      -2.2428
_SET1_   ENSG00000134058     5   68495668   68608250    332      18  59957      -1.4677      0.75526    1.8208e-14      -1.4677
_SET1_   ENSG00000131844     5   70848115   70989531    435      43  59957     -0.66158      0.38767    1.8319e-14     -0.66158
_SET1_   ENSG00000122012     5   75343997   75684764   1263      96  59957      -1.7737       0.7986    1.8208e-14      -1.7737
_SET1_   ENSG00000152409     5   78497012   78658038    385      29  59957     -0.57554      0.41776    1.8319e-14     -0.57554
_SET1_   ENSG00000173221     5   95052023   95193709    440      63  59957       1.0927     0.021827    1.8208e-14       1.0927
_SET1_   ENSG00000125347     5  131782301  131861490    269      24  59957       6.8025   9.2974e-15    1.8652e-14       6.8025
_SET1_   ENSG00000131437     5  131993320  132108330    284      20  59957       3.4657   1.9915e-05    1.8208e-14       3.4657
_SET1_   ENSG00000146021     5  136918189  137106779    443      46  59957      0.39846      0.10108    1.8263e-14      0.39846
_SET1_   ENSG00000112983     5  137440455  137549675    219      34  59957     -0.93307      0.54486    1.8319e-14     -0.93307
_SET1_   ENSG00000120314     5  140009261  140088709    188      20  59957      0.18643       0.1466    1.8291e-14      0.18643
_SET1_   ENSG00000204963     5  140178969  140426929    523      36  59957       0.2125      0.14898    1.8291e-14       0.2125
_SET1_   ENSG00000120327     5  140567931  140640858    262      26  59957      -1.7403      0.83986    1.8208e-14      -1.7403
_SET1_   ENSG00000131507     5  141453070  141569005    433      30  59957       5.4448   2.1488e-10    1.8652e-14       5.4448
_SET1_   ENSG00000113580     5  142622496  142850077    475      47  59957       1.6062    0.0065261    1.8208e-14       1.6062
_SET1_   ENSG00000113712     5  148836760  148966007    316      36  59957       1.4045     0.012758    1.8208e-14       1.4045
_SET1_   ENSG00000113140     5  151005657  151101726    296      37  59957      -1.2967       0.6489    1.8208e-14      -1.2967
_SET1_   ENSG00000037749     5  153383466  153635038    860      44  59957      0.98201     0.035067    1.8319e-14      0.98201
_SET1_   ENSG00000155508     5  154202113  154291353    223      23  59957     -0.83679      0.59193    1.8319e-14     -0.83679
_SET1_   ENSG00000113719     5  172226278  172414688    749     111  59957        2.281   0.00059813    1.8208e-14        2.281
_SET1_   ENSG00000183072     5  172624112  172697360    219      45  59957     -0.32026      0.24409    1.8263e-14     -0.32026
_SET1_   ENSG00000113742     5  173280283  173423979    529      37  59957       1.7434    0.0058724    1.8208e-14       1.7434
_SET1_   ENSG00000169220     5  176749838  176834602    171      31  59957       5.2175        5e-10    1.8652e-14       5.2175
_SET1_   ENSG00000178338     5  178251954  178350123    657      35  59957     -0.23745       0.2772    1.8291e-14     -0.23745
_SET1_   ENSG00000127022     5  179070629  179192926    338      36  59957      -1.3641      0.69405    1.8208e-14      -1.3641
_SET1_   ENSG00000050748     5  179625143  179754099    655      50  59957       1.9573    0.0025983    1.8208e-14       1.9573
_SET1_   ENSG00000124570     6    2913393    3007090    376      43  59957      0.21669      0.13161    1.8291e-14      0.21669
_SET1_   ENSG00000078401     6   12255596   12332427    222      41  59957      0.53896     0.066457    1.8319e-14      0.53896
_SET1_   ENSG00000137393     6   18333779   18504105    969      56  59957      0.66866     0.070803    1.8319e-14      0.66866
_SET1_   ENSG00000172201     6   19802617   19875915    358      57  59957      0.92133     0.031225    1.8319e-14      0.92133
_SET1_   ENSG00000124568     6   25748125   25867287    499      41  59957      0.81851     0.050841    1.8319e-14      0.81851
_SET1_   ENSG00000111801     6   26405700   26488643    354      29  59957        1.275     0.022304    1.8208e-14        1.275
_SET1_   ENSG00000204642     6   29655552   29741305   1031      31  59957       3.1291   6.1312e-05    1.8208e-14       3.1291
_SET1_   ENSG00000137310     6   31091319   31169936    940      46  59957       6.0363   4.2742e-12    1.8652e-14       6.0363
_SET1_   ENSG00000232810     6   31508344   31581113    382      57  59957       6.4809   1.2698e-13    1.8652e-14       6.4809
_SET1_   ENSG00000204256     6   32901437   32984282    614      60  59957       5.8371   1.4744e-11    1.8652e-14       5.8371
_SET1_   ENSG00000231500     6   33204787   33279287    194      29  59957       2.7039   0.00019352    1.8208e-14       2.7039
_SET1_   ENSG00000064999     6   34822042   35094179    808      50  59957      0.56613      0.10047    1.8319e-14      0.56613
_SET1_   ENSG00000112041     6   35430651   35515715    331      39  59957       2.6505   0.00028889    1.8208e-14       2.6505
_SET1_   ENSG00000156711     6   36060586   36142842    173      35  59957       1.3166     0.012696    1.8208e-14       1.3166
_SET1_   ENSG00000124762     6   36609305   36690116    355      41  59957        1.987    0.0021324    1.8208e-14        1.987
_SET1_   ENSG00000137409     6   36900917   36989074    428      48  59957     -0.28386      0.26509    1.8263e-14     -0.28386
_SET1_   ENSG00000137193     6   37102979   37178202    282      35  59957       1.0794     0.021659    1.8208e-14       1.0794
_SET1_   ENSG00000112559     6   41569620   41656984    344      67  59957     -0.18555      0.21873    1.8291e-14     -0.18555
_SET1_   ENSG00000112655     6   43009006   43164457    409      37  59957      -1.2739         0.73    1.8208e-14      -1.2739
_SET1_   ENSG00000112115     6   52016185   52090436    327      32  59957      0.68452      0.06935    1.8319e-14      0.68452
_SET1_   ENSG00000146143     6   57144603   57548375    357      40  59957     -0.27182      0.28687    1.8263e-14     -0.27182
_SET1_   ENSG00000156508     6   74190473   74268520    222      26  59957      0.52755     0.093712    1.8319e-14      0.52755
_SET1_   ENSG00000112742     6   80678604   80787244    426      29  59957     -0.96792      0.55481    1.8319e-14     -0.96792
_SET1_   ENSG00000146242     6   83037923   83115545    225      19  59957     -0.86084      0.53812    1.8319e-14     -0.86084
_SET1_   ENSG00000111850     6   87997301   88087043    313      16  59957     -0.55514      0.42475    1.8319e-14     -0.55514
_SET1_   ENSG00000112214     6   96975424   97099512    431      33  59957      0.93328     0.044066    1.8319e-14      0.93328
_SET1_   ENSG00000112249     6  100921070  101364248   1344      34  59957     -0.70261      0.50298    1.8319e-14     -0.70261
_SET1_   ENSG00000085377     6  105690440  105885959    623      62  59957      0.51688      0.10028    1.8319e-14      0.51688
_SET1_   ENSG00000164494     6  107438761  107815768   1002      70  59957     0.085421      0.17056    1.8291e-14     0.085421
_SET1_   ENSG00000135596     6  109730265  109822171    271      25  59957      0.32811      0.13122    1.8263e-14      0.32811
_SET1_   ENSG00000196591     6  114219192  114367472    462      42  59957        -1.53      0.73801    1.8208e-14        -1.53
_SET1_   ENSG00000111816     6  116217312  116416921    567      37  59957     -0.72532      0.49413    1.8319e-14     -0.72532
_SET1_   ENSG00000123500     6  116405086  116514910    296      33  59957     -0.62866       0.4165    1.8319e-14     -0.62866
_SET1_   ENSG00000152661     6  121721838  121805873    364      36  59957     -0.47814       0.3577    1.8263e-14     -0.47814
_SET1_   ENSG00000135525     6  136628875  136906957    516      26  59957     0.060293      0.29099    1.8291e-14     0.060293
_SET1_   ENSG00000182747     6  137208402  137281777    210      29  59957       2.1473    0.0010468    1.8208e-14       2.1473
_SET1_   ENSG00000055208     6  149504777  149767749    971      59  59957       3.5828   4.4528e-06    1.8208e-14       3.5828
_SET1_   ENSG00000122194     6  161088270  161209347    518      41  59957     0.081865      0.17191    1.8291e-14     0.081865
_SET1_   ENSG00000198517     7    1535350    1617679    320      24  59957      0.72934     0.055878    1.8319e-14      0.72934
_SET1_   ENSG00000106346     7    6109515    6236195    441      40  59957     -0.67345      0.48682    1.8319e-14     -0.67345
_SET1_   ENSG00000136238     7    6379154    6478608    521      35  59957       3.2198   4.0911e-05    1.8208e-14       3.2198
_SET1_   ENSG00000106524     7   16604401   16720442    447      66  59957      -1.1455      0.56964    1.8208e-14      -1.1455
_SET1_   ENSG00000105855     7   20335325   20490377    559      44  59957       3.1362   3.2295e-05    1.8208e-14       3.1362
_SET1_   ENSG00000136244     7   22730503   22806621    360      34  59957       2.0749    0.0016602    1.8208e-14       2.0749
_SET1_   ENSG00000106004     7   27145671   27218287    187      31  59957       1.5915    0.0088799    1.8208e-14       1.5915
_SET1_   ENSG00000078399     7   27167054   27245117    210      46  59957        2.588   0.00027266    1.8208e-14        2.588
_SET1_   ENSG00000122507     7   33133856   33680680   1938      78  59957       1.2736     0.018535    1.8208e-14       1.2736
_SET1_   ENSG00000173852     7   34933488   35112883    613      26  59957       1.1047      0.03486    1.8208e-14       1.1047
_SET1_   ENSG00000155849     7   36858961   37523852   2418     167  59957      0.74871     0.045122    1.8319e-14      0.74871
_SET1_   ENSG00000122641     7   41689712   41777706    201      40  59957      -1.4007      0.67973    1.8208e-14      -1.4007
_SET1_   ENSG00000164543     7   43587357   43701385    346      21  59957       0.3458      0.13508    1.8263e-14       0.3458
_SET1_   ENSG00000164708     7   44067326   44140186    215      23  59957       1.3772     0.015383    1.8208e-14       1.3772
_SET1_   ENSG00000058404     7   44221749   44409176    547      55  59957     -0.27935      0.27798    1.8263e-14     -0.27935
_SET1_   ENSG00000106070     7   50622760   50896159   1036      46  59957     -0.29978      0.31768    1.8263e-14     -0.29978
_SET1_   ENSG00000146648     7   55051714   55359313   1166     128  59957      0.98138     0.027476    1.8319e-14      0.98138
_SET1_   ENSG00000126524     7   66417664   66495588    266      36  59957      -1.2656      0.66585    1.8208e-14      -1.2656
_SET1_   ENSG00000009954     7   72819728   72971608    295      30  59957       1.1325     0.039798    1.8208e-14       1.1325
_SET1_   ENSG00000186088     7   76905068   77080717    713      52  59957      0.78575     0.053229    1.8319e-14      0.78575
_SET1_   ENSG00000135211     7   77388045   77462897    219      31  59957     -0.41148       0.3284    1.8263e-14     -0.41148
_SET1_   ENSG00000135218     7   79963891   80343593   1163      75  59957      0.63145     0.063587    1.8319e-14      0.63145
_SET1_   ENSG00000075223     7   80336854   80586675    693      85  59957     -0.16794      0.25118    1.8291e-14     -0.16794
_SET1_   ENSG00000106258     7   99210817   99312621    191      25  59957       1.3678     0.026807    1.8208e-14       1.3678
_SET1_   ENSG00000106333     7  100164800  100240798    151      33  59957       2.4308   0.00048707    1.8208e-14       2.4308
_SET1_   ENSG00000106397     7  100814258  100896701    291      40  59957       1.2393     0.021986    1.8208e-14       1.2393
_SET1_   ENSG00000161057     7  102949701  103044842    205      33  59957     0.005018      0.23153    1.8289e-14     0.005018
_SET1_   ENSG00000173114     7  110696062  110800510    255      19  59957       1.2145     0.043132    1.8208e-14       1.2145
_SET1_   ENSG00000105974     7  116129839  116236233    330      30  59957     -0.66819      0.45362    1.8319e-14     -0.66819
_SET1_   ENSG00000105976     7  116277444  116473440    435      55  59957     0.026664      0.18387    1.8287e-14     0.026664
_SET1_   ENSG00000158467     7  128829864  129105052    686      46  59957      0.94295     0.044727    1.8319e-14      0.94295
_SET1_   ENSG00000157680     7  137030783  137566838   1565     104  59957       -1.122      0.61528    1.8208e-14       -1.122
_SET1_   ENSG00000106028     7  141403121  141522722    295      13  59957      0.57668     0.093697    1.8319e-14      0.57668
_SET1_   ENSG00000165125     7  142533956  142618507    282      22  59957      -1.1797       0.6965    1.8208e-14      -1.1797
_SET1_   ENSG00000196511     7  144114034  144568488   1367      85  59957      0.34415      0.11306    1.8263e-14      0.34415
_SET1_   ENSG00000197024     7  148788508  148915116    452      26  59957      -0.5703      0.43177    1.8319e-14      -0.5703
_SET1_   ENSG00000155093     7  157296750  158415480   4729     311  59957      -1.8719      0.78643    1.8208e-14      -1.8719
_SET1_   ENSG00000078579     8   16814678   16894690    584      55  59957      -1.8835      0.85006    1.8208e-14      -1.8835
_SET1_   ENSG00000130227     8   21742180   21899096    464      38  59957       1.6607    0.0060241    1.8208e-14       1.6607
_SET1_   ENSG00000184661     8   25281513   25400436    377      22  59957       2.1894    0.0017841    1.8208e-14       2.1894
_SET1_   ENSG00000134014     8   27912190   28083673    511      40  59957      0.86578     0.042023    1.8319e-14      0.86578
_SET1_   ENSG00000186918     8   28168102   28295218    330      36  59957     -0.47417      0.36018    1.8263e-14     -0.47417
_SET1_   ENSG00000187840     8   37852859   37952883    205      33  59957      0.99686     0.042967    1.8319e-14      0.99686
_SET1_   ENSG00000175324     8   37985839   38069248    160      26  59957       1.1759     0.023807    1.8208e-14       1.1759
_SET1_   ENSG00000083168     8   41751997   41944508    395      36  59957       2.0238    0.0026572    1.8208e-14       2.0238
_SET1_   ENSG00000104368     8   41997236   42100242    261      31  59957      0.12841      0.18526    1.8291e-14      0.12841
_SET1_   ENSG00000165102     8   42960556   43092998    235      30  59957      0.59391      0.11499    1.8319e-14      0.59391
_SET1_   ENSG00000167910     8   59367737   59447795    246      34  59957     -0.17253      0.22761    1.8291e-14     -0.17253
_SET1_   ENSG00000104388     8   61394416   61571186    555      26  59957      0.60098      0.10039    1.8319e-14      0.60098
_SET1_   ENSG00000172817     8   65465320   65746318    640      39  59957      0.33542      0.14633    1.8263e-14      0.33542
_SET1_   ENSG00000179041     8   67306263   67377966    249      38  59957     -0.77068      0.47241    1.8319e-14     -0.77068
_SET1_   ENSG00000178860     8   72718784   72791703    342      48  59957      0.35435     0.095296    1.8263e-14      0.35435
_SET1_   ENSG00000076641     8   81845045   82059303    655      77  59957        1.139      0.01842    1.8208e-14        1.139
_SET1_   ENSG00000104231     8   82578569   82680138    346      28  59957       1.4179     0.017799    1.8208e-14       1.4179
_SET1_   ENSG00000164695     8   82609669   82706750    362      36  59957       1.0971     0.029616    1.8208e-14       1.0971
_SET1_   ENSG00000164951     8   94835035   94973294    473      40  59957      -1.1349      0.61733    1.8208e-14      -1.1349
_SET1_   ENSG00000164920     8   99921631   99999332    128      25  59957     -0.12126      0.27813    1.8291e-14     -0.12126
_SET1_   ENSG00000147655     8  108876544  109130913    798      51  59957      -1.1935      0.63567    1.8208e-14      -1.1935
_SET1_   ENSG00000104447     8  116385724  116856899   1082      59  59957       2.2744    0.0010155    1.8208e-14       2.2744
_SET1_   ENSG00000187955     8  121037019  121419275   1165      87  59957     -0.94354      0.49989    1.8319e-14     -0.94354
_SET1_   ENSG00000172172     8  121358000  121492642    306      26  59957     -0.76309      0.49988    1.8319e-14     -0.76309
_SET1_   ENSG00000156804     8  124475129  124588446    398      66  59957    -0.091617      0.20673    1.8291e-14    -0.091617
_SET1_   ENSG00000170873     8  125528031  125775730   1077     113  59957      0.75077     0.044003    1.8319e-14      0.75077
_SET1_   ENSG00000136997     8  128712680  128788674    249      56  59957     -0.34163      0.28346    1.8263e-14     -0.34163
_SET1_   ENSG00000155897     8  131757547  132089672   1347      85  59957       2.9986   5.2284e-05    1.8208e-14       2.9986
_SET1_   ENSG00000131773     8  136434700  136703965    779      49  59957      0.39609       0.1219    1.8263e-14      0.39609
_SET1_   ENSG00000178719     8  145029226  145102583    168      21  59957      0.18149      0.14518    1.8291e-14      0.18149
_SET1_   ENSG00000185000     8  145504954  145585573    182      27  59957       3.1155   2.0988e-05    1.8208e-14       3.1155
_SET1_   ENSG00000185803     8  145542795  145619932    160      33  59957       2.3434    0.0004595    1.8208e-14       2.3434
_SET1_   ENSG00000071894     8  145583444  145669753    195      29  59957      0.86527     0.034288    1.8319e-14      0.86527
_SET1_   ENSG00000173253     9    1015354    1092552    391      57  59957      0.28503      0.10431    1.8263e-14      0.28503
_SET1_   ENSG00000120217     9    5415503    5505566    360      48  59957       2.8407   7.4224e-05    1.8208e-14       2.8407
_SET1_   ENSG00000147862     9   14046842   14433982   1238     168  59957      0.60131     0.059942    1.8319e-14      0.60131
_SET1_   ENSG00000137154     9   19340713   19415252    175      25  59957      -1.3382       0.7002    1.8208e-14      -1.3382
_SET1_   ENSG00000147883     9   21967902   22044362    218      33  59957      0.17362      0.14215    1.8291e-14      0.17362
_SET1_   ENSG00000010438     9   33715515   33834230    384      36  59957      0.56048     0.084628    1.8319e-14      0.56048
_SET1_   ENSG00000198467     9   35646989   35726017    217      35  59957      -0.7686      0.45425    1.8319e-14      -0.7686
_SET1_   ENSG00000135049     9   88126455   88391944    852      31  59957       1.6436     0.014605    1.8208e-14       1.6436
_SET1_   ENSG00000213694     9   91571362   91654925    365      57  59957     -0.55119      0.34962    1.8319e-14     -0.55119
_SET1_   ENSG00000169071     9   94290373   94747444   1963     113  59957      0.78758     0.048558    1.8319e-14      0.78758
_SET1_   ENSG00000204291     9  101670461  101868069    658      72  59957     -0.51106      0.35829    1.8319e-14     -0.51106
_SET1_   ENSG00000136872     9  104147860  104233105    307      40  59957      0.63401     0.066485    1.8319e-14      0.63401
_SET1_   ENSG00000179055     9  107421660  107492766    281      20  59957     -0.10753      0.27646    1.8291e-14     -0.10753
_SET1_   ENSG00000148229     9  116134515  116207952    252      45  59957       1.3904     0.011928    1.8208e-14       1.3904
_SET1_   ENSG00000196739     9  116882840  117109791    902     140  59957     -0.56718      0.32331    1.8319e-14     -0.56718
_SET1_   ENSG00000181634     9  117511915  117603406    233      48  59957       5.1893        5e-10    1.8652e-14       5.1893
_SET1_   ENSG00000106689     9  126728949  126830580    414      44  59957      0.12999      0.14981    1.8291e-14      0.12999
_SET1_   ENSG00000165219     9  127989073  128164486    399      30  59957     -0.87351      0.51864    1.8319e-14     -0.87351
_SET1_   ENSG00000136819     9  132554569  132633142    485      21  59957      -0.8722      0.60414    1.8319e-14      -0.8722
_SET1_   ENSG00000148400     9  139353896  139475314    435      68  59957       6.4842     5.68e-14    1.8652e-14       6.4842
_SET1_   ENSG00000148408     9  140737241  141054076    826      56  59957     -0.87098      0.53799    1.8319e-14     -0.87098
_SET1_   ENSG00000107937    10     999338    1100876    371      31  59957      0.31175      0.13649    1.8263e-14      0.31175
_SET1_   ENSG00000178462    10    5400061    5481793    290      29  59957      0.55748     0.080863    1.8319e-14      0.55748
_SET1_   ENSG00000134463    10   11749365   11841069    435      39  59957      -1.0238      0.57933    1.8208e-14      -1.0238
_SET1_   ENSG00000065665    10   12136636   12246960    378      37  59957       1.1095     0.024166    1.8208e-14       1.1095
_SET1_   ENSG00000120616    10   32521679   32702726    630      44  59957       1.2412     0.020077    1.8208e-14       1.2412
_SET1_   ENSG00000148498    10   34363488   35139253   2203      91  59957      0.55707     0.070402    1.8319e-14      0.55707
_SET1_   ENSG00000196793    10   44016792   44105066    345      25  59957      0.58954     0.077481    1.8319e-14      0.58954
_SET1_   ENSG00000198964    10   52030360   52419923   1242      67  59957       1.8375     0.003627    1.8208e-14       1.8375
_SET1_   ENSG00000107984    10   54039056   54112802    210      35  59957      0.65608     0.054808    1.8319e-14      0.65608
_SET1_   ENSG00000072401    10   60059735   60165513    312      37  59957       1.3478     0.019512    1.8208e-14       1.3478
_SET1_   ENSG00000165732    10   70680884   70779829    329      27  59957      -1.5776      0.81254    1.8208e-14      -1.5776
_SET1_   ENSG00000156574    10   72157071   72242707    251      46  59957      -1.3899      0.67637    1.8208e-14      -1.3899
_SET1_   ENSG00000198246    10   73044015   73158142    571      72  59957     -0.78446      0.45375    1.8319e-14     -0.78446
_SET1_   ENSG00000107742    10   73783793   73883790    306      26  59957      -0.9583      0.53681    1.8319e-14      -0.9583
_SET1_   ENSG00000138303    10   73821278   74011892    476      37  59957     0.095105      0.20318    1.8291e-14     0.095105
_SET1_   ENSG00000213551    10   74908120   75043620    393      10  59957     0.071658      0.38322    1.8291e-14     0.071658
_SET1_   ENSG00000156113    10   78594359   79433353   2795     209  59957     -0.57592      0.32695    1.8319e-14     -0.57592
_SET1_   ENSG00000138326    10   79758518   79851570    198      28  59957      -1.3944      0.74544    1.8208e-14      -1.3944
_SET1_   ENSG00000171862    10   89587870   89766687    369      43  59957      0.57135     0.092134    1.8319e-14      0.57135
_SET1_   ENSG00000204021    10   90449301   90547543    443      26  59957     -0.34143      0.33393    1.8263e-14     -0.34143
_SET1_   ENSG00000138180    10   95221389   95323849    498      51  59957    -0.075496       0.2149    1.8291e-14    -0.075496
_SET1_   ENSG00000138207    10   95316444   95396501    340      51  59957     -0.78442      0.45975    1.8319e-14     -0.78442
_SET1_   ENSG00000095637    10   97036528   97356171   1239     108  59957    -0.088414      0.20819    1.8291e-14    -0.088414
_SET1_   ENSG00000165879    10   99044022   99116672    282      19  59957     -0.84279      0.55872    1.8319e-14     -0.84279
_SET1_   ENSG00000120053    10  101121627  101225381    250      51  59957       4.1056   2.9453e-07    1.8652e-14       4.1056
_SET1_   ENSG00000099194    10  102071881  102159591    279      40  59957     -0.22432      0.26827    1.8291e-14     -0.22432
_SET1_   ENSG00000150593    10  112596565  112694764    254      33  59957     0.020792      0.22954    1.8287e-14     0.020792
_SET1_   ENSG00000150594    10  112801790  112875658    198      43  59957     -0.27583      0.28584    1.8263e-14     -0.27583
_SET1_   ENSG00000099204    10  116155872  116479762   1077      94  59957     0.032313      0.17015    1.8291e-14     0.032313
_SET1_   ENSG00000107560    10  119729427  119841114    259      31  59957     -0.80164      0.56441    1.8319e-14     -0.80164
_SET1_   ENSG00000107651    10  121617223  121737014    465      29  59957      -1.5947      0.81069    1.8208e-14      -1.5947
_SET1_   ENSG00000189319    10  126272861  126467838    602      45  59957       3.7553   2.1732e-06    1.8208e-14       3.7553
_SET1_   ENSG00000185627    11     201546     287983    452      40  59957      -1.0873      0.59716    1.8208e-14      -1.0873
_SET1_   ENSG00000185885    11     278506     350272    333      65  59957       1.6806    0.0033551    1.8208e-14       1.6806
_SET1_   ENSG00000183251    11    5287244    5358226    304      33  59957      0.25563      0.12431    1.8263e-14      0.25563
_SET1_   ENSG00000181074    11    5740923    5811959    294      28  59957     -0.95341       0.5657    1.8319e-14     -0.95341
_SET1_   ENSG00000166313    11    6381355    6475644    264      48  59957      0.25861      0.11897    1.8263e-14      0.25861
_SET1_   ENSG00000148935    11   22612188   22869601    718      63  59957     -0.57063      0.37359    1.8319e-14     -0.57063
_SET1_   ENSG00000166349    11   36497259   36649706    392      32  59957       1.4105     0.018958    1.8208e-14       1.4105
_SET1_   ENSG00000180210    11   46705730   46796056    180      27  59957     -0.38569      0.35868    1.8263e-14     -0.38569
_SET1_   ENSG00000165915    11   47393683   47473047    227      21  59957     -0.32961      0.30191    1.8263e-14     -0.32961
_SET1_   ENSG00000165916    11   47405320   47482993    218      21  59957     -0.22075      0.26512    1.8291e-14     -0.22075
_SET1_   ENSG00000181958    11   55100360   55171394    337      18  59957        1.171      0.03505    1.8208e-14        1.171
_SET1_   ENSG00000186513    11   57922906   57993990    254      19  59957        1.895    0.0032967    1.8208e-14        1.895
_SET1_   ENSG00000166801    11   58875221   58957512    244      20  59957     -0.19772      0.29711    1.8291e-14     -0.19772
_SET1_   ENSG00000110446    11   60669556   60755002    255      34  59957        1.516    0.0080067    1.8208e-14        1.516
_SET1_   ENSG00000013725    11   60704115   60822849    430      60  59957       2.8369   9.0409e-05    1.8208e-14       2.8369
_SET1_   ENSG00000110484    11   62002627   62075628    272      30  59957     -0.67249      0.41988    1.8319e-14     -0.67249
_SET1_   ENSG00000133317    11   63238556   63319246    145      37  59957     -0.78037      0.45797    1.8319e-14     -0.78037
_SET1_   ENSG00000213465    11   64746585   64824656    204      33  59957      0.43638     0.097169    1.8263e-14      0.43638
_SET1_   ENSG00000172977    11   65444467   65522075    230      24  59957       1.6017    0.0065584    1.8208e-14       1.6017
_SET1_   ENSG00000172818    11   65519493   65599690    217      30  59957       2.4116   0.00036582    1.8208e-14       2.4116
_SET1_   ENSG00000175592    11   65624520   65703044    188      28  59957       2.2171   0.00093265    1.8208e-14       2.2171
_SET1_   ENSG00000175550    11   65651728   65724032    148      26  59957       1.7799    0.0039354    1.8208e-14       1.7799
_SET1_   ENSG00000175467    11   65694160   65782299    245      23  59957      0.76972      0.05696    1.8319e-14      0.76972
_SET1_   ENSG00000069482    11   68416247   68493643    228      32  59957      0.54105     0.084507    1.8319e-14      0.54105
_SET1_   ENSG00000137496    11   71674587   71751761    214      16  59957     0.092237      0.29518    1.8291e-14     0.092237
_SET1_   ENSG00000137504    11   85335752   85428951    199      36  59957     -0.48234      0.36429    1.8263e-14     -0.48234
_SET1_   ENSG00000109861    11   87991760   88105955    402      41  59957       1.3382     0.013434    1.8208e-14       1.3382
_SET1_   ENSG00000196371    11   94242017   94318063    274      24  59957     -0.61626      0.42495    1.8319e-14     -0.61626
_SET1_   ENSG00000110660    11  107626717  107834019    864      44  59957     -0.96332      0.58368    1.8319e-14     -0.96332
_SET1_   ENSG00000075239    11  107957243  108053503    211      35  59957        0.176      0.13388    1.8291e-14        0.176
_SET1_   ENSG00000110777    11  111187977  111361355    683      42  59957      0.88214     0.045668    1.8319e-14      0.88214
_SET1_   ENSG00000150779    11  111920524  111992522    138      17  59957     -0.58663      0.45209    1.8319e-14     -0.58663
_SET1_   ENSG00000150782    11  111978974  112069840    241      40  59957       1.0963     0.022207    1.8208e-14       1.0963
_SET1_   ENSG00000109906    11  113895315  114156398    914     129  59957       2.7217   0.00010686    1.8208e-14       2.7217
_SET1_   ENSG00000110324    11  117822063  117907196    360      32  59957        1.605     0.010057    1.8208e-14        1.605
_SET1_   ENSG00000118096    11  118380243  118478685    225      18  59957     -0.50033      0.45481    1.8319e-14     -0.50033
_SET1_   ENSG00000110367    11  118585034  118696858    344      23  59957     -0.31739      0.33538    1.8263e-14     -0.31739
_SET1_   ENSG00000154133    11  124718587  124803396    314      49  59957     -0.99788      0.54803    1.8319e-14     -0.99788
_SET1_   ENSG00000060237    12     826759    1055618    634      51  59957       1.0695     0.027864    1.8208e-14       1.0695
_SET1_   ENSG00000004478    12    2869119    2949576    204      32  59957      -1.1454      0.63115    1.8208e-14      -1.1454
_SET1_   ENSG00000111206    12    2931847    3021206    288      21  59957       -1.065      0.59352    1.8208e-14       -1.065
_SET1_   ENSG00000047621    12    4561894    4682674    272      30  59957     -0.79734      0.50552    1.8319e-14     -0.79734
_SET1_   ENSG00000010610    12    6861024    6964974    303      62  59957     -0.41246      0.26998    1.8263e-14     -0.41246
_SET1_   ENSG00000139182    12    7247294    7346541    270      33  59957      0.72757      0.05523    1.8319e-14      0.72757
_SET1_   ENSG00000184344    12    7807378    7883372    390      55  59957     -0.85645      0.45245    1.8319e-14     -0.85645
_SET1_   ENSG00000166535    12    8940068    9074597    474      61  59957        1.871     0.002514    1.8208e-14        1.871
_SET1_   ENSG00000111348    12   15059951   15149662    349      32  59957     -0.21145      0.24822    1.8291e-14     -0.21145
_SET1_   ENSG00000111700    12   20928636   21278040   1644      38  59957      -1.8965      0.89381    1.8208e-14      -1.8965
_SET1_   ENSG00000111713    12   21654123   21792781    527      43  59957      -1.7731      0.83311    1.8208e-14      -1.7731
_SET1_   ENSG00000134532    12   23647440   24138966   1607     158  59957     -0.90882       0.4729    1.8319e-14     -0.90882
_SET1_   ENSG00000123104    12   26455342   27021131   2176     125  59957       1.5891    0.0055258    1.8208e-14       1.5891
_SET1_   ENSG00000061794    12   27828706   27944228    306      27  59957       0.3296      0.12762    1.8263e-14       0.3296
_SET1_   ENSG00000151229    12   40113823   40534891   1191      72  59957       3.4061   1.1938e-05    1.8208e-14       3.4061
_SET1_   ENSG00000198001    12   44117747   44218346    314      30  59957      0.29735       0.1798    1.8263e-14      0.29735
_SET1_   ENSG00000139209    12   47123546   47261191    547      46  59957     -0.23897      0.28229    1.8291e-14     -0.23897
_SET1_   ENSG00000139219    12   48331748   48433269    469      48  59957      0.19033      0.14572    1.8291e-14      0.19033
_SET1_   ENSG00000123416    12   49486565   49560180    147      15  59957     -0.49731      0.39119    1.8263e-14     -0.49731
_SET1_   ENSG00000167552    12   49543579   49618107    157      23  59957      0.21616      0.14835    1.8291e-14      0.21616
_SET1_   ENSG00000161800    12   50335706   50461919    281      34  59957       1.9618    0.0033956    1.8208e-14       1.9618
_SET1_   ENSG00000110881    12   50416331   50512394    188      32  59957       1.8255    0.0033301    1.8208e-14       1.8255
_SET1_   ENSG00000135503    12   52310451   52425862    303      48  59957       0.6598     0.062015    1.8319e-14       0.6598
_SET1_   ENSG00000135480    12   52591304   52680970    381      45  59957       -1.296      0.63346    1.8208e-14       -1.296
_SET1_   ENSG00000185591    12   53738960   53845230    232      23  59957      0.53347      0.10694    1.8319e-14      0.53347
_SET1_   ENSG00000135409    12   53782639   53860318    150      15  59957      0.62368     0.092816    1.8319e-14      0.62368
_SET1_   ENSG00000065361    12   56438641   56532289    186      32  59957       -1.392      0.71877    1.8208e-14       -1.392
_SET1_   ENSG00000092841    12   56516945   56592280    116      37  59957      -1.0354      0.59687    1.8208e-14      -1.0354
_SET1_   ENSG00000139540    12   56588833   56666630    115      21  59957      -2.0672      0.92601    1.8208e-14      -2.0672
_SET1_   ENSG00000198056    12   57090380   57181157    158      24  59957     -0.77619        0.469    1.8319e-14     -0.77619
_SET1_   ENSG00000166888    12   57454191   57560922    210      46  59957      0.10247      0.14624    1.8291e-14      0.10247
_SET1_   ENSG00000061987    12   62825597   63026363    623      40  59957     -0.47572      0.37059    1.8263e-14     -0.47572
_SET1_   ENSG00000111581    12   69045514   69171785    340      35  59957      -1.0521      0.61246    1.8208e-14      -1.0521
_SET1_   ENSG00000175782    12   69104886   69222508    311      35  59957      -1.4086      0.71898    1.8208e-14      -1.4086
_SET1_   ENSG00000111605    12   69598317   69703138    284      35  59957       2.9787   5.6257e-05    1.8208e-14       2.9787
_SET1_   ENSG00000175183    12   77217495   77307840    307      33  59957       0.2341      0.14571    1.8291e-14       0.2341
_SET1_   ENSG00000139318    12   89706009   89782048    237      36  59957      -2.2549      0.92739    1.8208e-14      -2.2549
_SET1_   ENSG00000111144    12   96359606   96472298    482      53  59957     -0.10462      0.21564    1.8291e-14     -0.10462
_SET1_   ENSG00000075415    12   98952369   99030946    253      42  59957       1.2129     0.018984    1.8208e-14       1.2129
_SET1_   ENSG00000183395    12  102555237  102626623    188      25  59957      0.33131      0.14505    1.8263e-14      0.33131
_SET1_   ENSG00000166598    12  104288885  104382423    434      42  59957      0.56993     0.077644    1.8319e-14      0.56993
_SET1_   ENSG00000198431    12  104574557  104779061    774      44  59957     -0.22563      0.29763    1.8291e-14     -0.22563
_SET1_   ENSG00000136052    12  105161331  105387522    758      33  59957    -0.095901      0.29182    1.8291e-14    -0.095901
_SET1_   ENSG00000235162    12  105594068  105824875    927      59  59957      0.22894      0.13921    1.8291e-14      0.22894
_SET1_   ENSG00000187855    12  108133162  108205421    309      30  59957      0.98449     0.027162    1.8319e-14      0.98449
_SET1_   ENSG00000110880    12  109003885  109160372    456      46  59957      0.90075     0.042258    1.8319e-14      0.90075
_SET1_   ENSG00000089234    12  112044950  112158790    136      19  59957       1.5076     0.013113    1.8208e-14       1.5076
_SET1_   ENSG00000135111    12  115073059  115156969    298      60  59957     -0.94384      0.48525    1.8319e-14     -0.94384
_SET1_   ENSG00000089250    12  117610947  117924975    954      92  59957     -0.98358      0.51287    1.8319e-14     -0.98358
_SET1_   ENSG00000135114    12  121423095  121512045    339      41  59957     -0.13181      0.22474    1.8291e-14     -0.13181
_SET1_   ENSG00000089053    12  121711048  121872699    513      51  59957     0.050291      0.21083    1.8291e-14     0.050291
_SET1_   ENSG00000255398    12  123164303  123236439    194      19  59957      0.47014     0.091428    1.8263e-14      0.47014
_SET1_   ENSG00000127870    13   26671253   26831791    676      47  59957     -0.53055      0.38746    1.8319e-14     -0.53055
_SET1_   ENSG00000165572    13   41666705   41741882    148      25  59957     -0.44679      0.39925    1.8263e-14     -0.44679
_SET1_   ENSG00000139687    13   48842887   49091122    649      32  59957       1.2896      0.03948    1.8208e-14       1.2896
_SET1_   ENSG00000102547    13   49847786   50053262    641      59  59957     -0.32624      0.27309    1.8263e-14     -0.32624
_SET1_   ENSG00000136098    13   52671775   52768996    249      36  59957      -1.8585      0.85082    1.8208e-14      -1.8585
_SET1_   ENSG00000178235    13   84416344   84491528    242      32  59957     -0.99577      0.60006    1.8319e-14     -0.99577
_SET1_   ENSG00000102466    13  102337134  103089124   2412     154  59957      0.49758     0.068739    1.8263e-14      0.49758
_SET1_   ENSG00000134871    13  110923159  111200374   1506     167  59957       2.4898   0.00021145    1.8208e-14       2.4898
_SET1_   ENSG00000088448    13  111495887  111602416    385      38  59957    -0.083569      0.22622    1.8291e-14    -0.083569
_SET1_   ENSG00000139842    13  113827552  113954399    278      19  59957      -1.2017       0.7061    1.8208e-14      -1.2017
_SET1_   ENSG00000214274    14   21117336   21202130    376      70  59957     -0.40652      0.27301    1.8263e-14     -0.40652
_SET1_   ENSG00000165801    14   21503429   21593399    279      56  59957     -0.73942      0.40648    1.8319e-14     -0.73942
_SET1_   ENSG00000259431    14   23990216   24064480    120      32  59957       1.5005    0.0076084    1.8208e-14       1.5005
_SET1_   ENSG00000213928    14   24595262   24670774    182      40  59957      0.71592     0.048392    1.8319e-14      0.71592
_SET1_   ENSG00000129467    14   24752555   24839299    327      33  59957      0.28342      0.13355    1.8263e-14      0.28342
_SET1_   ENSG00000100902    14   35712839   35821699    396      27  59957       2.1458    0.0024672    1.8208e-14       2.1458
_SET1_   ENSG00000087299    14   50669281   50814266    436      29  59957      -0.1809      0.25937    1.8291e-14      -0.1809
_SET1_   ENSG00000186469    14   52257913   52481060   1022      99  59957      -1.3036      0.64582    1.8208e-14      -1.3036
_SET1_   ENSG00000197045    14   54906202   54990914    223      25  59957     -0.32619      0.37027    1.8263e-14     -0.32619
_SET1_   ENSG00000126787    14   55579830   55693396    368      25  59957      0.33338      0.15766    1.8263e-14      0.33338
_SET1_   ENSG00000126790    14   59892081   59986148    363      19  59957      -2.3725      0.94669    1.8208e-14      -2.3725
_SET1_   ENSG00000100612    14   60575838   60671574    253      21  59957     -0.59636      0.46548    1.8319e-14     -0.59636
_SET1_   ENSG00000100644    14   62127231   62249976    413      45  59957     -0.49452      0.41901    1.8263e-14     -0.49452
_SET1_   ENSG00000070182    14   65178002   65381601    835      60  59957     -0.36557      0.34569    1.8263e-14     -0.36557
_SET1_   ENSG00000054690    14   67965018   68091329    497      77  59957      0.15008      0.12845    1.8291e-14      0.15008
_SET1_   ENSG00000187097    14   74389713   74521102    552      27  59957      -1.5089       0.7832    1.8208e-14      -1.5089
_SET1_   ENSG00000170345    14   75710477   75783933    296      48  59957       1.5202    0.0074297    1.8208e-14       1.5202
_SET1_   ENSG00000165409    14   81386333   81647646   1112      71  59957      -1.6243      0.78275    1.8208e-14      -1.6243
_SET1_   ENSG00000183648    14   92547466   92623261    338      29  59957    -0.054418       0.2281    1.8291e-14    -0.054418
_SET1_   ENSG00000078304    14  102193135  102429326    855      66  59957      -1.6388      0.82652    1.8208e-14      -1.6388
_SET1_   ENSG00000080824    14  102512075  102641036    392      35  59957       1.2641      0.02992    1.8208e-14       1.2641
_SET1_   ENSG00000100664    14  103764881  103846362    274      31  59957        1.368     0.012397    1.8208e-14        1.368
_SET1_   ENSG00000179627    14  105231933  105306049    225      49  59957       1.5373    0.0068186    1.8208e-14       1.5373
_SET1_   ENSG00000169857    15   34123428   34366377   1068      56  59957      -0.8278      0.54276    1.8319e-14      -0.8278
_SET1_   ENSG00000137842    15   43380477   43512344    172      42  59957       1.5931    0.0074258    1.8208e-14       1.5931
_SET1_   ENSG00000167004    15   44003590   44100477    183      22  59957      0.24742      0.17065    1.8291e-14      0.24742
_SET1_   ENSG00000140259    15   44061690   44152000    178      22  59957      0.54514      0.10968    1.8319e-14      0.54514
_SET1_   ENSG00000171766    15   45618322   45729525    285      16  59957      0.19337      0.18276    1.8291e-14      0.19337
_SET1_   ENSG00000137872    15   47441298   48101420   2410      96  59957       1.1825     0.018368    1.8208e-14       1.1825
_SET1_   ENSG00000128951    15   48588208   48670570    219      17  59957      -1.5975      0.84225    1.8208e-14      -1.5975
_SET1_   ENSG00000140285    15   49680293   49815972    482      31  59957       1.4307     0.014883    1.8208e-14       1.4307
_SET1_   ENSG00000255529    15   57849231   58109960   1175     104  59957        1.057     0.024355    1.8208e-14        1.057
_SET1_   ENSG00000140416    15   63299831   63399114    463      44  59957      -1.0434         0.58    1.8208e-14      -1.0434
_SET1_   ENSG00000166794    15   64413011   64490404    207      31  59957    -0.084156      0.28298    1.8291e-14    -0.084156
_SET1_   ENSG00000169032    15   66644155   66819650    575      30  59957    0.0024537      0.25777    1.8289e-14    0.0024537
_SET1_   ENSG00000174442    15   66762297   66877115    418      33  59957     0.022508      0.21006    1.8287e-14     0.022508
_SET1_   ENSG00000137807    15   69671585   69775764    183      25  59957      0.23655      0.21139    1.8291e-14      0.23655
_SET1_   ENSG00000137818    15   69710123   69783255    126      22  59957     0.092742      0.23343    1.8291e-14     0.092742
_SET1_   ENSG00000140332    15   70305129   70425515    353      69  59957     -0.58175      0.33717    1.8319e-14     -0.58175
_SET1_   ENSG00000140497    15   75101071   75200706    182      27  59957     -0.34626       0.2945    1.8263e-14     -0.34626
_SET1_   ENSG00000173546    15   75931663   76040189    244      36  59957      -2.2606      0.90247    1.8208e-14      -2.2606
_SET1_   ENSG00000167202    15   78241378   78405066    655      41  59957      0.52587      0.10976    1.8319e-14      0.52587
_SET1_   ENSG00000103876    15   80409832   80514288    384      45  59957      -1.1187      0.58521    1.8208e-14      -1.1187
_SET1_   ENSG00000214575    15   83176951   83352612    463      37  59957     -0.34585      0.34318    1.8263e-14     -0.34585
_SET1_   ENSG00000136404    15   83741159   83848606    217      33  59957      0.45867     0.097895    1.8263e-14      0.45867
_SET1_   ENSG00000169594    15   83889655   83988466    185      26  59957      0.89052     0.047831    1.8319e-14      0.89052
_SET1_   ENSG00000140575    15   90896450   91080475    620      24  59957    -0.088045      0.27178    1.8291e-14    -0.088045
_SET1_   ENSG00000185518    15   91608180   91879539   1030      86  59957      -1.5892      0.75566    1.8208e-14      -1.5892
_SET1_   ENSG00000140450    15   98427784   98552068    667      63  59957       0.9829     0.033423    1.8319e-14       0.9829
_SET1_   ENSG00000068305    15   99982370  100291671   1034      83  59957      -1.6714      0.77446    1.8208e-14      -1.6714
_SET1_   ENSG00000131873    15  101680928  101827137    615      55  59957      -1.0644      0.59921    1.8208e-14      -1.0644
_SET1_   ENSG00000161999    16     696671     769529    238      25  59957      -1.0454      0.58152    1.8208e-14      -1.0454
_SET1_   ENSG00000162009    16    1087756    1166454    451      59  59957      -1.0756      0.57361    1.8208e-14      -1.0756
_SET1_   ENSG00000140990    16    1974509    2046976    381      45  59957      0.30418      0.12388    1.8263e-14      0.30418
_SET1_   ENSG00000162068    16    2486500    2559146    132      25  59957      0.25929      0.12445    1.8263e-14      0.25929
_SET1_   ENSG00000127564    16    2983025    3065540    336      34  59957      0.89334      0.04025    1.8319e-14      0.89334
_SET1_   ENSG00000140632    16    4818204    4932343    447      43  59957       1.6226    0.0070028    1.8208e-14       1.6226
_SET1_   ENSG00000103184    16    4973318    5104159    620      59  59957     -0.51029      0.33721    1.8319e-14     -0.51029
_SET1_   ENSG00000189067    16   11606853   11765237    758      74  59957       3.7913    9.938e-07    1.8208e-14       3.7913
_SET1_   ENSG00000175595    16   13979014   14081202    314      24  59957      0.02626      0.20556    1.8287e-14      0.02626
_SET1_   ENSG00000103512    16   14892538   15025017     25      16  59957      0.81628     0.045231    1.8319e-14      0.81628
_SET1_   ENSG00000072864    16   15702124   15855210    481      48  59957      0.91736     0.045284    1.8319e-14      0.91736
_SET1_   ENSG00000103540    16   19500133   19599730    397      23  59957      -1.4528      0.78099    1.8208e-14      -1.4528
_SET1_   ENSG00000169246    16   21378558   21494888     19       9  59957      0.68755     0.051904    1.8319e-14      0.68755
_SET1_   ENSG00000103353    16   23533392   23620710    281      22  59957      0.32844      0.19499    1.8263e-14      0.32844
_SET1_   ENSG00000004779    16   23557323   23642677    288      26  59957     0.037412      0.26927    1.8291e-14     0.037412
_SET1_   ENSG00000149925    16   30029411   30116778    141      21  59957    -0.031061      0.18936    1.8287e-14    -0.031061
_SET1_   ENSG00000169957    16   30500325   30573142    137      42  59957       2.7497   8.5273e-05    1.8208e-14       2.7497
_SET1_   ENSG00000089280    16   31156431   31238127    143      21  59957     -0.21734      0.30803    1.8291e-14     -0.21734
_SET1_   ENSG00000125148    16   56607111   56678409    350      54  59957      -1.6451      0.76854    1.8208e-14      -1.6451
_SET1_   ENSG00000198417    16   56656606   56729610    402      48  59957        -1.13      0.59989    1.8208e-14        -1.13
_SET1_   ENSG00000125166    16   58706035   58803261    492      37  59957      -2.0728       0.8936    1.8208e-14      -2.0728
_SET1_   ENSG00000140932    16   66578351   66657178    199      17  59957     0.042959      0.28107    1.8291e-14     0.042959
_SET1_   ENSG00000205220    16   67933405   68005990    120      19  59957     -0.84682      0.59104    1.8319e-14     -0.84682
_SET1_   ENSG00000103035    16   74295673   74375186    268      32  59957       1.3314     0.022342    1.8208e-14       1.3314
_SET1_   ENSG00000168404    16   74670753   74769858    437      58  59957      0.74161     0.048549    1.8319e-14      0.74161
_SET1_   ENSG00000197943    16   81737702   82026899   1861     164  59957       4.6021   9.7522e-09    1.8652e-14       4.6021
_SET1_   ENSG00000015413    16   89644716   89739839    424      47  59957     -0.64723      0.41138    1.8319e-14     -0.64723
_SET1_   ENSG00000159842    17     871758    1167315   1360     173  59957     -0.71194      0.37737    1.8319e-14     -0.71194
_SET1_   ENSG00000091640    17    4827521    4906167    216      33  59957      -0.7307      0.45181    1.8319e-14      -0.7307
_SET1_   ENSG00000181885    17    7128222    7202302    129      30  59957      0.37123     0.093046    1.8263e-14      0.37123
_SET1_   ENSG00000129194    17    7456496    7528488    165      29  59957       -1.624      0.75887    1.8208e-14       -1.624
_SET1_   ENSG00000108947    17    7573520    7649696    258      43  59957     -0.16038      0.24567    1.8291e-14     -0.16038
_SET1_   ENSG00000170049    17    7790177    7868121    202      25  59957     -0.10765        0.226    1.8291e-14     -0.10765
_SET1_   ENSG00000125430    17   14169400   14287721    492     103  59957     -0.29488      0.23014    1.8263e-14     -0.29488
_SET1_   ENSG00000034152    17   21152984   21253552    149      30  59957     -0.74446      0.42779    1.8319e-14     -0.74446
_SET1_   ENSG00000007171    17   26048792   26162525    390      41  59957       3.1989   1.8255e-05    1.8208e-14       3.1989
_SET1_   ENSG00000179761    17   27242531   27419234    368      61  59957     -0.17872      0.23828    1.8291e-14     -0.17872
_SET1_   ENSG00000196535    17   27365528   27542430    451      38  59957      0.76845     0.058275    1.8319e-14      0.76845
_SET1_   ENSG00000108691    17   32547304   32619222    241      35  59957       5.6225   3.4235e-11    1.8652e-14       5.6225
_SET1_   ENSG00000108688    17   32562240   32634261    223      32  59957       5.7567   1.4156e-11    1.8652e-14       5.7567
_SET1_   ENSG00000108278    17   34807473   34890154    176      30  59957      0.30203      0.12391    1.8263e-14      0.30203
_SET1_   ENSG00000108294    17   36873989   36955484    214      48  59957     -0.88839      0.46776    1.8319e-14     -0.88839
_SET1_   ENSG00000108296    17   36921687   37016734    263      30  59957      0.27112      0.14341    1.8263e-14      0.27112
_SET1_   ENSG00000008838    17   38140350   38252468    331      30  59957       5.2199   5.6462e-10    1.8652e-14       5.2199
_SET1_   ENSG00000073584    17   38746214   38839760    248      32  59957       3.6255   3.6659e-06    1.8208e-14       3.6255
_SET1_   ENSG00000173786    17   40083759   40164749    158      27  59957        2.039    0.0022706    1.8208e-14        2.039
_SET1_   ENSG00000173757    17   40316186   40463725    223      34  59957        6.754   1.8874e-14    1.8652e-14        6.754
_SET1_   ENSG00000126561    17   40404565   40498961    175      20  59957       5.3206        5e-10    1.8652e-14       5.3206
_SET1_   ENSG00000168610    17   40430342   40575586    360      27  59957        6.478   2.4423e-13    1.8652e-14        6.478
_SET1_   ENSG00000184922    17   43263811   43359687    243      46  59957      0.90466     0.031844    1.8319e-14      0.90466
_SET1_   ENSG00000073969    17   44633035   44869830    175      19  59957      0.76467     0.063596    1.8319e-14      0.76467
_SET1_   ENSG00000120093    17   46591232   46717274    378      44  59957      0.33731      0.12462    1.8263e-14      0.33731
_SET1_   ENSG00000189050    17   57994601   58077122    107      17  59957       2.5154   0.00040467    1.8208e-14       2.5154
_SET1_   ENSG00000087191    17   61869512   61944379    196      16  59957     -0.12407      0.23666    1.8291e-14     -0.12407
_SET1_   ENSG00000167850    17   72502247   72577282    366      36  59957     -0.14266       0.2289    1.8291e-14     -0.14266
_SET1_   ENSG00000182938    17   72896814   72981087    228      55  59957      0.52928     0.072214    1.8319e-14      0.52928
_SET1_   ENSG00000141551    17   80161899   80266607    294      38  59957     -0.76203      0.48779    1.8319e-14     -0.76203
_SET1_   ENSG00000080986    18    2536510    2651634    488      45  59957       1.1117     0.021768    1.8208e-14       1.1117
_SET1_   ENSG00000176014    18   12272668   12379319    359      23  59957       1.6905    0.0084219    1.8208e-14       1.6905
_SET1_   ENSG00000101654    18   13691659   13799557    361      30  59957      0.67289     0.081636    1.8319e-14      0.67289
_SET1_   ENSG00000101665    18   46411223   46512081    358      61  59957       1.0758      0.02303    1.8208e-14       1.0758
_SET1_   ENSG00000154839    18   47866365   47955543    298      19  59957      0.35292      0.12767    1.8263e-14      0.35292
_SET1_   ENSG00000141682    18   57532180   57606538    241      39  59957      -1.1827       0.5941    1.8208e-14      -1.1827
_SET1_   ENSG00000197632    18   61503926   61606124    425      16  59957       2.1625    0.0028751    1.8208e-14       2.1625
_SET1_   ENSG00000176225    18   67636029   67908181    878      53  59957       1.2267     0.038245    1.8208e-14       1.2267
_SET1_   ENSG00000197971    18   74655783   74880639   1115     145  59957       2.2875   0.00052566    1.8208e-14       2.2875
_SET1_   ENSG00000141759    18   77697867   77828949    480      28  59957        2.294    0.0010139    1.8208e-14        2.294
_SET1_   ENSG00000099804    19     496714     577097    357      65  59957      -2.0128      0.84349    1.8208e-14      -2.0128
_SET1_   ENSG00000118046    19    1154406    1263428    319      55  59957       4.3988   4.2641e-08    1.8652e-14       4.3988
_SET1_   ENSG00000099622    19    1224384    1309879    136      36  59957       1.4152    0.0081264    1.8208e-14       1.4152
_SET1_   ENSG00000099875    19    2002470    2086243    351      59  59957       1.0762     0.021455    1.8208e-14       1.0762
_SET1_   ENSG00000176533    19    2476217    2737707   1192     142  59957     -0.90287      0.46725    1.8319e-14     -0.90287
_SET1_   ENSG00000007264    19    3742971    3837127    368      73  59957      -1.9697      0.82997    1.8208e-14      -1.9697
_SET1_   ENSG00000178951    19    4009362    4101943    283      35  59957       2.4376   0.00060681    1.8208e-14       2.4376
_SET1_   ENSG00000141985    19    4325367    4435544    365      43  59957     -0.93568      0.52022    1.8319e-14     -0.93568
_SET1_   ENSG00000125733    19    6702936    6786537    251      49  59957       3.0063   2.9249e-05    1.8208e-14       3.0063
_SET1_   ENSG00000171105    19    7077266    7329045   1078     122  59957     -0.10583      0.19485    1.8291e-14     -0.10583
_SET1_   ENSG00000102575    19   11650475   11724823    256      37  59957      -1.1711      0.61552    1.8208e-14      -1.1711
_SET1_   ENSG00000171223    19   12867310   12939124    188      24  59957      0.11677      0.24375    1.8291e-14      0.11677
_SET1_   ENSG00000179262    19   13021669   13099456    156      36  59957      0.88903      0.03617    1.8319e-14      0.88903
_SET1_   ENSG00000104903    19   13174847   13248975    134      38  59957      0.99127     0.031967    1.8319e-14      0.99127
_SET1_   ENSG00000160888    19   13226229   13300722    197      44  59957      -1.8527      0.81406    1.8208e-14      -1.8527
_SET1_   ENSG00000130309    19   17631403   17728971    396      59  59957     -0.86268      0.47974    1.8319e-14     -0.86268
_SET1_   ENSG00000105649    19   18272594   18349884    216      28  59957      -1.2906      0.63702    1.8208e-14      -1.2906
_SET1_   ENSG00000130522    19   18355563   18427432    330      34  59957     -0.98039      0.53071    1.8319e-14     -0.98039
_SET1_   ENSG00000221983    19   18647540   18723360    224      28  59957    -0.095261       0.2051    1.8291e-14    -0.095261
_SET1_   ENSG00000105220    19   34815385   34928061    276      28  59957    -0.038213      0.25879    1.8291e-14    -0.038213
_SET1_   ENSG00000126262    19   35899809   35977669    317      55  59957      -1.3125      0.66032    1.8208e-14      -1.3125
_SET1_   ENSG00000178982    19   39074735   39162595    200      36  59957       1.7709    0.0047938    1.8208e-14       1.7709
_SET1_   ENSG00000104823    19   39271062   39357645    265      29  59957     -0.24228      0.27244    1.8291e-14     -0.24228
_SET1_   ENSG00000105193    19   39888847   39961588    229      29  59957      -1.2918      0.64124    1.8208e-14      -1.2918
_SET1_   ENSG00000006659    19   40159946   40235084    355      31  59957      -0.6321      0.42451    1.8319e-14      -0.6321
_SET1_   ENSG00000013275    19   40441912   40522348    296      24  59957      -1.8587       0.9194    1.8208e-14      -1.8587
_SET1_   ENSG00000079435    19   42870659   42966578    172      25  59957     -0.70549      0.54684    1.8319e-14     -0.70549
_SET1_   ENSG00000234906    19   45414243   45487822    228      38  59957     -0.27212      0.24898    1.8263e-14     -0.27212
_SET1_   ENSG00000105287    19   47142532   47255384    288      36  59957       2.8501   9.4003e-05    1.8208e-14       2.8501
_SET1_   ENSG00000105398    19   48338723   48424654    338      25  59957       1.0201     0.033115    1.8208e-14       1.0201
_SET1_   ENSG00000105486    19   48583702   48708860    639      45  59957      0.52619     0.085612    1.8319e-14      0.52619
_SET1_   ENSG00000087088    19   49423072   49500055    249      50  59957     -0.14817      0.21433    1.8291e-14     -0.14817
_SET1_   ENSG00000104852    19   49553676   49646862    346      50  59957        1.123     0.021213    1.8208e-14        1.123
_SET1_   ENSG00000126458    19   50103549   50178458    191      27  59957       2.0345    0.0026536    1.8208e-14       2.0345
_SET1_   ENSG00000126457    19   50144043   50227286    185      38  59957       2.9966   6.2815e-05    1.8208e-14       2.9966
_SET1_   ENSG00000062822    19   50852461   50956273    316      47  59957      0.93416     0.032068    1.8319e-14      0.93416
_SET1_   ENSG00000171049    19   52220279   52308779    434      67  59957     -0.95735      0.49671    1.8319e-14     -0.95735
_SET1_   ENSG00000170954    19   53576132   53671330    459      56  59957      -1.2995      0.63372    1.8208e-14      -1.2995
_SET1_   ENSG00000105619    19   54575320   54654055    319      48  59957     -0.98312      0.53563    1.8319e-14     -0.98312
_SET1_   ENSG00000239998    19   55049387   55134027    478      29  59957      -1.2724      0.74345    1.8208e-14      -1.2724
_SET1_   ENSG00000088053    19   55490073   55584632    563      40  59957       1.0348     0.032391    1.8208e-14       1.0348
_SET1_   ENSG00000131037    19   55548388   55634291    347      53  59957     -0.80176      0.44466    1.8319e-14     -0.80176
_SET1_   ENSG00000125503    19   55567281   55663927    292      48  59957      -1.0683       0.5586    1.8208e-14      -1.0683
_SET1_   ENSG00000121417    19   58106761   58189147    307      17  59957     -0.42553       0.4289    1.8263e-14     -0.42553
_SET1_   ENSG00000198053    20    1840154    1955543    504      83  59957    -0.027686      0.17642    1.8287e-14    -0.027686
_SET1_   ENSG00000101265    20    4725669    4839291    651      82  59957      0.27664     0.097638    1.8263e-14      0.27664
_SET1_   ENSG00000125845    20    6713311    6795927    291      60  59957       1.2595     0.011481    1.8208e-14       1.2595
_SET1_   ENSG00000178726    20   22991270   23065378    259      34  59957     -0.87839      0.49066    1.8319e-14     -0.87839
_SET1_   ENSG00000101439    20   23573534   23654110    323      21  59957      -1.6498      0.82273    1.8208e-14      -1.6498
_SET1_   ENSG00000171552    20   30217255   30346792    284      18  59957       -0.179      0.31726    1.8291e-14       -0.179
_SET1_   ENSG00000088325    20   30292074   30424608    291      19  59957     -0.12403      0.29547    1.8291e-14     -0.12403
_SET1_   ENSG00000088356    20   30497758   30574895    158      33  59957       2.6815   0.00015801    1.8208e-14       2.6815
_SET1_   ENSG00000101346    20   30760683   30861470    162      25  59957        3.328   1.2528e-05    1.8208e-14        3.328
_SET1_   ENSG00000125967    20   32209893   32297269    135      32  59957     -0.49921      0.33733    1.8263e-14     -0.49921
_SET1_   ENSG00000088298    20   33668167   33900928    612      43  59957       1.0604     0.030993    1.8208e-14       1.0604
_SET1_   ENSG00000101335    20   35134887   35213228    106      43  59957     -0.89167      0.52157    1.8319e-14     -0.89167
_SET1_   ENSG00000197122    20   35938088   36069453    397      57  59957     -0.04678       0.2292    1.8291e-14     -0.04678
_SET1_   ENSG00000101057    20   42260754   42380136    391      44  59957      -0.4861      0.41304    1.8263e-14      -0.4861
_SET1_   ENSG00000132824    20   43089862   43185750    214      30  59957        1.418      0.01938    1.8208e-14        1.418
_SET1_   ENSG00000101109    20   43560115   43743600    446      39  59957       1.3286      0.01399    1.8208e-14       1.3286
_SET1_   ENSG00000100985    20   44602547   44680200    294      30  59957       3.4522   1.3816e-05    1.8208e-14       3.4522
_SET1_   ENSG00000000419    20   49516404   49610092    233      39  59957      -1.3233      0.68428    1.8208e-14      -1.3233
_SET1_   ENSG00000171940    20   52148604   52261446    392      65  59957      -1.3673      0.65256    1.8208e-14      -1.3673
_SET1_   ENSG00000087510    20   55169358   55249339    217      34  59957      0.87333     0.040332    1.8319e-14      0.87333
_SET1_   ENSG00000124253    20   56101136   56176513    355      47  59957      0.16057      0.13214    1.8291e-14      0.16057
_SET1_   ENSG00000101182    20   60676791   60753496    323      20  59957      -1.5014      0.83031    1.8208e-14      -1.5014
_SET1_   ENSG00000157551    21   39494128   39714279    764      35  59957       1.0566     0.035035    1.8208e-14       1.0566
_SET1_   ENSG00000160255    21   46270868   46386904    539      79  59957      0.16173      0.12505    1.8291e-14      0.16173
_SET1_   ENSG00000182871    21   46790052   46968634    867      76  59957     -0.12426      0.22232    1.8291e-14     -0.12426
_SET1_   ENSG00000142173    21   47483011   47587763    529      62  59957      -0.9292       0.5098    1.8319e-14      -0.9292
_SET1_   ENSG00000160285    21   47573055   47683738    516      32  59957      -1.2273      0.68662    1.8208e-14      -1.2273
_SET1_   ENSG00000100023    22   21971559   22089304    446      40  59957       3.1671   3.4371e-05    1.8208e-14       3.1671
_SET1_   ENSG00000100030    22   22073789   22256970    519      35  59957     -0.50875      0.40476    1.8319e-14     -0.50875
_SET1_   ENSG00000099984    22   24287339   24361106    107      14  59957     -0.53534      0.37679    1.8319e-14     -0.53534
_SET1_   ENSG00000184674    22   24341133   24419680     60      28  59957     -0.18433      0.21502    1.8291e-14     -0.18433
_SET1_   ENSG00000100028    22   24916471   25040947    317      37  59957      -1.8368      0.85771    1.8208e-14      -1.8368
_SET1_   ENSG00000100219    22   29155543   29231585    251      28  59957      0.67558     0.079239    1.8319e-14      0.67558
_SET1_   ENSG00000100292    22   35741354   35825207    303      45  59957       0.7283     0.048078    1.8319e-14       0.7283
_SET1_   ENSG00000100297    22   35761056   35856423    358      44  59957      0.19448      0.14098    1.8291e-14      0.19448
_SET1_   ENSG00000100146    22   38331693   38418429    114      20  59957       0.7428     0.051604    1.8319e-14       0.7428
_SET1_   ENSG00000179750    22   39343352   39423809    258      46  59957      -2.7334      0.96383    1.8208e-14      -2.7334
_SET1_   ENSG00000128272    22   39880700   39953691    176      32  59957        0.278      0.11537    1.8263e-14        0.278
_SET1_   ENSG00000100393    22   41452790   41611081    318      25  59957      0.81246     0.052706    1.8319e-14      0.81246
_SET1_   ENSG00000183864    22   41794496   41878027    195      14  59957       2.3862    0.0010614    1.8208e-14       2.3862
_SET1_   ENSG00000100243    22   42978846   43080574    346      30  59957      0.24738      0.13559    1.8291e-14      0.24738
_SET1_   ENSG00000185386    22   50667142   50744196    293      38  59957     -0.13413      0.23061    1.8291e-14     -0.13413
_SET1_   ENSG00000196576    22   50678408   50781056    368      48  59957     -0.50171      0.33585    1.8319e-14     -0.50171
