# ALPHA = 0.05
# NUMBER_OF_TESTS = 5878

# _SET1_  VARIABLE = BOYLAN_MULTIPLE_MYELOMA_PCA1_UP (set)
# _SET1_  NGENES = 100
# _SET1_  P-VALUE = 2.83112e-06
_SET1_   GENE              CHR      START       STOP  NSNPS  NPARAM      N        ZSTAT            P  ZFITTED_BASE  ZRESID_BASE
_SET1_   ENSG00000078369     1    1681729    1857495    375      26  59957       3.9958   8.7078e-07    1.8208e-14       3.9958
_SET1_   ENSG00000157873     1    2452078    2531821    290      28  59957       4.3838    9.284e-08    1.8652e-14       4.3838
_SET1_   ENSG00000116661     1   11673424   11750842    278      48  59957      -2.6083      0.95608    1.8208e-14      -2.6083
_SET1_   ENSG00000117298     1   21508740   21706997    641      63  59957       2.0466    0.0020256    1.8208e-14       2.0466
_SET1_   ENSG00000134686     1   33754224   33931653    583      29  59957       2.4803   0.00062441    1.8208e-14       2.4803
_SET1_   ENSG00000092853     1   36150819   36270568    208      24  59957      -1.3925      0.78392    1.8208e-14      -1.3925
_SET1_   ENSG00000142973     1   47188510   47320085    450      62  59957       1.3201     0.014742    1.8208e-14       1.3201
_SET1_   ENSG00000116704     1   67430015   67554782    400      29  59957       5.7791   3.5236e-11    1.8652e-14       5.7791
_SET1_   ENSG00000172260     1   71826623   72783417   2333     123  59957    -0.026578      0.18233    1.8287e-14    -0.026578
_SET1_   ENSG00000162645     1   89536815   89651139    335      22  59957       1.0542     0.034754    1.8208e-14       1.0542
_SET1_   ENSG00000137942     1   93878688   94055218    331      45  59957       2.2228    0.0012114    1.8208e-14       2.2228
_SET1_   ENSG00000000971     1  196586008  196751634    462      36  59957     0.098196      0.19463    1.8291e-14     0.098196
_SET1_   ENSG00000163811     2   29082509   29206088    409      24  59957      0.83413     0.053619    1.8319e-14      0.83413
_SET1_   ENSG00000049323     2   33137039   33659576   2594     127  59957     -0.61218      0.38014    1.8319e-14     -0.61218
_SET1_   ENSG00000115904     2   39173537   39386486    524      25  59957      0.66272      0.12693    1.8319e-14      0.66272
_SET1_   ENSG00000170577     2   45197300   45271569    409      32  59957      -2.8353      0.97613    1.8208e-14      -2.8353
_SET1_   ENSG00000170634     2   54162975   54567437   1381      61  59957      -1.3754      0.70611    1.8208e-14      -1.3754
_SET1_   ENSG00000143947     2   55424039   55497989    226      38  59957     -0.10958      0.23179    1.8291e-14     -0.10958
_SET1_   ENSG00000169764     2   64033074   64153696    329      39  59957      -1.3726      0.73109    1.8208e-14      -1.3726
_SET1_   ENSG00000163235     2   70639412   70816325    656      57  59957        1.036     0.026257    1.8208e-14        1.036
_SET1_   ENSG00000115459     2   85546517   85653875    374      37  59957      0.77259     0.058824    1.8319e-14      0.77259
_SET1_   ENSG00000115107     2  119946384  120058228    465      57  59957     -0.53073       0.3405    1.8319e-14     -0.53073
_SET1_   ENSG00000091409     2  173257082  173406181    671      42  59957     -0.29343      0.33526    1.8263e-14     -0.29343
_SET1_   ENSG00000116044     2  178057323  178292425    682      44  59957      -1.1078      0.64977    1.8208e-14      -1.1078
_SET1_   ENSG00000115648     2  238359071  238498961    714      44  59957    -0.063586       0.2689    1.8291e-14    -0.063586
_SET1_   ENSG00000066422     3  101332733  101431339    193      26  59957        1.944    0.0024366    1.8208e-14        1.944
_SET1_   ENSG00000144802     3  101511835  101614866    213      38  59957       1.1203     0.018813    1.8208e-14       1.1203
_SET1_   ENSG00000188582     3  142633006  142717178    281      44  59957       1.1137     0.018565    1.8208e-14       1.1137
_SET1_   ENSG00000018408     3  149200022  149489501   1210      97  59957     0.034605      0.18035    1.8291e-14     0.034605
_SET1_   ENSG00000169851     4   30687037   31183422   1697      90  59957      0.96941     0.032026    1.8319e-14      0.96941
_SET1_   ENSG00000164109     4  120941763  121023229    214      35  59957      -1.2633      0.63731    1.8208e-14      -1.2633
_SET1_   ENSG00000071205     4  148618214  149028931   1094      83  59957       1.3073     0.021251    1.8208e-14       1.3073
_SET1_   ENSG00000112977     5   10644342   10796384    558      35  59957       4.1822   3.7137e-07    1.8652e-14       4.1822
_SET1_   ENSG00000151876     5   41890356   41976845    195      21  59957        1.306     0.029816    1.8208e-14        1.306
_SET1_   ENSG00000175745     5   92884043   92965321    116      29  59957       -1.152      0.65299    1.8208e-14       -1.152
_SET1_   ENSG00000171720     5  140965443  141051437    270      41  59957       1.1013     0.027353    1.8208e-14       1.1013
_SET1_   ENSG00000070808     5  149564054  149704854    445      79  59957       4.5322   1.5623e-08    1.8652e-14       4.5322
_SET1_   ENSG00000196230     6   30652978   30728203    241      35  59957       3.2954   3.6039e-05    1.8208e-14       3.2954
_SET1_   ENSG00000204386     6   31790436   31865683    270      41  59957       6.0914   2.3489e-12    1.8652e-14       6.0914
_SET1_   ENSG00000204304     6   32117512   32192963    307      44  59957       7.3711   8.4008e-17    1.8652e-14       7.3711
_SET1_   ENSG00000112576     6   41867671   42053095    592      79  59957       3.2756   1.2642e-05    1.8208e-14       3.2756
_SET1_   ENSG00000135297     6   74136301   74253959    335      33  59957      0.56496     0.098854    1.8319e-14      0.56496
_SET1_   ENSG00000010810     6  111946535  112229655   1027      58  59957       0.1986      0.16612    1.8291e-14       0.1986
_SET1_   ENSG00000196569     6  129169342  129872714   2217     113  59957     -0.48862      0.33582    1.8263e-14     -0.48862
_SET1_   ENSG00000182747     6  137208402  137281777    210      29  59957       2.1473    0.0010468    1.8208e-14       2.1473
_SET1_   ENSG00000112531     6  163800032  164034628    628      49  59957     -0.44912      0.35172    1.8263e-14     -0.44912
_SET1_   ENSG00000146555     7    3306080    4343632   5276     151  59957     -0.15901      0.23689    1.8291e-14     -0.15901
_SET1_   ENSG00000106624     7   44108960   44189161    248      40  59957       1.7086    0.0039345    1.8208e-14       1.7086
_SET1_   ENSG00000106635     7   72915686   73007332    208      28  59957      0.99687     0.045732    1.8319e-14      0.99687
_SET1_   ENSG00000172354     7  100236154  100311797    176      28  59957       3.1117   3.8389e-05    1.8208e-14       3.1117
_SET1_   ENSG00000120910     8   22263332   22433652    452      28  59957     -0.70723      0.45227    1.8319e-14     -0.70723
_SET1_   ENSG00000104365     8   42093820   42224973    308      32  59957      0.12046      0.24582    1.8291e-14      0.12046
_SET1_   ENSG00000047249     8   54593117   54791118    416      30  59957      0.92281     0.075846    1.8319e-14      0.92281
_SET1_   ENSG00000164879     8   86250665   86396269    317      31  59957       1.8739    0.0042753    1.8208e-14       1.8739
_SET1_   ENSG00000156802     8  124297090  124463590    451      56  59957     -0.88245      0.47468    1.8319e-14     -0.88245
_SET1_   ENSG00000165699     9  135731735  135855020    396      47  59957     -0.48099      0.36267    1.8263e-14     -0.48099
_SET1_   ENSG00000168267    10   23446256   23518181    154      41  59957       2.2233   0.00081549    1.8208e-14       2.2233
_SET1_   ENSG00000148516    10   31572424   31853742    489      24  59957       1.4772     0.027556    1.8208e-14       1.4772
_SET1_   ENSG00000107562    10   44758038   44916941    736      69  59957      0.42637     0.097819    1.8263e-14      0.42637
_SET1_   ENSG00000042286    10   71822979   71927690    423      72  59957      -1.5745      0.76087    1.8208e-14      -1.5745
_SET1_   ENSG00000035403    10   75722872   75914918    401      39  59957       1.3918     0.013457    1.8208e-14       1.3918
_SET1_   ENSG00000075891    10  102460360  102624698    495      61  59957     -0.46721      0.34846    1.8263e-14     -0.46721
_SET1_   ENSG00000077150    10  104118867  104197281    116      29  59957     -0.15269      0.22004    1.8291e-14     -0.15269
_SET1_   ENSG00000107672    10  123681603  123769732    344      23  59957     0.037054      0.23025    1.8291e-14     0.037054
_SET1_   ENSG00000169550    11   26545580   26628780    486      44  59957      -2.5393      0.95121    1.8208e-14      -2.5393
_SET1_   ENSG00000068831    11   64459383   64547928    151      24  59957        0.649     0.087784    1.8319e-14        0.649
_SET1_   ENSG00000084207    11   67316066   67389131    231      21  59957    -0.088444       0.2219    1.8291e-14    -0.088444
_SET1_   ENSG00000179331    11  107764229  107869208    337      42  59957     -0.25685      0.26469    1.8263e-14     -0.25685
_SET1_   ENSG00000137713    11  111562632  111672151    238      21  59957      0.18753      0.20132    1.8291e-14      0.18753
_SET1_   ENSG00000150768    11  111860538  111970114    207      18  59957     -0.57104      0.46625    1.8319e-14     -0.57104
_SET1_   ENSG00000120458    11  124601394  124705569    306      45  59957       0.5969     0.064769    1.8319e-14       0.5969
_SET1_   ENSG00000167779    12   53456220   53531129    195      24  59957      -2.4114      0.95403    1.8208e-14      -2.4114
_SET1_   ENSG00000139546    12   53859705   53935215    114      25  59957       1.1997     0.017416    1.8208e-14       1.1997
_SET1_   ENSG00000197757    12   54349408   54459607    229      47  59957     -0.45643      0.29398    1.8263e-14     -0.45643
_SET1_   ENSG00000135446    12   58106510   58184796    132      23  59957      0.89413     0.036614    1.8319e-14      0.89413
_SET1_   ENSG00000175215    12   58178710   58275522    158      25  59957      0.42007     0.096629    1.8263e-14      0.42007
_SET1_   ENSG00000139372    12  104324582  104417652    383      40  59957      0.47137       0.1009    1.8263e-14      0.47137
_SET1_   ENSG00000178695    13   77419312   77495540    248      48  59957      -1.1249      0.58687    1.8208e-14      -1.1249
_SET1_   ENSG00000100804    14   23450752   23539439    195      47  59957       1.0139     0.023694    1.8208e-14       1.0139
_SET1_   ENSG00000100906    14   35835717   35908955    349      52  59957       3.4763   4.2728e-06    1.8208e-14       3.4763
_SET1_   ENSG00000119699    14   76389442   76484334    206      28  59957     -0.70441      0.45635    1.8319e-14     -0.70441
_SET1_   ENSG00000165553    14   77696826   77772655    308      43  59957      -1.0751      0.58167    1.8208e-14      -1.0751
_SET1_   ENSG00000166501    16   23812322   24266932   1696     144  59957        3.422   5.5891e-06    1.8208e-14        3.422
_SET1_   ENSG00000121281    16   50245048   50387046    331      50  59957       5.7765   8.0867e-12    1.8652e-14       5.7765
_SET1_   ENSG00000102996    16   58024470   58115805    280      35  59957     -0.50609      0.36455    1.8319e-14     -0.50609
_SET1_   ENSG00000168872    16   70345732   70442286    133      42  59957       1.0852      0.02175    1.8208e-14       1.0852
_SET1_   ENSG00000103257    16   87828629   87938094    732      56  59957       1.5611    0.0081908    1.8208e-14       1.5611
_SET1_   ENSG00000108381    17    3340668    3441713    477      69  59957     -0.18812      0.21165    1.8291e-14     -0.18812
_SET1_   ENSG00000173805    17   39838994   39925896    323      30  59957      0.73557     0.071739    1.8319e-14      0.73557
_SET1_   ENSG00000173757    17   40316186   40463725    223      34  59957        6.754   1.8874e-14    1.8652e-14        6.754
_SET1_   ENSG00000266967    17   41067543   41151515    123      27  59957        1.533    0.0074892    1.8208e-14        1.533
_SET1_   ENSG00000005884    17   48098332   48202845    375      51  59957      0.28763      0.13442    1.8263e-14      0.28763
_SET1_   ENSG00000080986    18    2536510    2651634    488      45  59957       1.1117     0.021768    1.8208e-14       1.1117
_SET1_   ENSG00000101596    18    2620737    2840015    970      48  59957       3.8835   1.4398e-06    1.8208e-14       3.8835
_SET1_   ENSG00000116017    19     890781    1010939    580      75  59957        1.872    0.0023016    1.8208e-14        1.872
_SET1_   ENSG00000129355    19   10642138   10714735    281      22  59957       2.5978    0.0003372    1.8208e-14       2.5978
_SET1_   ENSG00000167635    19   36670504   36764676    309      21  59957      0.50723     0.096498    1.8319e-14      0.50723
_SET1_   ENSG00000105323    19   41733401   41848503    271      24  59957      -0.8746       0.5637    1.8319e-14      -0.8746
_SET1_   ENSG00000101003    20   25353363   25468264    368      19  59957      -1.6815      0.82252    1.8208e-14      -1.6815
_SET1_   ENSG00000100368    22   37274670   37371491    482      69  59957       1.1692     0.016532    1.8208e-14       1.1692
