Welcome to MAGMA v1.10 (linux/s)
Using flags:
	--gene-results ibd_case.control_genebased.genes.raw
	--set-annot /sc/arion/projects/psychgen/cotea02_prset/geneoverlap/data/randomized_gene_sets/random_birewire/GeneSet.random11.gmt
	--out ibd_set_random11

Start time is 12:41:42, Wednesday 23 Apr 2025

Reading file ibd_case.control_genebased.genes.raw... 
	16542 genes read from file
Loading gene-set annotation...
Reading file /sc/arion/projects/psychgen/cotea02_prset/geneoverlap/data/randomized_gene_sets/random_birewire/GeneSet.random11.gmt... 
	5878 gene-set definitions read from file
	found 5878 gene sets containing genes defined in genotype data (containing a total of 16542 unique genes)
Preparing variables for analysis...
	truncating Z-scores 3 points below zero or 6 standard deviations above the mean
	truncating covariate values more than 5 standard deviations from the mean
	total variables available for analysis: 5878 gene sets

Parsing model specifications...
Inverting gene-gene correlation matrix...
Performing regression analysis...
	testing direction: one-sided, positive (sets), two-sided (covar)
	conditioning on internal variables:
		gene size, log(gene size)
		gene density, log(gene density)
		inverse mac, log(inverse mac)
	analysing individual variables

	analysing single-variable models (number of models: 5878)
	writing results to file ibd_set_random11.gsa.out

End time is 12:41:51, Wednesday 23 Apr 2025 (elapsed: 00:00:09)
