# ALPHA = 0.05
# NUMBER_OF_TESTS = 5878

# _SET1_  VARIABLE = FIRESTEIN_PROLIFERATION (set)
# _SET1_  NGENES = 150
# _SET1_  P-VALUE = 1.43525e-06
_SET1_   GENE              CHR      START       STOP  NSNPS  NPARAM      N        ZSTAT            P  ZFITTED_BASE  ZRESID_BASE
_SET1_   ENSG00000187608     1     913803     984920    236      25  59957     -0.40967      0.33906    1.8263e-14     -0.40967
_SET1_   ENSG00000215915     1    1350069    1440538    351      33  59957       4.5417   1.3137e-07    1.8652e-14       4.5417
_SET1_   ENSG00000116285     1    8029464    8121368    184      20  59957       5.3378   2.7319e-10    1.8652e-14       5.3378
_SET1_   ENSG00000189337     1   14890200   15479539   2451     245  59957       2.0428   0.00088075    1.8208e-14       2.0428
_SET1_   ENSG00000117298     1   21508740   21706997    641      63  59957       2.0466    0.0020256    1.8208e-14       2.0466
_SET1_   ENSG00000020633     1   25191002   25326612    451      61  59957       3.0792   2.4335e-05    1.8208e-14       3.0792
_SET1_   ENSG00000162512     1   31307314   31416608    402      76  59957      -1.5946      0.73391    1.8208e-14      -1.5946
_SET1_   ENSG00000189280     1   35185648   35259113    296      56  59957     -0.69358      0.37778    1.8319e-14     -0.69358
_SET1_   ENSG00000086015     1   46217659   46536796    866      24  59957       1.3375      0.02253    1.8208e-14       1.3375
_SET1_   ENSG00000123472     1   47063409   47174539    324      19  59957      -2.0531      0.90689    1.8208e-14      -2.0531
_SET1_   ENSG00000134184     1  110195436  110286661    234      47  59957        1.601    0.0047892    1.8208e-14        1.601
_SET1_   ENSG00000143226     1  161440220  161528803    269      37  59957       6.6914   2.1778e-14    1.8652e-14       6.6914
_SET1_   ENSG00000143179     1  165761768  165915855    443      64  59957     -0.86336      0.46244    1.8319e-14     -0.86336
_SET1_   ENSG00000197959     1  171775621  172422606   1907      96  59957     -0.58558       0.3702    1.8319e-14     -0.58558
_SET1_   ENSG00000162897     1  207096310  207178970    212      33  59957       1.9725    0.0019442    1.8208e-14       1.9725
_SET1_   ENSG00000152104     1  214487039  214760792   1110      90  59957     -0.73047      0.45033    1.8319e-14     -0.73047
_SET1_   ENSG00000115904     2   39173537   39386486    524      25  59957      0.66272      0.12693    1.8319e-14      0.66272
_SET1_   ENSG00000119888     2   47537297   47649740    387      59  59957     -0.27267      0.27517    1.8263e-14     -0.27267
_SET1_   ENSG00000143947     2   55424039   55497989    226      38  59957     -0.10958      0.23179    1.8291e-14     -0.10958
_SET1_   ENSG00000144034     2   73921231   73999527    163      12  59957      -2.3686      0.94925    1.8208e-14      -2.3686
_SET1_   ENSG00000115041     2   95928052   96086825    212      31  59957      0.43071      0.10581    1.8263e-14      0.43071
_SET1_   ENSG00000153094     2  111841955  111961024    318      34  59957       2.3258    0.0005937    1.8208e-14       2.3258
_SET1_   ENSG00000153234     2  157145944  157233860    135      27  59957       1.7562    0.0037076    1.8208e-14       1.7562
_SET1_   ENSG00000115221     2  160921177  161163399    807      51  59957       1.6831     0.006552    1.8208e-14       1.6831
_SET1_   ENSG00000091409     2  173257082  173406181    671      42  59957     -0.29343      0.33526    1.8263e-14     -0.29343
_SET1_   ENSG00000138378     2  191859302  192051322    529      55  59957       2.2543   0.00090995    1.8208e-14       2.2543
_SET1_   ENSG00000197121     2  197662728  197827520    363      28  59957      0.92985     0.060999    1.8319e-14      0.92985
_SET1_   ENSG00000173166     2  204224068  204435133    357      34  59957      -2.9697      0.98794    1.8208e-14      -2.9697
_SET1_   ENSG00000163251     2  208592310  208669287    194      27  59957     -0.55818      0.42097    1.8319e-14     -0.55818
_SET1_   ENSG00000242366     2  234633894  234716945    347      48  59957      0.53488     0.074627    1.8319e-14      0.53488
_SET1_   ENSG00000144476     2  237441430  237526001    313      39  59957       1.4727     0.014972    1.8208e-14       1.4727
_SET1_   ENSG00000163704     3    9952226   10029078    206      23  59957      0.84491     0.051197    1.8319e-14      0.84491
_SET1_   ENSG00000164078     3   49889435   49976299    136      19  59957       6.3101   2.5819e-13    1.8652e-14       6.3101
_SET1_   ENSG00000163636     3   63961225   64044658    239      44  59957      0.97293     0.033034    1.8319e-14      0.97293
_SET1_   ENSG00000173193     3  122364465  122484687    462      40  59957     -0.86585      0.52304    1.8319e-14     -0.86585
_SET1_   ENSG00000181449     3  181394714  181467221    148      41  59957      -2.0888      0.89105    1.8208e-14      -2.0888
_SET1_   ENSG00000145191     3  183817826  184437546   2256     213  59957      0.37157     0.078546    1.8263e-14      0.37157
_SET1_   ENSG00000145194     3  183932438  184045819    249      36  59957      0.29658      0.12376    1.8263e-14      0.29658
_SET1_   ENSG00000163959     3  195903358  196005049    402      42  59957       2.3401   0.00059608    1.8208e-14       2.3401
_SET1_   ENSG00000157404     4   55489085   55641881    502      56  59957     -0.96386      0.51379    1.8319e-14     -0.96386
_SET1_   ENSG00000118785     4   88861819   88939562    297      34  59957     -0.04963      0.20641    1.8291e-14     -0.04963
_SET1_   ENSG00000134352     5   55195923   55325821    349      44  59957        0.763     0.063155    1.8319e-14        0.763
_SET1_   ENSG00000068796     5   61566989   61868076    768      30  59957      0.57036       0.1021    1.8319e-14      0.57036
_SET1_   ENSG00000123219     5   64778593   64893998    403      20  59957      0.17846      0.17504    1.8291e-14      0.17846
_SET1_   ENSG00000145715     5   86528705   86722748    345      32  59957      -1.4863      0.79777    1.8208e-14      -1.4863
_SET1_   ENSG00000170606     5  132352654  132477141    439      36  59957        2.518   0.00049474    1.8208e-14        2.518
_SET1_   ENSG00000131504     5  140859583  141033622    500      51  59957       1.2973     0.021528    1.8208e-14       1.2973
_SET1_   ENSG00000175416     5  175784456  175878570    242      49  59957      0.13693      0.14496    1.8291e-14      0.13693
_SET1_   ENSG00000112715     6   43702921   43789224    273      64  59957       1.0706     0.017025    1.8208e-14       1.0706
_SET1_   ENSG00000135316     6   86283053   86388510    192      33  59957      0.90764     0.037983    1.8319e-14      0.90764
_SET1_   ENSG00000197594     6  132094156  132251295    519      55  59957       1.2357     0.018895    1.8208e-14       1.2357
_SET1_   ENSG00000118513     6  135467453  135575311    298      43  59957      0.37226      0.10146    1.8263e-14      0.37226
_SET1_   ENSG00000146587     7    5050452    5144119    425      34  59957      -1.7706      0.81813    1.8208e-14      -1.7706
_SET1_   ENSG00000136238     7    6379154    6478608    521      35  59957       3.2198   4.0911e-05    1.8208e-14       3.2198
_SET1_   ENSG00000196262     7   44801279   44899163    308      28  59957      0.89519     0.050143    1.8319e-14      0.89519
_SET1_   ENSG00000196313     7   72314936   72456979    132      33  59957      0.59465      0.08342    1.8319e-14      0.59465
_SET1_   ENSG00000106635     7   72915686   73007332    208      28  59957      0.99687     0.045732    1.8319e-14      0.99687
_SET1_   ENSG00000075223     7   80336854   80586675    693      85  59957     -0.16794      0.25118    1.8291e-14     -0.16794
_SET1_   ENSG00000135245     7  128060903  128133472    239      37  59957      0.25483      0.14437    1.8263e-14      0.25483
_SET1_   ENSG00000106459     7  129216555  129431922    670      46  59957        1.267     0.019949    1.8208e-14        1.267
_SET1_   ENSG00000055118     7  150607049  150710403    258      39  59957       0.4276      0.09058    1.8263e-14       0.4276
_SET1_   ENSG00000003987     8   17120539   17306037    971      73  59957     -0.27548      0.28023    1.8263e-14     -0.27548
_SET1_   ENSG00000175445     8   19724228   19859769    623      44  59957     -0.50911      0.40768    1.8319e-14     -0.50911
_SET1_   ENSG00000120907     8   26570667   26759790    926      91  59957     -0.71271      0.43402    1.8319e-14     -0.71271
_SET1_   ENSG00000104368     8   41997236   42100242    261      31  59957      0.12841      0.18526    1.8291e-14      0.12841
_SET1_   ENSG00000172172     8  121358000  121492642    306      26  59957     -0.76309      0.49988    1.8319e-14     -0.76309
_SET1_   ENSG00000155897     8  131757547  132089672   1347      85  59957       2.9986   5.2284e-05    1.8208e-14       2.9986
_SET1_   ENSG00000184489     8  142367093  142476620    459      53  59957      0.12279      0.15696    1.8291e-14      0.12279
_SET1_   ENSG00000186803     9   21171180   21242142    402      17  59957      -1.3694      0.79465    1.8208e-14      -1.3694
_SET1_   ENSG00000147885     9   21181372   21252310    377      17  59957       -1.395      0.79843    1.8208e-14       -1.395
_SET1_   ENSG00000122707     9   36001430   36159448    505      45  59957     -0.64486      0.42224    1.8319e-14     -0.64486
_SET1_   ENSG00000165119     9   86547998   86630569    166      26  59957       1.0087     0.027378    1.8208e-14       1.0087
_SET1_   ENSG00000107968    10   30687866   30785762    255      20  59957       7.0608   2.6246e-15    1.8652e-14       7.0608
_SET1_   ENSG00000107562    10   44758038   44916941    736      69  59957      0.42637     0.097819    1.8263e-14      0.42637
_SET1_   ENSG00000170312    10   62503089   62589610    332      34  59957       0.3734      0.10704    1.8263e-14       0.3734
_SET1_   ENSG00000026103    10   90715414   90810542    396      44  59957       2.8572   7.6055e-05    1.8208e-14       2.8572
_SET1_   ENSG00000214063    11     807808     902116    304      31  59957      0.95694     0.032859    1.8319e-14      0.95694
_SET1_   ENSG00000258659    11    5605994    5700628    452      67  59957     -0.33805      0.26646    1.8263e-14     -0.33805
_SET1_   ENSG00000166340    11    6599000    6675692    221      47  59957     -0.68285      0.38967    1.8319e-14     -0.68285
_SET1_   ENSG00000148926    11   10291227   10363944    247      25  59957      0.34239       0.1124    1.8263e-14      0.34239
_SET1_   ENSG00000149090    11   35418370   35586848    719      85  59957       0.5306     0.064016    1.8319e-14       0.5306
_SET1_   ENSG00000175104    11   36473577   36566822    237      34  59957       1.2642     0.018722    1.8208e-14       1.2642
_SET1_   ENSG00000176567    11   48250413   48321330    295      14  59957      -1.2573      0.73517    1.8208e-14      -1.2573
_SET1_   ENSG00000156689    11   58566542   58706688    646      31  59957      -2.2886      0.95435    1.8208e-14      -2.2886
_SET1_   ENSG00000134824    11   61525452   61669826    335      31  59957       3.3092   1.5991e-05    1.8208e-14       3.3092
_SET1_   ENSG00000196611    11  102625651  102703891    332      53  59957      0.62868     0.057851    1.8319e-14      0.62868
_SET1_   ENSG00000149557    11  125280646  125401213    408      39  59957      0.21757      0.15362    1.8291e-14      0.21757
_SET1_   ENSG00000151498    11  134088389  134170749    237      43  59957      -1.6735      0.76826    1.8208e-14      -1.6735
_SET1_   ENSG00000110848    12    9870082    9948497    352      24  59957       3.3736   1.1357e-05    1.8208e-14       3.3736
_SET1_   ENSG00000008394    12   16465076   16797193    818      86  59957    -0.043856      0.18568    1.8291e-14    -0.043856
_SET1_   ENSG00000172572    12   20487179   20872315   1416     108  59957     -0.22052      0.23646    1.8291e-14     -0.22052
_SET1_   ENSG00000111057    12   53307655   53381685    225      43  59957      0.38921     0.093436    1.8263e-14      0.38921
_SET1_   ENSG00000065361    12   56438641   56532289    186      32  59957       -1.392      0.71877    1.8208e-14       -1.392
_SET1_   ENSG00000090376    12   66547659   66683402    418      51  59957     -0.35581      0.30728    1.8263e-14     -0.35581
_SET1_   ENSG00000111537    12   68513548   68588527    273      19  59957       4.0032   1.0437e-06    1.8652e-14       4.0032
_SET1_   ENSG00000187109    12   76403670   76513813    249      41  59957     -0.54411      0.33847    1.8319e-14     -0.54411
_SET1_   ENSG00000058272    12   80132343   80364240    439      24  59957      0.73943      0.11496    1.8319e-14      0.73943
_SET1_   ENSG00000179295    12  112821155  112982717    256      25  59957       1.8619    0.0072952    1.8208e-14       1.8619
_SET1_   ENSG00000176383    12  122653090  122728499    190      29  59957      0.63245     0.067911    1.8319e-14      0.63245
_SET1_   ENSG00000132964    13   26793276   27014375    749      35  59957     -0.84245      0.57922    1.8319e-14     -0.84245
_SET1_   ENSG00000100813    14   23492773   23599823    304      44  59957       1.2707     0.015579    1.8208e-14       1.2707
_SET1_   ENSG00000100911    14   24577574   24651779    161      35  59957      0.81437     0.039886    1.8319e-14      0.81437
_SET1_   ENSG00000186469    14   52257913   52481060   1022      99  59957      -1.3036      0.64582    1.8208e-14      -1.3036
_SET1_   ENSG00000073712    14   53288986   53454153    461      40  59957     -0.36919      0.34303    1.8263e-14     -0.36919
_SET1_   ENSG00000170345    14   75710477   75783933    296      48  59957       1.5202    0.0074297    1.8208e-14       1.5202
_SET1_   ENSG00000196136    14   95043714   95125392    452      74  59957      -1.0466       0.5219    1.8208e-14      -1.0466
_SET1_   ENSG00000142208    14  105200686  105297088    321      49  59957       1.1232     0.021767    1.8208e-14       1.1232
_SET1_   ENSG00000104067    15   29956571   30296068   1020      82  59957     -0.60052      0.41914    1.8319e-14     -0.60052
_SET1_   ENSG00000137801    15   39838280   39926667    234      22  59957      0.56779      0.10095    1.8319e-14      0.56779
_SET1_   ENSG00000168970    15   42085293   42175353    277      27  59957    -0.040187      0.21005    1.8291e-14    -0.040187
_SET1_   ENSG00000103942    15   83474838   83689661    609      41  59957     -0.76824       0.5053    1.8319e-14     -0.76824
_SET1_   ENSG00000168140    16    4386849    4468529    234      37  59957     -0.32358      0.31382    1.8263e-14     -0.32358
_SET1_   ENSG00000122304    16   11334496   11405337    315      28  59957       5.3746   2.2341e-10    1.8652e-14       5.3746
_SET1_   ENSG00000102882    16   30090426   30169827    133      27  59957     -0.20369      0.21938    1.8291e-14     -0.20369
_SET1_   ENSG00000169688    16   56650811   56722116    409      43  59957      -1.1216      0.61168    1.8208e-14      -1.1216
_SET1_   ENSG00000102962    16   57357684   57435102    331      44  59957     -0.37173      0.34549    1.8263e-14     -0.37173
_SET1_   ENSG00000181019    16   69705899   69795854    235      35  59957       1.9213    0.0029192    1.8208e-14       1.9213
_SET1_   ENSG00000065457    16   75595879   75692198    332      26  59957        -1.66      0.86062    1.8208e-14        -1.66
_SET1_   ENSG00000167193    17    1288983    1401456    481      53  59957       3.0306   5.1815e-05    1.8208e-14       3.0306
_SET1_   ENSG00000132382    17    4407192    4493926    378      72  59957      0.72369     0.047356    1.8319e-14      0.72369
_SET1_   ENSG00000170049    17    7790177    7868121    202      25  59957     -0.10765        0.226    1.8291e-14     -0.10765
_SET1_   ENSG00000034152    17   21152984   21253552    149      30  59957     -0.74446      0.42779    1.8319e-14     -0.74446
_SET1_   ENSG00000168961    17   25921824   26011586    275      23  59957       1.8947    0.0041221    1.8208e-14       1.8947
_SET1_   ENSG00000109083    17   26620352   26697515    134      25  59957      0.46579     0.099297    1.8263e-14      0.46579
_SET1_   ENSG00000181374    17   32648471   32720629    331      41  59957       4.0426   5.4335e-07    1.8652e-14       4.0426
_SET1_   ENSG00000108292    17   36826795   36921056    193      46  59957      -2.3084      0.91069    1.8208e-14      -2.3084
_SET1_   ENSG00000094804    17   38408885   38494171    135      18  59957        3.151   9.3266e-05    1.8208e-14        3.151
_SET1_   ENSG00000221852    17   39147278   39218454    355      25  59957      0.52249      0.10553    1.8319e-14      0.52249
_SET1_   ENSG00000168610    17   40430342   40575586    360      27  59957        6.478   2.4423e-13    1.8652e-14        6.478
_SET1_   ENSG00000012048    17   41161312   41312500    354      13  59957      0.60753      0.10211    1.8319e-14      0.60753
_SET1_   ENSG00000238083    17   44553877   44668016      9       3  59957      -0.4529      0.29154    1.8263e-14      -0.4529
_SET1_   ENSG00000006283    17   48603429   48739835    427      66  59957     -0.11255      0.18701    1.8291e-14     -0.11255
_SET1_   ENSG00000108443    17   57935447   58062925    241      27  59957       3.0364   5.7872e-05    1.8208e-14       3.0364
_SET1_   ENSG00000168461    18    9673162    9897548   1111     148  59957     -0.28481      0.23423    1.8263e-14     -0.28481
_SET1_   ENSG00000134757    18   28992758   29093665    368      36  59957       1.0361     0.030117    1.8208e-14       1.0361
_SET1_   ENSG00000070388    19     604879     678703    361      63  59957      0.36885      0.08933    1.8263e-14      0.36885
_SET1_   ENSG00000105251    19    4243598    4325721    372      51  59957     -0.67581      0.39946    1.8319e-14     -0.67581
_SET1_   ENSG00000179218    19   13014392   13090303    152      33  59957      0.28834      0.11704    1.8263e-14      0.28834
_SET1_   ENSG00000160014    19   47069331   47149050    268      35  59957       3.2155   1.9069e-05    1.8208e-14       3.2155
_SET1_   ENSG00000087074    19   49340649   49414314    358      26  59957      -2.0371      0.90589    1.8208e-14      -2.0371
_SET1_   ENSG00000213030    19   49515895   49587400    311      48  59957       1.0348     0.023818    1.8208e-14       1.0348
_SET1_   ENSG00000186806    19   51799790   51880378    300      38  59957     -0.16294      0.21373    1.8291e-14     -0.16294
_SET1_   ENSG00000132646    20    5060599    5142272    242      29  59957      0.14839      0.15495    1.8291e-14      0.14839
_SET1_   ENSG00000125510    20   62676526   62766996    256      34  59957       2.4548   0.00043739    1.8208e-14       2.4548
_SET1_   ENSG00000156273    21   30531392   31038071   1292      87  59957       2.1825    0.0014029    1.8208e-14       2.1825
_SET1_   ENSG00000157557    21   40142231   40231879    318      25  59957       2.8596   0.00010821    1.8208e-14       2.8596
_SET1_   ENSG00000182871    21   46790052   46968634    867      76  59957     -0.12426      0.22232    1.8291e-14     -0.12426
_SET1_   ENSG00000063515    22   19101089   19172796    311      57  59957     -0.69827      0.39442    1.8319e-14     -0.69827
_SET1_   ENSG00000100324    22   39760746   39868065    286      17  59957        2.944   0.00013461    1.8208e-14        2.944
_SET1_   ENSG00000100393    22   41452790   41611081    318      25  59957      0.81246     0.052706    1.8319e-14      0.81246

# _SET2_  VARIABLE = SWEET_LUNG_CANCER_KRAS_UP (set)
# _SET2_  NGENES = 431
# _SET2_  P-VALUE = 3.6524e-06
_SET2_   GENE              CHR      START       STOP  NSNPS  NPARAM      N        ZSTAT            P  ZFITTED_BASE  ZRESID_BASE
_SET2_   ENSG00000116285     1    8029464    8121368    184      20  59957       5.3378   2.7319e-10    1.8652e-14       5.3378
_SET2_   ENSG00000171608     1    9676790    9824172    375      63  59957     -0.81002      0.46695    1.8319e-14     -0.81002
_SET2_   ENSG00000083444     1   11959262   12070595    373      34  59957      0.82501     0.049183    1.8319e-14      0.82501
_SET2_   ENSG00000132906     1   15782327   15888029    374      27  59957      0.12812      0.16472    1.8291e-14      0.12812
_SET2_   ENSG00000127472     1   20319672   20452683    486      53  59957      -1.3399      0.67848    1.8208e-14      -1.3399
_SET2_   ENSG00000189410     1   21011225   21094330    297      38  59957     -0.28513      0.29137    1.8263e-14     -0.28513
_SET2_   ENSG00000117643     1   25908959   26147698    572      48  59957     -0.52051      0.41739    1.8319e-14     -0.52051
_SET2_   ENSG00000175793     1   27154633   27225947    112      16  59957     0.098619      0.20394    1.8291e-14     0.098619
_SET2_   ENSG00000117748     1   28183035   28276257    364      27  59957       1.0984     0.026842    1.8208e-14       1.0984
_SET2_   ENSG00000184007     1   32337022   32445457    215      36  59957      -1.3026      0.71135    1.8208e-14      -1.3026
_SET2_   ENSG00000162521     1   33081743   33186812    290      12  59957     -0.20567      0.45262    1.8291e-14     -0.20567
_SET2_   ENSG00000126067     1   36032185   36142445    213      29  59957      -1.1156      0.73593    1.8208e-14      -1.1156
_SET2_   ENSG00000054118     1   36655017   36805958    244      32  59957       0.3192      0.15305    1.8263e-14       0.3192
_SET2_   ENSG00000142937     1   45205923   45279451    187      28  59957      0.97613      0.03741    1.8319e-14      0.97613
_SET2_   ENSG00000117448     1   45981215   46070721    264      20  59957      0.31949      0.13789    1.8263e-14      0.31949
_SET2_   ENSG00000123080     1   51391417   51475305    139      21  59957       1.1491     0.024693    1.8208e-14       1.1491
_SET2_   ENSG00000142875     1   84508745   84739181    515      40  59957      -1.4247      0.72399    1.8208e-14      -1.4247
_SET2_   ENSG00000117228     1   89483002   89566043    276      20  59957       1.8483    0.0041547    1.8208e-14       1.8483
_SET2_   ENSG00000069702     1   92110902   92406892   1173      96  59957       2.2502    0.0007406    1.8208e-14       2.2502
_SET2_   ENSG00000117505     1   93776445   93870055    266      17  59957       3.9236   2.0756e-06    1.8208e-14       3.9236
_SET2_   ENSG00000117362     1  150202804  150276980    154      19  59957       2.0802    0.0014098    1.8208e-14       2.0802
_SET2_   ENSG00000143384     1  150512032  150587066    174      29  59957       2.9798   5.7485e-05    1.8208e-14       2.9798
_SET2_   ENSG00000159377     1  151337010  151409420    153      24  59957     -0.73175      0.47635    1.8319e-14     -0.73175
_SET2_   ENSG00000143365     1  151743547  151839348    276      39  59957       5.0458   9.8689e-10    1.8652e-14       5.0458
_SET2_   ENSG00000143546     1  153327508  153398664    203      17  59957      0.59071      0.11566    1.8319e-14      0.59071
_SET2_   ENSG00000143570     1  153896575  153975188    115      18  59957      -1.0761      0.58297    1.8208e-14      -1.0761
_SET2_   ENSG00000143515     1  154263029  154358783    336      23  59957       1.2679     0.020195    1.8208e-14       1.2679
_SET2_   ENSG00000158473     1  158114737  158189686    303      18  59957      0.99846     0.043469    1.8319e-14      0.99846
_SET2_   ENSG00000018625     1  160050549  160148381    352      50  59957     -0.73615      0.41977    1.8319e-14     -0.73615
_SET2_   ENSG00000185630     1  164489821  164903533   1365     146  59957     -0.44593      0.29799    1.8263e-14     -0.44593
_SET2_   ENSG00000150681     1  192092587  192189945    204      32  59957      0.11838      0.17209    1.8291e-14      0.11838
_SET2_   ENSG00000081277     1  201217580  201337121    505      41  59957     -0.77456      0.49435    1.8319e-14     -0.77456
_SET2_   ENSG00000159176     1  201417658  201513584    476      50  59957       1.3151     0.013253    1.8208e-14       1.3151
_SET2_   ENSG00000136634     1  206905947  206980839    236      52  59957       7.3023   5.5512e-17    1.8652e-14       7.3023
_SET2_   ENSG00000123689     1  209813765  209884733    237      63  59957       0.6905     0.046428    1.8319e-14       0.6905
_SET2_   ENSG00000117724     1  214741538  214872931    542      34  59957     -0.32049      0.35564    1.8263e-14     -0.32049
_SET2_   ENSG00000092969     1  218484577  218652961    405      55  59957       1.9446     0.002764    1.8208e-14       1.9446
_SET2_   ENSG00000143742     1  225930531  226013168    321      37  59957     -0.30437       0.2784    1.8263e-14     -0.30437
_SET2_   ENSG00000069248     1  229542045  229679103    445      38  59957       3.1954   4.2556e-05    1.8208e-14       3.1954
_SET2_   ENSG00000143641     1  230158536  230452870   1273     110  59957       1.7937    0.0033803    1.8208e-14       1.7937
_SET2_   ENSG00000116962     1  236104130  236263462    544      55  59957      -1.5563      0.74087    1.8208e-14      -1.5563
_SET2_   ENSG00000116977     1  236646300  236751281    654      42  59957       1.2011     0.020746    1.8208e-14       1.2011
_SET2_   ENSG00000119285     1  236677305  236802804    790      24  59957       1.8026    0.0074001    1.8208e-14       1.8026
_SET2_   ENSG00000134323     2   16045686   16122129    238      45  59957      -1.3416      0.63839    1.8208e-14      -1.3416
_SET2_   ENSG00000119771     2   23573088   23966481   1561     132  59957      0.65988     0.052373    1.8319e-14      0.65988
_SET2_   ENSG00000115129     2   24265303   24343731    275      20  59957    -0.062393      0.26591    1.8291e-14    -0.062393
_SET2_   ENSG00000138074     2   27387455   27470826    244      25  59957     -0.46081       0.4128    1.8263e-14     -0.46081
_SET2_   ENSG00000163798     2   27851338   27952840    192      22  59957       1.3121     0.019773    1.8208e-14       1.3121
_SET2_   ENSG00000188010     2   39068103   39191213    313      34  59957     -0.59247      0.43257    1.8319e-14     -0.59247
_SET2_   ENSG00000115904     2   39173537   39386486    524      25  59957      0.66272      0.12693    1.8319e-14      0.66272
_SET2_   ENSG00000143924     2   42361490   42594688    717      30  59957     -0.12629      0.26606    1.8291e-14     -0.12629
_SET2_   ENSG00000138095     2   44078647   44258144    822      35  59957        0.843     0.056841    1.8319e-14        0.843
_SET2_   ENSG00000163219     2   68871733   69088965    925      70  59957       1.4144     0.010088    1.8208e-14       1.4144
_SET2_   ENSG00000196975     2   69836557   70088596    688      46  59957      0.99641     0.036559    1.8319e-14      0.99641
_SET2_   ENSG00000115548     2   86632770   86754839    329      30  59957      -1.5984      0.79672    1.8208e-14      -1.5984
_SET2_   ENSG00000135972     2  105619441  105751418    443      20  59957      -1.8616      0.87935    1.8208e-14      -1.8616
_SET2_   ENSG00000169679     2  111360275  111470691    119      24  59957     -0.29844      0.36887    1.8263e-14     -0.29844
_SET2_   ENSG00000115107     2  119946384  120058228    465      57  59957     -0.53073       0.3405    1.8319e-14     -0.53073
_SET2_   ENSG00000088179     2  120482207  120776394    639      33  59957     -0.62479      0.49656    1.8319e-14     -0.62479
_SET2_   ENSG00000121988     2  135859486  136323806    841      21  59957      -1.1933      0.77966    1.8208e-14      -1.1933
_SET2_   ENSG00000121966     2  136836919  136910735    154      23  59957      0.40025      0.10435    1.8263e-14      0.40025
_SET2_   ENSG00000135999     2  149367009  149580130    556      26  59957      0.54632       0.1341    1.8319e-14      0.54632
_SET2_   ENSG00000115145     2  152938315  153067506    369      29  59957       1.1997     0.023945    1.8208e-14       1.1997
_SET2_   ENSG00000163328     2  175261966  175386822    307      41  59957      -2.9186       0.9747    1.8208e-14      -2.9186
_SET2_   ENSG00000115966     2  175901978  176068110    449      32  59957     -0.92267      0.61125    1.8319e-14     -0.92267
_SET2_   ENSG00000115541     2  198329718  198403181     87      18  59957       1.6989    0.0044284    1.8208e-14       1.6989
_SET2_   ENSG00000138356     2  201415591  201576787    479      51  59957     -0.28013      0.26092    1.8263e-14     -0.28013
_SET2_   ENSG00000055044     2  203095439  203203389    224      20  59957     -0.59887      0.45151    1.8319e-14     -0.59887
_SET2_   ENSG00000163251     2  208592310  208669287    194      27  59957     -0.55818      0.42097    1.8319e-14     -0.55818
_SET2_   ENSG00000144445     2  210851147  211071107    274      41  59957       1.7584    0.0047895    1.8208e-14       1.7584
_SET2_   ENSG00000163464     2  218992568  219066718    167      25  59957       5.1112   1.0838e-09    1.8652e-14       5.1112
_SET2_   ENSG00000152056     2  224581403  224737744    630      44  59957      -0.4128      0.31786    1.8263e-14      -0.4128
_SET2_   ENSG00000135905     2  225594807  225942162   1091      84  59957      0.29751      0.11645    1.8263e-14      0.29751
_SET2_   ENSG00000115009     2  228643558  228717272    269      48  59957       2.8365   7.0633e-05    1.8208e-14       2.8365
_SET2_   ENSG00000187957     2  230187345  230614274   1791     144  59957      -1.9317       0.8397    1.8208e-14      -1.9317
_SET2_   ENSG00000124831     2  238501219  238757325   1109      68  59957      -0.2472      0.28559    1.8291e-14      -0.2472
_SET2_   ENSG00000168393     2  242580157  242661406    388      27  59957       2.8727   0.00011391    1.8208e-14       2.8727
_SET2_   ENSG00000114026     3    9756628    9864903    267      39  59957      -1.2692      0.66066    1.8208e-14      -1.2692
_SET2_   ENSG00000144554     3   10033098   10178614    497      13  59957       1.5474     0.023691    1.8208e-14       1.5474
_SET2_   ENSG00000134070     3   10171549   10320427    544      54  59957      0.74524     0.049165    1.8319e-14      0.74524
_SET2_   ENSG00000157103     3   10999410   11115933    420      89  59957      -1.4908      0.68962    1.8208e-14      -1.4908
_SET2_   ENSG00000132170     3   12293867   12510855    674      61  59957        1.229     0.018097    1.8208e-14        1.229
_SET2_   ENSG00000132155     3   12590100   12740725    461      29  59957      -1.3459      0.70776    1.8208e-14      -1.3459
_SET2_   ENSG00000169814     3   15607848   15722329    420      38  59957     -0.17457      0.30249    1.8291e-14     -0.17457
_SET2_   ENSG00000182568     3   18351879   18522080    456      66  59957       2.0833    0.0013159    1.8208e-14       2.0833
_SET2_   ENSG00000163513     3   30612994   30770634    589      76  59957        3.959   4.6325e-07    1.8208e-14        3.959
_SET2_   ENSG00000182973     3   32691637   32850367    657      35  59957      -1.2285      0.73442    1.8208e-14      -1.2285
_SET2_   ENSG00000163808     3   44768209   44949868    460      36  59957      0.76636      0.06422    1.8319e-14      0.76636
_SET2_   ENSG00000172215     3   45947425   46024845    228      24  59957       1.0326     0.029204    1.8208e-14       1.0326
_SET2_   ENSG00000114738     3   50613951   50721720    213      21  59957       1.0725     0.048239    1.8208e-14       1.0725
_SET2_   ENSG00000144746     3   69099095   69190217    295      35  59957      -1.8383      0.85302    1.8208e-14      -1.8383
_SET2_   ENSG00000114861     3   70968844   71668140   1832     156  59957        3.267   1.1243e-05    1.8208e-14        3.267
_SET2_   ENSG00000163320     3   88066094   88234035    488      23  59957      -1.2174      0.73494    1.8208e-14      -1.2174
_SET2_   ENSG00000138459     3  112245556  112339424    310      20  59957     -0.54486      0.52863    1.8319e-14     -0.54486
_SET2_   ENSG00000114638     3  118857364  118959000    456      58  59957     -0.88704      0.50441    1.8319e-14     -0.88704
_SET2_   ENSG00000065485     3  122750909  122979074    807      64  59957     -0.74144      0.45083    1.8319e-14     -0.74144
_SET2_   ENSG00000173175     3  122966143  123203605    709      63  59957      0.15649      0.14837    1.8291e-14      0.15649
_SET2_   ENSG00000082781     3  124445795  124655265    836      41  59957      0.66029     0.083104    1.8319e-14      0.66029
_SET2_   ENSG00000159685     3  126388063  126714249   1090      41  59957      -0.9315      0.64133    1.8319e-14      -0.9315
_SET2_   ENSG00000114019     3  134039716  134129321    230      38  59957     -0.38723      0.28187    1.8263e-14     -0.38723
_SET2_   ENSG00000175054     3  142133077  142332668    517      27  59957      -1.7269      0.85323    1.8208e-14      -1.7269
_SET2_   ENSG00000174944     3  150894905  151031255    436      40  59957      0.77718     0.054233    1.8319e-14      0.77718
_SET2_   ENSG00000168827     3  158327067  158445364    425      19  59957      0.92556     0.046009    1.8319e-14      0.92556
_SET2_   ENSG00000079257     3  158328611  158425482    357      16  59957       1.0321     0.037346    1.8208e-14       1.0321
_SET2_   ENSG00000118849     3  158379681  158485485    350      26  59957    -0.048422      0.21869    1.8291e-14    -0.048422
_SET2_   ENSG00000171109     3  179030480  179147719    344      30  59957      0.99611     0.039691    1.8319e-14      0.99611
_SET2_   ENSG00000181449     3  181394714  181467221    148      41  59957      -2.0888      0.89105    1.8208e-14      -2.0888
_SET2_   ENSG00000161202     3  183838176  183926398    227      36  59957       0.3547      0.10056    1.8263e-14       0.3547
_SET2_   ENSG00000175166     3  183981497  184061842    169      34  59957      0.74475     0.047893    1.8319e-14      0.74475
_SET2_   ENSG00000090520     3  186250192  186350061    285      27  59957     -0.55932      0.39883    1.8319e-14     -0.55932
_SET2_   ENSG00000119231     3  196559727  196696585    439      44  59957     -0.35351      0.30342    1.8263e-14     -0.35351
_SET2_   ENSG00000127418     4     968724    1055685    353      48  59957     -0.16031        0.222    1.8291e-14     -0.16031
_SET2_   ENSG00000197386     4    3041408    3280676    787      41  59957       2.5618   0.00053075    1.8208e-14       2.5618
_SET2_   ENSG00000163993     4    6659796    6733897    307      52  59957     -0.57996      0.33913    1.8319e-14     -0.57996
_SET2_   ENSG00000124406     4   42375390   42694122   1259      55  59957      -1.5013      0.76223    1.8208e-14      -1.5013
_SET2_   ENSG00000163071     4   52882497   52998458    306      27  59957      -1.4517      0.76073    1.8208e-14      -1.4517
_SET2_   ENSG00000134853     4   55060264   55199414    389      32  59957      0.15305      0.15749    1.8291e-14      0.15305
_SET2_   ENSG00000047315     4   57808888   57932334    536      38  59957       1.3985     0.013436    1.8208e-14       1.3985
_SET2_   ENSG00000138755     4   76887428   76963641    271      26  59957       1.7235     0.004086    1.8208e-14       1.7235
_SET2_   ENSG00000138750     4   77000812   77104668    567      19  59957      -1.2712      0.74799    1.8208e-14      -1.2712
_SET2_   ENSG00000163114     4   96726239   96797625    454      25  59957     -0.92462      0.58592    1.8319e-14     -0.92462
_SET2_   ENSG00000151247     4   99757835   99886788    412      32  59957      -1.1993      0.66542    1.8208e-14      -1.1993
_SET2_   ENSG00000197894     4   99957132  100044952    409      23  59957      -1.4131      0.75944    1.8208e-14      -1.4131
_SET2_   ENSG00000109320     4  103387486  103573459    557      28  59957      -0.2298      0.29494    1.8291e-14      -0.2298
_SET2_   ENSG00000145349     4  114337188  114718083   1135      87  59957      0.53624     0.081511    1.8319e-14      0.53624
_SET2_   ENSG00000196782     4  140602907  141110338   1502     169  59957    -0.051322      0.16783    1.8291e-14    -0.051322
_SET2_   ENSG00000109756     4  159990330  160316321    717      47  59957      0.84414     0.044283    1.8319e-14      0.84414
_SET2_   ENSG00000109466     4  166093770  166279308    616      52  59957     -0.92678        0.554    1.8319e-14     -0.92678
_SET2_   ENSG00000181381     4  169242886  169493937   1090      68  59957      -1.1753      0.61203    1.8208e-14      -1.1753
_SET2_   ENSG00000198948     4  170872748  170989182    391      34  59957     -0.72328      0.46435    1.8319e-14     -0.72328
_SET2_   ENSG00000168538     4  184545420  184669745    617      69  59957      -1.0321      0.52303    1.8208e-14      -1.0321
_SET2_   ENSG00000173320     4  184739584  184979679    783     105  59957      0.13009      0.13044    1.8291e-14      0.13009
_SET2_   ENSG00000071539     5     857758     954472    376      20  59957      0.47042      0.19647    1.8263e-14      0.47042
_SET2_   ENSG00000142319     5    1357909    1480545    485      76  59957     -0.80006         0.42    1.8319e-14     -0.80006
_SET2_   ENSG00000145649     5   54363476   54441080    184      21  59957      0.19529      0.17705    1.8291e-14      0.19529
_SET2_   ENSG00000145736     5   70295784   70398516     11       7  59957      0.88277     0.041056    1.8319e-14      0.88277
_SET2_   ENSG00000131711     5   71368061   71540395    483      81  59957      0.43229     0.081424    1.8263e-14      0.43229
_SET2_   ENSG00000085365     5   77621339   77811562    632      29  59957     -0.52176      0.41595    1.8319e-14     -0.52176
_SET2_   ENSG00000145730     5  102054685  102401809   1062      32  59957      0.92138      0.05971    1.8319e-14      0.92138
_SET2_   ENSG00000145782     5  115128893  115212555    239      41  59957     -0.64979       0.4466    1.8319e-14     -0.64979
_SET2_   ENSG00000164904     5  125842533  125966110    422      55  59957      -2.6636      0.96024    1.8208e-14      -2.6636
_SET2_   ENSG00000170606     5  132352654  132477141    439      36  59957        2.518   0.00049474    1.8208e-14        2.518
_SET2_   ENSG00000164270     5  147795595  148091798    825      53  59957       2.1899    0.0012036    1.8208e-14       2.1899
_SET2_   ENSG00000113645     5  167683656  167934308    975     118  59957       1.6625    0.0040368    1.8208e-14       1.6625
_SET2_   ENSG00000175414     5  175757471  175863866    290      41  59957     -0.07385      0.21132    1.8291e-14     -0.07385
_SET2_   ENSG00000137265     6     356739     446447    336      51  59957      0.54308     0.078079    1.8319e-14      0.54308
_SET2_   ENSG00000137210     6   10712992   10887986    496      65  59957       -1.028      0.55835    1.8208e-14       -1.028
_SET2_   ENSG00000010017     6   13586730   13746796    311      33  59957      -1.1972      0.62507    1.8208e-14      -1.1972
_SET2_   ENSG00000112149     6   14082872   14172149    341      48  59957     -0.57875      0.36556    1.8319e-14     -0.57875
_SET2_   ENSG00000172201     6   19802617   19875915    358      57  59957      0.92133     0.031225    1.8319e-14      0.92133
_SET2_   ENSG00000172197     6   20065935   20247670    687     109  59957        0.383     0.085517    1.8263e-14        0.383
_SET2_   ENSG00000112294     6   24460080   24572435    664      45  59957     -0.21363      0.28966    1.8291e-14     -0.21363
_SET2_   ENSG00000204531     6   31097119   31183508   1068      43  59957       5.9719   7.7735e-12    1.8652e-14       5.9719
_SET2_   ENSG00000213719     6   31663358   31742540    236      49  59957       6.5429   9.1037e-14    1.8652e-14       6.5429
_SET2_   ENSG00000240065     6   32776913   32862362    723      51  59957       7.5508   2.7975e-17    1.8652e-14       7.5508
_SET2_   ENSG00000124614     6   34350231   34428902    276      37  59957     -0.35864      0.36576    1.8263e-14     -0.35864
_SET2_   ENSG00000124762     6   36609305   36690116    355      41  59957        1.987    0.0021324    1.8208e-14        1.987
_SET2_   ENSG00000137218     6   41702914   41789280    248      45  59957      0.15967      0.14299    1.8291e-14      0.15967
_SET2_   ENSG00000112715     6   43702921   43789224    273      64  59957       1.0706     0.017025    1.8208e-14       1.0706
_SET2_   ENSG00000112759     6   44152242   44236888    266      51  59957      0.34986     0.091896    1.8263e-14      0.34986
_SET2_   ENSG00000146233     6   46482541   46655523    476      40  59957       1.2506     0.022884    1.8208e-14       1.2506
_SET2_   ENSG00000123552     6   99845190  100004604    470      34  59957      -2.2225      0.92201    1.8208e-14      -2.2225
_SET2_   ENSG00000112290     6  110386022  110536207    415      19  59957      0.93392      0.09265    1.8319e-14      0.93392
_SET2_   ENSG00000187189     6  116536151  116610261    253      24  59957     -0.18798      0.26869    1.8291e-14     -0.18798
_SET2_   ENSG00000079819     6  131125487  131419462   1046      40  59957       -1.592      0.80837    1.8208e-14       -1.592
_SET2_   ENSG00000197594     6  132094156  132251295    519      55  59957       1.2357     0.018895    1.8208e-14       1.2357
_SET2_   ENSG00000135525     6  136628875  136906957    516      26  59957     0.060293      0.29099    1.8291e-14     0.060293
_SET2_   ENSG00000112357     6  137108717  137270075    412      31  59957       2.7646   0.00015331    1.8208e-14       2.7646
_SET2_   ENSG00000152818     6  144571837  145209170   1843     117  59957     -0.54289       0.3792    1.8319e-14     -0.54289
_SET2_   ENSG00000071242     6  166787852  167354939   2262     197  59957       2.0076    0.0012893    1.8208e-14       2.0076
_SET2_   ENSG00000164877     7    1433101    1534138    362      36  59957      0.15218      0.17446    1.8291e-14      0.15218
_SET2_   ENSG00000198286     7    2910775    3118579   1105     149  59957       2.0188    0.0013777    1.8208e-14       2.0188
_SET2_   ENSG00000242802     7    4780253    4868943    434      30  59957      -1.0157      0.67538    1.8208e-14      -1.0157
_SET2_   ENSG00000075624     7    5531782    5638415    493      68  59957      -1.9584      0.85658    1.8208e-14      -1.9584
_SET2_   ENSG00000136238     7    6379154    6478608    521      35  59957       3.2198   4.0911e-05    1.8208e-14       3.2198
_SET2_   ENSG00000106399     7    7641149    7793238    704      50  59957    -0.060421      0.22002    1.8291e-14    -0.060421
_SET2_   ENSG00000136244     7   22730503   22806621    360      34  59957       2.0749    0.0016602    1.8208e-14       2.0749
_SET2_   ENSG00000185811     7   50308720   50507799    568      68  59957        3.141   2.9971e-05    1.8208e-14        3.141
_SET2_   ENSG00000106665     7   73668805   73855273    507      43  59957      0.89771     0.042808    1.8319e-14      0.89771
_SET2_   ENSG00000146701     7   75642369   75731826    247      26  59957       1.0169     0.035293    1.8208e-14       1.0169
_SET2_   ENSG00000127951     7   76787688   76864143    214      34  59957      0.99374     0.033444    1.8319e-14      0.99374
_SET2_   ENSG00000085563     7   87098175   87377611    689      57  59957     -0.22346      0.29645    1.8291e-14     -0.22346
_SET2_   ENSG00000105880     7   96614704   96689409    177      42  59957       -0.003      0.16894    1.8289e-14       -0.003
_SET2_   ENSG00000106261     7   99578204   99674312    194      31  59957     -0.26579      0.24838    1.8263e-14     -0.26579
_SET2_   ENSG00000106404     7  100840373  100917101    333      29  59957       1.6899     0.011304    1.8208e-14       1.6899
_SET2_   ENSG00000128606     7  102518438  102620396    171      24  59957        0.456      0.11407    1.8263e-14        0.456
_SET2_   ENSG00000128567     7  131150021  131277976    434      80  59957      -1.8521        0.806    1.8208e-14      -1.8521
_SET2_   ENSG00000105887     7  135576509  135697101    525      41  59957      0.72282     0.067892    1.8319e-14      0.72282
_SET2_   ENSG00000127412     7  142570267  142665905    329      24  59957     -0.26053      0.39744    1.8263e-14     -0.26053
_SET2_   ENSG00000164733     8   11665033   11761957    572      41  59957       1.0853     0.026706    1.8208e-14       1.0853
_SET2_   ENSG00000179388     8   22510172   22585815    222      44  59957      0.33833     0.086344    1.8263e-14      0.33833
_SET2_   ENSG00000120899     8   27133999   27351903    731      50  59957       1.3777     0.012605    1.8208e-14       1.3777
_SET2_   ENSG00000197892     8   28889796   29155641    776      57  59957      0.44371      0.11717    1.8263e-14      0.44371
_SET2_   ENSG00000077782     8   38233656   38361352    306      44  59957      0.53988      0.07691    1.8319e-14      0.53988
_SET2_   ENSG00000104365     8   42093820   42224973    308      32  59957      0.12046      0.24582    1.8291e-14      0.12046
_SET2_   ENSG00000047249     8   54593117   54791118    416      30  59957      0.92281     0.075846    1.8319e-14      0.92281
_SET2_   ENSG00000104388     8   61394416   61571186    555      26  59957      0.60098      0.10039    1.8319e-14      0.60098
_SET2_   ENSG00000172817     8   65465320   65746318    640      39  59957      0.33542      0.14633    1.8263e-14      0.33542
_SET2_   ENSG00000104375     8   99378631   99990055   1088      73  59957      -0.9221      0.55764    1.8319e-14      -0.9221
_SET2_   ENSG00000164924     8  101893753  102000616    310      28  59957      -1.0609      0.61401    1.8208e-14      -1.0609
_SET2_   ENSG00000104537     8  124658034  124784647    460      70  59957       1.4935    0.0070812    1.8208e-14       1.4935
_SET2_   ENSG00000147684     8  125516344  125615751    404      43  59957     -0.56867      0.38112    1.8319e-14     -0.56867
_SET2_   ENSG00000170873     8  125528031  125775730   1077     113  59957      0.75077     0.044003    1.8319e-14      0.75077
_SET2_   ENSG00000136997     8  128712680  128788674    249      56  59957     -0.34163      0.28346    1.8263e-14     -0.34163
_SET2_   ENSG00000178896     8  145098529  145170550    159      19  59957      0.60073      0.11856    1.8319e-14      0.60073
_SET2_   ENSG00000182325     8  145544091  145618036    155      33  59957       2.4545   0.00030405    1.8208e-14       2.4545
_SET2_   ENSG00000096968     9    4950033    5163183    734      38  59957        7.021   3.0159e-15    1.8652e-14        7.021
_SET2_   ENSG00000164970     9   34363182   34493568    321      35  59957      0.96667     0.036271    1.8319e-14      0.96667
_SET2_   ENSG00000137100     9   34578548   34655515    192      30  59957      -1.9373       0.8643    1.8208e-14      -1.9373
_SET2_   ENSG00000165283     9   35064888   35138154    200      37  59957      0.84881     0.039558    1.8319e-14      0.84881
_SET2_   ENSG00000119138     9   72964503   73064540    247      37  59957       0.6804     0.052467    1.8319e-14       0.6804
_SET2_   ENSG00000135069     9   80877059   80980009    410      50  59957     -0.79561      0.47037    1.8319e-14     -0.79561
_SET2_   ENSG00000136938     9  100710643  100813225    225      36  59957      -0.1602      0.22052    1.8291e-14      -0.1602
_SET2_   ENSG00000106803     9  101949346  102027897    206      15  59957     -0.44388      0.47628    1.8263e-14     -0.44388
_SET2_   ENSG00000070214     9  107971903  108236452    784      50  59957      0.43673      0.14756    1.8263e-14      0.43673
_SET2_   ENSG00000136826     9  110212133  110287763    270      39  59957      -0.4499      0.35823    1.8263e-14      -0.4499
_SET2_   ENSG00000136888     9  117315026  117395653    338      32  59957        1.438     0.013072    1.8208e-14        1.438
_SET2_   ENSG00000119421     9  124859745  124957098    394      47  59957     -0.90072      0.50491    1.8319e-14     -0.90072
_SET2_   ENSG00000136930     9  127080745  127212723    318      45  59957      -1.1135      0.59291    1.8208e-14      -1.1135
_SET2_   ENSG00000044574     9  127962132  128038609    191      32  59957     -0.96007      0.51307    1.8319e-14     -0.96007
_SET2_   ENSG00000167110     9  130983108  131073274    214      33  59957     -0.89537      0.53372    1.8319e-14     -0.89537
_SET2_   ENSG00000119335     9  131410703  131493679    124      34  59957      -0.4964       0.3902    1.8263e-14      -0.4964
_SET2_   ENSG00000148411     9  138863383  139022131    657      94  59957     -0.45774      0.30658    1.8263e-14     -0.45774
_SET2_   ENSG00000148408     9  140737241  141054076    826      56  59957     -0.87098      0.53799    1.8319e-14     -0.87098
_SET2_   ENSG00000165568    10    4793821    4925254    845      52  59957     -0.86291        0.522    1.8319e-14     -0.86291
_SET2_   ENSG00000187134    10    4899796    5060475    785      58  59957      -1.1662       0.6115    1.8208e-14      -1.1662
_SET2_   ENSG00000170525    10    6151881    6312495    826     152  59957       2.0357    0.0010922    1.8208e-14       2.0357
_SET2_   ENSG00000148444    10   22569903   22644235     79      30  59957      -1.7619      0.85678    1.8208e-14      -1.7619
_SET2_   ENSG00000150093    10   33154247   33329720    582      45  59957       1.8343    0.0044589    1.8208e-14       1.8343
_SET2_   ENSG00000177283    10   35892177   35965362    203      34  59957       1.0418     0.031334    1.8208e-14       1.0418
_SET2_   ENSG00000122877    10   64536756   64714660    680      43  59957       5.8379   1.3934e-11    1.8652e-14       5.8379
_SET2_   ENSG00000107758    10   75161186   75290782    349      11  59957      0.86816      0.15536    1.8319e-14      0.86816
_SET2_   ENSG00000156110    10   75875960   76504061   1375      35  59957       2.2222     0.002236    1.8208e-14       2.2222
_SET2_   ENSG00000148604    10   85969809   86054716    299      34  59957       -2.435      0.93632    1.8208e-14       -2.435
_SET2_   ENSG00000107779    10   88481407   88727595    782      45  59957       1.2879     0.021428    1.8208e-14       1.2879
_SET2_   ENSG00000138160    10   94318043   94450150    482      33  59957       2.9895   0.00013071    1.8208e-14       2.9895
_SET2_   ENSG00000095587    10   98089363   98308675    768      71  59957      0.12554      0.15462    1.8291e-14      0.12554
_SET2_   ENSG00000099194    10  102071881  102159591    279      40  59957     -0.22432      0.26827    1.8291e-14     -0.22432
_SET2_   ENSG00000165806    10  115403942  115525662    447      33  59957      -1.6647      0.80484    1.8208e-14      -1.6647
_SET2_   ENSG00000196177    10  124733495  124852827    454      43  59957      -2.6832      0.96538    1.8208e-14      -2.6832
_SET2_   ENSG00000182022    10  125732184  125888206    458      55  59957     -0.24471       0.2344    1.8291e-14     -0.24471
_SET2_   ENSG00000148773    10  129859923  129959649    484      49  59957      -1.4372      0.71587    1.8208e-14      -1.4372
_SET2_   ENSG00000185507    11     577553     650999    304      34  59957      -0.5703      0.40088    1.8319e-14      -0.5703
_SET2_   ENSG00000167323    11    3840757    4149439    940      48  59957     0.094252      0.18573    1.8291e-14     0.094252
_SET2_   ENSG00000129173    11   19210610   19298167    274      41  59957      -1.2733      0.62721    1.8208e-14      -1.2733
_SET2_   ENSG00000109851    11   20142701   20217159    311      60  59957       1.7378     0.003826    1.8208e-14       1.7378
_SET2_   ENSG00000176102    11   33063734   33218917    536      24  59957      0.18847      0.17347    1.8291e-14      0.18847
_SET2_   ENSG00000149089    11   34839641   34973046    727      26  59957      0.69044     0.079174    1.8319e-14      0.69044
_SET2_   ENSG00000025434    11   47234851   47325396    240      24  59957     -0.82972      0.51854    1.8319e-14     -0.82972
_SET2_   ENSG00000149136    11   57058459   57138351    231      27  59957     -0.56943      0.40529    1.8319e-14     -0.56943
_SET2_   ENSG00000172409    11   57381465   57464340    145      22  59957     -0.89147      0.48134    1.8319e-14     -0.89147
_SET2_   ENSG00000156738    11   60188225   60273233    322      28  59957       1.6913    0.0052949    1.8208e-14       1.6913
_SET2_   ENSG00000011347    11   61247785   61383620    338      42  59957       0.9051     0.059824    1.8319e-14       0.9051
_SET2_   ENSG00000197901    11   62668857   62787455    275      33  59957     0.065667      0.19317    1.8291e-14     0.065667
_SET2_   ENSG00000176340    11   63707079   63779015    171      15  59957      0.99317     0.034306    1.8319e-14      0.99317
_SET2_   ENSG00000173914    11   66397469   66480392    109      30  59957      0.21713      0.12492    1.8291e-14      0.21713
_SET2_   ENSG00000173156    11   66789289   66874484     91      32  59957      0.75819     0.048414    1.8319e-14      0.75819
_SET2_   ENSG00000175482    11   67083248   67159443    141      22  59957     -0.25779      0.37041    1.8263e-14     -0.25779
_SET2_   ENSG00000006534    11   67741048   67831744    294      34  59957     -0.30457      0.30671    1.8263e-14     -0.30457
_SET2_   ENSG00000110075    11   68193186   68417802    702      31  59957     -0.96846       0.6332    1.8319e-14     -0.96846
_SET2_   ENSG00000182704    11   76458295   76544198    252      38  59957      -1.0232      0.56275    1.8208e-14      -1.0232
_SET2_   ENSG00000110723    11  108341158  108499465    442      53  59957      0.66904     0.056601    1.8319e-14      0.66904
_SET2_   ENSG00000118181    11  118851422  118924401    224      26  59957      -2.1468      0.89715    1.8208e-14      -2.1468
_SET2_   ENSG00000109971    11  122893197  122968938    322      27  59957    -0.044189      0.25564    1.8291e-14    -0.044189
_SET2_   ENSG00000196341    11  124144708  124215733    266      18  59957     -0.38793      0.35121    1.8263e-14     -0.38793
_SET2_   ENSG00000118971    12    4347938    4449516    306      73  59957     -0.41581       0.2639    1.8263e-14     -0.41581
_SET2_   ENSG00000111664    12    6914118    6991557    195      41  59957     -0.89346      0.46176    1.8319e-14     -0.89346
_SET2_   ENSG00000089818    12    8199807    8285367    189      39  59957      -1.8469      0.80715    1.8208e-14      -1.8469
_SET2_   ENSG00000166532    12    8799196    8970691    414      49  59957     -0.28738      0.31991    1.8263e-14     -0.28738
_SET2_   ENSG00000048540    12   16666307   16798528    251      67  59957  -0.00074826      0.15022    1.8289e-14  -0.00074826
_SET2_   ENSG00000123104    12   26455342   27021131   2176     125  59957       1.5891    0.0055258    1.8208e-14       1.5891
_SET2_   ENSG00000129315    12   49047247   49145681    270      23  59957       1.5123     0.010601    1.8208e-14       1.5123
_SET2_   ENSG00000125084    12   49337398   49410459    140      20  59957      -0.2737      0.25727    1.8263e-14      -0.2737
_SET2_   ENSG00000187778    12   49915327   49996936    168      23  59957     -0.68021      0.50577    1.8319e-14     -0.68021
_SET2_   ENSG00000161800    12   50335706   50461919    281      34  59957       1.9618    0.0033956    1.8208e-14       1.9618
_SET2_   ENSG00000050405    12   50534571   50712329    313      22  59957      0.92149     0.040265    1.8319e-14      0.92149
_SET2_   ENSG00000185479    12   52805435   52880910    396      22  59957      0.25167       0.1425    1.8263e-14      0.25167
_SET2_   ENSG00000094914    12   53666240   53753648    164      25  59957      0.83838     0.050915    1.8319e-14      0.83838
_SET2_   ENSG00000123342    12   56194217   56271750    112      36  59957      0.69207     0.063327    1.8319e-14      0.69207
_SET2_   ENSG00000198056    12   57090380   57181157    158      24  59957     -0.77619        0.469    1.8319e-14     -0.77619
_SET2_   ENSG00000166866    12   57387301   57479982    196      19  59957      0.21784      0.20105    1.8291e-14      0.21784
_SET2_   ENSG00000139263    12   59230931   59349303    432      36  59957      -1.2784      0.76264    1.8208e-14      -1.2784
_SET2_   ENSG00000153179    12   64969293   65126347    444      40  59957     -0.59085      0.39088    1.8319e-14     -0.59085
_SET2_   ENSG00000067798    12   78189685   78641790   1671     114  59957     -0.48113      0.32513    1.8263e-14     -0.48113
_SET2_   ENSG00000111145    12   96553160   96698613    502      64  59957       2.6661   0.00024565    1.8208e-14       2.6661
_SET2_   ENSG00000136048    12  102236129  102440908    811      75  59957       1.2297     0.017031    1.8208e-14       1.2297
_SET2_   ENSG00000017427    12  102754645  102909423    395      52  59957      0.56376     0.090141    1.8319e-14      0.56376
_SET2_   ENSG00000111199    12  110185890  110306212    384      51  59957      0.82629     0.044714    1.8319e-14      0.82629
_SET2_   ENSG00000135090    12  118552606  118845750    786      35  59957      -1.0573      0.65462    1.8208e-14      -1.0573
_SET2_   ENSG00000184209    12  123907188  123992701    249      34  59957      0.32757      0.11602    1.8263e-14      0.32757
_SET2_   ENSG00000139684    13   47310391   47406367    228      37  59957     -0.97112      0.51088    1.8319e-14     -0.97112
_SET2_   ENSG00000139687    13   48842887   49091122    649      32  59957       1.2896      0.03948    1.8208e-14       1.2896
_SET2_   ENSG00000139679    13   48928707   49053840    300      25  59957       1.0773     0.055114    1.8208e-14       1.0773
_SET2_   ENSG00000136161    13   49028095   49142369    254      25  59957      0.90946     0.073566    1.8319e-14      0.90946
_SET2_   ENSG00000136111    13   75823808   76091250    915     102  59957     -0.19052      0.22367    1.8291e-14     -0.19052
_SET2_   ENSG00000152192    13   79137497   79212673    185      26  59957       1.1495     0.022796    1.8208e-14       1.1495
_SET2_   ENSG00000152767    13   98759816   99137027   1535     174  59957     -0.44585      0.28576    1.8263e-14     -0.44585
_SET2_   ENSG00000102606    13  111731906  111993084    993      74  59957      -2.2422      0.91785    1.8208e-14      -2.2422
_SET2_   ENSG00000126217    13  113513692  113789053   1072     116  59957     -0.84408      0.43801    1.8319e-14     -0.84408
_SET2_   ENSG00000126218    13  113742128  113838843    256      43  59957      -1.2555      0.63833    1.8208e-14      -1.2555
_SET2_   ENSG00000139890    14   23317374   23391895    194      34  59957      0.49575     0.070312    1.8263e-14      0.49575
_SET2_   ENSG00000100918    14   24606062   24684463    201      41  59957      0.19193      0.13565    1.8291e-14      0.19193
_SET2_   ENSG00000100938    14   24666628   24743448    183      38  59957     -0.18047      0.24296    1.8291e-14     -0.18047
_SET2_   ENSG00000129467    14   24752555   24839299    327      33  59957      0.28342      0.13355    1.8263e-14      0.28342
_SET2_   ENSG00000176165    14   29200050   29273870    190      35  59957      0.91927     0.030898    1.8319e-14      0.91927
_SET2_   ENSG00000176435    14   38688308   38760574    184      40  59957     -0.97799      0.48029    1.8319e-14     -0.97799
_SET2_   ENSG00000165355    14   39831873   39936704    291      24  59957     -0.34459      0.32397    1.8263e-14     -0.34459
_SET2_   ENSG00000100522    14   53206912   53293386    147      19  59957     -0.28058      0.26868    1.8263e-14     -0.28058
_SET2_   ENSG00000165617    14   59065685   59150039    260      37  59957      0.27491      0.12805    1.8263e-14      0.27491
_SET2_   ENSG00000072110    14   69305860   69481157    742      78  59957        1.132     0.020888    1.8208e-14        1.132
_SET2_   ENSG00000183092    14  100968486  101088750    257      28  59957     -0.84623      0.49613    1.8319e-14     -0.84623
_SET2_   ENSG00000197102    14  102395865  102552129    515      43  59957      0.87694     0.061744    1.8319e-14      0.87694
_SET2_   ENSG00000131323    14  103208813  103412837    668      40  59957     0.089069      0.21879    1.8291e-14     0.089069
_SET2_   ENSG00000183484    14  105480728  105566782    249      26  59957       2.9316   8.4797e-05    1.8208e-14       2.9316
_SET2_   ENSG00000128739    15   25033794   25258870    935     113  59957      0.52666     0.068232    1.8319e-14      0.52666
_SET2_   ENSG00000166922    15   32898877   33024299    448      79  59957      -2.9697      0.97669    1.8208e-14      -2.9697
_SET2_   ENSG00000172575    15   38745304   38892776    427      45  59957     -0.44328      0.37786    1.8263e-14     -0.44328
_SET2_   ENSG00000137801    15   39838280   39926667    234      22  59957      0.56779      0.10095    1.8319e-14      0.56779
_SET2_   ENSG00000104055    15   43489793   43594055    184      25  59957      0.21517      0.14951    1.8291e-14      0.21517
_SET2_   ENSG00000128951    15   48588208   48670570    219      17  59957      -1.5975      0.84225    1.8208e-14      -1.5975
_SET2_   ENSG00000140297    15   59852074   59967438    473      48  59957       0.2621      0.11437    1.8263e-14       0.2621
_SET2_   ENSG00000069667    15   60745483   61556518   2649     277  59957       1.9016    0.0012718    1.8208e-14       1.9016
_SET2_   ENSG00000169032    15   66644155   66819650    575      30  59957    0.0024537      0.25777    1.8289e-14    0.0024537
_SET2_   ENSG00000137764    15   67800047   68134461    943      38  59957     -0.38167      0.37633    1.8263e-14     -0.38167
_SET2_   ENSG00000140365    15   75593232   75669268    145      25  59957     -0.27506      0.28061    1.8263e-14     -0.27506
_SET2_   ENSG00000117906    15   77188960   77277601    190      39  59957      0.99771     0.028504    1.8319e-14      0.99771
_SET2_   ENSG00000181026    15   89129527   89210513    371      47  59957       0.4151      0.09004    1.8263e-14       0.4151
_SET2_   ENSG00000184254    15  101382919  101491831    386      62  59957       1.0643      0.02318    1.8208e-14       1.0643
_SET2_   ENSG00000188536    16     187846     258709    165      31  59957      -1.0814      0.55046    1.8208e-14      -1.0814
_SET2_   ENSG00000005339    16    3740055    3965727    590      51  59957     -0.10601      0.29541    1.8291e-14     -0.10601
_SET2_   ENSG00000162104    16    3968388    4201186   1093     107  59957       1.0048     0.025126    1.8208e-14       1.0048
_SET2_   ENSG00000175595    16   13979014   14081202    314      24  59957      0.02626      0.20556    1.8287e-14      0.02626
_SET2_   ENSG00000103489    16   17160626   17599738   1595     151  59957        2.181   0.00077763    1.8208e-14        2.181
_SET2_   ENSG00000140743    16   22322257   22483486    142      38  59957     -0.77291      0.50182    1.8319e-14     -0.77291
_SET2_   ENSG00000103522    16   27378483   27497115    382      61  59957     -0.61645       0.3662    1.8319e-14     -0.61645
_SET2_   ENSG00000196296    16   28854726   28950830    172      21  59957       6.4807   1.1524e-13    1.8652e-14       6.4807
_SET2_   ENSG00000176953    16   28927128   29013418    167      30  59957       4.6998   1.2965e-08    1.8652e-14       4.6998
_SET2_   ENSG00000013364    16   29796715   29894355    114      18  59957      -1.6249      0.80575    1.8208e-14      -1.6249
_SET2_   ENSG00000102882    16   30090426   30169827    133      27  59957     -0.20369      0.21938    1.8291e-14     -0.20369
_SET2_   ENSG00000140678    16   31331455   31429318    230      30  59957      0.60514     0.057692    1.8319e-14      0.60514
_SET2_   ENSG00000069329    16   46655054   46758430     95      22  59957     -0.12632      0.25696    1.8291e-14     -0.12632
_SET2_   ENSG00000140937    16   64942656   65195015    991      53  59957     -0.99733      0.56987    1.8319e-14     -0.99733
_SET2_   ENSG00000166592    16   66920582   66994547    159      29  59957       2.2135    0.0018578    1.8208e-14       2.2135
_SET2_   ENSG00000205220    16   67933405   68005990    120      19  59957     -0.84682      0.59104    1.8319e-14     -0.84682
_SET2_   ENSG00000124067    16   67942377   68038504    177      24  59957      -1.3117      0.75757    1.8208e-14      -1.3117
_SET2_   ENSG00000103064    16   68263433   68370722    245      32  59957     -0.61168       0.4018    1.8319e-14     -0.61168
_SET2_   ENSG00000062038    16   68635092   68791519    555      31  59957       1.9318    0.0037695    1.8208e-14       1.9318
_SET2_   ENSG00000186187    16   74997928   75179892    587      49  59957     0.031047      0.19717    1.8287e-14     0.031047
_SET2_   ENSG00000103168    16   84176458   84255669    487      62  59957     -0.35648       0.2733    1.8263e-14     -0.35648
_SET2_   ENSG00000103196    16   84818590   84989374   1040     112  59957      -1.3502      0.64127    1.8208e-14      -1.3502
_SET2_   ENSG00000176715    16   89119783   89257254    749      45  59957      -1.3563       0.7298    1.8208e-14      -1.3563
_SET2_   ENSG00000108953    17    1212566    1338672    665      48  59957       2.0386    0.0021036    1.8208e-14       2.0386
_SET2_   ENSG00000170315    17   16249112   16321059    167      28  59957     -0.89731      0.55944    1.8319e-14     -0.89731
_SET2_   ENSG00000128487    17   19877657   20257339   1016      27  59957      0.79576     0.069749    1.8319e-14      0.79576
_SET2_   ENSG00000141141    17   35934787   36038493    211      45  59957       1.5538    0.0065811    1.8208e-14       1.5538
_SET2_   ENSG00000161405    17   37886198   38055441    387      13  59957        5.232   6.2979e-09    1.8652e-14        5.232
_SET2_   ENSG00000073584    17   38746214   38839760    248      32  59957       3.6255   3.6659e-06    1.8208e-14       3.6255
_SET2_   ENSG00000171431    17   38997193   39076479    280      36  59957        2.338   0.00058441    1.8208e-14        2.338
_SET2_   ENSG00000186832    17   39731030   39807151    220      20  59957     0.061593       0.1789    1.8291e-14     0.061593
_SET2_   ENSG00000173801    17   39740692   39978183    805      63  59957       1.0475     0.030311    1.8208e-14       1.0475
_SET2_   ENSG00000173757    17   40316186   40463725    223      34  59957        6.754   1.8874e-14    1.8652e-14        6.754
_SET2_   ENSG00000126561    17   40404565   40498961    175      20  59957       5.3206        5e-10    1.8652e-14       5.3206
_SET2_   ENSG00000033627    17   40575862   40709629    263      28  59957       5.2079   8.5063e-10    1.8652e-14       5.2079
_SET2_   ENSG00000131475    17   40890454   40966617     87      28  59957       3.2151   1.8519e-05    1.8208e-14       3.2151
_SET2_   ENSG00000189120    17   45887279   45968240    287      29  59957       1.5955    0.0074919    1.8208e-14       1.5955
_SET2_   ENSG00000064300    17   47537655   47627379    300      68  59957       -0.897        0.448    1.8319e-14       -0.897
_SET2_   ENSG00000108821    17   48225650   48313993    270      60  59957       1.3232     0.011841    1.8208e-14       1.3232
_SET2_   ENSG00000121060    17   54930270   55026399    206      49  59957       2.7601   9.6748e-05    1.8208e-14       2.7601
_SET2_   ENSG00000007312    17   61971100   62044714    233      38  59957      0.30117      0.10948    1.8263e-14      0.30117
_SET2_   ENSG00000154229    17   64263754   64841861   2320     156  59957      -1.5845      0.72922    1.8208e-14      -1.5845
_SET2_   ENSG00000125398    17   70082161   70157561    208      33  59957       1.0066     0.032238    1.8208e-14       1.0066
_SET2_   ENSG00000177885    17   73279157   73436790    438      24  59957     -0.17698      0.31716    1.8291e-14     -0.17698
_SET2_   ENSG00000141404    18   11653955   11920684   1135      88  59957      0.13066      0.16593    1.8291e-14      0.13066
_SET2_   ENSG00000176014    18   12272668   12379319    359      23  59957       1.6905    0.0084219    1.8208e-14       1.6905
_SET2_   ENSG00000101773    18   20343224   20641451    768      26  59957      -1.2278      0.72622    1.8208e-14      -1.2278
_SET2_   ENSG00000141447    18   21707008   22012844    919     114  59957      -1.0368       0.5407    1.8208e-14      -1.0368
_SET2_   ENSG00000167468    19    1068936    1141787    341      53  59957       6.2379   3.1237e-13    1.8652e-14       6.2379
_SET2_   ENSG00000099860    19    2441120    2513257    300      52  59957     -0.20603      0.22026    1.8291e-14     -0.20603
_SET2_   ENSG00000031823    19    5881150    6013153    410      47  59957      0.35439      0.11346    1.8263e-14      0.35439
_SET2_   ENSG00000125730    19    6642715    6765573    475      71  59957      0.83412     0.032193    1.8319e-14      0.83412
_SET2_   ENSG00000080511    19   10088925   10167955    416      66  59957      0.30114      0.10071    1.8263e-14      0.30114
_SET2_   ENSG00000090339    19   10346511   10432291    256      51  59957       2.8545   6.3051e-05    1.8208e-14       2.8545
_SET2_   ENSG00000105376    19   10365657   10442454    251      52  59957       2.9102   5.3177e-05    1.8208e-14       2.9102
_SET2_   ENSG00000076662    19   10409452   10485499    251      43  59957       2.7446   0.00013839    1.8208e-14       2.7446
_SET2_   ENSG00000130164    19   11165038   11279492    491      49  59957     -0.20389      0.24955    1.8291e-14     -0.20389
_SET2_   ENSG00000104889    19   12882394   12959452    209      26  59957       0.2669      0.18043    1.8263e-14       0.2669
_SET2_   ENSG00000160888    19   13226229   13300722    197      44  59957      -1.8527      0.81406    1.8208e-14      -1.8527
_SET2_   ENSG00000127220    19   17367940   17456045    348      31  59957     -0.35454      0.31714    1.8263e-14     -0.35454
_SET2_   ENSG00000105649    19   18272594   18349884    216      28  59957      -1.2906      0.63702    1.8208e-14      -1.2906
_SET2_   ENSG00000221983    19   18647540   18723360    224      28  59957    -0.095261       0.2051    1.8291e-14    -0.095261
_SET2_   ENSG00000186010    19   19591545   19679285    209      26  59957       1.5401     0.009513    1.8208e-14       1.5401
_SET2_   ENSG00000130876    19   33664570   33751756    337      63  59957       5.1328   5.1794e-10    1.8652e-14       5.1328
_SET2_   ENSG00000178982    19   39074735   39162595    200      36  59957       1.7709    0.0047938    1.8208e-14       1.7709
_SET2_   ENSG00000197782    19   40540059   40631845    334      20  59957      -1.7544      0.91231    1.8208e-14      -1.7544
_SET2_   ENSG00000105767    19   44091520   44178991    236      44  59957       1.2428     0.014944    1.8208e-14       1.2428
_SET2_   ENSG00000011422    19   44115247   44209699    345      60  59957      0.96334     0.026952    1.8319e-14      0.96334
_SET2_   ENSG00000130751    19   47488077   47584033    256      54  59957      0.48616     0.070015    1.8263e-14      0.48616
_SET2_   ENSG00000087088    19   49423072   49500055    249      50  59957     -0.14817      0.21433    1.8291e-14     -0.14817
_SET2_   ENSG00000170954    19   53576132   53671330    459      56  59957      -1.2995      0.63372    1.8208e-14      -1.2995
_SET2_   ENSG00000179820    19   54334477   54414691    182      48  59957     0.018698      0.17596    1.8287e-14     0.018698
_SET2_   ENSG00000095752    19   55840757   55916831    306      48  59957      0.34797      0.11121    1.8263e-14      0.34797
_SET2_   ENSG00000101266    20     424116     559465    421      68  59957       -1.415      0.68101    1.8208e-14       -1.415
_SET2_   ENSG00000125818    20    1058906    1195596    414      68  59957       1.1091     0.021591    1.8208e-14       1.1091
_SET2_   ENSG00000132669    20   19832165   20018101    710     109  59957     -0.93152      0.46809    1.8319e-14     -0.93152
_SET2_   ENSG00000088325    20   30292074   30424608    291      19  59957     -0.12403      0.29547    1.8291e-14     -0.12403
_SET2_   ENSG00000125977    20   32641104   32735138    149      19  59957     -0.52635      0.37878    1.8319e-14     -0.52635
_SET2_   ENSG00000078747    20   32916041   33134198    432      29  59957    -0.029892         0.22    1.8287e-14    -0.029892
_SET2_   ENSG00000166619    20   36085874   36191333    197      28  59957      -1.2776      0.67125    1.8208e-14      -1.2776
_SET2_   ENSG00000101470    20   44416853   44497384    288      29  59957      -0.5371      0.39889    1.8319e-14      -0.5371
_SET2_   ENSG00000101473    20   44435360   44521045    287      26  59957     -0.11997      0.24981    1.8291e-14     -0.11997
_SET2_   ENSG00000101096    20   49968494   50214370    879     122  59957      0.03631      0.14987    1.8291e-14      0.03631
_SET2_   ENSG00000124098    20   54898971   54978719    259      36  59957       1.2408     0.019473    1.8208e-14       1.2408
_SET2_   ENSG00000124253    20   56101136   56176513    355      47  59957      0.16057      0.13214    1.8291e-14      0.16057
_SET2_   ENSG00000130702    20   60848011   60977368    572      41  59957      0.85461     0.049501    1.8319e-14      0.85461
_SET2_   ENSG00000092758    20   61412596   61507511    462      65  59957     -0.92095      0.50904    1.8319e-14     -0.92095
_SET2_   ENSG00000125508    20   62137163   62213857    378      54  59957       5.0295   2.7277e-09    1.8652e-14       5.0295
_SET2_   ENSG00000101246    20   62294996   62374377    289      24  59957       6.2806   1.0032e-12    1.8652e-14       6.2806
_SET2_   ENSG00000156273    21   30531392   31038071   1292      87  59957       2.1825    0.0014029    1.8208e-14       2.1825
_SET2_   ENSG00000159110    21   34567206   34672980    444      47  59957     -0.63954      0.38581    1.8319e-14     -0.63954
_SET2_   ENSG00000157557    21   40142231   40231879    318      25  59957       2.8596   0.00010821    1.8208e-14       2.8596
_SET2_   ENSG00000183421    21   43124529   43222266    554      74  59957     -0.59757      0.36109    1.8319e-14     -0.59757
_SET2_   ENSG00000160179    21   43584799   43752354    737      91  59957     -0.21987      0.23444    1.8291e-14     -0.21987
_SET2_   ENSG00000160282    21   47521176   47610481    517      46  59957     -0.68839      0.45408    1.8319e-14     -0.68839
_SET2_   ENSG00000099956    22   24094150   24211703    648      39  59957       2.4621   0.00078571    1.8208e-14       2.4621
_SET2_   ENSG00000100350    22   36848237   36938148    463      47  59957      -2.5211      0.95926    1.8208e-14      -2.5211
_SET2_   ENSG00000100385    22   37486878   37606094    464      78  59957      -1.2488      0.57618    1.8208e-14      -1.2488
_SET2_   ENSG00000100129    22   38209875   38320414    210      29  59957     -0.51369      0.36179    1.8319e-14     -0.51369
_SET2_   ENSG00000100316    22   39673887   39751394    323      30  59957       7.0168    2.522e-15    1.8652e-14       7.0168
_SET2_   ENSG00000100346    22   39931758   40120742    506      52  59957     -0.26182      0.25658    1.8263e-14     -0.26182
_SET2_   ENSG00000093000    22   45524722   45618896    403      38  59957     -0.40753      0.32116    1.8263e-14     -0.40753
_SET2_   ENSG00000100425    22   50131931   50256160    464      40  59957       2.0144    0.0038267    1.8208e-14       2.0144
