# ALPHA = 0.05
# NUMBER_OF_TESTS = 5878

# _SET1_  VARIABLE = FLECHNER_BIOPSY_KIDNEY_TRANSPLANT_OK_VS_DONOR_UP (set)
# _SET1_  NGENES = 504
# _SET1_  P-VALUE = 1.35578e-06
_SET1_   GENE              CHR      START       STOP  NSNPS  NPARAM       N        ZSTAT            P  ZFITTED_BASE  ZRESID_BASE
_SET1_   ENSG00000127472     1   20319672   20452683    438      40  195813      -1.7952      0.95319    8.5709e-14      -1.7952
_SET1_   ENSG00000158825     1   20880441   20980401    503      30  195813     -0.13684      0.47981    8.5626e-14     -0.13684
_SET1_   ENSG00000070831     1   22344120   22454437    403      25  195813       0.4474      0.26799    8.5598e-14       0.4474
_SET1_   ENSG00000162552     1   22408798   22505462    340      41  195813     -0.31469      0.59293    8.5598e-14     -0.31469
_SET1_   ENSG00000117632     1   26175672   26268482    121      11  195813      0.62315      0.19499    8.5598e-14      0.62315
_SET1_   ENSG00000130695     1   26525691   26640299    400      17  195813     -0.22991      0.49901    8.5626e-14     -0.22991
_SET1_   ENSG00000116350     1   29439255   29543499    250      28  195813     -0.89777      0.78894    8.5598e-14     -0.89777
_SET1_   ENSG00000116514     1   33367046   33465286    184      19  195813      0.97237       0.1295    8.5598e-14      0.97237
_SET1_   ENSG00000188910     1   35211790   35286970    285      35  195813      0.33067      0.32125    8.5598e-14      0.33067
_SET1_   ENSG00000116922     1   38112242   38192914    258      28  195813     -0.63645      0.68698    8.5598e-14     -0.63645
_SET1_   ENSG00000010803     1   41457872   41742826    734      26  195813    -0.081199      0.45455    8.5612e-14    -0.081199
_SET1_   ENSG00000132781     1   45759835   45841142    114      22  195813       1.5379     0.050825    8.5709e-14       1.5379
_SET1_   ENSG00000117450     1   45941708   46023719    187      12  195813     -0.11604      0.44549    8.5612e-14     -0.11604
_SET1_   ENSG00000123080     1   51391417   51475305    122      15  195813       1.9931     0.016051    8.5709e-14       1.9931
_SET1_   ENSG00000143006     1   53890072   53968161    259      18  195813     -0.69123      0.71969    8.5598e-14     -0.69123
_SET1_   ENSG00000058804     1   54196133   54339533    281      25  195813      0.99666      0.13214    8.5598e-14      0.99666
_SET1_   ENSG00000157216     1   54656105   54914152    798      85  195813      -2.3033      0.98903    8.5709e-14      -2.3033
_SET1_   ENSG00000162409     1   57075995   57216008    515      41  195813       -1.156      0.84402    8.5709e-14       -1.156
_SET1_   ENSG00000203965     1   63954043   64073364    295      15  195813     -0.67419      0.66704    8.5598e-14     -0.67419
_SET1_   ENSG00000162434     1   65263912   65467187    512      33  195813      0.04984      0.43542    8.5619e-14      0.04984
_SET1_   ENSG00000116729     1   68529142   68733803    793      84  195813       1.8406     0.033833    8.5709e-14       1.8406
_SET1_   ENSG00000137960     1   78410226   78639133    647      38  195813      -1.3755      0.89423    8.5709e-14      -1.3755
_SET1_   ENSG00000117155     1   85074390   85191486    295      26  195813     -0.43228      0.62201    8.5598e-14     -0.43228
_SET1_   ENSG00000069702     1   92110902   92406892   1068      83  195813       2.6592    0.0035759    8.5709e-14       2.6592
_SET1_   ENSG00000117500     1   93580299   93681285    203      19  195813      0.55801      0.23518    8.5598e-14      0.55801
_SET1_   ENSG00000121957     1  109382972  109512167    442      29  195813     -0.74526      0.72654    8.5598e-14     -0.74526
_SET1_   ENSG00000134184     1  110195436  110286661    268      37  195813       1.0655      0.12037    8.5709e-14       1.0655
_SET1_   ENSG00000134245     1  112974163  113107787    304      33  195813      -2.0915      0.97482    8.5709e-14      -2.0915
_SET1_   ENSG00000213190     1  150995234  151075970    199      27  195813       1.4129     0.069076    8.5709e-14       1.4129
_SET1_   ENSG00000160688     1  154920814  155000587     94      17  195813       2.5318    0.0044525    8.5709e-14       2.5318
_SET1_   ENSG00000185630     1  164489821  164903533   1222     124  195813     0.046196      0.51201    8.5619e-14     0.046196
_SET1_   ENSG00000143171     1  165335159  165449433    453      54  195813     -0.43928      0.64508    8.5598e-14     -0.43928
_SET1_   ENSG00000198821     1  167364877  167522847    553      89  195813     -0.60709      0.73987    8.5598e-14     -0.60709
_SET1_   ENSG00000174175     1  169523087  169634431    449      40  195813      0.57086      0.23852    8.5598e-14      0.57086
_SET1_   ENSG00000058085     1  183120373  183249035    407      27  195813       2.5984     0.002926    8.5709e-14       2.5984
_SET1_   ENSG00000162630     1  193113175  193190784    184      18  195813      0.28718      0.33665    8.5598e-14      0.28718
_SET1_   ENSG00000143476     1  212173919  212315742    462      37  195813     -0.90261      0.79845    8.5598e-14     -0.90261
_SET1_   ENSG00000162772     1  212703676  212829119    430      57  195813      -1.0424      0.84301    8.5709e-14      -1.0424
_SET1_   ENSG00000136636     1  215705735  215830149     93      25  195813      -1.6769      0.94884    8.5709e-14      -1.6769
_SET1_   ENSG00000116141     1  220666568  220872803    462      24  195813      -2.8887       0.9973    8.5709e-14      -2.8887
_SET1_   ENSG00000143819     1  225962794  226068260    395      42  195813     -0.40213      0.61554    8.5598e-14     -0.40213
_SET1_   ENSG00000143799     1  226513392  226630780    353      24  195813      0.46523      0.25378    8.5598e-14      0.46523
_SET1_   ENSG00000135744     1  230803269  230885043    403      35  195813       1.3014     0.077608    8.5709e-14       1.3014
_SET1_   ENSG00000135750     1  233714750  233843258    502      69  195813      0.53631      0.28467    8.5598e-14      0.53631
_SET1_   ENSG00000143669     1  235789341  236081940    488      26  195813     -0.59649      0.64583    8.5598e-14     -0.59649
_SET1_   ENSG00000151360     2    3670785    3785261    447      47  195813      0.49573      0.27589    8.5598e-14      0.49573
_SET1_   ENSG00000071575     2   12822015   12917860    235      29  195813       1.1985     0.088931    8.5709e-14       1.1985
_SET1_   ENSG00000115129     2   24265303   24343731    243      15  195813       1.9523     0.015854    8.5709e-14       1.9523
_SET1_   ENSG00000084733     2   26221976   26395323    372      19  195813     -0.55614      0.65017    8.5598e-14     -0.55614
_SET1_   ENSG00000138030     2   27274615   27358640    134      17  195813       1.0968       0.1026    8.5709e-14       1.0968
_SET1_   ENSG00000115234     2   27558389   27634995     96      12  195813      0.60657      0.21302    8.5598e-14      0.60657
_SET1_   ENSG00000152147     2   38943676   39047142    224      17  195813      -1.4251      0.88794    8.5709e-14      -1.4251
_SET1_   ENSG00000138079     2   44467599   44583633    352      22  195813      0.30969      0.31044    8.5598e-14      0.30969
_SET1_   ENSG00000116016     2   46485806   46648836    611      65  195813     -0.43875      0.64424    8.5598e-14     -0.43875
_SET1_   ENSG00000095002     2   47595108   47824450    748      66  195813     -0.25941      0.58584    8.5598e-14     -0.25941
_SET1_   ENSG00000068878     2   54056204   54232977    521      25  195813     -0.61162      0.66026    8.5598e-14     -0.61162
_SET1_   ENSG00000143995     2   66625584   66836001    470      65  195813      0.14959      0.42787    8.5626e-14      0.14959
_SET1_   ENSG00000221823     2   68370989   68518369    273      13  195813      0.46279      0.23269    8.5598e-14      0.46279
_SET1_   ENSG00000176407     2   85163216   85321595    316      29  195813      -1.9336      0.96459    8.5709e-14      -1.9336
_SET1_   ENSG00000152291     2   85510147   85590548    273      28  195813     -0.79965      0.74052    8.5598e-14     -0.79965
_SET1_   ENSG00000168887     2   85798777   85874189    160      25  195813       4.9982   1.6888e-07    8.5265e-14       4.9982
_SET1_   ENSG00000153561     2   86912296   87040164    196      21  195813      -1.4061       0.8941    8.5709e-14      -1.4061
_SET1_   ENSG00000144028     2   96905074   97006297     99      15  195813      0.94931       0.1367    8.5598e-14      0.94931
_SET1_   ENSG00000158417     2   99918816  100052789    323      19  195813     -0.75272      0.70242    8.5598e-14     -0.75272
_SET1_   ENSG00000153094     2  111841955  111961024    290      26  195813       1.5926     0.037946    8.5709e-14       1.5926
_SET1_   ENSG00000115091     2  114612537  114755173    455      24  195813    -0.050581      0.47238    8.5619e-14    -0.050581
_SET1_   ENSG00000121966     2  136836919  136910735    114      15  195813       1.2282     0.079911    8.5709e-14       1.2282
_SET1_   ENSG00000150540     2  138686590  138808930    267      25  195813      -3.1751      0.99923    8.5709e-14      -3.1751
_SET1_   ENSG00000123609     2  152091979  152181571    278      14  195813       1.0796     0.089691    8.5709e-14       1.0796
_SET1_   ENSG00000115290     2  165314322  165513358    386      42  195813      0.60347      0.23686    8.5598e-14      0.60347
_SET1_   ENSG00000136531     2  166060912  166283818    584      40  195813      0.35879      0.30399    8.5598e-14      0.35879
_SET1_   ENSG00000115806     2  171749974  171858639    246      20  195813      -1.7604      0.94242    8.5709e-14      -1.7604
_SET1_   ENSG00000115844     2  172929167  173002628    241      42  195813     0.010027      0.47526    8.5619e-14     0.010027
_SET1_   ENSG00000152256     2  173385101  173524823    526      23  195813     -0.41876      0.60407    8.5598e-14     -0.41876
_SET1_   ENSG00000170144     2  178042291  178123686    110      15  195813     -0.14957      0.50524    8.5626e-14     -0.14957
_SET1_   ENSG00000115232     2  182286929  182435914    424      42  195813       1.2976       0.0773    8.5709e-14       1.2976
_SET1_   ENSG00000168542     2  189804046  189912472    307      38  195813     -0.28415      0.58154    8.5598e-14     -0.28415
_SET1_   ENSG00000114948     2  207273263  207520851    565      49  195813      -2.0031      0.97388    8.5709e-14      -2.0031
_SET1_   ENSG00000078018     2  210253782  210633842   1008      32  195813   -0.0069031      0.44428    8.5618e-14   -0.0069031
_SET1_   ENSG00000178568     2  212205446  213438565   4758     206  195813      0.59702      0.32957    8.5598e-14      0.59702
_SET1_   ENSG00000115414     2  216190163  216335895    467      39  195813       2.4019    0.0053129    8.5709e-14       2.4019
_SET1_   ENSG00000118242     2  216774213  216933819    580      81  195813     -0.06394       0.5217    8.5612e-14     -0.06394
_SET1_   ENSG00000135913     2  219279974  219468084    294       8  195813     -0.69303      0.64503    8.5598e-14     -0.69303
_SET1_   ENSG00000135919     2  224804829  224939036    456      41  195813      0.17802      0.37956    8.5626e-14      0.17802
_SET1_   ENSG00000169047     2  227561033  227699475    279      25  195813     -0.66108      0.75211    8.5598e-14     -0.66108
_SET1_   ENSG00000134107     3    4985801    5062008    273      35  195813      0.26297      0.35864    8.5598e-14      0.26297
_SET1_   ENSG00000254999     3   10122276   10203874    288      16  195813     -0.16205      0.49124    8.5626e-14     -0.16205
_SET1_   ENSG00000134070     3   10171549   10320427    508      43  195813       1.2522     0.083188    8.5709e-14       1.2522
_SET1_   ENSG00000088726     3   12740024   12845956    360      27  195813      0.66702      0.19726    8.5598e-14      0.66702
_SET1_   ENSG00000154764     3   13822755   13956618    464      63  195813       0.2017      0.39808    8.5626e-14       0.2017
_SET1_   ENSG00000114166     3   20046515   20230896    724      42  195813      0.45343      0.27252    8.5598e-14      0.45343
_SET1_   ENSG00000144655     3   39148346   39231053    242      32  195813     0.031508      0.44411    8.5619e-14     0.031508
_SET1_   ENSG00000144648     3   42811244   42964466    350      32  195813      -1.0271      0.81273    8.5709e-14      -1.0271
_SET1_   ENSG00000163808     3   44768209   44949868    395      27  195813      0.45988      0.26774    8.5598e-14      0.45988
_SET1_   ENSG00000160791     3   46376633   46452697    241      23  195813      0.77133       0.1741    8.5598e-14      0.77133
_SET1_   ENSG00000172037     3   49123547   49205551     83      13  195813      0.92526      0.14106    8.5598e-14      0.92526
_SET1_   ENSG00000173402     3   49471146   49608048    208      18  195813       3.6146   6.7302e-05    8.5709e-14       3.6146
_SET1_   ENSG00000114353     3   50228724   50331787    125      25  195813      0.76202      0.21075    8.5598e-14      0.76202
_SET1_   ENSG00000068028     3   50332219   50413411     92      19  195813      0.62576      0.27595    8.5598e-14      0.62576
_SET1_   ENSG00000172340     3   67375884   67740038   1362      66  195813    0.0014619       0.4659    8.5619e-14    0.0014619
_SET1_   ENSG00000163378     3   68989365   69098112    299      26  195813      -1.4419      0.89744    8.5709e-14      -1.4419
_SET1_   ENSG00000114480     3   81503850   81846312    674      34  195813       2.5952    0.0028851    8.5709e-14       2.5952
_SET1_   ENSG00000083937     3   87241421   87339698    261      20  195813        1.537      0.04421    8.5709e-14        1.537
_SET1_   ENSG00000121552     3  122009091  122095819    293      26  195813     -0.11389      0.48885    8.5612e-14     -0.11389
_SET1_   ENSG00000114023     3  122068023  122166181    266      21  195813       -1.845      0.95188    8.5709e-14       -1.845
_SET1_   ENSG00000173175     3  122966143  123203605    542      33  195813      -2.2531      0.98081    8.5709e-14      -2.2531
_SET1_   ENSG00000154917     3  133508083  133649680    429      63  195813      0.26007      0.38344    8.5598e-14      0.26007
_SET1_   ENSG00000113810     3  160082062  160187750    197      23  195813     -0.72634      0.71934    8.5598e-14     -0.72634
_SET1_   ENSG00000173905     3  167691465  167848763    449      27  195813      -1.7326      0.94086    8.5709e-14      -1.7326
_SET1_   ENSG00000008952     3  169649423  169751161    263      17  195813      0.15973      0.35391    8.5626e-14      0.15973
_SET1_   ENSG00000136603     3  170040466  170149623    303      24  195813     -0.20306      0.52633    8.5626e-14     -0.20306
_SET1_   ENSG00000075651     3  171283195  171563740    843      32  195813        1.896     0.018014    8.5709e-14        1.896
_SET1_   ENSG00000121858     3  172188298  172276297    370      33  195813       1.8406     0.022898    8.5709e-14       1.8406
_SET1_   ENSG00000114346     3  172433472  172574264    333      19  195813    -0.016806       0.4208    8.5619e-14    -0.016806
_SET1_   ENSG00000169760     3  173079074  174039434   2641     138  195813     -0.42657      0.70409    8.5598e-14     -0.42657
_SET1_   ENSG00000197584     3  177955720  178597217   1901      95  195813     -0.34309      0.62678    8.5598e-14     -0.34309
_SET1_   ENSG00000114770     3  183602722  183770803    540      27  195813       -1.231      0.84665    8.5709e-14       -1.231
_SET1_   ENSG00000175182     3  184018714  184099063    172      35  195813      -1.2151      0.87389    8.5709e-14      -1.2151
_SET1_   ENSG00000114859     3  184028973  184114439    192      40  195813      -1.0658      0.84428    8.5709e-14      -1.0658
_SET1_   ENSG00000163923     3  186803736  186933696    383      57  195813     -0.66846      0.73245    8.5598e-14     -0.66846
_SET1_   ENSG00000186001     3  197483097  197650307    402      34  195813     -0.13841        0.526    8.5626e-14     -0.13841
_SET1_   ENSG00000159674     4    1125720    1237750    335      29  195813      0.29536      0.33483    8.5598e-14      0.29536
_SET1_   ENSG00000068078     4    1760034    1845599    144      32  195813       1.6012     0.047265    8.5709e-14       1.6012
_SET1_   ENSG00000087274     4    2810584    2966803    456      46  195813     -0.87234        0.784    8.5598e-14     -0.87234
_SET1_   ENSG00000170801     4    8236492    8343838    562      52  195813     -0.22419      0.54501    8.5626e-14     -0.22419
_SET1_   ENSG00000169744     4   16468164   16935432   1375     129  195813      -0.4296      0.69944    8.5598e-14      -0.4296
_SET1_   ENSG00000134853     4   55060264   55199414    358      26  195813     -0.30779      0.54728    8.5598e-14     -0.30779
_SET1_   ENSG00000081041     4   74927752   75000010     67      11  195813      0.82792      0.16014    8.5598e-14      0.82792
_SET1_   ENSG00000169245     4   76907273   76979650    352      12  195813      -1.1788      0.80962    8.5709e-14      -1.1788
_SET1_   ENSG00000152583     4   88359487   88487213    401      24  195813      0.88502      0.13567    8.5598e-14      0.88502
_SET1_   ENSG00000138821     4  103137198  103387415    875      44  195813      -1.8761      0.95659    8.5709e-14      -1.8761
_SET1_   ENSG00000109320     4  103387486  103573459    485      24  195813      0.69784      0.17852    8.5598e-14      0.69784
_SET1_   ENSG00000138795     4  108933701  109125112    441      32  195813      -1.8975      0.96172    8.5709e-14      -1.8975
_SET1_   ENSG00000138798     4  110799040  110968422    411      25  195813      0.56248      0.22671    8.5598e-14      0.56248
_SET1_   ENSG00000164056     4  124282950  124359910    220      38  195813      0.45877      0.29643    8.5598e-14      0.45877
_SET1_   ENSG00000153132     4  141274609  141384122    291      17  195813     -0.62517      0.69606    8.5598e-14     -0.62517
_SET1_   ENSG00000181541     4  151468077  151540843    124      16  195813   -0.0024973      0.44707    8.5619e-14   -0.0024973
_SET1_   ENSG00000121211     4  154230801  154371270    445      34  195813     -0.15621      0.52059    8.5626e-14     -0.15621
_SET1_   ENSG00000171557     4  155490286  155569119    131      25  195813     -0.79625       0.7452    8.5598e-14     -0.79625
_SET1_   ENSG00000038002     4  178316924  178398657    216      32  195813     -0.97783      0.80294    8.5598e-14     -0.97783
_SET1_   ENSG00000145476     4  187077674  187169610    358      29  195813       1.6637     0.032217    8.5709e-14       1.6637
_SET1_   ENSG00000113595     5   64850507   64956802    333      13  195813      0.66322      0.17384    8.5598e-14      0.66322
_SET1_   ENSG00000145675     5   67476548   67632649    451      63  195813       2.4005    0.0077539    8.5709e-14       2.4005
_SET1_   ENSG00000131711     5   71368061   71540395    435      67  195813      0.46839      0.31141    8.5598e-14      0.46839
_SET1_   ENSG00000157107     5   72216808   72421349    353      18  195813      0.48157      0.23978    8.5598e-14      0.48157
_SET1_   ENSG00000214944     5   72886983   73272818   1255      82  195813     -0.23566      0.57502    8.5626e-14     -0.23566
_SET1_   ENSG00000118985     5   95185802   95332775    355      29  195813      0.70876       0.1994    8.5598e-14      0.70876
_SET1_   ENSG00000153113     5   95825971   96150299   1190      75  195813      0.28843      0.36327    8.5598e-14      0.28843
_SET1_   ENSG00000164307     5   96061521   96178803    503      25  195813       1.3381     0.061778    8.5709e-14       1.3381
_SET1_   ENSG00000164308     5   96176643   96290420    531      22  195813       1.8906     0.016804    8.5709e-14       1.8906
_SET1_   ENSG00000145780     5  114821608  114915591    204      28  195813      -1.4943      0.91423    8.5709e-14      -1.4943
_SET1_   ENSG00000113522     5  131856711  132015313    227      18  195813      0.77041      0.17247    8.5598e-14      0.77041
_SET1_   ENSG00000031003     5  137238649  137422650    404      20  195813     -0.22058      0.50608    8.5626e-14     -0.22058
_SET1_   ENSG00000113013     5  137855571  137946133    175      17  195813     -0.33376      0.55866    8.5598e-14     -0.33376
_SET1_   ENSG00000044115     5  137911656  138305723    666      40  195813       1.3339     0.068498    8.5709e-14       1.3339
_SET1_   ENSG00000170458     5  139976313  140048286    162      16  195813     -0.78568      0.71862    8.5598e-14     -0.78568
_SET1_   ENSG00000113580     5  142622496  142850077    410      35  195813     -0.20147      0.52022    8.5626e-14     -0.20147
_SET1_   ENSG00000155850     5  149305300  149408018    231      30  195813       1.8638     0.023064    8.5709e-14       1.8638
_SET1_   ENSG00000211445     5  150365124  150443554    261      32  195813     -0.66882      0.71026    8.5598e-14     -0.66882
_SET1_   ENSG00000113140     5  151005657  151101726    249      33  195813      0.42194      0.28765    8.5598e-14      0.42194
_SET1_   ENSG00000113263     5  156534944  156717201    640      52  195813      0.43485      0.30248    8.5598e-14      0.43485
_SET1_   ENSG00000184845     5  174832042  174906211    263      38  195813    -0.033427      0.46627    8.5619e-14    -0.033427
_SET1_   ENSG00000169131     5  178103593  178192703    340      20  195813      -1.1603      0.82575    8.5709e-14      -1.1603
_SET1_   ENSG00000054598     6    1575681    1649127    240      59  195813       2.8039    0.0023608    8.5709e-14       2.8039
_SET1_   ENSG00000021355     6    2797566    2877240    382      37  195813      0.11304      0.39968    8.5612e-14      0.11304
_SET1_   ENSG00000137275     6    3029225    3150421    319      36  195813      -1.3785       0.8953    8.5709e-14      -1.3785
_SET1_   ENSG00000137266     6    3234196    3492256   1032      71  195813     -0.93028      0.80587    8.5598e-14     -0.93028
_SET1_   ENSG00000124787     6    4959966    5039297    370      18  195813     -0.48816      0.60389    8.5598e-14     -0.48816
_SET1_   ENSG00000096696     6    7506808    7621950    418      44  195813     -0.33786      0.58478    8.5598e-14     -0.33786
_SET1_   ENSG00000165097     6   18120560   18259084    450      47  195813      -1.3652      0.90284    8.5709e-14      -1.3652
_SET1_   ENSG00000111801     6   26405700   26488643    309      23  195813     -0.61965      0.67818    8.5598e-14     -0.61965
_SET1_   ENSG00000112763     6   26423150   26511849    308      23  195813     -0.78917      0.73656    8.5598e-14     -0.78917
_SET1_   ENSG00000204642     6   29655552   29741305    172      21  195813      -1.0132      0.82866    8.5709e-14      -1.0132
_SET1_   ENSG00000196126     6   32511546   32592625   2167      23  195813      0.38607      0.24848    8.5598e-14      0.38607
_SET1_   ENSG00000204257     6   32881390   32971871    155      37  195813     -0.79737      0.82871    8.5598e-14     -0.79737
_SET1_   ENSG00000112039     6   35385138   35469880    268      31  195813       1.1177       0.1274    8.5709e-14       1.1177
_SET1_   ENSG00000198755     6   35401185   35473562    238      38  195813       1.2144      0.11303    8.5709e-14       1.2144
_SET1_   ENSG00000156711     6   36060586   36142842    146      25  195813       1.2164      0.09179    8.5709e-14       1.2164
_SET1_   ENSG00000124762     6   36609305   36690116    321      32  195813      0.85359      0.15991    8.5598e-14      0.85359
_SET1_   ENSG00000112561     6   41616716   41738997    416      64  195813      0.83087      0.19641    8.5598e-14      0.83087
_SET1_   ENSG00000112658     6   43104037   43184243    179      20  195813      0.95602      0.15976    8.5598e-14      0.95602
_SET1_   ENSG00000112759     6   44152242   44236888    244      51  195813      -0.3156      0.60459    8.5598e-14      -0.3156
_SET1_   ENSG00000180113     6   46620612   46707056    133      21  195813       1.2634      0.08047    8.5709e-14       1.2634
_SET1_   ENSG00000112742     6   80678604   80787244    401      22  195813      0.79089       0.1556    8.5598e-14      0.79089
_SET1_   ENSG00000057657     6  106499195  106592814    245      43  195813       1.4858      0.06038    8.5709e-14       1.4858
_SET1_   ENSG00000010810     6  111946535  112229655    899      50  195813      0.77952      0.18758    8.5598e-14      0.77952
_SET1_   ENSG00000196591     6  114219192  114367472    441      37  195813       1.0047      0.12371    8.5709e-14       1.0047
_SET1_   ENSG00000152661     6  121721838  121805873    350      29  195813       1.7333     0.029382    8.5709e-14       1.7333
_SET1_   ENSG00000135549     6  122758076  123082518    884      48  195813     -0.28422      0.55916    8.5598e-14     -0.28422
_SET1_   ENSG00000164442     6  139658393  139730757    205      35  195813     -0.23738      0.55131    8.5626e-14     -0.23738
_SET1_   ENSG00000120265     6  150035579  150167556    271       7  195813       1.2645     0.054963    8.5709e-14       1.2645
_SET1_   ENSG00000272047     6  158554384  158655376    374      29  195813       -0.803      0.74068    8.5598e-14       -0.803
_SET1_   ENSG00000112096     6  160055089  160218561    558      26  195813        0.696       0.1827    8.5598e-14        0.696
_SET1_   ENSG00000197081     6  160355131  160569539    563      51  195813       3.4134   0.00024736    8.5709e-14       3.4134
_SET1_   ENSG00000136238     7    6379154    6478608    473      30  195813       1.7434     0.028913    8.5709e-14       1.7434
_SET1_   ENSG00000122592     7   27158335   27232555    171      30  195813      0.84839      0.18782    8.5598e-14      0.84839
_SET1_   ENSG00000164742     7   45578739   45797715    676      57  195813      0.38771      0.32706    8.5598e-14      0.38771
_SET1_   ENSG00000146674     7   45916949   45996473    205      32  195813      0.81683      0.17598    8.5598e-14      0.81683
_SET1_   ENSG00000158321     7   69028905   70293054   2883      93  195813       1.2869      0.10235    8.5709e-14       1.2869
_SET1_   ENSG00000127948     7   75493518   75651173    313      44  195813     -0.13654      0.52265    8.5626e-14     -0.13654
_SET1_   ENSG00000170027     7   75921116   76023348    291      24  195813    0.0084444      0.42749    8.5619e-14    0.0084444
_SET1_   ENSG00000127955     7   79728271   79883718    416      49  195813       1.0192      0.13712    8.5709e-14       1.0192
_SET1_   ENSG00000019991     7   81293322   81434754    326      32  195813      0.10775      0.41086    8.5612e-14      0.10775
_SET1_   ENSG00000001630     7   91706465   91807266    183       9  195813      0.24141      0.30045    8.5626e-14      0.24141
_SET1_   ENSG00000105810     7   92199235   92500908    428      48  195813       2.0445     0.020245    8.5709e-14       2.0445
_SET1_   ENSG00000004948     7   93018799   93239042    597      40  195813     -0.12748      0.48966    8.5626e-14     -0.12748
_SET1_   ENSG00000004799     7   95177811   95260803    348      24  195813      -1.4698      0.89778    8.5709e-14      -1.4698
_SET1_   ENSG00000070669     7   97446430   97536854    290      23  195813      0.36323      0.29284    8.5598e-14      0.36323
_SET1_   ENSG00000198742     7   98590061   98776723    397      38  195813       1.2563     0.089447    8.5709e-14       1.2563
_SET1_   ENSG00000160862     7   99529343   99608780    194      24  195813       3.1022   0.00054639    8.5709e-14       3.1022
_SET1_   ENSG00000166508     7   99655351   99734563    136      20  195813       2.1326     0.011733    8.5709e-14       2.1326
_SET1_   ENSG00000091136     7  107529244  107678700    353      43  195813      0.88708      0.15838    8.5598e-14      0.88708
_SET1_   ENSG00000135241     7  108075866  108245110    510      23  195813      0.58875      0.21149    8.5598e-14      0.58875
_SET1_   ENSG00000128512     7  111331166  111881466   1335     131  195813      0.22038      0.45173    8.5626e-14      0.22038
_SET1_   ENSG00000135272     7  114527209  114694256    365      42  195813     -0.76057        0.753    8.5598e-14     -0.76057
_SET1_   ENSG00000105971     7  115892434  116183595    878      42  195813       1.5867     0.040957    8.5709e-14       1.5867
_SET1_   ENSG00000001626     7  117070838  117391025    598      30  195813       1.3892     0.059186    8.5709e-14       1.3892
_SET1_   ENSG00000178826     7  142942050  143020141     62      20  195813      -1.6734      0.95211    8.5709e-14      -1.6734
_SET1_   ENSG00000106462     7  148469475  148616413    332      28  195813      0.25085      0.34511    8.5598e-14      0.25085
_SET1_   ENSG00000106615     7  151128098  151252206    319      34  195813    -0.080613      0.47791    8.5612e-14    -0.080613
_SET1_   ENSG00000078579     8   16814678   16894690    514      41  195813     -0.27431      0.56168    8.5598e-14     -0.27431
_SET1_   ENSG00000168487     8   21987249   22104839    314      45  195813       2.6114    0.0037539    8.5709e-14       2.6114
_SET1_   ENSG00000104765     8   26205414   26398152    716      71  195813       2.4789    0.0060026    8.5709e-14       2.4789
_SET1_   ENSG00000157168     8   31461902   32657548   4042     151  195813     -0.35986      0.67952    8.5598e-14     -0.35986
_SET1_   ENSG00000104388     8   61394416   61571186    414      18  195813      -1.7304      0.93172    8.5709e-14      -1.7304
_SET1_   ENSG00000104442     8   66479694   66581442    398      16  195813      -1.1933      0.82702    8.5709e-14      -1.1933
_SET1_   ENSG00000104205     8   67589653   67809257    385      14  195813      -1.0358       0.8771    8.5709e-14      -1.0358
_SET1_   ENSG00000164687     8   82157598   82232012    122      16  195813      -1.4596      0.91487    8.5709e-14      -1.4596
_SET1_   ENSG00000147679     8  117743742  117896702    381      38  195813      0.13846      0.40336    8.5626e-14      0.13846
_SET1_   ENSG00000136960     8  120534326  120720693    454      42  195813      -2.6059      0.99335    8.5709e-14      -2.6059
_SET1_   ENSG00000156802     8  124297090  124463590    403      39  195813      0.10286      0.40521    8.5612e-14      0.10286
_SET1_   ENSG00000170873     8  125528031  125775730    965      99  195813       0.4246      0.34259    8.5598e-14       0.4246
_SET1_   ENSG00000120217     9    5415503    5505566    339      42  195813      0.40838      0.30069    8.5598e-14      0.40838
_SET1_   ENSG00000214042     9   21166468   21237204    384      14  195813     -0.72049      0.69148    8.5598e-14     -0.72049
_SET1_   ENSG00000197919     9   21405440   21476315    200      32  195813      0.15924      0.42587    8.5626e-14      0.15924
_SET1_   ENSG00000198467     9   35646989   35726017    198      28  195813      0.59347      0.23907    8.5598e-14      0.59347
_SET1_   ENSG00000122705     9   36155853   36339778    571      39  195813     -0.53482      0.65286    8.5598e-14     -0.53482
_SET1_   ENSG00000165059     9   71592469   71664039    207      45  195813      0.23442      0.38076    8.5626e-14      0.23442
_SET1_   ENSG00000165060     9   71615175   71750094    521      33  195813      -0.2626      0.53018    8.5598e-14      -0.2626
_SET1_   ENSG00000135070     9   88844461   88932676    171      18  195813      0.46857      0.25223    8.5598e-14      0.46857
_SET1_   ENSG00000165025     9   93529069   93695831    763      81  195813     -0.87224       0.8072    8.5598e-14     -0.87224
_SET1_   ENSG00000127083     9   95141527   95221743    234      20  195813     -0.33902      0.57903    8.5598e-14     -0.33902
_SET1_   ENSG00000136943     9   99759940   99836925    112      11  195813     -0.84538      0.74809    8.5598e-14     -0.84538
_SET1_   ENSG00000119508     9  102549137  102664173    177      23  195813      -1.3362      0.88167    8.5709e-14      -1.3362
_SET1_   ENSG00000148154     9  114624046  114732649    592      45  195813     -0.36829      0.59898    8.5598e-14     -0.36829
_SET1_   ENSG00000148218     9  116113597  116198613    335      50  195813    -0.049316      0.49446    8.5619e-14    -0.049316
_SET1_   ENSG00000165202     9  125341948  125413026    316      23  195813       1.2858     0.074624    8.5709e-14       1.2858
_SET1_   ENSG00000095319     9  131674978  131804375    164      13  195813     0.097884      0.37011    8.5612e-14     0.097884
_SET1_   ENSG00000130707     9  133285316  133411661    488      70  195813       1.0831      0.13381    8.5709e-14       1.0831
_SET1_   ENSG00000182154     9  140410651  140482007     72      11  195813     -0.42295      0.59916    8.5598e-14     -0.42295
_SET1_   ENSG00000181090     9  140478444  140799468    706      43  195813       1.9367      0.01888    8.5709e-14       1.9367
_SET1_   ENSG00000187134    10    4899796    5060475    800      49  195813       0.1853       0.3755    8.5626e-14       0.1853
_SET1_   ENSG00000136738    10   17651124   17792913    549      30  195813      -2.3301       0.9857    8.5709e-14      -2.3301
_SET1_   ENSG00000165997    10   18913334   19005568    363      38  195813      -1.3363      0.88571    8.5709e-14      -1.3363
_SET1_   ENSG00000099250    10   33431420   33660190    907      76  195813       2.6521    0.0037147    8.5709e-14       2.6521
_SET1_   ENSG00000150165    10   47122983   47209093      8       2  195813      0.41938      0.26306    8.5598e-14      0.41938
_SET1_   ENSG00000107643    10   49479698   49682403    515      26  195813      -1.7632      0.94428    8.5709e-14      -1.7632
_SET1_   ENSG00000122952    10   58081989   58156036    146      21  195813     -0.34282      0.58217    8.5598e-14     -0.34282
_SET1_   ENSG00000151150    10   61751056   62528248   2718      93  195813      0.66274      0.24822    8.5598e-14      0.66274
_SET1_   ENSG00000165732    10   70680884   70779829    296      22  195813      -0.8078      0.74893    8.5598e-14      -0.8078
_SET1_   ENSG00000138308    10   74659928   74749536     88      11  195813       2.1671    0.0092996    8.5709e-14       2.1671
_SET1_   ENSG00000107758    10   75161186   75290782     89       5  195813     -0.80294      0.80256    8.5598e-14     -0.80294
_SET1_   ENSG00000156110    10   75875960   76504061    997      24  195813       2.6602    0.0018767    8.5709e-14       2.6602
_SET1_   ENSG00000165655    10   77122588   77196664    109      27  195813      0.68191      0.23852    8.5598e-14      0.68191
_SET1_   ENSG00000138326    10   79758518   79851570    163      19  195813     -0.70132      0.72992    8.5598e-14     -0.70132
_SET1_   ENSG00000148677    10   92636853   92716033    254      29  195813       1.7219      0.03028    8.5709e-14       1.7219
_SET1_   ENSG00000173145    10   96040004   96157716    308      26  195813       1.4834     0.051273    8.5709e-14       1.4834
_SET1_   ENSG00000171314    10   99150917   99228198    192      19  195813      0.58206      0.22175    8.5598e-14      0.58206
_SET1_   ENSG00000198728    10  103832317  103915210    146      27  195813      0.66494      0.24235    8.5598e-14      0.66494
_SET1_   ENSG00000065613    10  105691959  105823991    386      27  195813       1.9881     0.015976    8.5709e-14       1.9881
_SET1_   ENSG00000151892    10  117781444  118067979    847      69  195813     -0.40747      0.63144    8.5598e-14     -0.40747
_SET1_   ENSG00000165672    10  120892215  120973345    259      21  195813      -1.1169      0.82175    8.5709e-14      -1.1169
_SET1_   ENSG00000189319    10  126272861  126467838    563      42  195813     -0.35825      0.58868    8.5598e-14     -0.35825
_SET1_   ENSG00000148848    10  127665950  128112024   1646     116  195813      0.94724      0.17982    8.5598e-14      0.94724
_SET1_   ENSG00000176171    10  133746578  133830435    277      22  195813     -0.50418      0.62478    8.5598e-14     -0.50418
_SET1_   ENSG00000185885    11     278506     350272    244      45  195813      0.84064      0.17531    8.5598e-14      0.84064
_SET1_   ENSG00000174775    11     497242     572287    383      28  195813       0.5447      0.24368    8.5598e-14       0.5447
_SET1_   ENSG00000183020    11     889894    1047239    431      18  195813     -0.94665      0.75324    8.5598e-14     -0.94665
_SET1_   ENSG00000117983    11    1209296    1318406    379      29  195813      -0.3964      0.60007    8.5598e-14      -0.3964
_SET1_   ENSG00000078902    11    1260601    1365884    398      28  195813     -0.19757      0.53643    8.5626e-14     -0.19757
_SET1_   ENSG00000166313    11    6381355    6475644    220      38  195813       2.8739    0.0015617    8.5709e-14       2.8739
_SET1_   ENSG00000166387    11    7499529    7713358    989      81  195813     -0.64869      0.73043    8.5598e-14     -0.64869
_SET1_   ENSG00000148926    11   10291227   10363944    192      14  195813        1.581     0.034605    8.5709e-14        1.581
_SET1_   ENSG00000133805    11   10294860   10564126    990      86  195813       1.3492     0.084264    8.5709e-14       1.3492
_SET1_   ENSG00000110315    11   10498225   10597777    355      37  195813   -0.0053734      0.45344    8.5618e-14   -0.0053734
_SET1_   ENSG00000166788    11   18056482   18162638    256      12  195813      0.15246      0.33564    8.5626e-14      0.15246
_SET1_   ENSG00000129151    11   27027272   27184356    532      31  195813       3.0259   0.00069811    8.5709e-14       3.0259
_SET1_   ENSG00000131808    11   30217563   30291808    174      13  195813     -0.38549       0.5578    8.5598e-14     -0.38549
_SET1_   ENSG00000176148    11   33025963   33162489    496      22  195813       1.0814     0.093167    8.5709e-14       1.0814
_SET1_   ENSG00000166016    11   34137535   34414555    858     108  195813      0.40717      0.36209    8.5598e-14      0.40717
_SET1_   ENSG00000110435    11   34902376   35077138    786      26  195813      -1.1084      0.81295    8.5709e-14      -1.1084
_SET1_   ENSG00000026508    11   35125417   35288949    576      63  195813     -0.98788      0.82666    8.5598e-14     -0.98788
_SET1_   ENSG00000179241    11   35930531   36288686   1250     115  195813      0.70339      0.26146    8.5598e-14      0.70339
_SET1_   ENSG00000110497    11   46382964   46650675    232      21  195813     0.034925      0.44624    8.5619e-14     0.034925
_SET1_   ENSG00000134574    11   47201493   47295767    207      20  195813      -1.1126      0.82759    8.5709e-14      -1.1126
_SET1_   ENSG00000149177    11   47967113   48224670    507      26  195813       2.8231    0.0013869    8.5709e-14       2.8231
_SET1_   ENSG00000166801    11   58875221   58957512    172      10  195813     -0.29941      0.51975    8.5598e-14     -0.29941
_SET1_   ENSG00000162231    11   62524595   62608774    126      11  195813      0.13688      0.42756    8.5626e-14      0.13688
_SET1_   ENSG00000162236    11   62539369   62634560    166      10  195813      -0.1124      0.51784    8.5612e-14      -0.1124
_SET1_   ENSG00000172757    11   65555493   65664497    262      20  195813        1.487     0.045592    8.5709e-14        1.487
_SET1_   ENSG00000213402    11   67167981   67240538    105      15  195813      0.95755      0.13471    8.5598e-14      0.95755
_SET1_   ENSG00000084207    11   67316066   67389131    190      13  195813       1.1685     0.078652    8.5709e-14       1.1685
_SET1_   ENSG00000110092    11   69420855   69504242    199      25  195813      0.69227      0.20129    8.5598e-14      0.69227
_SET1_   ENSG00000165458    11   71899745   71985149    205      29  195813       1.0603      0.15063    8.5709e-14       1.0603
_SET1_   ENSG00000062282    11   75435557   75547579    202      10  195813      0.56725      0.23915    8.5598e-14      0.56725
_SET1_   ENSG00000110243    11  116625083  116698136    249      39  195813       2.7785    0.0021283    8.5709e-14       2.7785
_SET1_   ENSG00000110245    11  116665422  116738788    261      28  195813       1.1507     0.099713    8.5709e-14       1.1507
_SET1_   ENSG00000160703    11  119002277  119089725    138      15  195813       1.2537     0.073088    8.5709e-14       1.2537
_SET1_   ENSG00000154133    11  124718587  124803396    295      43  195813       1.5192     0.056533    8.5709e-14       1.5192
_SET1_   ENSG00000151502    11  134059539  134152686    189      33  195813       -0.307      0.58798    8.5598e-14       -0.307
_SET1_   ENSG00000151498    11  134088389  134170749    208      33  195813     -0.94601        0.799    8.5598e-14     -0.94601
_SET1_   ENSG00000110799    12    6023040    6268936    932      68  195813       1.8985     0.023955    8.5709e-14       1.8985
_SET1_   ENSG00000010292    12    6567522    6676121    366      22  195813      -2.5631      0.99053    8.5709e-14      -2.5631
_SET1_   ENSG00000188906    12   40555546   40798087    983      44  195813      0.30591      0.32513    8.5598e-14      0.30591
_SET1_   ENSG00000189079    12   46088448   46336823    323      23  195813      0.37507      0.28446    8.5598e-14      0.37507
_SET1_   ENSG00000174233    12   49124975   49217820    195      33  195813       1.2851     0.082298    8.5709e-14       1.2851
_SET1_   ENSG00000110911    12   51338184   51457349    371      18  195813     -0.21452      0.49995    8.5626e-14     -0.21452
_SET1_   ENSG00000139567    12   52265692   52352145    294      37  195813       1.1517      0.10715    8.5709e-14       1.1517
_SET1_   ENSG00000186081    12   52873359   52949471    382      29  195813      0.73558      0.17815    8.5598e-14      0.73558
_SET1_   ENSG00000167778    12   53423388   53508204    234      31  195813     -0.50143      0.67348    8.5598e-14     -0.50143
_SET1_   ENSG00000090382    12   69707121   69783014    283      17  195813      0.39975      0.26827    8.5598e-14      0.39975
_SET1_   ENSG00000127328    12   70097461   70251984    456      30  195813      -0.9853      0.79623    8.5598e-14      -0.9853
_SET1_   ENSG00000139289    12   76384227   76462712    234      44  195813      0.79009      0.19259    8.5598e-14      0.79009
_SET1_   ENSG00000111142    12   95832296   95944615    460      31  195813      0.63775      0.22034    8.5598e-14      0.63775
_SET1_   ENSG00000074527    12   96016583   96219930    800      69  195813       1.4406     0.065688    8.5709e-14       1.4406
_SET1_   ENSG00000171759    12  103195663  103387188    605      39  195813     -0.38497      0.59634    8.5598e-14     -0.38497
_SET1_   ENSG00000139352    12  103316464  103389294    230      38  195813     -0.69873        0.745    8.5598e-14     -0.69873
_SET1_   ENSG00000171310    12  104814073  105190792   1341     135  195813       1.3377      0.10673    8.5709e-14       1.3377
_SET1_   ENSG00000076248    12  109500379  109583797    213      32  195813       1.0239      0.13537    8.5709e-14       1.0239
_SET1_   ENSG00000122986    12  111030646  111177755    301      17  195813     -0.47296      0.66114    8.5598e-14     -0.47296
_SET1_   ENSG00000152137    12  119581447  119693936    316      46  195813     -0.61456      0.70472    8.5598e-14     -0.61456
_SET1_   ENSG00000150991    12  125361150  125436914    255      37  195813       2.0241     0.016421    8.5709e-14       2.0241
_SET1_   ENSG00000132341    12  131321424  131397223    322      18  195813      0.65757      0.19209    8.5598e-14      0.65757
_SET1_   ENSG00000177169    12  132344196  132442712    227      26  195813     -0.69447      0.73407    8.5598e-14     -0.69447
_SET1_   ENSG00000177084    12  133165348  133298951    484      24  195813       -1.603      0.91561    8.5709e-14       -1.603
_SET1_   ENSG00000072609    12  133363773  133567890    567      23  195813        1.159     0.082696    8.5709e-14        1.159
_SET1_   ENSG00000150457    13   21512171   21670686    498      41  195813       1.4392       0.0587    8.5709e-14       1.4392
_SET1_   ENSG00000139514    13   30048547   30204825    532      45  195813      -1.3398      0.90133    8.5709e-14      -1.3398
_SET1_   ENSG00000133110    13   38101720   38207981    398      25  195813      -1.2989       0.8645    8.5709e-14      -1.2989
_SET1_   ENSG00000023516    13   42811289   42932396    346      25  195813      0.48004      0.25754    8.5598e-14      0.48004
_SET1_   ENSG00000136156    13   48772294   48872063    177      24  195813      -1.5307      0.92709    8.5709e-14      -1.5307
_SET1_   ENSG00000102554    13   73594114   73686676    305      43  195813     -0.93305      0.80322    8.5598e-14     -0.93305
_SET1_   ENSG00000118939    13   76088619   76215085    398      24  195813       -1.134      0.82667    8.5709e-14       -1.134
_SET1_   ENSG00000134900    13  103214353  103366521    674      40  195813       2.3176    0.0065119    8.5709e-14       2.3176
_SET1_   ENSG00000134871    13  110923159  111200374   1419     139  195813       4.8512   9.9903e-07    8.5265e-14       4.8512
_SET1_   ENSG00000102606    13  111731906  111993084    904      61  195813      0.35254      0.33291    8.5598e-14      0.35254
_SET1_   ENSG00000185989    13  114712194  114933086    737      36  195813       2.3757     0.005109    8.5709e-14       2.3757
_SET1_   ENSG00000258818    14   21117259   21203761    363      60  195813     -0.93129      0.81091    8.5598e-14     -0.93129
_SET1_   ENSG00000129538    14   21234387   21306437    296      44  195813      -1.9285      0.96645    8.5709e-14      -1.9285
_SET1_   ENSG00000165801    14   21503429   21593399    249      52  195813      0.59115      0.26308    8.5598e-14      0.59115
_SET1_   ENSG00000139914    14   24565484   24637058    112      20  195813      -0.4928      0.64331    8.5598e-14      -0.4928
_SET1_   ENSG00000100448    14   25007728   25080466    230      24  195813     -0.37226      0.58192    8.5598e-14     -0.37226
_SET1_   ENSG00000168952    14   25243862   25554503   1015      67  195813  -0.00018513      0.47102    8.5618e-14  -0.00018513
_SET1_   ENSG00000186469    14   52257913   52481060    890      80  195813     -0.16853      0.55548    8.5626e-14     -0.16853
_SET1_   ENSG00000100567    14   58676549   58773730    171      16  195813       2.1678    0.0092091    8.5709e-14       2.1678
_SET1_   ENSG00000179841    14   64897217   64976221    225      20  195813    -0.089248      0.46851    8.5612e-14    -0.089248
_SET1_   ENSG00000100558    14   67818700   67913917    308      30  195813      0.85457      0.20247    8.5598e-14      0.85457
_SET1_   ENSG00000119715    14   76741957   77003178   1019      91  195813      0.16135      0.43794    8.5626e-14      0.16135
_SET1_   ENSG00000100603    14   78148942   78262550    461      26  195813       -1.269      0.86013    8.5709e-14       -1.269
_SET1_   ENSG00000100764    14   90687839   90773968    254      11  195813     -0.43431      0.55857    8.5598e-14     -0.43431
_SET1_   ENSG00000100605    14   93368259   93617665    862      53  195813       1.5447     0.050266    8.5709e-14       1.5447
_SET1_   ENSG00000100697    14   95517565   95659347    286      32  195813      0.19268      0.37675    8.5626e-14      0.19268
_SET1_   ENSG00000090061    14   99912506  100036381    329      23  195813     -0.15283      0.47478    8.5626e-14     -0.15283
_SET1_   ENSG00000100811    14  100669635  100784129    234      21  195813      -0.2818      0.53934    8.5598e-14      -0.2818
_SET1_   ENSG00000078304    14  102193135  102429326    739      53  195813      -1.2588      0.89731    8.5709e-14      -1.2588
_SET1_   ENSG00000185215    14  103554779  103638776    298      36  195813      -1.5261      0.91978    8.5709e-14      -1.5261
_SET1_   ENSG00000198826    15   32872345   32967150    167      33  195813     -0.35036      0.60118    8.5598e-14     -0.35036
_SET1_   ENSG00000137824    15   40993082   41083049    183      19  195813      -1.7578      0.94103    8.5709e-14      -1.7578
_SET1_   ENSG00000104147    15   41566466   41659819    198      16  195813       1.0727      0.10478    8.5709e-14       1.0727
_SET1_   ENSG00000168907    15   42398332   42483839    261      33  195813     -0.24941      0.55521    8.5626e-14     -0.24941
_SET1_   ENSG00000166147    15   48665503   48973046    600      23  195813      -0.1634      0.49974    8.5626e-14      -0.1634
_SET1_   ENSG00000138587    15   56678742   56792335    308      29  195813      0.82204       0.1668    8.5598e-14      0.82204
_SET1_   ENSG00000069667    15   60745483   61556518   2278     226  195813       1.7417     0.060072    8.5709e-14       1.7417
_SET1_   ENSG00000166192    15   72371599   72468311    175      17  195813     0.045319      0.44313    8.5619e-14     0.045319
_SET1_   ENSG00000129038    15   74183330   74279478    327      40  195813       1.6009      0.04401    8.5709e-14       1.6009
_SET1_   ENSG00000129009    15   74431012   74504213    145      19  195813     -0.53577      0.65489    8.5598e-14     -0.53577
_SET1_   ENSG00000140365    15   75593232   75669268    117      16  195813       0.1284      0.38764    8.5626e-14       0.1284
_SET1_   ENSG00000169752    15   76193310   76387136    389      18  195813      0.81531       0.1714    8.5598e-14      0.81531
_SET1_   ENSG00000140391    15   77301359   77411326    196      30  195813       2.3627    0.0065305    8.5709e-14       2.3627
_SET1_   ENSG00000041357    15   78797747   78876604    212      16  195813      0.19738       0.3366    8.5626e-14      0.19738
_SET1_   ENSG00000103811    15   79178400   79276916    313      27  195813       3.4082   0.00019923    8.5709e-14       3.4082
_SET1_   ENSG00000172183    15   89144384   89234714    377      40  195813        1.685     0.035903    8.5709e-14        1.685
_SET1_   ENSG00000196547    15   91410448   91500814    279      29  195813       4.2108   6.7849e-06    8.5265e-14       4.2108
_SET1_   ENSG00000184056    15   91506646   91600833    383      43  195813       -0.184       0.5326    8.5626e-14       -0.184
_SET1_   ENSG00000185551    15   96834167   96918492    146      30  195813     -0.13372      0.50417    8.5626e-14     -0.13372
_SET1_   ENSG00000130656    16     167686     239502    156      25  195813     -0.91079      0.77943    8.5598e-14     -0.91079
_SET1_   ENSG00000007516    16    1348602    1434439    304      25  195813      -1.4429      0.90312    8.5709e-14      -1.4429
_SET1_   ENSG00000162032    16    1791713    1878701    456      19  195813     -0.39904      0.56855    8.5598e-14     -0.39904
_SET1_   ENSG00000167969    16    2254396    2337301    143      21  195813      -2.6543      0.99348    8.5709e-14      -2.6543
_SET1_   ENSG00000153406    16    4476681    4580764    277      13  195813       1.7864     0.021927    8.5709e-14       1.7864
_SET1_   ENSG00000267795    16    4803398    4881492    271      30  195813      -1.3661       0.8901    8.5709e-14      -1.3661
_SET1_   ENSG00000153446    16    5059123    5151111    317      46  195813      0.70363      0.21161    8.5598e-14      0.70363
_SET1_   ENSG00000183454    16    9817376   10311611   2158      64  195813     -0.73757      0.73605    8.5598e-14     -0.73757
_SET1_   ENSG00000185338    16   11313262   11385036    289      28  195813     -0.89137      0.76423    8.5598e-14     -0.89137
_SET1_   ENSG00000167191    16   19833616   19932489    231      25  195813     0.061204      0.41871    8.5619e-14     0.061204
_SET1_   ENSG00000083093    16   23579488   23687631    308      20  195813      -1.6419      0.94485    8.5709e-14      -1.6419
_SET1_   ENSG00000181625    16   29430822   29504540     15       4  195813       1.2216      0.07993    8.5709e-14       1.2216
_SET1_   ENSG00000079616    16   29767040   29851706     52       7  195813      -1.8598      0.95716    8.5709e-14      -1.8598
_SET1_   ENSG00000102882    16   30090426   30169827     96      13  195813     -0.94355      0.77092    8.5598e-14     -0.94355
_SET1_   ENSG00000102893    16   47460034   47770434    283      16  195813       2.1641     0.016302    8.5709e-14       2.1641
_SET1_   ENSG00000196470    16   48355275   48517313    246      31  195813     -0.78803      0.75034    8.5598e-14     -0.78803
_SET1_   ENSG00000167207    16   50692514   50801988    200      30  195813      -2.5137      0.99166    8.5709e-14      -2.5137
_SET1_   ENSG00000087245    16   55388612   55575603    827      59  195813      0.19735      0.38498    8.5626e-14      0.19735
_SET1_   ENSG00000087253    16   55507910   55655582    408      34  195813       1.9636     0.016958    8.5709e-14       1.9636
_SET1_   ENSG00000198848    16   55801763   55902249    374      33  195813      -1.7004      0.93931    8.5709e-14      -1.7004
_SET1_   ENSG00000125170    16   57470863   57556239    283      34  195813     -0.46636       0.6512    8.5598e-14     -0.46636
_SET1_   ENSG00000125107    16   58518855   58698790    576      28  195813      0.55619      0.22365    8.5598e-14      0.55619
_SET1_   ENSG00000039068    16   68736128   68904451    577      32  195813     -0.95059      0.78603    8.5598e-14     -0.95059
_SET1_   ENSG00000132604    16   69354464   69477474    291      32  195813      -1.3778      0.89971    8.5709e-14      -1.3778
_SET1_   ENSG00000140968    16   85897409   85991215    454      49  195813      0.60969      0.23738    8.5598e-14      0.60969
_SET1_   ENSG00000140941    16   87382601   87473385    292      23  195813       1.4647     0.053686    8.5709e-14       1.4647
_SET1_   ENSG00000154118    16   87600441   87766762    864      79  195813      0.37579      0.34411    8.5598e-14      0.37579
_SET1_   ENSG00000141258    17    2205792    2319352    342      39  195813       1.8463     0.024645    8.5709e-14       1.8463
_SET1_   ENSG00000142507    17    4664439    4736790    216      40  195813     0.063076      0.43686    8.5612e-14     0.063076
_SET1_   ENSG00000129250    17    4866243    4966696    286      24  195813     -0.49743      0.62957    8.5598e-14     -0.49743
_SET1_   ENSG00000108561    17    5301097    5387150    302      24  195813      0.41319      0.27208    8.5598e-14      0.41319
_SET1_   ENSG00000129245    17    7459548    7553189    258      21  195813      0.96984      0.12676    8.5598e-14      0.96984
_SET1_   ENSG00000183914    17    7585672    7772062    467      63  195813     -0.70187      0.74768    8.5598e-14     -0.70187
_SET1_   ENSG00000179148    17    7964218    8057365    322      59  195813      0.22409      0.39282    8.5626e-14      0.22409
_SET1_   ENSG00000065559    17   11889141   12082147    386      30  195813     -0.52717      0.64449    8.5598e-14     -0.52717
_SET1_   ENSG00000214941    17   15844874   15938031    206      16  195813         1.64     0.032576    8.5709e-14         1.64
_SET1_   ENSG00000108557    17   17549787   17749767    328      25  195813       3.7073   4.8423e-05    8.5709e-14       3.7073
_SET1_   ENSG00000175662    17   17711828   17910736    317      10  195813       3.6014   4.6434e-05    8.5709e-14       3.6014
_SET1_   ENSG00000176974    17   18196187   18301856    284      16  195813    -0.026778       0.4139    8.5619e-14    -0.026778
_SET1_   ENSG00000142494    17   19363698   19517347    331      38  195813       1.9209     0.020517    8.5709e-14       1.9209
_SET1_   ENSG00000109084    17   26611121   26690707    112      22  195813       2.4045    0.0069318    8.5709e-14       2.4045
_SET1_   ENSG00000160551    17   27682482   27913922    424      21  195813     -0.50439      0.60598    8.5598e-14     -0.50439
_SET1_   ENSG00000172123    17   33703079   33795302    287      36  195813     -0.22289      0.55039    8.5626e-14     -0.22289
_SET1_   ENSG00000131759    17   38430444   38548094    190      17  195813     -0.29293      0.64383    8.5598e-14     -0.29293
_SET1_   ENSG00000168259    17   40093451   40208394    179      21  195813       2.1209     0.012665    8.5709e-14       2.1209
_SET1_   ENSG00000168610    17   40430342   40575586    325      24  195813         2.56    0.0031134    8.5709e-14         2.56
_SET1_   ENSG00000131467    17   40941402   41030774     44      20  195813       2.1132     0.027836    8.5709e-14       2.1132
_SET1_   ENSG00000087191    17   61869512   61944379    162       8  195813      0.15406      0.32825    8.5626e-14      0.15406
_SET1_   ENSG00000154229    17   64263754   64841861   2114     127  195813     -0.64982      0.76601    8.5598e-14     -0.64982
_SET1_   ENSG00000198265    17   65031554   65277105    505      22  195813      -1.1341      0.82492    8.5709e-14      -1.1341
_SET1_   ENSG00000154258    17   66935629   67092205    338      28  195813      0.77541      0.17136    8.5598e-14      0.77541
_SET1_   ENSG00000125450    17   73166754   73266853    172      15  195813     0.095891      0.39432    8.5612e-14     0.095891
_SET1_   ENSG00000132471    17   73806780   73887588    226      19  195813        2.966   0.00084647    8.5709e-14        2.966
_SET1_   ENSG00000129654    17   74097414   74172380    207      22  195813     -0.61808      0.69144    8.5598e-14     -0.61808
_SET1_   ENSG00000089685    17   76175267   76256717    411      45  195813      0.70759       0.2074    8.5598e-14      0.70759
_SET1_   ENSG00000175866    17   78973948   79126232    713      80  195813      0.67105      0.24547    8.5598e-14      0.67105
_SET1_   ENSG00000141568    17   80442589   80637538    787      63  195813     -0.33699      0.60205    8.5598e-14     -0.33699
_SET1_   ENSG00000176105    18     686588     847547    637      35  195813      0.23265      0.34132    8.5626e-14      0.23265
_SET1_   ENSG00000101577    18    2881992    3048313    581      62  195813      -1.3731      0.90557    8.5709e-14      -1.3731
_SET1_   ENSG00000198081    18    5254018    5332052    264      31  195813      -0.2044       0.5277    8.5626e-14      -0.2044
_SET1_   ENSG00000134508    18   20679528   20875431    510      57  195813     -0.10843      0.53359    8.5612e-14     -0.10843
_SET1_   ENSG00000078142    18   39500171   39702794    348      18  195813      0.15521      0.35688    8.5626e-14      0.15521
_SET1_   ENSG00000141644    18   47758252   47843144    218      27  195813      -1.4004      0.89514    8.5709e-14      -1.4004
_SET1_   ENSG00000172175    18   56303618   56452371    422      33  195813     -0.63896      0.69303    8.5598e-14     -0.63896
_SET1_   ENSG00000119537    18   60959959   61069743    235      34  195813      -1.3468      0.88906    8.5709e-14      -1.3468
_SET1_   ENSG00000167670    19    4367659    4480015    314      23  195813    -0.033143      0.43606    8.5619e-14    -0.033143
_SET1_   ENSG00000104833    19    6459330    6537859    209      46  195813       -1.037      0.83432    8.5709e-14       -1.037
_SET1_   ENSG00000125730    19    6642715    6765573    446      61  195813      0.60403      0.25067    8.5598e-14      0.60403
_SET1_   ENSG00000187266    19   11453236   11530018    133      14  195813        0.249      0.37316    8.5626e-14        0.249
_SET1_   ENSG00000130175    19   11511109   11596783    174      29  195813     -0.53978      0.70035    8.5598e-14     -0.53978
_SET1_   ENSG00000221983    19   18647540   18723360    213      23  195813      0.21152      0.34849    8.5626e-14      0.21152
_SET1_   ENSG00000105707    19   35496410   35592475    284      32  195813     -0.39883      0.60234    8.5598e-14     -0.39883
_SET1_   ENSG00000189042    19   37143514   37253603    253      15  195813      0.23186      0.31708    8.5626e-14      0.23186
_SET1_   ENSG00000198077    19   41346344   41423657    354      25  195813     -0.51744      0.62526    8.5598e-14     -0.51744
_SET1_   ENSG00000105732    19   42537629   42620701     53      11  195813      0.28376      0.38456    8.5598e-14      0.28376
_SET1_   ENSG00000069399    19   45215962   45298301    278      27  195813       2.3115    0.0082577    8.5709e-14       2.3115
_SET1_   ENSG00000104805    19   49368307   49461629    356      37  195813      0.82339      0.17183    8.5598e-14      0.82339
_SET1_   ENSG00000213030    19   49515895   49587400    273      27  195813      -1.5517      0.91592    8.5709e-14      -1.5517
_SET1_   ENSG00000104870    19   49975073   50064590    240      14  195813      0.17416      0.37425    8.5626e-14      0.17416
_SET1_   ENSG00000142546    19   50023968   50128519    283      16  195813      0.91502      0.14148    8.5598e-14      0.91502
_SET1_   ENSG00000179820    19   54334477   54414691     90      15  195813     -0.19912      0.53504    8.5626e-14     -0.19912
_SET1_   ENSG00000213762    19   58090601   58169724    264      19  195813      -1.5854      0.93017    8.5709e-14      -1.5854
_SET1_   ENSG00000198466    19   58326225   58411480    240      25  195813     0.072782      0.40972    8.5612e-14     0.072782
_SET1_   ENSG00000101255    20     326261     413203    354      62  195813      0.26763      0.37761    8.5598e-14      0.26763
_SET1_   ENSG00000198053    20    1840154    1955543    462      66  195813       0.8164      0.19613    8.5598e-14       0.8164
_SET1_   ENSG00000088827    20    3632617    3722775    358      52  195813       1.8774     0.026008    8.5709e-14       1.8774
_SET1_   ENSG00000088888    20    3792487    3884280    260      39  195813      0.13215      0.41527    8.5626e-14      0.13215
_SET1_   ENSG00000101323    20    7828628    7956121    397      28  195813      0.34022      0.30707    8.5598e-14      0.34022
_SET1_   ENSG00000182621    20    8077824    8984003   3027     188  195813      0.99062      0.20416    8.5598e-14      0.99062
_SET1_   ENSG00000125968    20   30158086   30229318    178       6  195813       -1.088      0.79393    8.5709e-14       -1.088
_SET1_   ENSG00000171552    20   30217255   30346792    232      14  195813       -2.343      0.98321    8.5709e-14       -2.343
_SET1_   ENSG00000025293    20   34324896   34573303    609      15  195813      0.53638      0.24437    8.5598e-14      0.53638
_SET1_   ENSG00000197122    20   35938088   36069453    337      41  195813      -1.3219      0.90329    8.5709e-14      -1.3219
_SET1_   ENSG00000124181    20   39730600   39846629    177      24  195813       3.5926   0.00010704    8.5709e-14       3.5926
_SET1_   ENSG00000101057    20   42260754   42380136    306      27  195813       1.6594     0.041971    8.5709e-14       1.6594
_SET1_   ENSG00000132824    20   43089862   43185750    149      15  195813      0.55059      0.27924    8.5598e-14      0.55059
_SET1_   ENSG00000124159    20   43887085   43972169    326      26  195813      0.92127       0.1401    8.5598e-14      0.92127
_SET1_   ENSG00000196396    20   49091891   49236299    438      38  195813     0.019436      0.44663    8.5619e-14     0.019436
_SET1_   ENSG00000160201    21   44478066   44562697    225      39  195813     -0.15755      0.52179    8.5626e-14     -0.15755
_SET1_   ENSG00000160224    21   45670721   45753531    329      43  195813     -0.50981      0.65982    8.5598e-14     -0.50981
_SET1_   ENSG00000160294    21   47620047   47741211    466      26  195813     -0.55524      0.63659    8.5598e-14     -0.55524
_SET1_   ENSG00000099968    22   18076621   18248388    667      31  195813     -0.39396      0.57941    8.5598e-14     -0.39396
_SET1_   ENSG00000242259    22   19303891   19470755    363      22  195813      0.98297      0.12398    8.5598e-14      0.98297
_SET1_   ENSG00000184470    22   19828040   19964341    573      50  195813       1.2287     0.092594    8.5709e-14       1.2287
_SET1_   ENSG00000099889    22   19922419   20039331    473      47  195813       2.2339    0.0095857    8.5709e-14       2.2339
_SET1_   ENSG00000099910    22   20748528   20885170    383      30  195813       1.5193     0.046059    8.5709e-14       1.5193
_SET1_   ENSG00000169184    22   28109265   28232486    274      61  195813     -0.33414      0.62516    8.5598e-14     -0.33414
_SET1_   ENSG00000185340    22   29667572   29743774    132      24  195813     -0.14249      0.51698    8.5626e-14     -0.14249
_SET1_   ENSG00000184076    22   30128358   30201402    226      21  195813     -0.40137      0.58608    8.5598e-14     -0.40137
_SET1_   ENSG00000184792    22   31054769   31338811    831      60  195813      0.10348      0.42989    8.5612e-14      0.10348
_SET1_   ENSG00000221890    22   39179457   39274987    250      31  195813      0.87937      0.15787    8.5598e-14      0.87937
_SET1_   ENSG00000128272    22   39880700   39953691    154      22  195813      0.29251      0.32982    8.5598e-14      0.29251
_SET1_   ENSG00000100346    22   39931758   40120742    417      42  195813     -0.53155      0.65469    8.5598e-14     -0.53155
_SET1_   ENSG00000100351    22   40262086   40404725    204      43  195813     -0.81948      0.77314    8.5598e-14     -0.81948
_SET1_   ENSG00000100393    22   41452790   41611081    301      16  195813      -1.6851       0.9253    8.5709e-14      -1.6851
_SET1_   ENSG00000234965    22   42272297   42345570    190      16  195813      -1.2288      0.86679    8.5709e-14      -1.2288
_SET1_   ENSG00000182858    22   50258877   50347106    397      12  195813     -0.58651      0.63645    8.5598e-14     -0.58651
_SET1_   ENSG00000184164    22   50276815   50356188    341      12  195813     -0.58394      0.63484    8.5598e-14     -0.58394
_SET1_   ENSG00000205593    22   50712459   50800489    254      23  195813     -0.22032      0.51459    8.5626e-14     -0.22032
