# ALPHA = 0.05
# NUMBER_OF_TESTS = 5878

# _SET1_  VARIABLE = MARTINEZ_TP53_TARGETS_UP (set)
# _SET1_  NGENES = 568
# _SET1_  P-VALUE = 3.70304e-06
_SET1_   GENE              CHR      START       STOP  NSNPS  NPARAM       N        ZSTAT            P  ZFITTED_BASE  ZRESID_BASE
_SET1_   ENSG00000116288     1    7979351    8080565    183      20  195813     -0.51813      0.63248    8.5598e-14     -0.51813
_SET1_   ENSG00000009724     1   11051580   11142290    212      15  195813      -1.1529      0.83533    8.5709e-14      -1.1529
_SET1_   ENSG00000188784     1   20211502   20285110    239      34  195813       1.5802      0.04939    8.5709e-14       1.5802
_SET1_   ENSG00000117215     1   20403432   20481050    231      61  195813      -1.6242      0.95017    8.5709e-14      -1.6242
_SET1_   ENSG00000070831     1   22344120   22454437    403      25  195813       0.4474      0.26799    8.5598e-14       0.4474
_SET1_   ENSG00000125944     1   23595264   23705829    151      15  195813       1.0255      0.12169    8.5709e-14       1.0255
_SET1_   ENSG00000060642     1   27078963   27159889     95      10  195813     -0.49517      0.66763    8.5598e-14     -0.49517
_SET1_   ENSG00000117751     1   28122289   28213187    139      19  195813      -1.3955      0.90554    8.5709e-14      -1.3955
_SET1_   ENSG00000117748     1   28183035   28276257    318      20  195813     -0.38882       0.5657    8.5598e-14     -0.38882
_SET1_   ENSG00000169403     1   28438677   28555447    213      27  195813      0.78551      0.17906    8.5598e-14      0.78551
_SET1_   ENSG00000180198     1   28797455   28900812    241      14  195813     -0.99068      0.78697    8.5598e-14     -0.99068
_SET1_   ENSG00000116329     1   29103654   29225208    346      33  195813      -1.2005      0.85511    8.5709e-14      -1.2005
_SET1_   ENSG00000134686     1   33754224   33931653    531      23  195813     -0.40847      0.57337    8.5598e-14     -0.40847
_SET1_   ENSG00000117399     1   43789626   43863874    103      14  195813       1.7452     0.027053    8.5709e-14       1.7452
_SET1_   ENSG00000132773     1   45770342   45844647     84      14  195813       1.2176     0.089064    8.5709e-14       1.2176
_SET1_   ENSG00000117461     1   46470812   46677160    359      25  195813        1.258     0.072364    8.5709e-14        1.258
_SET1_   ENSG00000116717     1   68115744   68189021    186      22  195813     -0.35328      0.57752    8.5598e-14     -0.35328
_SET1_   ENSG00000050628     1   71283036   71548491    761      45  195813      -0.9028      0.77675    8.5598e-14      -0.9028
_SET1_   ENSG00000162614     1   78319198   78444580    240      29  195813      -1.2042      0.89457    8.5709e-14      -1.2042
_SET1_   ENSG00000162613     1   78374740   78479794    220      27  195813      -1.0059       0.8532    8.5709e-14      -1.0059
_SET1_   ENSG00000174021     1   84929008   85007248    308      23  195813     -0.14297      0.51002    8.5626e-14     -0.14297
_SET1_   ENSG00000153904     1   85749164   86078933   1013      64  195813      0.28151        0.359    8.5598e-14      0.28151
_SET1_   ENSG00000162645     1   89536815   89651139    279      14  195813      0.86921      0.13184    8.5598e-14      0.86921
_SET1_   ENSG00000117528     1   94848933   95019222    238      30  195813      -1.4017      0.89653    8.5709e-14      -1.4017
_SET1_   ENSG00000137996     1  100696763  100793325    226      19  195813     -0.33221      0.58846    8.5598e-14     -0.33221
_SET1_   ENSG00000116337     1  110123726  110209673    179      26  195813       2.2824    0.0078825    8.5709e-14       2.2824
_SET1_   ENSG00000184371     1  110417864  110508614    262      43  195813       1.7902     0.029992    8.5709e-14       1.7902
_SET1_   ENSG00000155366     1  113208728  113285056    155      30  195813     -0.13544      0.50942    8.5626e-14     -0.13544
_SET1_   ENSG00000155380     1  113419469  113534635    197      23  195813      0.59492      0.22812    8.5598e-14      0.59492
_SET1_   ENSG00000118655     1  114412763  114491708    150      29  195813       1.7312     0.033065    8.5709e-14       1.7312
_SET1_   ENSG00000198162     1  117875071  118106494    623      25  195813    -0.023651      0.42962    8.5619e-14    -0.023651
_SET1_   ENSG00000117289     1  145403469  145477635     61      10  195813      -0.5468      0.65283    8.5598e-14      -0.5468
_SET1_   ENSG00000131795     1  145472598  145548536     52      11  195813     -0.19344      0.51812    8.5626e-14     -0.19344
_SET1_   ENSG00000143369     1  150445538  150521265    208      18  195813      0.78627      0.16082    8.5598e-14      0.78627
_SET1_   ENSG00000196754     1  153498584  153575366    128      11  195813      -1.9619      0.97459    8.5709e-14      -1.9619
_SET1_   ENSG00000116580     1  155684508  155864191    229      15  195813       1.7042     0.030943    8.5709e-14       1.7042
_SET1_   ENSG00000132693     1  159647079  159719379    187      24  195813     -0.85874       0.7624    8.5598e-14     -0.85874
_SET1_   ENSG00000162735     1  160211602  160291138    122      15  195813      0.14281      0.37101    8.5626e-14      0.14281
_SET1_   ENSG00000215845     1  160972421  161043780    174      24  195813       0.1986      0.36861    8.5626e-14       0.1986
_SET1_   ENSG00000143226     1  161440220  161528803    227      30  195813      -1.7022      0.94227    8.5709e-14      -1.7022
_SET1_   ENSG00000198821     1  167364877  167522847    553      89  195813     -0.60709      0.73987    8.5598e-14     -0.60709
_SET1_   ENSG00000198734     1  169448404  169590826    558      43  195813      0.74153      0.19177    8.5598e-14      0.74153
_SET1_   ENSG00000116147     1  175249330  175747906   1513     131  195813      0.17543      0.46423    8.5626e-14      0.17543
_SET1_   ENSG00000135829     1  182773504  182891886    264      15  195813      -1.4318       0.9447    8.5709e-14      -1.4318
_SET1_   ENSG00000058085     1  183120373  183249035    407      27  195813       2.5984     0.002926    8.5709e-14       2.5984
_SET1_   ENSG00000073756     1  186605923  186684559    234      19  195813       1.1656      0.10659    8.5709e-14       1.1656
_SET1_   ENSG00000081277     1  201217580  201337121    456      33  195813      0.23224      0.35336    8.5626e-14      0.23224
_SET1_   ENSG00000163431     1  201830580  201950715    300      43  195813       2.8431    0.0016365    8.5709e-14       2.8431
_SET1_   ENSG00000159388     1  203239619  203313730    209      33  195813     -0.30266      0.58609    8.5598e-14     -0.30266
_SET1_   ENSG00000143466     1  206608791  206705223    287      31  195813      -0.5351      0.65219    8.5598e-14      -0.5351
_SET1_   ENSG00000162889     1  206823289  206942628    331      36  195813       2.4388    0.0056625    8.5709e-14       2.4388
_SET1_   ENSG00000142224     1  206937215  207051324    301      40  195813       1.9618     0.019641    8.5709e-14       1.9618
_SET1_   ENSG00000143353     1  219312186  219421207    218      21  195813      0.43615      0.27106    8.5598e-14      0.43615
_SET1_   ENSG00000143801     1  227022885  227118806    253      24  195813    -0.048023      0.45265    8.5619e-14    -0.048023
_SET1_   ENSG00000181450     1  227716244  227900144    487      23  195813      -1.5298       0.9053    8.5709e-14      -1.5298
_SET1_   ENSG00000143774     1  228292663  228371685    120      19  195813     0.048308      0.46856    8.5619e-14     0.048308
_SET1_   ENSG00000135744     1  230803269  230885043    403      35  195813       1.3014     0.077608    8.5709e-14       1.3014
_SET1_   ENSG00000135766     1  231464497  231595790    472      13  195813     -0.27645       0.4936    8.5598e-14     -0.27645
_SET1_   ENSG00000116918     1  231629399  231737270    231      29  195813      -1.5021      0.91594    8.5709e-14      -1.5021
_SET1_   ENSG00000116957     1  235495675  235647283    402      25  195813    0.0028044      0.42161    8.5619e-14    0.0028044
_SET1_   ENSG00000091483     1  241625903  241718061    280      25  195813      -1.2265      0.85547    8.5709e-14      -1.2265
_SET1_   ENSG00000054277     1  241718404  241875678    483      84  195813      -1.6696      0.95503    8.5709e-14      -1.6696
_SET1_   ENSG00000203667     1  244963624  245043359    138      13  195813     -0.65901      0.67924    8.5598e-14     -0.65901
_SET1_   ENSG00000143653     1  246852349  246966439    458      28  195813       1.0773      0.10357    8.5709e-14       1.0773
_SET1_   ENSG00000119203     2    9528697    9648230    255      13  195813       2.0354     0.010791    8.5709e-14       2.0354
_SET1_   ENSG00000163032     2   17685393   17873285    607      24  195813      0.78352      0.17155    8.5598e-14      0.78352
_SET1_   ENSG00000178295     2   17900125   18001632    305      32  195813         1.86     0.024321    8.5709e-14         1.86
_SET1_   ENSG00000084674     2   21189301   21301945    256      31  195813       4.5136   1.6125e-06    8.5265e-14       4.5136
_SET1_   ENSG00000075426     2   28580315   28675179    272      39  195813      -1.2612      0.87496    8.5709e-14      -1.2612
_SET1_   ENSG00000213639     2   28939506   29060806    241      21  195813       1.4317     0.052022    8.5709e-14       1.4317
_SET1_   ENSG00000158125     2   31522187   31672581    522      64  195813    -0.062562      0.50752    8.5612e-14    -0.062562
_SET1_   ENSG00000152689     2   33626391   33824817    720      98  195813     -0.88563       0.8222    8.5598e-14     -0.88563
_SET1_   ENSG00000183023     2   40289410   40873193   2283     126  195813     0.049133      0.51626    8.5619e-14     0.049133
_SET1_   ENSG00000152518     2   43414541   43488748    178      28  195813       1.6586     0.036705    8.5709e-14       1.6586
_SET1_   ENSG00000180398     2   47094009   47203994    517      43  195813       0.6069      0.24276    8.5598e-14       0.6069
_SET1_   ENSG00000119888     2   47537297   47649740    335      44  195813       -0.756      0.75756    8.5598e-14       -0.756
_SET1_   ENSG00000115380     2   56058102   56186274    443      41  195813      0.17538      0.39911    8.5626e-14      0.17538
_SET1_   ENSG00000173163     2   62080859   62409382    687      34  195813    -0.090138      0.49092    8.5612e-14    -0.090138
_SET1_   ENSG00000170340     2   62388248   62486866    191      30  195813     -0.39209      0.61621    8.5598e-14     -0.39209
_SET1_   ENSG00000143995     2   66625584   66836001    470      65  195813      0.14959      0.42787    8.5626e-14      0.14959
_SET1_   ENSG00000214513     2   73394386   73474641    225      22  195813       0.9724      0.12706    8.5598e-14       0.9724
_SET1_   ENSG00000116127     2   73577886   73872920    666      17  195813       1.5541     0.035751    8.5709e-14       1.5541
_SET1_   ENSG00000172005     2   95656422   95754737     81      14  195813     -0.15103      0.50875    8.5626e-14     -0.15103
_SET1_   ENSG00000115594     2  102646004  102831334    681      49  195813     -0.37694      0.60067    8.5598e-14     -0.37694
_SET1_   ENSG00000115607     2  103000149  103104025    426      20  195813      0.58753      0.20358    8.5598e-14      0.58753
_SET1_   ENSG00000115109     2  120735581  120971695    441      19  195813     -0.69851      0.68767    8.5598e-14     -0.69851
_SET1_   ENSG00000163040     2  132250248  132326239    312      13  195813     -0.20762      0.47811    8.5626e-14     -0.20762
_SET1_   ENSG00000135999     2  149367009  149580130    475      20  195813     -0.29897      0.55731    8.5598e-14     -0.29897
_SET1_   ENSG00000196504     2  153473107  153609511    353      22  195813       1.3801     0.060179    8.5709e-14       1.3801
_SET1_   ENSG00000136560     2  161958419  162127732    290      22  195813      0.66908      0.21896    8.5598e-14      0.66908
_SET1_   ENSG00000152254     2  169722750  169801505    223      26  195813      0.50497      0.25107    8.5598e-14      0.50497
_SET1_   ENSG00000077380     2  172508919  172639930    316      27  195813      -1.0402      0.81264    8.5709e-14      -1.0402
_SET1_   ENSG00000138448     2  187419792  187580628    282      25  195813       1.9901     0.015027    8.5709e-14       1.9901
_SET1_   ENSG00000081320     2  196963290  197076227    348      21  195813      -1.6743      0.92833    8.5709e-14      -1.6743
_SET1_   ENSG00000115524     2  198219508  198334815    136      13  195813      0.43369      0.25771    8.5598e-14      0.43369
_SET1_   ENSG00000003402     2  201945827  202076410    268      21  195813        0.202      0.36673    8.5626e-14        0.202
_SET1_   ENSG00000178568     2  212205446  213438565   4758     206  195813      0.59702      0.32957    8.5598e-14      0.59702
_SET1_   ENSG00000115414     2  216190163  216335895    467      39  195813       2.4019    0.0053129    8.5709e-14       2.4019
_SET1_   ENSG00000144579     2  219227979  219305664    134      22  195813      0.17899      0.37195    8.5626e-14      0.17899
_SET1_   ENSG00000163497     2  219810809  219885379     83      12  195813      0.41413      0.34301    8.5598e-14      0.41413
_SET1_   ENSG00000072182     2  220343892  220438494    202      25  195813     -0.15851      0.49602    8.5626e-14     -0.15851
_SET1_   ENSG00000036257     2  225299867  225485110    566      28  195813      0.15871      0.36252    8.5626e-14      0.15871
_SET1_   ENSG00000135917     2  228514926  228617728    457      56  195813     -0.77635      0.75446    8.5598e-14     -0.77635
_SET1_   ENSG00000067066     2  231245657  231443805    901      50  195813      0.92826      0.14137    8.5598e-14      0.92826
_SET1_   ENSG00000168918     2  233889677  234151549    862      82  195813     -0.66462      0.73533    8.5598e-14     -0.66462
_SET1_   ENSG00000130561     2  234181462  234290701    337      28  195813     0.010116      0.43307    8.5619e-14     0.010116
_SET1_   ENSG00000188042     2  235366685  235440697    247      49  195813      -1.3267      0.89912    8.5709e-14      -1.3267
_SET1_   ENSG00000144476     2  237441430  237526001    218      24  195813     -0.40821      0.63283    8.5598e-14     -0.40821
_SET1_   ENSG00000198612     2  237958955  238044109    199      18  195813     -0.93638      0.81876    8.5598e-14     -0.93638
_SET1_   ENSG00000204104     2  239194082  239344541    467      30  195813      0.24414      0.34253    8.5626e-14      0.24414
_SET1_   ENSG00000162804     2  241903255  242069983    513      45  195813      0.46701      0.28549    8.5598e-14      0.46701
_SET1_   ENSG00000175928     3    3806121    3924387    386      42  195813     -0.86555       0.7796    8.5598e-14     -0.86555
_SET1_   ENSG00000070950     3    8782088    9040457   1057      56  195813       1.5323     0.051456    8.5709e-14       1.5323
_SET1_   ENSG00000157087     3   10330707   10784716   1743     134  195813       1.3258      0.11167    8.5709e-14       1.3258
_SET1_   ENSG00000132164     3   10822885   11017419    652      56  195813      0.67651      0.22581    8.5598e-14      0.67651
_SET1_   ENSG00000157103     3   10999410   11115933    376      71  195813      0.78299      0.21678    8.5598e-14      0.78299
_SET1_   ENSG00000132170     3   12293867   12510855    592      46  195813       1.5867     0.043905    8.5709e-14       1.5867
_SET1_   ENSG00000163520     3   13538824   13714922    714      67  195813      0.65888      0.23848    8.5598e-14      0.65888
_SET1_   ENSG00000154764     3   13822755   13956618    464      63  195813       0.2017      0.39808    8.5626e-14       0.2017
_SET1_   ENSG00000131389     3   14409076   14565857    513      81  195813      0.64396      0.25797    8.5598e-14      0.64396
_SET1_   ENSG00000114166     3   20046515   20230896    724      42  195813      0.45343      0.27252    8.5598e-14      0.45343
_SET1_   ENSG00000151789     3   21424915   22449812   4954     257  195813      -1.0279      0.88169    8.5709e-14      -1.0279
_SET1_   ENSG00000183873     3   38554548   38726164    487      67  195813     0.004787      0.48173    8.5618e-14     0.004787
_SET1_   ENSG00000188846     3   40463783   40538861    188      12  195813     -0.25498      0.51025    8.5598e-14     -0.25498
_SET1_   ENSG00000181061     3   42763669   42881023    270      25  195813      -1.0998      0.82359    8.5709e-14      -1.0998
_SET1_   ENSG00000075914     3   44981733   45112558    375      22  195813    -0.095436      0.45801    8.5612e-14    -0.095436
_SET1_   ENSG00000114302     3   48747030   48920279    146      15  195813      0.29399      0.31875    8.5598e-14      0.29399
_SET1_   ENSG00000067560     3   49361578   49485431    201      16  195813        3.385   0.00015671    8.5709e-14        3.385
_SET1_   ENSG00000183763     3   49831034   49929007    128      15  195813       3.1061   0.00047497    8.5709e-14       3.1061
_SET1_   ENSG00000243989     3   51974066   52058213     91      17  195813     -0.80645      0.82357    8.5598e-14     -0.80645
_SET1_   ENSG00000114854     3   52450118   52523086    115      12  195813     0.062113      0.45872    8.5619e-14     0.062113
_SET1_   ENSG00000056736     3   53845607   53934827    283      32  195813      0.41991       0.2916    8.5598e-14      0.41991
_SET1_   ENSG00000172340     3   67375884   67740038   1362      66  195813    0.0014619       0.4659    8.5619e-14    0.0014619
_SET1_   ENSG00000064225     3   98416080   98575045    395      32  195813      0.79737      0.16808    8.5598e-14      0.79737
_SET1_   ENSG00000163611     3  113126565  113269034    570      21  195813     0.052997      0.41249    8.5619e-14     0.052997
_SET1_   ENSG00000114573     3  113430866  113565903    203      16  195813       1.7364      0.02523    8.5709e-14       1.7364
_SET1_   ENSG00000172020     3  115307171  115475337    465      85  195813       1.0174      0.15845    8.5709e-14       1.0174
_SET1_   ENSG00000114013     3  121739213  121874983    302      37  195813      0.38244      0.31855    8.5598e-14      0.38244
_SET1_   ENSG00000114491     3  124414213  124499040    371      29  195813       2.1215     0.011579    8.5709e-14       2.1215
_SET1_   ENSG00000082781     3  124445795  124655265    797      37  195813       2.2087    0.0092489    8.5709e-14       2.2087
_SET1_   ENSG00000091513     3  133429800  133532850    336      27  195813    -0.068685      0.45748    8.5612e-14    -0.068685
_SET1_   ENSG00000114019     3  134039716  134129321    198      27  195813      0.97928       0.1297    8.5598e-14      0.97928
_SET1_   ENSG00000181322     3  137945279  138083728    170      24  195813       3.8336   3.5841e-05    8.5709e-14       3.8336
_SET1_   ENSG00000181788     3  150423914  150516264    234      22  195813      0.91248      0.15064    8.5598e-14      0.91248
_SET1_   ENSG00000196549     3  154706913  154936497    532      58  195813    -0.043942      0.49871    8.5619e-14    -0.043942
_SET1_   ENSG00000121853     3  172127923  172201246    259      24  195813       1.9019     0.018863    8.5709e-14       1.9019
_SET1_   ENSG00000114346     3  172433472  172574264    333      19  195813    -0.016806       0.4208    8.5619e-14    -0.016806
_SET1_   ENSG00000145191     3  183817826  184437546   2087     179  195813      0.32944      0.43664    8.5598e-14      0.32944
_SET1_   ENSG00000182580     3  184244572  184335197    332      43  195813       -1.205      0.86556    8.5709e-14       -1.205
_SET1_   ENSG00000213139     3  186221230  186299491    194      23  195813      0.81264      0.16825    8.5598e-14      0.81264
_SET1_   ENSG00000073849     3  186613274  186831341    843      93  195813     -0.41999      0.66624    8.5598e-14     -0.41999
_SET1_   ENSG00000145012     3  187836072  188643460   2385     224  195813      0.13165       0.5236    8.5626e-14      0.13165
_SET1_   ENSG00000196083     3  190196840  190410843    656      91  195813       -1.509      0.93867    8.5709e-14       -1.509
_SET1_   ENSG00000185619     4     664537     799428    549      36  195813     -0.78429      0.73685    8.5598e-14     -0.78429
_SET1_   ENSG00000163950     4    1659527    1749282    340      20  195813       1.3841     0.053756    8.5709e-14       1.3841
_SET1_   ENSG00000170801     4    8236492    8343838    562      52  195813     -0.22419      0.54501    8.5626e-14     -0.22419
_SET1_   ENSG00000223569     4    9201111    9272700     18       4  195813     -0.26723      0.56949    8.5598e-14     -0.26723
_SET1_   ENSG00000250317     4   25828452   25966435    401      37  195813      0.31924      0.32454    8.5598e-14      0.31924
_SET1_   ENSG00000124406     4   42375390   42694122   1163      53  195813      -1.9235      0.96434    8.5709e-14      -1.9235
_SET1_   ENSG00000157404     4   55489085   55641881    442      41  195813       1.0087      0.12695    8.5709e-14       1.0087
_SET1_   ENSG00000135226     4   70111217   70195768    305      12  195813      0.10088       0.3482    8.5612e-14      0.10088
_SET1_   ENSG00000173597     4   70551880   70688679    503      26  195813      -1.3419      0.87418    8.5709e-14      -1.3419
_SET1_   ENSG00000124875     4   74667214   74749781    222      35  195813      0.49733       0.2878    8.5598e-14      0.49733
_SET1_   ENSG00000138755     4   76887428   76963641    250      15  195813       -1.111      0.80523    8.5709e-14       -1.111
_SET1_   ENSG00000138750     4   77000812   77104668    561      16  195813      -0.4566      0.58264    8.5598e-14      -0.4566
_SET1_   ENSG00000186212     4   77781082   77854002    275      26  195813       1.3015     0.072295    8.5709e-14       1.3015
_SET1_   ENSG00000138640     4   89612106   90067549   1436      52  195813      0.38904      0.29671    8.5598e-14      0.38904
_SET1_   ENSG00000163110     4   95338037   95624377    697      38  195813       2.8143     0.001399    8.5709e-14       2.8143
_SET1_   ENSG00000196616     4  100191121  100277558    336      26  195813      0.34528      0.29615    8.5598e-14      0.34528
_SET1_   ENSG00000145331     4  100432866  100520189    386      29  195813        3.386   0.00022266    8.5709e-14        3.386
_SET1_   ENSG00000070190     4  100702990  100826311    373      37  195813        -2.42      0.98951    8.5709e-14        -2.42
_SET1_   ENSG00000138814     4  101909566  102304435    931      56  195813      0.98257      0.14017    8.5598e-14      0.98257
_SET1_   ENSG00000109320     4  103387486  103573459    485      24  195813      0.69784      0.17852    8.5598e-14      0.69784
_SET1_   ENSG00000189184     4  138405072  138488648    351      30  195813       1.8894     0.023661    8.5709e-14       1.8894
_SET1_   ENSG00000164136     4  142522752  142690140    413      28  195813     -0.29338      0.54315    8.5598e-14     -0.29338
_SET1_   ENSG00000071205     4  148618214  149028931    854      64  195813      0.23306       0.4161    8.5626e-14      0.23306
_SET1_   ENSG00000145431     4  157646606  157927546    524      40  195813    -0.043777      0.47372    8.5619e-14    -0.043777
_SET1_   ENSG00000109572     4  170498784  170679824    446      32  195813      0.98222      0.13349    8.5598e-14      0.98222
_SET1_   ENSG00000164104     4  174217846  174291276    119      15  195813      0.26332      0.43843    8.5598e-14      0.26332
_SET1_   ENSG00000151726     4  185641749  185782972    590      44  195813       -0.378      0.59711    8.5598e-14       -0.378
_SET1_   ENSG00000063438     5     269291     473406    762      37  195813      -1.2792      0.86542    8.5709e-14      -1.2792
_SET1_   ENSG00000071539     5     857758     954472    247       8  195813      -1.1135      0.87328    8.5709e-14      -1.1135
_SET1_   ENSG00000164362     5    1218262    1330184    380      57  195813      0.48657       0.2913    8.5598e-14      0.48657
_SET1_   ENSG00000079215     5   36571457   36723436    442      69  195813      -1.2262      0.88431    8.5709e-14      -1.2262
_SET1_   ENSG00000171522     5   40644600   40728837    226      17  195813     -0.98714      0.77688    8.5598e-14     -0.98714
_SET1_   ENSG00000145703     5   75664074   76038957   1230     112  195813      0.81954      0.21397    8.5598e-14      0.81954
_SET1_   ENSG00000181104     5   75976868   76066606    273      24  195813       1.1854     0.083947    8.5709e-14       1.1854
_SET1_   ENSG00000153140     5   89653078   89740603    121      21  195813      0.34114      0.31488    8.5598e-14      0.34114
_SET1_   ENSG00000153037     5  112161919  112240485    261      17  195813      0.83155      0.14661    8.5598e-14      0.83155
_SET1_   ENSG00000164398     5  131107683  131382936    448      20  195813      -1.8794      0.95114    8.5709e-14      -1.8794
_SET1_   ENSG00000113522     5  131856711  132015313    227      18  195813      0.77041      0.17247    8.5598e-14      0.77041
_SET1_   ENSG00000213585     5  133272606  133375824    220      30  195813       -1.302      0.88283    8.5709e-14       -1.302
_SET1_   ENSG00000113575     5  133495025  133596833    224      13  195813     -0.63655      0.67766    8.5598e-14     -0.63655
_SET1_   ENSG00000145824     5  134871373  134949969    173      21  195813      0.28247      0.33222    8.5598e-14      0.28247
_SET1_   ENSG00000145832     5  135135338  135259326    529      40  195813       1.2782     0.083158    8.5709e-14       1.2782
_SET1_   ENSG00000146006     5  138169612  138246057    111       4  195813       1.5348     0.032168    8.5709e-14       1.5348
_SET1_   ENSG00000240184     5  140820580  140927542    274      31  195813       1.3613     0.075003    8.5709e-14       1.3613
_SET1_   ENSG00000171720     5  140965443  141051437    216      40  195813       1.4259     0.070816    8.5709e-14       1.4259
_SET1_   ENSG00000145817     5  143502723  143585278    225      20  195813      0.26644      0.32353    8.5598e-14      0.26644
_SET1_   ENSG00000113721     5  149458400  149570435    324      50  195813       1.3073     0.083892    8.5709e-14       1.3073
_SET1_   ENSG00000070808     5  149564054  149704854    381      54  195813     -0.32251       0.5982    8.5598e-14     -0.32251
_SET1_   ENSG00000177556     5  151086877  151187093    228      23  195813       0.4766      0.25728    8.5598e-14       0.4766
_SET1_   ENSG00000145888     5  151167074  151339403    426      24  195813     -0.20789       0.4965    8.5626e-14     -0.20789
_SET1_   ENSG00000155511     5  152834175  153228429   1500      77  195813      0.14495       0.4194    8.5626e-14      0.14495
_SET1_   ENSG00000156427     5  170811660  170919627    321      48  195813      0.55709      0.26163    8.5598e-14      0.55709
_SET1_   ENSG00000113719     5  172226278  172414688    663      83  195813     -0.73845      0.77103    8.5598e-14     -0.73845
_SET1_   ENSG00000160883     5  176272870  176361333    220      34  195813     -0.71557      0.74768    8.5598e-14     -0.71557
_SET1_   ENSG00000145912     5  177541461  177615968    282      29  195813      -0.1721      0.52212    8.5626e-14      -0.1721
_SET1_   ENSG00000021355     6    2797566    2877240    382      37  195813      0.11304      0.39968    8.5612e-14      0.11304
_SET1_   ENSG00000137203     6   10358419   10454892    304      52  195813     -0.81567      0.78201    8.5598e-14     -0.81567
_SET1_   ENSG00000095951     6   11973995   12200232    726      54  195813        0.589      0.25018    8.5598e-14        0.589
_SET1_   ENSG00000078401     6   12255596   12332427    205      34  195813      0.58197      0.24566    8.5598e-14      0.58197
_SET1_   ENSG00000182952     6   26503633   26581482    212      12  195813      0.41951      0.24763    8.5598e-14      0.41951
_SET1_   ENSG00000137331     6   30675976   30747331     70       7  195813      -1.3153      0.93558    8.5709e-14      -1.3153
_SET1_   ENSG00000231852     6   31971042   32044447     87      25  195813       2.0726     0.018111    8.5709e-14       2.0726
_SET1_   ENSG00000204314     6   32081136   32157150     33       9  195813       3.3543    0.0010502    8.5709e-14       3.3543
_SET1_   ENSG00000204305     6   32113745   32187101     22      10  195813       2.5357      0.01336    8.5709e-14       2.5357
_SET1_   ENSG00000196126     6   32511546   32592625   2167      23  195813      0.38607      0.24848    8.5598e-14      0.38607
_SET1_   ENSG00000237649     6   33324313   33412701    101      23  195813      0.17363      0.46947    8.5626e-14      0.17363
_SET1_   ENSG00000096060     6   35506362   35731360    579      30  195813       1.4713     0.050773    8.5709e-14       1.4713
_SET1_   ENSG00000112081     6   36527145   36608377    285      16  195813     -0.36609      0.59451    8.5598e-14     -0.36609
_SET1_   ENSG00000124762     6   36609305   36690116    321      32  195813      0.85359      0.15991    8.5598e-14      0.85359
_SET1_   ENSG00000112651     6   42986767   43062544    178      20  195813      0.34828        0.368    8.5598e-14      0.34828
_SET1_   ENSG00000124813     6   45260894   45667086   1156      73  195813     -0.79006        0.772    8.5598e-14     -0.79006
_SET1_   ENSG00000198087     6   47410525   47629999    630      22  195813       2.2771    0.0057608    8.5709e-14       2.2771
_SET1_   ENSG00000112159     6   90317218   90564442    610      31  195813     -0.20724      0.51817    8.5626e-14     -0.20724
_SET1_   ENSG00000014123     6   96934471   97038152    200      19  195813       3.6995   5.6617e-05    8.5709e-14       3.6995
_SET1_   ENSG00000132429     6  105571155  105662870    253      21  195813       1.3368     0.085297    8.5709e-14       1.3368
_SET1_   ENSG00000112290     6  110386022  110536207    380      15  195813       1.0418      0.16364    8.5709e-14       1.0418
_SET1_   ENSG00000010810     6  111946535  112229655    899      50  195813      0.77952      0.18758    8.5598e-14      0.77952
_SET1_   ENSG00000047936     6  117574463  117782018    764      54  195813      -1.8635      0.96178    8.5709e-14      -1.8635
_SET1_   ENSG00000112303     6  133030009  133119598    358      39  195813     -0.23044       0.5597    8.5626e-14     -0.23044
_SET1_   ENSG00000164442     6  139658393  139730757    205      35  195813     -0.23738      0.55131    8.5626e-14     -0.23738
_SET1_   ENSG00000111962     6  149033464  149433126   1268     118  195813     0.072264      0.49149    8.5612e-14     0.072264
_SET1_   ENSG00000112096     6  160055089  160218561    558      26  195813        0.696       0.1827    8.5598e-14        0.696
_SET1_   ENSG00000075624     7    5531782    5638415    451      51  195813     -0.93294      0.80505    8.5598e-14     -0.93294
_SET1_   ENSG00000146592     7   28303940   28900511   1956     181  195813      -2.0154       0.9856    8.5709e-14      -2.0154
_SET1_   ENSG00000106624     7   44108960   44189161    211      28  195813      0.98026       0.1303    8.5598e-14      0.98026
_SET1_   ENSG00000196262     7   44801279   44899163    262      19  195813       2.6456    0.0023671    8.5709e-14       2.6456
_SET1_   ENSG00000146674     7   45916949   45996473    205      32  195813      0.81683      0.17598    8.5598e-14      0.81683
_SET1_   ENSG00000106070     7   50622760   50896159    924      38  195813      -1.4598      0.90042    8.5709e-14      -1.4598
_SET1_   ENSG00000106683     7   73462263   73571855    238      25  195813   -0.0050909      0.45274    8.5618e-14   -0.0050909
_SET1_   ENSG00000127948     7   75493518   75651173    313      44  195813     -0.13654      0.52265    8.5626e-14     -0.13654
_SET1_   ENSG00000127951     7   76787688   76864143    169      22  195813     0.049482      0.42609    8.5619e-14     0.049482
_SET1_   ENSG00000135218     7   79963891   80343593   1045      59  195813      -1.8975      0.96294    8.5709e-14      -1.8975
_SET1_   ENSG00000157240     7   90858783   90933123    165      26  195813       1.2628     0.081416    8.5709e-14       1.2628
_SET1_   ENSG00000106258     7   99210817   99312621    145      14  195813       1.0555      0.18914    8.5709e-14       1.0555
_SET1_   ENSG00000105971     7  115892434  116183595    878      42  195813       1.5867     0.040957    8.5709e-14       1.5867
_SET1_   ENSG00000004866     7  116558292  116905157    601      60  195813     -0.14825      0.54451    8.5626e-14     -0.14825
_SET1_   ENSG00000002745     7  120930421  121016158    228      21  195813      -1.3512      0.88495    8.5709e-14      -1.3512
_SET1_   ENSG00000106299     7  123286989  123424121    331      18  195813     -0.99838      0.77841    8.5598e-14     -0.99838
_SET1_   ENSG00000128607     7  129675350  129810560    358      34  195813        2.842    0.0015641    8.5709e-14        2.842
_SET1_   ENSG00000080802     7  135011547  135229875    507      43  195813      0.31565      0.34047    8.5598e-14      0.31565
_SET1_   ENSG00000090263     7  140670854  140750028    161      13  195813       1.4045     0.059137    8.5709e-14       1.4045
_SET1_   ENSG00000188037     7  142978219  143084176    221      51  195813        1.812      0.03199    8.5709e-14        1.812
_SET1_   ENSG00000221910     7  143597259  143668372    218      18  195813      -1.4754      0.90656    8.5709e-14      -1.4754
_SET1_   ENSG00000106617     7  151218197  151609210   1422     145  195813       1.1539      0.14938    8.5709e-14       1.1539
_SET1_   ENSG00000198791     8   17051737   17139387    261      23  195813     -0.66381      0.69729    8.5598e-14     -0.66381
_SET1_   ENSG00000175445     8   19724228   19859769    563      35  195813       4.8975   2.5456e-07    8.5265e-14       4.8975
_SET1_   ENSG00000179388     8   22510172   22585815    187      32  195813      -1.0929       0.8332    8.5709e-14      -1.0929
_SET1_   ENSG00000104722     8   24735525   24811607    200      23  195813       -1.166      0.84921    8.5709e-14       -1.166
_SET1_   ENSG00000157110     8   30206944   30464778    586      41  195813       1.2849     0.077612    8.5709e-14       1.2849
_SET1_   ENSG00000183779     8   37518269   37592537     46      19  195813     -0.96917      0.84077    8.5598e-14     -0.96917
_SET1_   ENSG00000168615     8   38819388   38997663    381      20  195813      0.77519        0.156    8.5598e-14      0.77519
_SET1_   ENSG00000147533     8   41312915   41403499    372      30  195813       -1.382      0.89533    8.5709e-14       -1.382
_SET1_   ENSG00000083168     8   41751997   41944508    294      18  195813       1.8397     0.020371    8.5709e-14       1.8397
_SET1_   ENSG00000104365     8   42093820   42224973    242      22  195813     -0.40643      0.67544    8.5598e-14     -0.40643
_SET1_   ENSG00000147432     8   42517519   42627550    392      13  195813      -1.4841      0.91119    8.5709e-14      -1.4841
_SET1_   ENSG00000169139     8   48885960   49012268     82      14  195813       0.5203      0.30231    8.5598e-14       0.5203
_SET1_   ENSG00000082556     8   54103284   54199257    438      27  195813     -0.22492      0.53913    8.5626e-14     -0.22492
_SET1_   ENSG00000137574     8   56650701   56773007    343      19  195813      -2.3407      0.98446    8.5709e-14      -2.3407
_SET1_   ENSG00000066777     8   68050747   68290912    348      21  195813      0.27897      0.35131    8.5598e-14      0.27897
_SET1_   ENSG00000164683     8   80641245   80715098    167      36  195813     -0.80887      0.76751    8.5598e-14     -0.80887
_SET1_   ENSG00000104267     8   86341081   86428722    135      17  195813      0.70123      0.19577    8.5598e-14      0.70123
_SET1_   ENSG00000197275     8   95349188   95522337    594      24  195813       1.7338     0.026448    8.5709e-14       1.7338
_SET1_   ENSG00000164941     8   95790539   95928974    438      28  195813       1.5902     0.040641    8.5709e-14       1.5902
_SET1_   ENSG00000132561     8   98846068   99083944    756      55  195813     -0.94155      0.79866    8.5598e-14     -0.94155
_SET1_   ENSG00000164924     8  101893753  102000616    276      23  195813      -1.4651      0.90265    8.5709e-14      -1.4651
_SET1_   ENSG00000147677     8  117619369  117814164    466      26  195813      0.76118      0.17625    8.5598e-14      0.76118
_SET1_   ENSG00000136997     8  128712680  128788674    210      43  195813     -0.57757      0.70865    8.5598e-14     -0.57757
_SET1_   ENSG00000169398     8  141632999  142047315    764      18  195813      -1.2215      0.82406    8.5709e-14      -1.2215
_SET1_   ENSG00000184489     8  142367093  142476620    399      39  195813       1.3419     0.071085    8.5709e-14       1.3419
_SET1_   ENSG00000178896     8  145098529  145170550     80       3  195813      -1.2579      0.84948    8.5709e-14      -1.2579
_SET1_   ENSG00000179091     8  145114930  145187428    109       3  195813      -1.0255      0.78614    8.5709e-14      -1.0255
_SET1_   ENSG00000161016     8  145980150  146052972    193      12  195813      0.20168      0.32532    8.5626e-14      0.20168
_SET1_   ENSG00000155158     9   15128620   15342358    784      72  195813      0.77719      0.20875    8.5598e-14      0.77719
_SET1_   ENSG00000147889     9   21932751   22030300    195      28  195813        5.976        5e-10    8.5265e-14        5.976
_SET1_   ENSG00000165006     9   34144003   34287521    319      20  195813      0.60481      0.20537    8.5598e-14      0.60481
_SET1_   ENSG00000165092     9   75480578   75730358    545      40  195813     -0.19955      0.52532    8.5626e-14     -0.19955
_SET1_   ENSG00000178966     9   86560626   86653985    172      18  195813     -0.13186      0.47502    8.5626e-14     -0.13186
_SET1_   ENSG00000165244     9   99113223   99215611    250      13  195813      0.95549      0.14568    8.5598e-14      0.95549
_SET1_   ENSG00000136938     9  100710643  100813225    200      27  195813       2.3275    0.0067962    8.5709e-14       2.3275
_SET1_   ENSG00000070159     9  112102746  112295590    574      43  195813       -1.722      0.94552    8.5709e-14       -1.722
_SET1_   ENSG00000175764     9  124549207  124890885   1293      71  195813      0.54839      0.27398    8.5598e-14      0.54839
_SET1_   ENSG00000148346     9  130876350  130950734    118      15  195813     -0.23042      0.52276    8.5626e-14     -0.23042
_SET1_   ENSG00000197694     9  131279866  131430941    211      16  195813       1.2509     0.083616    8.5709e-14       1.2509
_SET1_   ENSG00000095321     9  131822089  131908468    160       8  195813      0.69594      0.16793    8.5598e-14      0.69594
_SET1_   ENSG00000188483     9  131902835  131975540    141      15  195813       1.0077      0.11502    8.5709e-14       1.0077
_SET1_   ENSG00000148248     9  136193325  136277970    264      14  195813      0.70575      0.17892    8.5598e-14      0.70575
_SET1_   ENSG00000107317     9  139836956  139914887    212      16  195813     -0.55412      0.62828    8.5598e-14     -0.55412
_SET1_   ENSG00000169583     9  139854087  139926255    176      15  195813     -0.48992      0.60636    8.5598e-14     -0.48992
_SET1_   ENSG00000176884     9  139997842  140098207    143      13  195813       1.7088     0.026295    8.5709e-14       1.7088
_SET1_   ENSG00000188229     9  140100665  140173159      2       1  195813      0.79787      0.18749    8.5598e-14      0.79787
_SET1_   ENSG00000173876    10      57828     155103    191      21  195813      0.91619      0.14011    8.5598e-14      0.91619
_SET1_   ENSG00000198610    10    5202425    5295912    517      22  195813     -0.88455      0.75201    8.5598e-14     -0.88455
_SET1_   ENSG00000173848    10    5419514    5535426    376      22  195813    -0.021286      0.42796    8.5619e-14    -0.021286
_SET1_   ENSG00000057608    10    5772186    5919095    511      38  195813     -0.33926      0.57801    8.5598e-14     -0.33926
_SET1_   ENSG00000026025    10   17235258   17314592    251      30  195813      -1.1694      0.85053    8.5709e-14      -1.1694
_SET1_   ENSG00000107863    10   24837538   25047597    486      40  195813       1.4218     0.057781    8.5709e-14       1.4218
_SET1_   ENSG00000151025    10   25428991   25926155   2017      62  195813      0.46913      0.28787    8.5598e-14      0.46913
_SET1_   ENSG00000170759    10   32262938   32380359    306      19  195813      0.79408      0.15886    8.5598e-14      0.79408
_SET1_   ENSG00000108094    10   35262479   35414570    357      11  195813      0.85957      0.12443    8.5598e-14      0.85957
_SET1_   ENSG00000177613    10   53420247   53494355    243      32  195813      0.91454      0.15272    8.5598e-14      0.91454
_SET1_   ENSG00000197467    10   71526644   71759031   1053     122  195813      -1.3283      0.92172    8.5709e-14      -1.3283
_SET1_   ENSG00000166224    10   72540717   72675930    534      40  195813      0.69532      0.21798    8.5598e-14      0.69532
_SET1_   ENSG00000213551    10   74908120   75043620    276       3  195813      -0.7137      0.71334    8.5598e-14      -0.7137
_SET1_   ENSG00000165424    10   81107081   81240383    606      62  195813    -0.075993      0.51035    8.5612e-14    -0.075993
_SET1_   ENSG00000108219    10   82178922   82327879    437      37  195813       3.5536   0.00010789    8.5709e-14       3.5536
_SET1_   ENSG00000119917    10   91052651   91135728    342      23  195813       1.3223     0.075521    8.5709e-14       1.3223
_SET1_   ENSG00000138119    10   95031186   95277074   1131      79  195813       1.3047     0.088409    8.5709e-14       1.3047
_SET1_   ENSG00000107438    10   96962329   97085781    437      51  195813     -0.58859      0.68699    8.5598e-14     -0.58859
_SET1_   ENSG00000059573    10   97330696   97451463    417      29  195813      -1.5616       0.9188    8.5709e-14      -1.5616
_SET1_   ENSG00000119950    10  111932363  112082123    417      30  195813      0.85693      0.16675    8.5598e-14      0.85693
_SET1_   ENSG00000214413    10  112623488  112714032    209      26  195813     -0.51414      0.68556    8.5598e-14     -0.51414
_SET1_   ENSG00000150594    10  112801790  112875658    181      36  195813      -1.3217      0.90798    8.5709e-14      -1.3217
_SET1_   ENSG00000151532    10  114171756  114613503    986     122  195813      -0.7474      0.80327    8.5598e-14      -0.7474
_SET1_   ENSG00000148735    10  115476213  115578188    335      26  195813      0.24358      0.33356    8.5626e-14      0.24358
_SET1_   ENSG00000068383    10  134316324  134631979   1003      52  195813     0.037369      0.45616    8.5619e-14     0.037369
_SET1_   ENSG00000185885    11     278506     350272    244      45  195813      0.84064      0.17531    8.5598e-14      0.84064
_SET1_   ENSG00000174775    11     497242     572287    383      28  195813       0.5447      0.24368    8.5598e-14       0.5447
_SET1_   ENSG00000069696    11     602293     675706    293      28  195813      -0.1776      0.50851    8.5626e-14      -0.1776
_SET1_   ENSG00000167244    11    2115342    2205833    272      30  195813      -0.5316      0.64527    8.5598e-14      -0.5316
_SET1_   ENSG00000110651    11    2362407    2453649    278      25  195813      0.34578      0.30881    8.5598e-14      0.34578
_SET1_   ENSG00000175520    11    5493530    5566215    304      32  195813     -0.46298      0.62059    8.5598e-14     -0.46298
_SET1_   ENSG00000166483    11    9560228    9650004    221      35  195813       1.9477     0.020594    8.5709e-14       1.9477
_SET1_   ENSG00000134333    11   18380935   18464972    309      19  195813       1.3742     0.059135    8.5709e-14       1.3742
_SET1_   ENSG00000183161    11   22609079   22682387    104      10  195813     -0.62507      0.66582    8.5598e-14     -0.62507
_SET1_   ENSG00000066382    11   30371040   30643419    676      49  195813      0.29874      0.33889    8.5598e-14      0.29874
_SET1_   ENSG00000026508    11   35125417   35288949    576      63  195813     -0.98788      0.82666    8.5598e-14     -0.98788
_SET1_   ENSG00000110436    11   35237753   35476610    782      44  195813      -1.0351      0.81021    8.5709e-14      -1.0351
_SET1_   ENSG00000135362    11   36282838   36521754    882      79  195813     -0.10252      0.53251    8.5612e-14     -0.10252
_SET1_   ENSG00000175224    11   46603826   46731368    125      13  195813     -0.29286      0.55588    8.5598e-14     -0.29286
_SET1_   ENSG00000186652    11   57119267   57193130    145      21  195813      0.40983       0.2869    8.5598e-14      0.40983
_SET1_   ENSG00000110031    11   58259344   58380693    187      19  195813    -0.089269      0.46481    8.5612e-14    -0.089269
_SET1_   ENSG00000110446    11   60669556   60755002    231      32  195813     -0.88822      0.77903    8.5598e-14     -0.88822
_SET1_   ENSG00000149485    11   61532099   61631790    199      21  195813       1.8721     0.020151    8.5709e-14       1.8721
_SET1_   ENSG00000168439    11   63917744   64007015    187      23  195813      0.47632      0.27489    8.5598e-14      0.47632
_SET1_   ENSG00000213465    11   64746585   64824656    180      25  195813     -0.71781      0.72528    8.5598e-14     -0.71781
_SET1_   ENSG00000173039    11   65386067   65465565    151      16  195813        3.646   6.0772e-05    8.5709e-14        3.646
_SET1_   ENSG00000174807    11   66046958   66119515    142      22  195813       1.4447     0.056491    8.5709e-14       1.4447
_SET1_   ENSG00000254986    11   66212484   66312130    176      12  195813     -0.30924      0.53199    8.5598e-14     -0.30924
_SET1_   ENSG00000075388    11   69552797   69625171    303      38  195813      0.31034      0.33218    8.5598e-14      0.31034
_SET1_   ENSG00000085733    11   70209510   70317690    204      22  195813       2.5534    0.0033363    8.5709e-14       2.5534
_SET1_   ENSG00000149269    11   76997752   77220680    585      25  195813       2.5727    0.0027924    8.5709e-14       2.5727
_SET1_   ENSG00000174804    11   86621721   86701433    283      26  195813       1.4735     0.054328    8.5709e-14       1.4735
_SET1_   ENSG00000109861    11   87991760   88105955    386      34  195813       1.4027     0.060512    8.5709e-14       1.4027
_SET1_   ENSG00000166037    11   95488129   95600857    359      17  195813     -0.59564      0.64059    8.5598e-14     -0.59564
_SET1_   ENSG00000023445    11  102153215  102245134    164      19  195813      0.76993      0.17787    8.5598e-14      0.76993
_SET1_   ENSG00000149311    11  108058211  108274829    318      12  195813      0.14727      0.33443    8.5626e-14      0.14727
_SET1_   ENSG00000182985    11  115004938  115410675    836      69  195813      0.21395      0.39367    8.5626e-14      0.21395
_SET1_   ENSG00000154096    11  119253090  119330695    137       8  195813        1.007      0.10186    8.5709e-14        1.007
_SET1_   ENSG00000120451    11  130710331  130821404    450      23  195813      0.96293      0.11646    8.5598e-14      0.96293
_SET1_   ENSG00000110852    12    9970583   10057735    211      30  195813      -2.1033      0.97673    8.5709e-14      -2.1033
_SET1_   ENSG00000111196    12   10723612   10801222    261      17  195813      -1.1034        0.806    8.5709e-14      -1.1034
_SET1_   ENSG00000111348    12   15059951   15149662    319      24  195813      -1.1544      0.83022    8.5709e-14      -1.1544
_SET1_   ENSG00000111713    12   21654123   21792781    505      37  195813     -0.40407      0.60844    8.5598e-14     -0.40407
_SET1_   ENSG00000111716    12   21753276   21945791    295      18  195813     -0.53865      0.63647    8.5598e-14     -0.53865
_SET1_   ENSG00000111731    12   22566517   22732480    230      10  195813     -0.34039      0.61426    8.5598e-14     -0.34039
_SET1_   ENSG00000152944    12   27140479   27254276    412      32  195813      0.28125      0.33204    8.5598e-14      0.28125
_SET1_   ENSG00000111371    12   46541846   46698800    362      58  195813      -1.7581      0.95738    8.5709e-14      -1.7581
_SET1_   ENSG00000139537    12   49262893   49360623    288      14  195813     -0.97139      0.76085    8.5598e-14     -0.97139
_SET1_   ENSG00000161798    12   50320653   50394464    154      35  195813     -0.79205      0.77165    8.5598e-14     -0.79205
_SET1_   ENSG00000161800    12   50335706   50461919    239      27  195813      -1.0813      0.84023    8.5709e-14      -1.0813
_SET1_   ENSG00000110925    12   51419990   51512447    262      17  195813     0.040821      0.40168    8.5619e-14     0.040821
_SET1_   ENSG00000170486    12   52944373   53030322    427      37  195813       -1.888      0.96001    8.5709e-14       -1.888
_SET1_   ENSG00000135409    12   53782639   53860318    131      10  195813      0.19134      0.34753    8.5626e-14      0.19134
_SET1_   ENSG00000197757    12   54349408   54459607    197      34  195813       1.6636     0.038042    8.5709e-14       1.6636
_SET1_   ENSG00000123338    12   54856495   54972726    342      53  195813      -1.3836      0.90899    8.5709e-14      -1.3836
_SET1_   ENSG00000123374    12   56325553   56401568     91      16  195813     -0.31715      0.57118    8.5598e-14     -0.31715
_SET1_   ENSG00000065361    12   56438641   56532289    146      22  195813      0.57823      0.25077    8.5598e-14      0.57823
_SET1_   ENSG00000175203    12   57888885   57976114    126      14  195813      0.70486       0.1977    8.5598e-14      0.70486
_SET1_   ENSG00000166908    12   57949957   58032198    144      26  195813      0.87304      0.16125    8.5598e-14      0.87304
_SET1_   ENSG00000127318    12   68607022   68682387    275      23  195813     -0.61392      0.66629    8.5598e-14     -0.61392
_SET1_   ENSG00000166226    12   69944114   70030350    258      24  195813       1.1133     0.097962    8.5709e-14       1.1133
_SET1_   ENSG00000153233    12   70996853   71349623   1218     101  195813       1.4518      0.08058    8.5709e-14       1.4518
_SET1_   ENSG00000067715    12   79222773   79880788   1509      66  195813       1.5439     0.054335    8.5709e-14       1.5439
_SET1_   ENSG00000070961    12   89946828   90138077    322      30  195813       4.6819   8.8823e-07    8.5265e-14       4.6819
_SET1_   ENSG00000171759    12  103195663  103387188    605      39  195813     -0.38497      0.59634    8.5598e-14     -0.38497
_SET1_   ENSG00000089127    12  113309582  113404990    285      13  195813      0.82113      0.13685    8.5598e-14      0.82113
_SET1_   ENSG00000089220    12  118538663  118618389    213      30  195813      -1.4643      0.91131    8.5709e-14      -1.4643
_SET1_   ENSG00000152137    12  119581447  119693936    316      46  195813     -0.61456      0.70472    8.5598e-14     -0.61456
_SET1_   ENSG00000135124    12  121612660  121706909    359      27  195813        1.248     0.078394    8.5709e-14        1.248
_SET1_   ENSG00000182500    12  122029455  122115583    260      20  195813       1.3557     0.072406    8.5709e-14       1.3557
_SET1_   ENSG00000139726    12  123202321  123290611    173      15  195813      0.72999      0.19434    8.5598e-14      0.72999
_SET1_   ENSG00000151835    13   23867965   24042841    747      65  195813     -0.46055       0.6506    8.5598e-14     -0.46055
_SET1_   ENSG00000151849    13   25422171   25532018    469      25  195813      -1.8075      0.94566    8.5709e-14      -1.8075
_SET1_   ENSG00000083635    13   45478384   45598618    228      34  195813     -0.66125      0.76838    8.5598e-14     -0.66125
_SET1_   ENSG00000136143    13   48475622   48647125    705      26  195813     0.019463       0.4209    8.5619e-14     0.019463
_SET1_   ENSG00000083520    13   73294540   73391234    259      24  195813     -0.63708      0.69269    8.5598e-14     -0.63708
_SET1_   ENSG00000134900    13  103214353  103366521    674      40  195813       2.3176    0.0065119    8.5709e-14       2.3176
_SET1_   ENSG00000134897    13  103416399  103528885    294      21  195813     -0.52942      0.63379    8.5598e-14     -0.52942
_SET1_   ENSG00000134871    13  110923159  111200374   1419     139  195813       4.8512   9.9903e-07    8.5265e-14       4.8512
_SET1_   ENSG00000136367    14   23955066   24060401    159      34  195813      -1.6952      0.95143    8.5709e-14      -1.6952
_SET1_   ENSG00000100883    14   35416163   35533773    484      24  195813       2.1608    0.0088602    8.5709e-14       2.1608
_SET1_   ENSG00000100902    14   35712839   35821699    370      23  195813       1.8253     0.024357    8.5709e-14       1.8253
_SET1_   ENSG00000100519    14   53138890   53230305    193      28  195813      -0.1788      0.51466    8.5626e-14      -0.1788
_SET1_   ENSG00000100522    14   53206912   53293386    139      16  195813      0.14704      0.36672    8.5626e-14      0.14704
_SET1_   ENSG00000131966    14   58631798   58736750    159      23  195813       2.0724     0.013634    8.5709e-14       2.0724
_SET1_   ENSG00000100568    14   68078792   68176548    233      23  195813     -0.58531      0.67295    8.5598e-14     -0.58531
_SET1_   ENSG00000119685    14   76064968   76456421    789      36  195813      0.59619       0.2419    8.5598e-14      0.59619
_SET1_   ENSG00000165521    14   89043775   89294096    481      28  195813      -1.2669        0.861    8.5709e-14      -1.2669
_SET1_   ENSG00000100784    14   91301799   91561980    703      41  195813       1.5761     0.043785    8.5709e-14       1.5761
_SET1_   ENSG00000090060    14   96932770   97068448    286      29  195813      -1.1978      0.86461    8.5709e-14      -1.1978
_SET1_   ENSG00000126215    14  104128946  104216841    185      24  195813      0.74221       0.1856    8.5598e-14      0.74221
_SET1_   ENSG00000142208    14  105200686  105297088    219      31  195813      -1.4777      0.91103    8.5709e-14      -1.4777
_SET1_   ENSG00000134152    15   34397875   34537297    478      28  195813      -1.6394      0.92981    8.5709e-14      -1.6394
_SET1_   ENSG00000137801    15   39838280   39926667    200      15  195813      0.31697      0.31148    8.5598e-14      0.31697
_SET1_   ENSG00000128944    15   40639922   40721447    231      25  195813    -0.071832      0.46335    8.5612e-14    -0.071832
_SET1_   ENSG00000168907    15   42398332   42483839    261      33  195813     -0.24941      0.55521    8.5626e-14     -0.24941
_SET1_   ENSG00000128886    15   44029798   44104741    105      10  195813     -0.20804      0.51394    8.5626e-14     -0.20804
_SET1_   ENSG00000166920    15   45687727   45775959    116      17  195813      0.86318      0.15737    8.5598e-14      0.86318
_SET1_   ENSG00000197535    15   52564480   52856247    834      35  195813       1.5777     0.041009    8.5709e-14       1.5777
_SET1_   ENSG00000166949    15   67321101   67522533    567      65  195813       2.9035    0.0014759    8.5709e-14       2.9035
_SET1_   ENSG00000129007    15   68448043   68533417    187      14  195813     -0.44924       0.5928    8.5598e-14     -0.44924
_SET1_   ENSG00000167195    15   75515940   75597540     41      16  195813     -0.42129      0.64667    8.5598e-14     -0.42129
_SET1_   ENSG00000117906    15   77188960   77277601    157      27  195813       2.4718    0.0049871    8.5709e-14       2.4718
_SET1_   ENSG00000140382    15   77677754   77812949    258      18  195813       2.0606     0.012085    8.5709e-14       2.0606
_SET1_   ENSG00000136371    15   80090927   80224721    492      30  195813     -0.96403       0.7824    8.5598e-14     -0.96403
_SET1_   ENSG00000182054    15   90591277   90680736    278      26  195813     -0.40706      0.58879    8.5598e-14     -0.40706
_SET1_   ENSG00000140443    15   99157200   99542759   1185     122  195813       1.5467     0.073517    8.5709e-14       1.5467
_SET1_   ENSG00000140470    15  100476794  100917210   2317     144  195813      0.20559      0.46861    8.5626e-14      0.20559
_SET1_   ENSG00000103126    16     302440     437673    541      36  195813     -0.11112      0.47965    8.5612e-14     -0.11112
_SET1_   ENSG00000127588    16     813041     885733    160      19  195813       0.5744      0.22677    8.5598e-14       0.5744
_SET1_   ENSG00000205937    16    2268117    2353413    138      19  195813      -2.2281      0.97971    8.5709e-14      -2.2281
_SET1_   ENSG00000006194    16    3278743    3386401    226      33  195813     -0.84641       0.7615    8.5598e-14     -0.84641
_SET1_   ENSG00000140740    16   21928981   22029981     80      14  195813       -1.085      0.85269    8.5709e-14       -1.085
_SET1_   ENSG00000090905    16   24706016   24873953    510      30  195813      0.57614      0.23194    8.5598e-14      0.57614
_SET1_   ENSG00000077238    16   27289989   27411099    393      45  195813     -0.52583      0.66494    8.5598e-14     -0.52583
_SET1_   ENSG00000013364    16   29796715   29894355     78       8  195813       -2.048      0.96849    8.5709e-14       -2.048
_SET1_   ENSG00000052344    16   31107756   31182083     90      13  195813     -0.42729       0.5928    8.5598e-14     -0.42729
_SET1_   ENSG00000205362    16   56637578   56708999    382      40  195813       -1.261        0.877    8.5709e-14       -1.261
_SET1_   ENSG00000135720    16   66719796   66820701    194      13  195813      -0.1543      0.46449    8.5626e-14      -0.1543
_SET1_   ENSG00000103064    16   68263433   68370722    201      21  195813      0.37123      0.29452    8.5598e-14      0.37123
_SET1_   ENSG00000039068    16   68736128   68904451    577      32  195813     -0.95059      0.78603    8.5598e-14     -0.95059
_SET1_   ENSG00000140829    16   72092461   72181811    265      22  195813       2.2909    0.0066728    8.5709e-14       2.2909
_SET1_   ENSG00000065457    16   75595879   75692198    310      21  195813     -0.80005      0.77932    8.5598e-14     -0.80005
_SET1_   ENSG00000166446    16   80596803   80873226   1008      64  195813      -1.2842      0.88861    8.5709e-14      -1.2842
_SET1_   ENSG00000166451    16   81005103   81101719    369      14  195813       1.7189     0.025593    8.5709e-14       1.7189
_SET1_   ENSG00000140945    16   82625408   83865204   7322     354  195813      0.20441      0.48391    8.5626e-14      0.20441
_SET1_   ENSG00000140968    16   85897409   85991215    454      49  195813      0.60969      0.23738    8.5598e-14      0.60969
_SET1_   ENSG00000167508    16   88683343   88764569    286      42  195813    -0.034544      0.47332    8.5619e-14    -0.034544
_SET1_   ENSG00000159842    17     871758    1167315   1120     124  195813      0.78083      0.23583    8.5598e-14      0.78083
_SET1_   ENSG00000167711    17    1611130    1693562    262      29  195813      0.24712      0.34205    8.5626e-14      0.24712
_SET1_   ENSG00000132386    17    1630253    1715868    311      31  195813    -0.039361      0.45262    8.5619e-14    -0.039361
_SET1_   ENSG00000185722    17    4032201    4202274    396      18  195813      -1.1273      0.81519    8.5709e-14      -1.1273
_SET1_   ENSG00000132382    17    4407192    4493926    309      48  195813     -0.72376      0.74407    8.5598e-14     -0.72376
_SET1_   ENSG00000141480    17    4578784    4659794    260      30  195813     -0.46178      0.62396    8.5598e-14     -0.46178
_SET1_   ENSG00000142507    17    4664439    4736790    216      40  195813     0.063076      0.43686    8.5612e-14     0.063076
_SET1_   ENSG00000108839    17    6864384    6949055    235      27  195813       1.4346     0.056747    8.5709e-14       1.4346
_SET1_   ENSG00000132535    17    7058209    7158021    146      29  195813      0.68324      0.21469    8.5598e-14      0.68324
_SET1_   ENSG00000213859    17    7220208    7293258    220      44  195813       1.9551     0.021188    8.5709e-14       1.9551
_SET1_   ENSG00000141510    17    7530097    7625856    321      34  195813     -0.22191      0.54514    8.5626e-14     -0.22191
_SET1_   ENSG00000170004    17    7753124    7851078    221      31  195813      -0.3222      0.58931    8.5598e-14      -0.3222
_SET1_   ENSG00000170315    17   16249112   16321059    134      18  195813       1.5856     0.047185    8.5709e-14       1.5856
_SET1_   ENSG00000166482    17   19251755   19325553    111      12  195813       2.5121    0.0061354    8.5709e-14       2.5121
_SET1_   ENSG00000108602    17   19606297   19687256    176      26  195813       1.0372      0.12094    8.5709e-14       1.0372
_SET1_   ENSG00000108599    17   19772615   19916656    268      17  195813     -0.60773      0.65399    8.5598e-14     -0.60773
_SET1_   ENSG00000108587    17   28769380   28889610    191      16  195813      0.10129      0.37473    8.5612e-14      0.10129
_SET1_   ENSG00000167258    17   37582764   37756160    322      14  195813         2.03     0.012003    8.5709e-14         2.03
_SET1_   ENSG00000161395    17   37792375   37888050    189      17  195813       1.1078      0.10008    8.5709e-14       1.1078
_SET1_   ENSG00000168259    17   40093451   40208394    179      21  195813       2.1209     0.012665    8.5709e-14       2.1209
_SET1_   ENSG00000173757    17   40316186   40463725    177      21  195813      0.82138      0.17046    8.5598e-14      0.82138
_SET1_   ENSG00000068120    17   40678485   40753295    154      15  195813        3.311   0.00021559    8.5709e-14        3.311
_SET1_   ENSG00000012048    17   41161312   41312500    301       7  195813       1.6848     0.021581    8.5709e-14       1.6848
_SET1_   ENSG00000064300    17   47537655   47627379    260      49  195813      0.77537      0.19973    8.5598e-14      0.77537
_SET1_   ENSG00000154945    17   48735551   48820285    190      29  195813      0.55366       0.2526    8.5598e-14      0.55366
_SET1_   ENSG00000121060    17   54930270   55026399    161      31  195813      -1.6913      0.94368    8.5709e-14      -1.6913
_SET1_   ENSG00000121057    17   55127453   55233710    417      55  195813     -0.73091      0.74452    8.5598e-14     -0.73091
_SET1_   ENSG00000168646    17   63489681   63592765    273      52  195813       3.1738   0.00066296    8.5709e-14       3.1738
_SET1_   ENSG00000180901    17   72993670   73096984    375      32  195813     -0.47984      0.64256    8.5598e-14     -0.47984
_SET1_   ENSG00000170190    17   73048822   73137257    295      27  195813     -0.12424      0.49155    8.5612e-14     -0.12424
_SET1_   ENSG00000125449    17   73071047   73161360    263      24  195813    -0.027149      0.44563    8.5619e-14    -0.027149
_SET1_   ENSG00000177885    17   73279157   73436790    411      18  195813      0.21297      0.33818    8.5626e-14      0.21297
_SET1_   ENSG00000176170    17   74337665   74418941    223      28  195813      0.62866      0.23433    8.5598e-14      0.62866
_SET1_   ENSG00000167900    17   76135160   76218314    420      52  195813     -0.78295      0.76043    8.5598e-14     -0.78295
_SET1_   ENSG00000184009    17   79441997   79525873    328      24  195813      -1.7015      0.93428    8.5709e-14      -1.7015
_SET1_   ENSG00000185813    17   79823841   79904340     22       1  195813     -0.12731      0.43574    8.5626e-14     -0.12731
_SET1_   ENSG00000169750    17   79954500   80027080    119      14  195813      0.65122      0.19725    8.5598e-14      0.65122
_SET1_   ENSG00000177426    18    3376606    3493409    356      58  195813     -0.49899      0.66679    8.5598e-14     -0.49899
_SET1_   ENSG00000206418    18    8574443    8674379    391      42  195813      0.42315      0.29199    8.5598e-14      0.42315
_SET1_   ENSG00000053747    18   21234407   21570030    648      25  195813     -0.06313       0.4492    8.5612e-14     -0.06313
_SET1_   ENSG00000118276    18   29167210   29300799    293      27  195813      0.33352      0.30793    8.5598e-14      0.33352
_SET1_   ENSG00000141469    18   43269092   43367485    457      32  195813      -1.2291        0.851    8.5709e-14      -1.2291
_SET1_   ENSG00000265681    18   46979851   47053906    288      20  195813      0.27203      0.31549    8.5598e-14      0.27203
_SET1_   ENSG00000141646    18   48459410   48646415    238      20  195813      0.73521      0.17542    8.5598e-14      0.73521
_SET1_   ENSG00000081923    18   55278658   55505333    767      76  195813       -1.287      0.89351    8.5709e-14       -1.287
_SET1_   ENSG00000049759    18   55676599   56103772   1345     101  195813     -0.56811      0.71809    8.5598e-14     -0.56811
_SET1_   ENSG00000171791    18   60755579   61022361    751     114  195813      0.75221      0.25316    8.5598e-14      0.75221
_SET1_   ENSG00000197632    18   61503926   61606124    369      10  195813      0.16679      0.32531    8.5626e-14      0.16679
_SET1_   ENSG00000196415    19     805963     883175    195      29  195813     -0.91351      0.77719    8.5598e-14     -0.91351
_SET1_   ENSG00000197766    19     824453     898453    183      23  195813      -1.4429      0.89678    8.5709e-14      -1.4429
_SET1_   ENSG00000071655    19    1541639    1627882     83      14  195813     -0.66655       0.6918    8.5598e-14     -0.66655
_SET1_   ENSG00000071564    19    1574291    1687604    155      24  195813      -1.9151      0.96137    8.5709e-14      -1.9151
_SET1_   ENSG00000125912    19    3150561    3244573    369      33  195813      0.70537      0.19237    8.5598e-14      0.70537
_SET1_   ENSG00000060566    19    4118598    4208051    259      31  195813      0.34865      0.30728    8.5598e-14      0.34865
_SET1_   ENSG00000125730    19    6642715    6765573    446      61  195813      0.60403      0.25067    8.5598e-14      0.60403
_SET1_   ENSG00000167772    19    8393173    8474257    307      31  195813       1.7799     0.026461    8.5709e-14       1.7799
_SET1_   ENSG00000065989    19   10492449   10615305    269      22  195813       1.5076       0.0473    8.5709e-14       1.5076
_SET1_   ENSG00000129355    19   10642138   10714735    269      20  195813       2.7415    0.0016304    8.5709e-14       2.7415
_SET1_   ENSG00000130164    19   11165038   11279492    446      39  195813        7.131   1.8553e-13    8.5265e-14        7.131
_SET1_   ENSG00000171223    19   12867310   12939124    163      18  195813      -1.1307      0.88689    8.5709e-14      -1.1307
_SET1_   ENSG00000167461    19   16187439   16280044    240      33  195813     -0.40094      0.60875    8.5598e-14     -0.40094
_SET1_   ENSG00000105649    19   18272594   18349884    196      22  195813      0.86328      0.14828    8.5598e-14      0.86328
_SET1_   ENSG00000221983    19   18647540   18723360    213      23  195813      0.21152      0.34849    8.5626e-14      0.21152
_SET1_   ENSG00000105708    19   19786280   19878906    319      34  195813       0.8437       0.1634    8.5598e-14       0.8437
_SET1_   ENSG00000089327    19   35610633   35695786    389      28  195813       -1.645      0.92655    8.5709e-14       -1.645
_SET1_   ENSG00000196218    19   38889339   39113204    697      52  195813     -0.43449      0.66207    8.5598e-14     -0.43449
_SET1_   ENSG00000196235    19   39891796   40002310    307      20  195813       1.5408     0.039041    8.5709e-14       1.5408
_SET1_   ENSG00000105221    19   40701224   40826443    242      25  195813     -0.20438      0.52241    8.5626e-14     -0.20438
_SET1_   ENSG00000105372    19   42328988   42411994    104      10  195813     -0.82444      0.72144    8.5598e-14     -0.82444
_SET1_   ENSG00000105281    19   47243140   47326851    235      30  195813        1.909     0.020127    8.5709e-14        1.909
_SET1_   ENSG00000105327    19   47689081   47771023    122      20  195813        1.461     0.052535    8.5709e-14        1.461
_SET1_   ENSG00000024422    19   48181600   48281391    387      36  195813     -0.71679      0.71511    8.5598e-14     -0.71679
_SET1_   ENSG00000104805    19   49368307   49461629    356      37  195813      0.82339      0.17183    8.5598e-14      0.82339
_SET1_   ENSG00000126456    19   50127826   50204132    133      21  195813       1.0919      0.11293    8.5709e-14       1.0919
_SET1_   ENSG00000126457    19   50144043   50227286    147      25  195813      0.87218      0.16975    8.5598e-14      0.87218
_SET1_   ENSG00000196214    19   52737824   52830977    398      38  195813     -0.12122      0.51113    8.5612e-14     -0.12122
_SET1_   ENSG00000213799    19   53802002   53893122    470      61  195813     -0.60991      0.70676    8.5598e-14     -0.60991
_SET1_   ENSG00000130844    19   53989235   54118523    693      58  195813     -0.01972      0.46879    8.5619e-14     -0.01972
_SET1_   ENSG00000239998    19   55049387   55134027    453      27  195813       0.4426      0.29101    8.5598e-14       0.4426
_SET1_   ENSG00000125818    20    1058906    1195596    365      49  195813     0.006181      0.47311    8.5618e-14     0.006181
_SET1_   ENSG00000125845    20    6713311    6795927    246      51  195813       1.8906     0.025663    8.5709e-14       1.8906
_SET1_   ENSG00000101323    20    7828628    7956121    397      28  195813      0.34022      0.30707    8.5598e-14      0.34022
_SET1_   ENSG00000178726    20   22991270   23065378    202      26  195813      0.85052      0.15684    8.5598e-14      0.85052
_SET1_   ENSG00000125968    20   30158086   30229318    178       6  195813       -1.088      0.79393    8.5709e-14       -1.088
_SET1_   ENSG00000125977    20   32641104   32735138    117      10  195813     -0.77917      0.70974    8.5598e-14     -0.77917
_SET1_   ENSG00000125971    20   33069214   33163762    114      12  195813      0.92282      0.12668    8.5598e-14      0.92282
_SET1_   ENSG00000125995    20   34252194   34323906    183      12  195813      0.95597      0.13993    8.5598e-14      0.95597
_SET1_   ENSG00000101335    20   35134887   35213228     70      23  195813      0.74151       0.2669    8.5598e-14      0.74151
_SET1_   ENSG00000101452    20   37555942   37703366    314      17  195813      0.44057      0.25111    8.5598e-14      0.44057
_SET1_   ENSG00000124107    20   43845880   43918205    258      13  195813      0.54936      0.25191    8.5598e-14      0.54936
_SET1_   ENSG00000124116    20   44341583   44455571    552      21  195813     -0.41372      0.56769    8.5598e-14     -0.41372
_SET1_   ENSG00000101470    20   44416853   44497384    273      24  195813      0.13041      0.38647    8.5626e-14      0.13041
_SET1_   ENSG00000054793    20   50178053   50420173   1084      49  195813       -1.426      0.89981    8.5709e-14       -1.426
_SET1_   ENSG00000101146    20   55891066   55989267    314      21  195813      0.26317      0.35826    8.5598e-14      0.26317
_SET1_   ENSG00000092758    20   61412596   61507511    393      48  195813      0.36853      0.32689    8.5598e-14      0.36853
_SET1_   ENSG00000101190    20   61437467   61528115    389      47  195813       0.3457      0.33349    8.5598e-14       0.3457
_SET1_   ENSG00000197457    20   62236061   62319780    331      27  195813    -0.078024      0.46416    8.5612e-14    -0.078024
_SET1_   ENSG00000243509    20   62293021   62365037    254      17  195813      -1.7562      0.93979    8.5709e-14      -1.7562
_SET1_   ENSG00000155304    21   15708436   15790805    337      35  195813      -1.2707      0.87364    8.5709e-14      -1.2707
_SET1_   ENSG00000156261    21   30393126   30481118    185      21  195813       2.0239     0.014277    8.5709e-14       2.0239
_SET1_   ENSG00000160188    21   43857596   43951464    343      47  195813     -0.59522      0.69643    8.5598e-14     -0.59522
_SET1_   ENSG00000177663    22   17530844   17631583    357      45  195813      0.46972      0.28556    8.5598e-14      0.46972
_SET1_   ENSG00000185686    22   22855123   22936768    344      31  195813      -0.7331      0.71694    8.5598e-14      -0.7331
_SET1_   ENSG00000185340    22   29667572   29743774    132      24  195813     -0.14249      0.51698    8.5626e-14     -0.14249
_SET1_   ENSG00000241878    22   31979477   32093418    398      20  195813     -0.39427      0.63036    8.5598e-14     -0.39427
_SET1_   ENSG00000100362    22   37161728   37250523    233      34  195813     -0.56528      0.67278    8.5598e-14     -0.56528
_SET1_   ENSG00000100060    22   37830101   37917439    195      31  195813      -0.8976      0.79376    8.5598e-14      -0.8976
_SET1_   ENSG00000213923    22   38651697   38829527    425      62  195813       0.8317      0.18885    8.5598e-14       0.8317
_SET1_   ENSG00000100196    22   38829067   38914452    184      38  195813     -0.38559      0.63797    8.5598e-14     -0.38559
_SET1_   ENSG00000128272    22   39880700   39953691    154      22  195813      0.29251      0.32982    8.5598e-14      0.29251
_SET1_   ENSG00000100354    22   40405821   40766812    595      28  195813       1.4435     0.048964    8.5709e-14       1.4435
_SET1_   ENSG00000100401    22   41606615   41717255    234      17  195813      -2.3038      0.98098    8.5709e-14      -2.3038
_SET1_   ENSG00000100412    22   41830129   41959993    202      15  195813      -1.0796      0.81462    8.5709e-14      -1.0796
_SET1_   ENSG00000186654    22   45029593   45168561    710      89  195813      0.46833      0.32882    8.5598e-14      0.46833
_SET1_   ENSG00000186951    22   46511424   46674653    414      38  195813       1.1123      0.11299    8.5709e-14       1.1123
_SET1_   ENSG00000205560    22   50972290   51052899    407      34  195813      -1.9805      0.96925    8.5709e-14      -1.9805
_SET1_   ENSG00000251322    22   51077843   51206726    288      37  195813       1.9223     0.020634    8.5709e-14       1.9223
