# ALPHA = 0.05
# NUMBER_OF_TESTS = 5878

# _SET1_  VARIABLE = KEGG_MEDICUS_VARIANT_BCR_ABL_FUSION_KINASE_TO_RAS_ERK_SIGNALING_PATHWAY (set)
# _SET1_  NGENES = 13
# _SET1_  P-VALUE = 5.78879e-06
_SET1_   GENE              CHR      START       STOP  NSNPS  NPARAM       N        ZSTAT            P  ZFITTED_BASE  ZRESID_BASE
_SET1_   ENSG00000163206     1  152815793  152892523    102      17  195813       1.2744     0.081427    8.5709e-14       1.2744
_SET1_   ENSG00000198049     1  206188976  206266639    196      15  195813      0.66289      0.21643    8.5598e-14      0.66289
_SET1_   ENSG00000128683     2  171634723  171752661    332      30  195813     -0.81268      0.74897    8.5598e-14     -0.81268
_SET1_   ENSG00000112699     6    1589041    2280926   2076     119  195813       1.9151     0.031363    8.5709e-14       1.9151
_SET1_   ENSG00000096006     6   49660097   49747150    245      24  195813     -0.04244      0.45192    8.5619e-14     -0.04244
_SET1_   ENSG00000176406     8  104477976  105303322   2834      36  195813      0.81309       0.1549    8.5598e-14      0.81309
_SET1_   ENSG00000176697    11   27641440   27778605    266      28  195813       1.8271     0.024555    8.5709e-14       1.8271
_SET1_   ENSG00000152207    13   49245951   49318498    265      26  195813     -0.77372      0.74015    8.5598e-14     -0.77372
_SET1_   ENSG00000196547    15   91410448   91500814    279      29  195813       4.2108   6.7849e-06    8.5265e-14       4.2108
_SET1_   ENSG00000167526    16   89592065   89665950    241      24  195813       3.4384   0.00015134    8.5709e-14       3.4384
_SET1_   ENSG00000132589    17   27171353   27259697    115      19  195813       2.0827     0.013658    8.5709e-14       2.0827
_SET1_   ENSG00000104826    19   49484237   49555338    220      19  195813      -1.2471      0.85111    8.5709e-14      -1.2471
_SET1_   ENSG00000101439    20   23573534   23654110    259      12  195813       1.4115     0.047601    8.5709e-14       1.4115

# _SET2_  VARIABLE = MIKKELSEN_ES_ICP_WITH_H3K4ME3 (set)
# _SET2_  NGENES = 629
# _SET2_  P-VALUE = 5.87e-06
_SET2_   GENE              CHR      START       STOP  NSNPS  NPARAM       N        ZSTAT            P  ZFITTED_BASE  ZRESID_BASE
_SET2_   ENSG00000067606     1    1946909    2151834    450      27  195813    -0.046461      0.43772    8.5619e-14    -0.046461
_SET2_   ENSG00000116213     1    3512331    3604325    303      38  195813     -0.10108      0.49376    8.5612e-14     -0.10108
_SET2_   ENSG00000169598     1    3738845    3836993    513      30  195813       1.0318      0.11082    8.5709e-14       1.0318
_SET2_   ENSG00000041988     1    6649926    6730646    194      22  195813     -0.25742      0.53477    8.5598e-14     -0.25742
_SET2_   ENSG00000171612     1    9564541    9680237    171      18  195813       1.3391     0.071315    8.5709e-14       1.3391
_SET2_   ENSG00000054523     1   10235863   10476661    754      19  195813      0.12907      0.35411    8.5626e-14      0.12907
_SET2_   ENSG00000009724     1   11051580   11142290    212      15  195813      -1.1529      0.83533    8.5709e-14      -1.1529
_SET2_   ENSG00000116649     1   11079641   11155081    175      10  195813     -0.77556      0.72165    8.5598e-14     -0.77556
_SET2_   ENSG00000028137     1   12192060   12304285    321      40  195813       1.1235      0.11516    8.5709e-14       1.1235
_SET2_   ENSG00000070831     1   22344120   22454437    403      25  195813       0.4474      0.26799    8.5598e-14       0.4474
_SET2_   ENSG00000184454     1   24847602   24970819    473      46  195813      -1.3671       0.8943    8.5709e-14      -1.3671
_SET2_   ENSG00000117748     1   28183035   28276257    318      20  195813     -0.38882       0.5657    8.5598e-14     -0.38882
_SET2_   ENSG00000162511     1   31170316   31265667    314      32  195813      -1.7615      0.94537    8.5709e-14      -1.7615
_SET2_   ENSG00000162522     1   33172486   33275571    202      27  195813      0.69649      0.21048    8.5598e-14      0.69649
_SET2_   ENSG00000134690     1   38123090   38210391    291      25  195813     -0.81348       0.7376    8.5598e-14     -0.81348
_SET2_   ENSG00000142949     1   43955858   44124343    414      21  195813     -0.10107      0.44789    8.5612e-14     -0.10107
_SET2_   ENSG00000142945     1   45170490   45268439    249      28  195813       1.9685     0.018659    8.5709e-14       1.9685
_SET2_   ENSG00000117450     1   45941708   46023719    187      12  195813     -0.11604      0.44549    8.5612e-14     -0.11604
_SET2_   ENSG00000134748     1   52835236   52921511    118      18  195813     -0.49749      0.69601    8.5598e-14     -0.49749
_SET2_   ENSG00000116641     1   62885399   63188969    466      16  195813      0.37195      0.26449    8.5598e-14      0.37195
_SET2_   ENSG00000185483     1   64204693   64682181   1268      85  195813      -0.1001       0.5272    8.5612e-14      -0.1001
_SET2_   ENSG00000116729     1   68529142   68733803    793      84  195813       1.8406     0.033833    8.5709e-14       1.8406
_SET2_   ENSG00000116754     1   70636365   70753735    179      21  195813      0.39157      0.32954    8.5598e-14      0.39157
_SET2_   ENSG00000154027     1   77712736   78060651   1289      81  195813      0.30569      0.37536    8.5598e-14      0.30569
_SET2_   ENSG00000097096     1   85587556   85701729    364      29  195813     -0.66743      0.70138    8.5598e-14     -0.66743
_SET2_   ENSG00000117228     1   89483002   89566043    244      22  195813      0.62453       0.2081    8.5598e-14      0.62453
_SET2_   ENSG00000162645     1   89536815   89651139    279      14  195813      0.86921      0.13184    8.5598e-14      0.86921
_SET2_   ENSG00000137936     1   93992347   94347706   1103      39  195813      0.04745      0.42862    8.5619e-14      0.04745
_SET2_   ENSG00000060718     1  103307023  103609052   1327      40  195813      0.01358      0.43892    8.5619e-14      0.01358
_SET2_   ENSG00000143126     1  109757641  109853372    241      42  195813       7.4233   3.2419e-14    8.5265e-14       7.4233
_SET2_   ENSG00000143106     1  109906653  110004062    149      13  195813       2.0274     0.013105    8.5709e-14       2.0274
_SET2_   ENSG00000184371     1  110417864  110508614    262      43  195813       1.7902     0.029992    8.5709e-14       1.7902
_SET2_   ENSG00000116473     1  112049840  112294313    849      57  195813      -1.2316      0.87412    8.5709e-14      -1.2316
_SET2_   ENSG00000155380     1  113419469  113534635    197      23  195813      0.59492      0.22812    8.5598e-14      0.59492
_SET2_   ENSG00000116748     1  115180719  115273239    214      33  195813        1.002      0.14171    8.5709e-14        1.002
_SET2_   ENSG00000213281     1  115212090  115294515    169      28  195813      0.48276       0.2846    8.5598e-14      0.48276
_SET2_   ENSG00000134253     1  117618682  117700209    197      29  195813      -2.2967      0.98607    8.5709e-14      -2.2967
_SET2_   ENSG00000178096     1  149824440  149907351     84       4  195813      0.34837      0.29344    8.5598e-14      0.34837
_SET2_   ENSG00000118298     1  150194554  150272478    125      12  195813     -0.86106      0.73725    8.5598e-14     -0.86106
_SET2_   ENSG00000163131     1  150667672  150773433    223      15  195813       2.3565    0.0048034    8.5709e-14       2.3565
_SET2_   ENSG00000143437     1  150747181  150884244    229      20  195813       2.4421     0.004335    8.5709e-14       2.4421
_SET2_   ENSG00000213190     1  150995234  151075970    199      27  195813       1.4129     0.069076    8.5709e-14       1.4129
_SET2_   ENSG00000143436     1  151697119  151771040    185      16  195813       2.7617    0.0014402    8.5709e-14       2.7617
_SET2_   ENSG00000197747     1  151920391  152001866    227      16  195813     0.080191      0.39138    8.5612e-14     0.080191
_SET2_   ENSG00000189334     1  153551731  153624462    115      12  195813       1.8504     0.019081    8.5709e-14       1.8504
_SET2_   ENSG00000198837     1  153866977  153954172    126      11  195813       2.0881     0.010451    8.5709e-14       2.0881
_SET2_   ENSG00000143578     1  153905010  153981839     88      13  195813       1.9695     0.016057    8.5709e-14       1.9695
_SET2_   ENSG00000143569     1  154157655  154278986    178      21  195813      0.38623      0.28632    8.5598e-14      0.38623
_SET2_   ENSG00000160691     1  154899774  154981871    117      19  195813       2.7859    0.0020106    8.5709e-14       2.7859
_SET2_   ENSG00000143321     1  156676899  156771717    213      26  195813       1.3956     0.063083    8.5709e-14       1.3956
_SET2_   ENSG00000162728     1  160016360  160095353    200      26  195813      -2.0298      0.96979    8.5709e-14      -2.0298
_SET2_   ENSG00000117090     1  160542890  160652085    379      41  195813     -0.66211      0.71826    8.5598e-14     -0.66211
_SET2_   ENSG00000026751     1  160674037  160759611    215      37  195813       1.5304     0.051694    8.5709e-14       1.5304
_SET2_   ENSG00000162745     1  161917982  162028644    370      60  195813      0.23521      0.39933    8.5626e-14      0.23521
_SET2_   ENSG00000132196     1  162725492  162817607    258      28  195813    -0.056641      0.47708    8.5619e-14    -0.056641
_SET2_   ENSG00000143198     1  165565098  165666033    451      38  195813       1.2904     0.074973    8.5709e-14       1.2904
_SET2_   ENSG00000198771     1  167564330  167710486    532      60  195813     -0.98425      0.82233    8.5598e-14     -0.98425
_SET2_   ENSG00000143147     1  168018997  168141821    249      29  195813        0.753      0.19176    8.5598e-14        0.753
_SET2_   ENSG00000143156     1  169066769  169372205   1159      27  195813       2.0507     0.010825    8.5709e-14       2.0507
_SET2_   ENSG00000117475     1  169302208  169400778    312      22  195813       1.4766     0.048124    8.5709e-14       1.4766
_SET2_   ENSG00000000460     1  169596245  169858221   1176      29  195813     -0.51799       0.6197    8.5598e-14     -0.51799
_SET2_   ENSG00000117592     1  173411405  173492946    189      18  195813     -0.92318      0.77609    8.5598e-14     -0.92318
_SET2_   ENSG00000162783     1  181022638  181094977    229      29  195813      -1.0837      0.83334    8.5709e-14      -1.0837
_SET2_   ENSG00000135862     1  182957595  183149727    747      18  195813       1.8765     0.015119    8.5709e-14       1.8765
_SET2_   ENSG00000150681     1  192092587  192189945    213      25  195813       -1.019      0.80809    8.5709e-14       -1.019
_SET2_   ENSG00000000971     1  196586008  196751634    361      19  195813       1.2385     0.070953    8.5709e-14       1.2385
_SET2_   ENSG00000118200     1  200673686  200864832    542      28  195813      0.62955      0.20972    8.5598e-14      0.62955
_SET2_   ENSG00000081277     1  201217580  201337121    456      33  195813      0.23224      0.35336    8.5626e-14      0.23224
_SET2_   ENSG00000174567     1  204132288  204218220    290      32  195813      0.79548      0.17531    8.5598e-14      0.79548
_SET2_   ENSG00000162889     1  206823289  206942628    331      36  195813       2.4388    0.0056625    8.5709e-14       2.4388
_SET2_   ENSG00000162897     1  207096310  207178970    175      22  195813      0.10492      0.39502    8.5612e-14      0.10492
_SET2_   ENSG00000196352     1  207459853  207569311    224      21  195813      -0.2546      0.52627    8.5598e-14      -0.2546
_SET2_   ENSG00000082497     1  210371144  210454976    192      32  195813       1.5164     0.052559    8.5709e-14       1.5164
_SET2_   ENSG00000143815     1  225554204  225651627    303      30  195813      0.25328      0.35023    8.5598e-14      0.25328
_SET2_   ENSG00000182827     1  226297380  226409431    293      28  195813     -0.27718      0.54793    8.5598e-14     -0.27718
_SET2_   ENSG00000143816     1  228071357  228170599    334      29  195813    -0.078069       0.4764    8.5612e-14    -0.078069
_SET2_   ENSG00000154358     1  228360831  228601577    625      30  195813     -0.29749      0.53791    8.5598e-14     -0.29749
_SET2_   ENSG00000069248     1  229542045  229679103    311      25  195813     -0.64533      0.68191    8.5598e-14     -0.64533
_SET2_   ENSG00000168243     1  235675987  235849054    561      51  195813     -0.11076       0.4971    8.5612e-14     -0.11076
_SET2_   ENSG00000077522     1  236814754  236962931    608      43  195813      0.58691      0.24269    8.5598e-14      0.58691
_SET2_   ENSG00000196208     2   11639242   11817914    521      65  195813       -0.656      0.72663    8.5598e-14       -0.656
_SET2_   ENSG00000084674     2   21189301   21301945    256      31  195813       4.5136   1.6125e-06    8.5265e-14       4.5136
_SET2_   ENSG00000084754     2   26378504   26502594    255      13  195813     -0.10504      0.45329    8.5612e-14     -0.10504
_SET2_   ENSG00000115163     2   26952157   27058935    272      13  195813       2.5827    0.0021499    8.5709e-14       2.5827
_SET2_   ENSG00000138002     2   27632238   27747656    182      13  195813      0.66281      0.18483    8.5598e-14      0.66281
_SET2_   ENSG00000138061     2   38259116   38372044    453      41  195813      -0.9214      0.78815    8.5598e-14      -0.9214
_SET2_   ENSG00000115904     2   39173537   39386486    449      20  195813      0.10025      0.43174    8.5612e-14      0.10025
_SET2_   ENSG00000011566     2   39441407   39699453    584      25  195813      0.72449      0.20851    8.5598e-14      0.72449
_SET2_   ENSG00000115944     2   42525686   42687228    371      24  195813     -0.74816      0.70941    8.5598e-14     -0.74816
_SET2_   ENSG00000171132     2   45843484   46450129   2429     225  195813      0.56125      0.35615    8.5598e-14      0.56125
_SET2_   ENSG00000119729     2   46733945   46845260    303      26  195813     -0.46414      0.61802    8.5598e-14     -0.46414
_SET2_   ENSG00000068724     2   47108296   47338276   1138      81  195813      0.37098      0.34926    8.5598e-14      0.37098
_SET2_   ENSG00000082898     2   61669984   61800761    266      16  195813      0.59302      0.20443    8.5598e-14      0.59302
_SET2_   ENSG00000014641     2   63780743   63869331    166      14  195813     -0.93556      0.76694    8.5598e-14     -0.93556
_SET2_   ENSG00000115946     2   68349976   68438370    183      14  195813      0.19853      0.33333    8.5626e-14      0.19853
_SET2_   ENSG00000163219     2   68871733   69088965    866      59  195813        1.645     0.040291    8.5709e-14        1.645
_SET2_   ENSG00000087338     2   70021774   70143528    235      14  195813       2.0431     0.011023    8.5709e-14       2.0431
_SET2_   ENSG00000135638     2   73108389   73197020     87      16  195813       2.2607    0.0080703    8.5709e-14       2.2607
_SET2_   ENSG00000152291     2   85510147   85590548    273      28  195813     -0.79965      0.74052    8.5598e-14     -0.79965
_SET2_   ENSG00000115486     2   85736846   85823670    281      18  195813       5.5473   4.2174e-09    8.5265e-14       5.5473
_SET2_   ENSG00000168883     2   85794979   85911403    235      36  195813       4.6857   9.2686e-07    8.5265e-14       4.6857
_SET2_   ENSG00000068654     2   86212339   86368278    416      26  195813       1.9692      0.01733    8.5709e-14       1.9692
_SET2_   ENSG00000222040     2   96743707   96816984     69       8  195813     -0.20452      0.49522    8.5626e-14     -0.20452
_SET2_   ENSG00000153094     2  111841955  111961024    290      26  195813       1.5926     0.037946    8.5709e-14       1.5926
_SET2_   ENSG00000115107     2  119946384  120058228    433      47  195813      0.93549      0.14939    8.5598e-14      0.93549
_SET2_   ENSG00000136720     2  128959290  129111151    549      50  195813       1.2495     0.088563    8.5709e-14       1.2495
_SET2_   ENSG00000121966     2  136836919  136910735    114      15  195813       1.2282     0.079911    8.5709e-14       1.2282
_SET2_   ENSG00000115919     2  143600067  143834890    634      39  195813      -2.7383      0.99547    8.5709e-14      -2.7383
_SET2_   ENSG00000177519     2  154298852  154370322    158      30  195813      0.64247      0.23458    8.5598e-14      0.64247
_SET2_   ENSG00000054219     2  160593362  160796260    731      40  195813       2.0593     0.013329    8.5709e-14       2.0593
_SET2_   ENSG00000082438     2  165475134  165735189    736      43  195813      0.83142      0.16717    8.5598e-14      0.83142
_SET2_   ENSG00000128708     2  172743958  172883599    363      28  195813     -0.23152      0.54151    8.5626e-14     -0.23152
_SET2_   ENSG00000115966     2  175901978  176068110    411      25  195813      -1.1298      0.84712    8.5709e-14      -1.1298
_SET2_   ENSG00000128710     2  176938518  177019670    183      37  195813      -1.5788      0.93584    8.5709e-14      -1.5788
_SET2_   ENSG00000115232     2  182286929  182435914    424      42  195813       1.2976       0.0773    8.5709e-14       1.2976
_SET2_   ENSG00000163002     2  183947241  184061408    605      24  195813     -0.16412      0.48971    8.5626e-14     -0.16412
_SET2_   ENSG00000138448     2  187419792  187580628    282      25  195813       1.9901     0.015027    8.5709e-14       1.9901
_SET2_   ENSG00000138449     2  190390305  190483484    188      23  195813    -0.093614      0.47446    8.5612e-14    -0.093614
_SET2_   ENSG00000115541     2  198329718  198403181     75       8  195813      0.60237      0.20128    8.5598e-14      0.60237
_SET2_   ENSG00000138356     2  201415591  201576787    457      45  195813     -0.30175      0.57364    8.5598e-14     -0.30175
_SET2_   ENSG00000082153     2  201640317  201723569    147      18  195813      0.28579      0.32519    8.5598e-14      0.28579
_SET2_   ENSG00000115993     2  202206930  202351302    284      18  195813      -1.9195      0.95615    8.5709e-14      -1.9195
_SET2_   ENSG00000155760     2  202864310  202938160    211      25  195813        -1.08       0.8213    8.5709e-14        -1.08
_SET2_   ENSG00000178562     2  204536198  204638635    288      25  195813      0.11936      0.40623    8.5612e-14      0.11936
_SET2_   ENSG00000118257     2  206511714  206697857    426      79  195813      0.66894      0.25505    8.5598e-14      0.66894
_SET2_   ENSG00000138376     2  215555370  215709428    706      45  195813      -1.0074      0.81234    8.5709e-14      -1.0074
_SET2_   ENSG00000138363     2  216141540  216249487    371      27  195813      0.55757      0.22984    8.5598e-14      0.55757
_SET2_   ENSG00000115414     2  216190163  216335895    467      39  195813       2.4019    0.0053129    8.5709e-14       2.4019
_SET2_   ENSG00000116106     2  222247747  222473922    596      46  195813      -1.4507       0.9053    8.5709e-14      -1.4507
_SET2_   ENSG00000135919     2  224804829  224939036    456      41  195813      0.17802      0.37956    8.5626e-14      0.17802
_SET2_   ENSG00000187957     2  230187345  230614274   1558     109  195813      0.71605      0.24962    8.5598e-14      0.71605
_SET2_   ENSG00000163295     2  233285833  233359742    364      34  195813     0.063168      0.42017    8.5612e-14     0.063168
_SET2_   ENSG00000242366     2  234633894  234716945    321      43  195813   -0.0022516      0.46439    8.5619e-14   -0.0022516
_SET2_   ENSG00000150995     3    4500032    4924524   1541     150  195813      0.34686      0.41586    8.5598e-14      0.34686
_SET2_   ENSG00000134107     3    4985801    5062008    273      35  195813      0.26297      0.35864    8.5598e-14      0.26297
_SET2_   ENSG00000196220     3    8987275    9439737   1492     173  195813      -2.0762      0.98771    8.5709e-14      -2.0762
_SET2_   ENSG00000163520     3   13538824   13714922    714      67  195813      0.65888      0.23848    8.5598e-14      0.65888
_SET2_   ENSG00000151090     3   24123651   24571773   1406     142  195813       1.0355      0.18209    8.5709e-14       1.0355
_SET2_   ENSG00000151092     3   25725435   25866530    216      13  195813     -0.13429      0.48404    8.5626e-14     -0.13429
_SET2_   ENSG00000170293     3   32245171   32446817    789     102  195813     -0.10428      0.56139    8.5612e-14     -0.10428
_SET2_   ENSG00000180432     3   42862497   42952633    244      29  195813     -0.79145      0.74566    8.5598e-14     -0.79145
_SET2_   ENSG00000249992     3   45230958   45302770    429      25  195813     -0.73066      0.71887    8.5598e-14     -0.73066
_SET2_   ENSG00000172037     3   49123547   49205551     83      13  195813      0.92526      0.14106    8.5598e-14      0.92526
_SET2_   ENSG00000173402     3   49471146   49608048    208      18  195813       3.6146   6.7302e-05    8.5709e-14       3.6146
_SET2_   ENSG00000114378     3   50302320   50384812     94      19  195813      0.59821      0.27971    8.5598e-14      0.59821
_SET2_   ENSG00000114861     3   70968844   71668140   1529     126  195813       1.3549     0.099143    8.5709e-14       1.3549
_SET2_   ENSG00000163602     3   72385976   72531069    314      38  195813       1.3344      0.07497    8.5709e-14       1.3344
_SET2_   ENSG00000185565     3  115486235  117751095   6964     317  195813     -0.30881      0.68232    8.5598e-14     -0.30881
_SET2_   ENSG00000180353     3  121315246  121414774    267      28  195813      0.54219      0.24186    8.5598e-14      0.54219
_SET2_   ENSG00000065485     3  122750909  122979074    738      58  195813      -1.6842      0.94491    8.5709e-14      -1.6842
_SET2_   ENSG00000163884     3  126026478  126111285    260      29  195813        -2.23      0.98104    8.5709e-14        -2.23
_SET2_   ENSG00000179348     3  128163270  128247028    309      45  195813       0.1376       0.4153    8.5626e-14       0.1376
_SET2_   ENSG00000163902     3  128303817  128434918    451      24  195813       1.2893     0.066383    8.5709e-14       1.2893
_SET2_   ENSG00000129071     3  129114787  129193878    188      11  195813       -1.051      0.82064    8.5709e-14       -1.051
_SET2_   ENSG00000114107     3  138178186  138348380    320      14  195813       2.4668    0.0031663    8.5709e-14       2.4668
_SET2_   ENSG00000175054     3  142133077  142332668    464      22  195813      0.14813      0.36588    8.5626e-14      0.14813
_SET2_   ENSG00000114200     3  165455692  165590260    526      24  195813      0.51901         0.25    8.5598e-14      0.51901
_SET2_   ENSG00000008952     3  169649423  169751161    263      17  195813      0.15973      0.35391    8.5626e-14      0.15973
_SET2_   ENSG00000144959     3  172313039  172464008    512      58  195813    -0.013385      0.47194    8.5619e-14    -0.013385
_SET2_   ENSG00000172667     3  178700011  178825067    261      24  195813      0.26914      0.33503    8.5598e-14      0.26914
_SET2_   ENSG00000058063     3  182476288  182674423    409      19  195813       2.2537    0.0066897    8.5709e-14       2.2537
_SET2_   ENSG00000163872     3  183380606  183565413    429      26  195813    0.0010511      0.41682    8.5619e-14    0.0010511
_SET2_   ENSG00000114867     3  183997283  184088146    188      33  195813      -1.3522       0.8965    8.5709e-14      -1.3522
_SET2_   ENSG00000181092     3  186525463  186611252    260      42  195813      -2.5621      0.99334    8.5709e-14      -2.5621
_SET2_   ENSG00000004468     4   15744898   15889853    421      32  195813     -0.35175      0.58215    8.5598e-14     -0.35175
_SET2_   ENSG00000109805     4   17777525   17881485    188      15  195813      0.95822      0.13356    8.5598e-14      0.95822
_SET2_   ENSG00000178177     4   17807822   18058499    602      19  195813       1.6336     0.034579    8.5709e-14       1.6336
_SET2_   ENSG00000168214     4   26130077   26471541    718      59  195813      0.21579      0.37638    8.5626e-14      0.21579
_SET2_   ENSG00000250254     4   37927056   37997746    245      40  195813      0.22083      0.37552    8.5626e-14      0.22083
_SET2_   ENSG00000134853     4   55060264   55199414    358      26  195813     -0.30779      0.54728    8.5598e-14     -0.30779
_SET2_   ENSG00000128052     4   55909644   56026756    353      46  195813       1.1821     0.098234    8.5709e-14       1.1821
_SET2_   ENSG00000128059     4   57224528   57336781    326      21  195813      0.38626      0.28046    8.5598e-14      0.38626
_SET2_   ENSG00000047315     4   57808888   57932334    500      37  195813       2.5725    0.0032451    8.5709e-14       2.5725
_SET2_   ENSG00000196620     4   69477348   69571346    104      15  195813       0.5969      0.22856    8.5598e-14       0.5969
_SET2_   ENSG00000138768     4   76614777   76770382    385      21  195813     -0.55797      0.63414    8.5598e-14     -0.55797
_SET2_   ENSG00000145284     4   83515692   83755010   1032      53  195813    -0.063089      0.47714    8.5612e-14    -0.063089
_SET2_   ENSG00000118785     4   88861819   88939562    270      25  195813     -0.93714      0.78006    8.5598e-14     -0.93714
_SET2_   ENSG00000109534     4  110701666  110780893    214      20  195813     -0.27934      0.55157    8.5598e-14     -0.27934
_SET2_   ENSG00000164093     4  111503579  111598279    152      17  195813      0.64709      0.20521    8.5598e-14      0.64709
_SET2_   ENSG00000142731     4  128767016  128855350    130      15  195813        1.832     0.031985    8.5709e-14        1.832
_SET2_   ENSG00000109458     4  144222915  144430721    409      39  195813        2.491    0.0045283    8.5709e-14        2.491
_SET2_   ENSG00000151611     4  146504415  146616187    304      29  195813       2.7101    0.0021736    8.5709e-14       2.7101
_SET2_   ENSG00000137460     4  153822504  153935848    324      51  195813       -0.932        0.807    8.5598e-14       -0.932
_SET2_   ENSG00000109586     4  174054904  174280118    517      34  195813      0.44595      0.28569    8.5598e-14      0.44595
_SET2_   ENSG00000164120     4  175376328  175479305    388      46  195813     -0.49549      0.65537    8.5598e-14     -0.49549
_SET2_   ENSG00000173320     4  184739584  184979679    662      85  195813      0.96997      0.16309    8.5598e-14      0.96997
_SET2_   ENSG00000113569     5   37253239   37406283    273      18  195813        -1.27      0.86388    8.5709e-14        -1.27
_SET2_   ENSG00000153071     5   39336780   39497402    558      50  195813      -1.1255      0.84958    8.5709e-14      -1.1255
_SET2_   ENSG00000164509     5   55112207   55253678    353      45  195813      -1.2365      0.87988    8.5709e-14      -1.2365
_SET2_   ENSG00000049167     5   60134658   60275900    374      22  195813    -0.033727      0.43408    8.5619e-14    -0.033727
_SET2_   ENSG00000145740     5   68354473   68461896    316      24  195813      0.54155      0.22581    8.5598e-14      0.54155
_SET2_   ENSG00000134058     5   68495668   68608250    300      13  195813       1.2804     0.059878    8.5709e-14       1.2804
_SET2_   ENSG00000085231     5   68611811   68700840    136      12  195813       1.2345     0.071713    8.5709e-14       1.2345
_SET2_   ENSG00000049860     5   73900848   74053472    413      53  195813       1.1668      0.10714    8.5709e-14       1.1668
_SET2_   ENSG00000164251     5   76079758   76166140    264      28  195813       2.6269    0.0026137    8.5709e-14       2.6269
_SET2_   ENSG00000131730     5   80494104   80597216    274      24  195813     -0.29342       0.5618    8.5598e-14     -0.29342
_SET2_   ENSG00000038427     5   82732284   82913122    544      49  195813      -1.5815      0.92855    8.5709e-14      -1.5815
_SET2_   ENSG00000175745     5   92884043   92965321     88      17  195813     0.081403      0.45599    8.5612e-14     0.081403
_SET2_   ENSG00000153922     5   98155908   98297240    305      21  195813     0.036797      0.42375    8.5619e-14     0.036797
_SET2_   ENSG00000134982     5  112008195  112216936    614      30  195813      0.40679      0.27582    8.5598e-14      0.40679
_SET2_   ENSG00000134970     5  114914205  115003689    279      13  195813      -1.3179       0.8516    8.5709e-14      -1.3179
_SET2_   ENSG00000145779     5  118569387  118770383    642      52  195813       1.7905     0.031306    8.5709e-14       1.7905
_SET2_   ENSG00000064651     5  127384458  127560380    297      18  195813      0.20072       0.3487    8.5626e-14      0.20072
_SET2_   ENSG00000197375     5  131670444  131766306    283      22  195813       1.1614     0.088484    8.5709e-14       1.1614
_SET2_   ENSG00000152700     5  133901834  134019961    220      34  195813      0.53123      0.31864    8.5598e-14      0.53123
_SET2_   ENSG00000164615     5  134039191  134122847    137      21  195813     -0.61704      0.77419    8.5598e-14     -0.61704
_SET2_   ENSG00000069011     5  134328425  134405503    205      24  195813       -1.047      0.81411    8.5709e-14       -1.047
_SET2_   ENSG00000145839     5  135192935  135266516    316      34  195813       1.3584     0.085777    8.5709e-14       1.3584
_SET2_   ENSG00000112984     5  137479408  137558404    104      16  195813      0.62177      0.22124    8.5598e-14      0.62177
_SET2_   ENSG00000094880     5  137488339  137584032    146      20  195813      0.44228      0.28088    8.5598e-14      0.44228
_SET2_   ENSG00000158402     5  137585954  137709044    268      24  195813       1.3593     0.063913    8.5709e-14       1.3593
_SET2_   ENSG00000120738     5  137766179  137840004    193      24  195813      0.44182      0.27338    8.5598e-14      0.44182
_SET2_   ENSG00000156475     5  145932936  146499347   1344      81  195813     -0.94035      0.82318    8.5598e-14     -0.94035
_SET2_   ENSG00000127743     5  148715887  148818765    313      40  195813      0.52875      0.26056    8.5598e-14      0.52875
_SET2_   ENSG00000155850     5  149305300  149408018    231      30  195813       1.8638     0.023064    8.5709e-14       1.8638
_SET2_   ENSG00000182578     5  149397854  149527935    379      53  195813       1.9697     0.020661    8.5709e-14       1.9697
_SET2_   ENSG00000070808     5  149564054  149704854    381      54  195813     -0.32251       0.5982    8.5598e-14     -0.32251
_SET2_   ENSG00000070814     5  149702202  149814871    250      31  195813       0.4299      0.29839    8.5598e-14       0.4299
_SET2_   ENSG00000198624     5  150525613  150638706    450      58  195813     -0.60201       0.7037    8.5598e-14     -0.60201
_SET2_   ENSG00000196743     5  150556711  150685001    509      53  195813     -0.34089      0.59958    8.5598e-14     -0.34089
_SET2_   ENSG00000072571     5  162852209  162953947    231      29  195813     -0.96808      0.80029    8.5598e-14     -0.96808
_SET2_   ENSG00000183072     5  172624112  172697360    181      29  195813       1.9947     0.016477    8.5709e-14       1.9947
_SET2_   ENSG00000120149     5  174116536  174192896    259      40  195813     -0.33498      0.59599    8.5598e-14     -0.33498
_SET2_   ENSG00000175416     5  175784456  175878570    202      34  195813      -1.5173      0.92359    8.5709e-14      -1.5173
_SET2_   ENSG00000145911     5  177505444  177588088    264      28  195813     0.013126       0.4379    8.5619e-14     0.013126
_SET2_   ENSG00000198721     6    4080923    4170831    286      29  195813      -0.3476       0.5835    8.5598e-14      -0.3476
_SET2_   ENSG00000124491     6    6109318    6356246   1017     110  195813     -0.30668       0.6364    8.5598e-14     -0.30668
_SET2_   ENSG00000197279     6   28013753   28092341    278      15  195813       1.0599      0.10815    8.5709e-14       1.0599
_SET2_   ENSG00000206503     6   29874037   29948661    166      21  195813     -0.75463      0.76707    8.5598e-14     -0.75463
_SET2_   ENSG00000204516     6   31427658   31513901    266      25  195813     -0.03092      0.44691    8.5619e-14     -0.03092
_SET2_   ENSG00000213654     6   32123543   32198300     23      11  195813       2.5984     0.011375    8.5709e-14       2.5984
_SET2_   ENSG00000241106     6   32745540   32819825    361      40  195813       1.5733     0.048386    8.5709e-14       1.5733
_SET2_   ENSG00000204227     6   33141272   33215499    106      22  195813     -0.46098      0.64595    8.5598e-14     -0.46098
_SET2_   ENSG00000096063     6   35765743   35924119    369      16  195813     -0.86501       0.7334    8.5598e-14     -0.86501
_SET2_   ENSG00000112062     6   35960488   36114013    407      27  195813        1.215     0.084078    8.5709e-14        1.215
_SET2_   ENSG00000124701     6   40986043   41067250    181      16  195813       1.3146     0.067306    8.5709e-14       1.3146
_SET2_   ENSG00000124593     6   41713087   41792879    194      30  195813     -0.93362      0.79495    8.5598e-14     -0.93362
_SET2_   ENSG00000096384     6   44179824   44256620    240      45  195813     -0.48029      0.66261    8.5598e-14     -0.48029
_SET2_   ENSG00000170927     6   51445098   51987423   1848      66  195813       0.8355      0.17256    8.5598e-14       0.8355
_SET2_   ENSG00000112232     6   62354865   63031132   1750      38  195813       0.7807      0.16415    8.5598e-14       0.7807
_SET2_   ENSG00000065833     6   83885108   84175797    666      22  195813      0.53504      0.21907    8.5598e-14      0.53504
_SET2_   ENSG00000198833     6   90001344   90097567    270      39  195813      0.45966      0.29495    8.5598e-14      0.45966
_SET2_   ENSG00000112237     6   99955256  100051849    313      21  195813     -0.82206      0.73357    8.5598e-14     -0.82206
_SET2_   ENSG00000010810     6  111946535  112229655    899      50  195813      0.77952      0.18758    8.5598e-14      0.77952
_SET2_   ENSG00000196591     6  114219192  114367472    441      37  195813       1.0047      0.12371    8.5709e-14       1.0047
_SET2_   ENSG00000112306     6  133100580  133173703    337      20  195813      -3.0333      0.99774    8.5709e-14      -3.0333
_SET2_   ENSG00000118503     6  138153351  138239449    151      19  195813     -0.96348      0.80337    8.5598e-14     -0.96348
_SET2_   ENSG00000152822     6  146313782  146793734   1009      49  195813     -0.55717      0.67178    8.5598e-14     -0.55717
_SET2_   ENSG00000055211     6  149852430  149947884    134      12  195813       1.0842     0.097132    8.5709e-14       1.0842
_SET2_   ENSG00000112029     6  153256664  153339714    313      20  195813      0.45288      0.25681    8.5598e-14      0.45288
_SET2_   ENSG00000188191     7     553834     802287    394      32  195813      0.70124      0.19617    8.5598e-14      0.70124
_SET2_   ENSG00000002822     7    1820429    2307878   2235      42  195813      0.92677      0.13611    8.5598e-14      0.92677
_SET2_   ENSG00000146587     7    5050452    5144119    392      28  195813      0.50766      0.24341    8.5598e-14      0.50766
_SET2_   ENSG00000155034     7    5435966    5588429    588      56  195813      -1.2479      0.87635    8.5709e-14      -1.2479
_SET2_   ENSG00000075624     7    5531782    5638415    451      51  195813     -0.93294      0.80505    8.5598e-14     -0.93294
_SET2_   ENSG00000075618     7    5597439    5681286    332      34  195813       1.1029      0.12071    8.5709e-14       1.1029
_SET2_   ENSG00000189043     7   10936578   11014883    284      31  195813      0.41718      0.28866    8.5598e-14      0.41718
_SET2_   ENSG00000171243     7   16466106   16605205    549      43  195813      -1.7294      0.94465    8.5709e-14      -1.7294
_SET2_   ENSG00000106541     7   16796435   16908057    570      43  195813       0.3475      0.31352    8.5598e-14       0.3475
_SET2_   ENSG00000188732     7   23684749   23777868    304      33  195813     -0.66159      0.70396    8.5598e-14     -0.66159
_SET2_   ENSG00000122565     7   26205782   26287976    215      21  195813     0.039246      0.49968    8.5619e-14     0.039246
_SET2_   ENSG00000164742     7   45578739   45797715    676      57  195813      0.38771      0.32706    8.5598e-14      0.38771
_SET2_   ENSG00000146678     7   45892956   45968267    225      33  195813     0.016255      0.44937    8.5619e-14     0.016255
_SET2_   ENSG00000005469     7   86939997   87064111    309      25  195813      0.65721      0.23756    8.5598e-14      0.65721
_SET2_   ENSG00000085563     7   87098175   87377611    597      46  195813       2.1443     0.013444    8.5709e-14       2.1443
_SET2_   ENSG00000164692     7   93988873   94095544    287      39  195813      -1.0679      0.83567    8.5709e-14      -1.0679
_SET2_   ENSG00000070669     7   97446430   97536854    290      23  195813      0.36323      0.29284    8.5598e-14      0.36323
_SET2_   ENSG00000160868     7   99319604   99416888    105      13  195813      0.92843      0.19232    8.5598e-14      0.92843
_SET2_   ENSG00000169871     7  100693720  100770017    302      23  195813     -0.42251      0.59858    8.5598e-14     -0.42251
_SET2_   ENSG00000161057     7  102949701  103044842    165      21  195813      0.83765      0.19228    8.5598e-14      0.83765
_SET2_   ENSG00000105856     7  106774406  106877974    204      17  195813       3.2459   0.00029254    8.5709e-14       3.2459
_SET2_   ENSG00000170775     7  124351051  124440681    211      34  195813      -1.5358      0.92277    8.5709e-14      -1.5358
_SET2_   ENSG00000179603     7  126043652  126928348   2515      71  195813     -0.62183      0.69986    8.5598e-14     -0.62183
_SET2_   ENSG00000004059     7  127193399  127266759    185      26  195813      0.26104      0.35072    8.5598e-14      0.26104
_SET2_   ENSG00000128602     7  128793713  128888386    243      32  195813     -0.53572      0.67028    8.5598e-14     -0.53572
_SET2_   ENSG00000188037     7  142978219  143084176    221      51  195813        1.812      0.03199    8.5709e-14        1.812
_SET2_   ENSG00000174469     7  145778453  148153090   8954     317  195813     -0.14006      0.60906    8.5626e-14     -0.14006
_SET2_   ENSG00000106538     7  150000408  150073763    187       9  195813      0.15797      0.33443    8.5626e-14      0.15797
_SET2_   ENSG00000164889     7  150719297  150808614    235      34  195813      0.42759      0.29656    8.5598e-14      0.42759
_SET2_   ENSG00000164900     7  150810676  150906832    229      38  195813      -1.4567       0.9139    8.5709e-14      -1.4567
_SET2_   ENSG00000033050     7  150869923  150959316    266      33  195813     -0.30935      0.57206    8.5598e-14     -0.30935
_SET2_   ENSG00000157212     7  154700397  154829794    289      16  195813     -0.69121      0.67175    8.5598e-14     -0.69121
_SET2_   ENSG00000157219     7  154827034  154912459    328      21  195813      -1.1437      0.82255    8.5709e-14      -1.1437
_SET2_   ENSG00000146918     7  158389003  158532520    503      16  195813       1.1526     0.078435    8.5709e-14       1.1526
_SET2_   ENSG00000091879     8    6322172    6455930    833      64  195813       1.0793      0.12535    8.5709e-14       1.0793
_SET2_   ENSG00000164821     8    6758344    6830860    499      63  195813     -0.71958      0.74542    8.5598e-14     -0.71958
_SET2_   ENSG00000104626     8    8824657    9009256    771      35  195813     -0.79244      0.72763    8.5598e-14     -0.79244
_SET2_   ENSG00000136574     8   11499468   11652511    677      63  195813      -1.0324      0.83277    8.5709e-14      -1.0324
_SET2_   ENSG00000164741     8   12905870   13408167   2816      93  195813     -0.57643       0.7125    8.5598e-14     -0.57643
_SET2_   ENSG00000038945     8   15930387   16459999   2157      75  195813      0.18228      0.43316    8.5626e-14      0.18228
_SET2_   ENSG00000003987     8   17120539   17306037    850      53  195813      -1.0667      0.82987    8.5709e-14      -1.0667
_SET2_   ENSG00000078674     8   17745349   17920478    881      26  195813       -1.745      0.93745    8.5709e-14       -1.745
_SET2_   ENSG00000197217     8   23208296   23350208    550      32  195813     -0.55496      0.64773    8.5598e-14     -0.55496
_SET2_   ENSG00000147475     8   37559117   37651619     53      17  195813     0.074803      0.44528    8.5612e-14     0.074803
_SET2_   ENSG00000164808     8   48138167   48683868    435      30  195813     -0.68543      0.70504    8.5598e-14     -0.68543
_SET2_   ENSG00000147509     8   54729368   54906863    259      30  195813      -1.3837      0.91006    8.5709e-14      -1.3837
_SET2_   ENSG00000104388     8   61394416   61571186    414      18  195813      -1.7304      0.93172    8.5709e-14      -1.7304
_SET2_   ENSG00000104218     8   67939661   68143498    295      15  195813      0.39942      0.39034    8.5598e-14      0.39942
_SET2_   ENSG00000164764     8   73941775   74071323    414      42  195813      -1.1993      0.85843    8.5709e-14      -1.1993
_SET2_   ENSG00000147649     8   98621407   98775998    381      25  195813      0.48384       0.2564    8.5598e-14      0.48384
_SET2_   ENSG00000155096     8  103803585  103941092    431      26  195813     0.071902      0.39871    8.5612e-14     0.071902
_SET2_   ENSG00000182197     8  118771729  119159092   1017      64  195813      -1.6493      0.94025    8.5709e-14      -1.6493
_SET2_   ENSG00000104549     8  125975739  126069525    326      20  195813     -0.85342      0.77663    8.5598e-14     -0.85342
_SET2_   ENSG00000153317     8  131029353  131490906   1598      42  195813      0.93476      0.13883    8.5598e-14      0.93476
_SET2_   ENSG00000155926     8  134013973  134150298    502      33  195813      -0.6842      0.69193    8.5598e-14      -0.6842
_SET2_   ENSG00000198576     8  143657405  143731833    280      18  195813      -2.2495      0.97873    8.5709e-14      -2.2495
_SET2_   ENSG00000167656     8  143831296  143903008    318      20  195813      0.53888       0.2287    8.5598e-14      0.53888
_SET2_   ENSG00000160882     8  143918772  143996262    313      13  195813      -1.2611      0.83815    8.5709e-14      -1.2611
_SET2_   ENSG00000161016     8  145980150  146052972    193      12  195813      0.20168      0.32532    8.5626e-14      0.20168
_SET2_   ENSG00000096968     9    4950033    5163183    628      32  195813      -1.3938      0.88528    8.5709e-14      -1.3938
_SET2_   ENSG00000107165     9   12650439   12745290    458      26  195813      -1.4786      0.90454    8.5709e-14      -1.4786
_SET2_   ENSG00000147862     9   14046842   14433982   1034     136  195813     -0.37272      0.69251    8.5598e-14     -0.37272
_SET2_   ENSG00000147869     9   14684722   14757715    338      45  195813       1.7872     0.031228    8.5709e-14       1.7872
_SET2_   ENSG00000171855     9   21042104   21112943    220      34  195813      0.95952      0.14283    8.5598e-14      0.95952
_SET2_   ENSG00000086061     9   32990209   33074905    366      19  195813     -0.19624      0.49993    8.5626e-14     -0.19624
_SET2_   ENSG00000137070     9   34615699   34696889    188      21  195813      -1.3354      0.88006    8.5709e-14      -1.3354
_SET2_   ENSG00000172724     9   34654564   34726274    193      29  195813      -1.0808      0.83004    8.5709e-14      -1.0808
_SET2_   ENSG00000122707     9   36001430   36159448    482      45  195813      -0.9666      0.80574    8.5598e-14      -0.9666
_SET2_   ENSG00000196092     9   36798272   37069103    982      92  195813      0.40799      0.34538    8.5598e-14      0.40799
_SET2_   ENSG00000155621     9   74491426   74635970    236      45  195813     0.092196      0.44024    8.5612e-14     0.092196
_SET2_   ENSG00000130222     9   92184928   92256470    292      30  195813       1.3179     0.071615    8.5709e-14       1.3179
_SET2_   ENSG00000165025     9   93529069   93695831    763      81  195813     -0.87224       0.8072    8.5598e-14     -0.87224
_SET2_   ENSG00000095383     9  100926311  101052915    646      40  195813      0.95579      0.13772    8.5598e-14      0.95579
_SET2_   ENSG00000070214     9  107971903  108236452    691      39  195813      0.37067      0.35599    8.5598e-14      0.37067
_SET2_   ENSG00000198121     9  113600543  113835981    822      64  195813      0.13611      0.41394    8.5626e-14      0.13611
_SET2_   ENSG00000136869     9  120431610  120514149    247      34  195813      0.46734      0.28019    8.5598e-14      0.46734
_SET2_   ENSG00000056558     9  123629671  123726451    269      14  195813      0.99669      0.10778    8.5598e-14      0.99669
_SET2_   ENSG00000136807     9  130512958  130588066    157      16  195813      0.22261      0.34176    8.5626e-14      0.22261
_SET2_   ENSG00000106991     9  130542291  130652035    246      41  195813       1.5053     0.058434    8.5709e-14       1.5053
_SET2_   ENSG00000148346     9  130876350  130950734    118      15  195813     -0.23042      0.52276    8.5626e-14     -0.23042
_SET2_   ENSG00000167114     9  131067925  131158749    156      18  195813       1.1162      0.12496    8.5709e-14       1.1162
_SET2_   ENSG00000136811     9  131182465  131298571    238      13  195813      0.13285      0.36375    8.5626e-14      0.13285
_SET2_   ENSG00000148358     9  132780705  132937448    626      45  195813      0.56905      0.25877    8.5598e-14      0.56905
_SET2_   ENSG00000198435     9  140159083  140231703      3       1  195813     -0.29799      0.59427    8.5598e-14     -0.29799
_SET2_   ENSG00000173876    10      57828     155103    191      21  195813      0.91619      0.14011    8.5598e-14      0.91619
_SET2_   ENSG00000173848    10    5419514    5535426    376      22  195813    -0.021286      0.42796    8.5619e-14    -0.021286
_SET2_   ENSG00000170525    10    6151881    6312495    709     117  195813      0.79702       0.2357    8.5598e-14      0.79702
_SET2_   ENSG00000165609    10   12172324   12273143    270      28  195813       1.2428     0.079257    8.5709e-14       1.2428
_SET2_   ENSG00000095777    10   26188196   26536456   1468      24  195813     -0.45208        0.573    8.5598e-14     -0.45208
_SET2_   ENSG00000099246    10   27758197   27866143    252      17  195813     -0.69908      0.68672    8.5598e-14     -0.69908
_SET2_   ENSG00000148516    10   31572424   31853742    434      17  195813       2.5233    0.0061444    8.5709e-14       2.5233
_SET2_   ENSG00000165322    10   32059365   32252742    399      24  195813      0.87498      0.13809    8.5598e-14      0.87498
_SET2_   ENSG00000169813    10   43846065   43939614    318      22  195813       1.2177     0.087879    8.5709e-14       1.2177
_SET2_   ENSG00000072401    10   60059735   60165513    278      29  195813      0.48829      0.29729    8.5598e-14      0.48829
_SET2_   ENSG00000108176    10   69521427   69632924    324      18  195813     -0.51769      0.61776    8.5598e-14     -0.51769
_SET2_   ENSG00000156521    10   71862737   71941432    290      38  195813      0.64127       0.2415    8.5598e-14      0.64127
_SET2_   ENSG00000156026    10   74416889   74682452    203      11  195813       2.5416    0.0025516    8.5709e-14       2.5416
_SET2_   ENSG00000166321    10   74835217   74926586    187       2  195813     -0.96652      0.78628    8.5598e-14     -0.96652
_SET2_   ENSG00000138286    10   74892924   75039262    305       2  195813     -0.75798      0.71204    8.5598e-14     -0.75798
_SET2_   ENSG00000148660    10   75537259   75669343    218      19  195813        2.786    0.0015025    8.5709e-14        2.786
_SET2_   ENSG00000122375    10   88379314   88461605    359      31  195813       -1.067      0.82023    8.5709e-14       -1.067
_SET2_   ENSG00000148672    10   88775243   88889623    285      20  195813     -0.92331      0.76513    8.5598e-14     -0.92331
_SET2_   ENSG00000171862    10   89587870   89766687    313      33  195813     -0.81648      0.77324    8.5598e-14     -0.81648
_SET2_   ENSG00000138182    10   91426367   91569700    521      18  195813      -1.2933      0.85179    8.5709e-14      -1.2933
_SET2_   ENSG00000095587    10   98089363   98308675    650      50  195813     -0.71863      0.72688    8.5598e-14     -0.71863
_SET2_   ENSG00000107521    10  100140955  100241684    461      34  195813      -1.2817      0.86784    8.5709e-14      -1.2817
_SET2_   ENSG00000099194    10  102071881  102159591    218      30  195813      0.45989      0.28351    8.5598e-14      0.45989
_SET2_   ENSG00000075290    10  102187798  102278501    183       7  195813      0.57215      0.19853    8.5598e-14      0.57215
_SET2_   ENSG00000077150    10  104118867  104197281    115      26  195813       1.5568     0.051935    8.5709e-14       1.5568
_SET2_   ENSG00000107957    10  105313285  105650301    879      74  195813        2.019     0.019408    8.5709e-14        2.019
_SET2_   ENSG00000065613    10  105691959  105823991    386      27  195813       1.9881     0.015976    8.5709e-14       1.9881
_SET2_   ENSG00000108039    10  111589524  111718311    287      26  195813    -0.079355      0.46999    8.5612e-14    -0.079355
_SET2_   ENSG00000165806    10  115403942  115525662    429      30  195813     -0.47826      0.62247    8.5598e-14     -0.47826
_SET2_   ENSG00000165672    10  120892215  120973345    259      21  195813      -1.1169      0.82175    8.5709e-14      -1.1169
_SET2_   ENSG00000065154    10  126050872  126142545    321      29  195813     -0.25575      0.54018    8.5598e-14     -0.25575
_SET2_   ENSG00000176171    10  133746578  133830435    277      22  195813     -0.50418      0.62478    8.5598e-14     -0.50418
_SET2_   ENSG00000174775    11     497242     572287    383      28  195813       0.5447      0.24368    8.5598e-14       0.5447
_SET2_   ENSG00000177106    11     659438     762727    334      33  195813       -2.465      0.98986    8.5709e-14       -2.465
_SET2_   ENSG00000177700    11     802356     877545    212      24  195813      0.38797      0.28721    8.5598e-14      0.38797
_SET2_   ENSG00000110651    11    2362407    2453649    278      25  195813      0.34578      0.30881    8.5598e-14      0.34578
_SET2_   ENSG00000129757    11    2869443    2942111    253      49  195813      -1.3697      0.90269    8.5709e-14      -1.3697
_SET2_   ENSG00000110786    11   18714475   18849268    462      75  195813      0.31118      0.37095    8.5598e-14      0.31118
_SET2_   ENSG00000085063    11   33684807   33792991    373      41  195813      -1.6495      0.93982    8.5709e-14      -1.6495
_SET2_   ENSG00000166016    11   34137535   34414555    858     108  195813      0.40717      0.36209    8.5598e-14      0.40717
_SET2_   ENSG00000110435    11   34902376   35077138    786      26  195813      -1.1084      0.81295    8.5709e-14      -1.1084
_SET2_   ENSG00000175104    11   36473577   36566822    212      25  195813      0.11744      0.40947    8.5612e-14      0.11744
_SET2_   ENSG00000175224    11   46603826   46731368    125      13  195813     -0.29286      0.55588    8.5598e-14     -0.29286
_SET2_   ENSG00000030066    11   47764639   47905107    239      16  195813     -0.16097      0.47013    8.5626e-14     -0.16097
_SET2_   ENSG00000110048    11   59306871   59418617    203      14  195813      0.67557      0.27212    8.5598e-14      0.67557
_SET2_   ENSG00000124939    11   61941140   62016408    252      19  195813      -1.5304      0.90684    8.5709e-14      -1.5304
_SET2_   ENSG00000168002    11   62494016   62569182     99      15  195813    -0.051645         0.49    8.5619e-14    -0.051645
_SET2_   ENSG00000197891    11   64323113   64404820    121      15  195813        1.951      0.01654    8.5709e-14        1.951
_SET2_   ENSG00000149806    11   64853100   64924945    113      21  195813     -0.40362      0.62276    8.5598e-14     -0.40362
_SET2_   ENSG00000173327    11   65330226   65417853    149      25  195813       2.8863    0.0012653    8.5709e-14       2.8863
_SET2_   ENSG00000173933    11   66349097   66469153    125      22  195813      0.37847      0.31095    8.5598e-14      0.37847
_SET2_   ENSG00000173898    11   66417719   66531697    112      28  195813      0.76473      0.20899    8.5598e-14      0.76473
_SET2_   ENSG00000006534    11   67741048   67831744    212      22  195813    -0.063165      0.45965    8.5612e-14    -0.063165
_SET2_   ENSG00000186895    11   69589992   69668792    339      28  195813      0.37926      0.28701    8.5598e-14      0.37926
_SET2_   ENSG00000149260    11   76742979   76872201    381      55  195813      -0.3347      0.60623    8.5598e-14      -0.3347
_SET2_   ENSG00000033327    11   77891343   78164394    494      11  195813       2.2897    0.0051241    8.5709e-14       2.2897
_SET2_   ENSG00000137752    11  104861170  105007158    435      21  195813     -0.86754      0.74463    8.5598e-14     -0.86754
_SET2_   ENSG00000149295    11  113245318  113381413    359      33  195813      -1.3759      0.88954    8.5709e-14      -1.3759
_SET2_   ENSG00000168092    11  116979983  117082610    334      21  195813       2.0531     0.014089    8.5709e-14       2.0531
_SET2_   ENSG00000110395    11  119041752  119213859    209      21  195813       1.6018     0.036474    8.5709e-14       1.6018
_SET2_   ENSG00000137699    11  119946983  120091237    475      50  195813       1.5311     0.051782    8.5709e-14       1.5311
_SET2_   ENSG00000196914    11  120172787  120395645    419      29  195813      0.14334      0.37205    8.5626e-14      0.14334
_SET2_   ENSG00000151702    11  128521430  128718162    665      71  195813     -0.32828      0.61225    8.5598e-14     -0.32828
_SET2_   ENSG00000151502    11  134059539  134152686    189      33  195813       -0.307      0.58798    8.5598e-14       -0.307
_SET2_   ENSG00000078246    12    2951389    3085306    382      15  195813       1.8388     0.017357    8.5709e-14       1.8388
_SET2_   ENSG00000110799    12    6023040    6268936    932      68  195813       1.8985     0.023955    8.5709e-14       1.8985
_SET2_   ENSG00000111321    12    6449211    6535733    246      52  195813      -1.2183      0.87576    8.5709e-14      -1.2183
_SET2_   ENSG00000010292    12    6567522    6676121    366      22  195813      -2.5631      0.99053    8.5709e-14      -2.5631
_SET2_   ENSG00000256436    12   11147986   11219006    332      12  195813      -1.0892      0.78712    8.5709e-14      -1.0892
_SET2_   ENSG00000178878    12   12843851   13017909    564      70  195813     -0.61138      0.71481    8.5598e-14     -0.61138
_SET2_   ENSG00000133703    12   25322723   25438870    376      40  195813     -0.65149      0.70167    8.5598e-14     -0.65149
_SET2_   ENSG00000151746    12   32224769   32571567   1556      64  195813      0.20435      0.37791    8.5626e-14      0.20435
_SET2_   ENSG00000139219    12   48331748   48433269    381      32  195813      0.62588      0.21736    8.5598e-14      0.62588
_SET2_   ENSG00000172602    12   49215928   49294681    179      28  195813      0.25597      0.34708    8.5598e-14      0.25597
_SET2_   ENSG00000135519    12   49897940   49987091    160      18  195813      0.43592      0.32076    8.5598e-14      0.43592
_SET2_   ENSG00000135503    12   52310451   52425862    284      40  195813       1.3791     0.073778    8.5709e-14       1.3791
_SET2_   ENSG00000135476    12   53627083   53722427    197      22  195813     -0.68111       0.7097    8.5598e-14     -0.68111
_SET2_   ENSG00000135441    12   56074820   56148871    105      15  195813      0.28769      0.31852    8.5598e-14      0.28769
_SET2_   ENSG00000123374    12   56325553   56401568     91      16  195813     -0.31715      0.57118    8.5598e-14     -0.31715
_SET2_   ENSG00000139531    12   56355964   56435425    104      13  195813     -0.60067      0.67094    8.5598e-14     -0.60067
_SET2_   ENSG00000197728    12   56400637   56473116    102      11  195813     -0.31835      0.57018    8.5598e-14     -0.31835
_SET2_   ENSG00000065361    12   56438641   56532289    146      22  195813      0.57823      0.25077    8.5598e-14      0.57823
_SET2_   ENSG00000170581    12   56700381   56788939     87       9  195813        3.781   7.4792e-05    8.5709e-14        3.781
_SET2_   ENSG00000149948    12   66182911   66395075    431      47  195813      0.10419      0.44449    8.5612e-14      0.10419
_SET2_   ENSG00000135678    12   69200977   69400350    661      80  195813       0.6904      0.24697    8.5598e-14       0.6904
_SET2_   ENSG00000090382    12   69707121   69783014    283      17  195813      0.39975      0.26827    8.5598e-14      0.39975
_SET2_   ENSG00000127329    12   70875630   71066220    766      69  195813        0.365      0.34384    8.5598e-14        0.365
_SET2_   ENSG00000139278    12   75839460   75932633    240      17  195813      -1.0006      0.77984    8.5709e-14      -1.0006
_SET2_   ENSG00000067715    12   79222773   79880788   1509      66  195813       1.5439     0.054335    8.5709e-14       1.5439
_SET2_   ENSG00000177425    12   79933759   80119877    204      12  195813       2.7403    0.0022751    8.5709e-14       2.7403
_SET2_   ENSG00000173598    12   93736659   93832024    218      34  195813     -0.80385      0.76195    8.5598e-14     -0.80385
_SET2_   ENSG00000075188    12  102432967  102548902    259      22  195813      -1.2264      0.87155    8.5709e-14      -1.2264
_SET2_   ENSG00000166598    12  104288885  104382423    434      36  195813      -0.3989      0.60334    8.5598e-14      -0.3989
_SET2_   ENSG00000198431    12  104574557  104779061    699      39  195813    -0.077355      0.47394    8.5612e-14    -0.077355
_SET2_   ENSG00000171310    12  104814073  105190792   1341     135  195813       1.3377      0.10673    8.5709e-14       1.3377
_SET2_   ENSG00000235162    12  105594068  105824875    799      44  195813      -1.4559      0.90397    8.5709e-14      -1.4559
_SET2_   ENSG00000013503    12  106716436  106938976    578      28  195813       0.1786      0.35779    8.5626e-14       0.1786
_SET2_   ENSG00000008405    12  107350142  107522607    433      28  195813      0.44743      0.26794    8.5598e-14      0.44743
_SET2_   ENSG00000174437    12  110683561  110823898    320      18  195813      -0.6424      0.75112    8.5598e-14      -0.6424
_SET2_   ENSG00000111335    12  113381200  113484528    348      23  195813     -0.22562      0.50585    8.5626e-14     -0.22562
_SET2_   ENSG00000110931    12  121640497  121771111    376      41  195813      0.77962      0.19291    8.5598e-14      0.77962
_SET2_   ENSG00000051825    12  123601867  123763561    430      15  195813      0.29082      0.29894    8.5598e-14      0.29082
_SET2_   ENSG00000073060    12  125226402  125402214    575      80  195813        3.838   5.8919e-05    8.5709e-14        3.838
_SET2_   ENSG00000150459    13   21679653   21758221    326      29  195813    -0.057954      0.45826    8.5619e-14    -0.057954
_SET2_   ENSG00000127870    13   26671253   26831791    635      36  195813      0.35994      0.30041    8.5598e-14      0.35994
_SET2_   ENSG00000152484    13   27605293   27781033    546      36  195813      -1.6852      0.94482    8.5709e-14      -1.6852
_SET2_   ENSG00000122026    13   27790446   27865828    203      29  195813      -1.4313      0.91929    8.5709e-14      -1.4313
_SET2_   ENSG00000186184    13   28159903   28276548    541      33  195813      0.43964      0.26856    8.5598e-14      0.43964
_SET2_   ENSG00000120694    13   31675762   31771525    290      27  195813       -1.563      0.91724    8.5709e-14       -1.563
_SET2_   ENSG00000172915    13   35481424   36282159   2209      70  195813     -0.71168      0.75505    8.5598e-14     -0.71168
_SET2_   ENSG00000102760    13   41996695   42080018    274      30  195813      0.19629      0.36765    8.5626e-14      0.19629
_SET2_   ENSG00000139684    13   47310391   47406367    209      30  195813       0.4081      0.29443    8.5598e-14       0.4081
_SET2_   ENSG00000136147    13   50034746   50138123    435      23  195813       2.8451    0.0010957    8.5709e-14       2.8451
_SET2_   ENSG00000102786    13   51893213   52063400    551      23  195813     -0.16904      0.55045    8.5626e-14     -0.16904
_SET2_   ENSG00000083535    13   73321197   73625591    849      31  195813      -1.2553      0.85832    8.5709e-14      -1.2553
_SET2_   ENSG00000125249    13   98051476   98156382    196      23  195813      -1.3102      0.89557    8.5709e-14      -1.3102
_SET2_   ENSG00000102452    13  101671130  102103843   1716     103  195813      0.21522      0.41758    8.5626e-14      0.21522
_SET2_   ENSG00000126216    13  113104325  113277481    539      40  195813     -0.59849      0.68409    8.5598e-14     -0.59849
_SET2_   ENSG00000185989    13  114712194  114933086    737      36  195813       2.3757     0.005109    8.5709e-14       2.3757
_SET2_   ENSG00000129538    14   21234387   21306437    296      44  195813      -1.9285      0.96645    8.5709e-14      -1.9285
_SET2_   ENSG00000092009    14   24939559   25012471    342      17  195813      0.26818      0.30446    8.5598e-14      0.26818
_SET2_   ENSG00000100450    14   25040686   25113905    245      28  195813     -0.65222      0.69566    8.5598e-14     -0.65222
_SET2_   ENSG00000100906    14   35835717   35908955    350      47  195813     -0.32037      0.58832    8.5598e-14     -0.32037
_SET2_   ENSG00000100934    14   39466123   39613850    403      26  195813       1.0309      0.11546    8.5709e-14       1.0309
_SET2_   ENSG00000165355    14   39831873   39936704    258      16  195813      0.95681      0.11846    8.5598e-14      0.95681
_SET2_   ENSG00000139921    14   51671880   51757759    277      25  195813     -0.88655      0.77181    8.5598e-14     -0.88655
_SET2_   ENSG00000100519    14   53138890   53230305    193      28  195813      -0.1788      0.51466    8.5626e-14      -0.1788
_SET2_   ENSG00000126787    14   55579830   55693396    344      21  195813      -0.9898      0.79647    8.5598e-14      -0.9898
_SET2_   ENSG00000070367    14   57635518   57770726    225      15  195813      0.66495      0.24142    8.5598e-14      0.66495
_SET2_   ENSG00000100592    14   59620364   59873123    810      39  195813     -0.27241       0.5477    8.5598e-14     -0.27241
_SET2_   ENSG00000100614    14   60677470   60800805    264      18  195813        1.225     0.077084    8.5709e-14        1.225
_SET2_   ENSG00000100644    14   62127231   62249976    352      33  195813     -0.89743      0.80622    8.5598e-14     -0.89743
_SET2_   ENSG00000023608    14   62194075   62298146    355      28  195813     -0.81199      0.76458    8.5598e-14     -0.81199
_SET2_   ENSG00000133961    14   73706815   73965348    696      39  195813       0.6487      0.21625    8.5598e-14       0.6487
_SET2_   ENSG00000119718    14   75434614   75511292    143      12  195813       3.8261   2.4863e-05    8.5709e-14       3.8261
_SET2_   ENSG00000119699    14   76389442   76484334    181      22  195813      0.80715      0.17529    8.5598e-14      0.80715
_SET2_   ENSG00000100764    14   90687839   90773968    254      11  195813     -0.43431      0.55857    8.5598e-14     -0.43431
_SET2_   ENSG00000198668    14   90827846   90909605    196      28  195813      -1.2007       0.8586    8.5709e-14      -1.2007
_SET2_   ENSG00000100811    14  100669635  100784129    234      21  195813      -0.2818      0.53934    8.5598e-14      -0.2818
_SET2_   ENSG00000128731    15   28321186   28602298    209      12  195813       0.3541      0.30248    8.5598e-14       0.3541
_SET2_   ENSG00000137801    15   39838280   39926667    200      15  195813      0.31697      0.31148    8.5598e-14      0.31697
_SET2_   ENSG00000062524    15   41760836   41841085    225      31  195813        1.071      0.11478    8.5709e-14        1.071
_SET2_   ENSG00000140307    15   59895261   59984740    336      19  195813      0.45794       0.2437    8.5598e-14      0.45794
_SET2_   ENSG00000169032    15   66644155   66819650    536      26  195813      0.88224      0.14925    8.5598e-14      0.88224
_SET2_   ENSG00000136381    15   78694773   78828798    324      24  195813      0.78919      0.16146    8.5598e-14      0.78919
_SET2_   ENSG00000103811    15   79178400   79276916    313      27  195813       3.4082   0.00019923    8.5709e-14       3.4082
_SET2_   ENSG00000169594    15   83889655   83988466    153      18  195813     0.078843      0.41892    8.5612e-14     0.078843
_SET2_   ENSG00000140600    15   84080980   84322495    601      66  195813      0.29855      0.37078    8.5598e-14      0.29855
_SET2_   ENSG00000166716    15   85256866   85384659    322      23  195813       1.2375     0.079706    8.5709e-14       1.2375
_SET2_   ENSG00000140521    15   89824534   89913092    195      20  195813      -2.2806      0.98173    8.5709e-14      -2.2806
_SET2_   ENSG00000166825    15   90293120   90393633    366      26  195813      0.49492      0.24415    8.5598e-14      0.49492
_SET2_   ENSG00000185518    15   91608180   91879539    815      60  195813      0.38321      0.31647    8.5598e-14      0.38321
_SET2_   ENSG00000183475    15  101107739  101226910    459      53  195813    -0.020473      0.47104    8.5619e-14    -0.020473
_SET2_   ENSG00000184254    15  101382919  101491831    278      40  195813       1.5247     0.051514    8.5709e-14       1.5247
_SET2_   ENSG00000154237    15  101424420  101645317    774      55  195813       1.2156     0.092906    8.5709e-14       1.2156
_SET2_   ENSG00000103152    16      92006     170852    202      24  195813      0.94606      0.13811    8.5598e-14      0.94606
_SET2_   ENSG00000242173    16     283726     368003    270      32  195813     -0.60338      0.68108    8.5598e-14     -0.60338
_SET2_   ENSG00000162004    16     737582     811954    145      17  195813      0.77026      0.16671    8.5598e-14      0.77026
_SET2_   ENSG00000196408    16    1993918    2069193    336      25  195813      -2.3001      0.98344    8.5709e-14      -2.3001
_SET2_   ENSG00000167965    16    2219249    2294417    127      14  195813      -2.6793       0.9932    8.5709e-14      -2.6793
_SET2_   ENSG00000167972    16    2290882    2425747    148      19  195813      -2.0997      0.97298    8.5709e-14      -2.0997
_SET2_   ENSG00000162066    16    2535358    2616423      8       3  195813  -0.00013507      0.43455    8.5618e-14  -0.00013507
_SET2_   ENSG00000140992    16    2552965    2688189     17       7  195813      -1.0618      0.82478    8.5709e-14      -1.0618
_SET2_   ENSG00000005001    16    2867728    2943171    238      32  195813      -1.4442      0.90313    8.5709e-14      -1.4442
_SET2_   ENSG00000005339    16    3740055    3965727    360      48  195813       0.5155      0.30378    8.5598e-14       0.5155
_SET2_   ENSG00000162104    16    3968388    4201186    982      85  195813     -0.48293      0.67639    8.5598e-14     -0.48293
_SET2_   ENSG00000183044    16    8733422    8913432    998      99  195813     -0.19428      0.58731    8.5626e-14     -0.19428
_SET2_   ENSG00000187555    16    8950951    9093371    453      37  195813       1.2146     0.089832    8.5709e-14       1.2146
_SET2_   ENSG00000103342    16   11926985   12044939    277      24  195813     -0.35079      0.56992    8.5598e-14     -0.35079
_SET2_   ENSG00000048462    16   12023964   12096925    256      23  195813       1.0478      0.11581    8.5709e-14       1.0478
_SET2_   ENSG00000103222    16   16008434   16271931    878      74  195813      0.81241      0.19479    8.5598e-14      0.81241
_SET2_   ENSG00000170540    16   18767991   18848000    152      12  195813      -2.7765      0.99449    8.5709e-14      -2.7765
_SET2_   ENSG00000102897    16   20876190   20971328    188      27  195813       0.4136      0.29727    8.5598e-14       0.4136
_SET2_   ENSG00000176046    16   28513606   28585495    190      18  195813       0.3765        0.292    8.5598e-14       0.3765
_SET2_   ENSG00000178188    16   28822921   28920526    140       5  195813      0.90212      0.10989    8.5598e-14      0.90212
_SET2_   ENSG00000102886    16   30081131   30160177     87      14  195813     -0.78338      0.72592    8.5598e-14     -0.78338
_SET2_   ENSG00000102882    16   30090426   30169827     96      13  195813     -0.94355      0.77092    8.5598e-14     -0.94355
_SET2_   ENSG00000140682    16   31447906   31524281     96      17  195813      -1.1964      0.85149    8.5709e-14      -1.1964
_SET2_   ENSG00000166123    16   46883290   47000209    111      18  195813     -0.66265      0.72872    8.5598e-14     -0.66265
_SET2_   ENSG00000205362    16   56637578   56708999    382      40  195813       -1.261        0.877    8.5709e-14       -1.261
_SET2_   ENSG00000102978    16   57461299   57540922    243      34  195813     -0.23741      0.56902    8.5626e-14     -0.23741
_SET2_   ENSG00000181938    16   58293984   58475048    718      54  195813      0.55886      0.26302    8.5598e-14      0.55886
_SET2_   ENSG00000172828    16   66960140   67044051    125      17  195813      0.76596      0.26253    8.5598e-14      0.76596
_SET2_   ENSG00000103064    16   68263433   68370722    201      21  195813      0.37123      0.29452    8.5598e-14      0.37123
_SET2_   ENSG00000103018    16   69423428   69535169    339      33  195813      -1.3386      0.88747    8.5709e-14      -1.3386
_SET2_   ENSG00000186153    16   78098310   79281564   8043     374  195813      -1.1344      0.90531    8.5709e-14      -1.1344
_SET2_   ENSG00000178573    16   79584740   79669611    358      58  195813     -0.82678       0.7833    8.5598e-14     -0.82678
_SET2_   ENSG00000197943    16   81737702   82026899   1644     138  195813       1.3574      0.10261    8.5709e-14       1.3574
_SET2_   ENSG00000124391    16   88669999   88741881    268      41  195813     -0.44168      0.63348    8.5598e-14     -0.44168
_SET2_   ENSG00000167721    17    2190797    2275801    261      26  195813       3.3743   0.00019283    8.5709e-14       3.3743
_SET2_   ENSG00000167842    17    5354605    5429134    307      19  195813      0.45434      0.25709    8.5598e-14      0.45434
_SET2_   ENSG00000129221    17    6262013    6373519    552      77  195813      -1.0293      0.84454    8.5709e-14      -1.0293
_SET2_   ENSG00000170291    17    7119735    7198259    115      14  195813      0.46248      0.25493    8.5598e-14      0.46248
_SET2_   ENSG00000006695    17   13937813   14146994    610      49  195813     -0.86297      0.77278    8.5598e-14     -0.86297
_SET2_   ENSG00000170315    17   16249112   16321059    134      18  195813       1.5856     0.047185    8.5709e-14       1.5856
_SET2_   ENSG00000108551    17   17362751   17434709    195      26  195813      0.86675      0.15935    8.5598e-14      0.86675
_SET2_   ENSG00000166482    17   19251755   19325553    111      12  195813       2.5121    0.0061354    8.5709e-14       2.5121
_SET2_   ENSG00000034152    17   21152984   21253552    125      22  195813       1.0608      0.11817    8.5709e-14       1.0608
_SET2_   ENSG00000109072    17   26656290   26735110    137      16  195813       2.2268    0.0085032    8.5709e-14       2.2268
_SET2_   ENSG00000131242    17   29683642   29900236    606      58  195813      -1.5514      0.92766    8.5709e-14      -1.5514
_SET2_   ENSG00000176749    17   30778637   30853274    115      21  195813     -0.34074      0.57625    8.5598e-14     -0.34074
_SET2_   ENSG00000267596    17   34288476   34364084    330      28  195813     -0.79619      0.75646    8.5598e-14     -0.79619
_SET2_   ENSG00000108294    17   36873989   36955484    192      38  195813       1.0424      0.13216    8.5709e-14       1.0424
_SET2_   ENSG00000161381    17   37184556   37345647    556      36  195813     -0.46833        0.622    8.5598e-14     -0.46833
_SET2_   ENSG00000173801    17   39740692   39978183    729      50  195813       1.9169     0.021514    8.5709e-14       1.9169
_SET2_   ENSG00000173757    17   40316186   40463725    177      21  195813      0.82138      0.17046    8.5598e-14      0.82138
_SET2_   ENSG00000131469    17   41115290   41189976    101      10  195813       1.9643     0.014663    8.5709e-14       1.9643
_SET2_   ENSG00000180340    17   42599925   42671907    198      24  195813       1.0934       0.1078    8.5709e-14       1.0934
_SET2_   ENSG00000108468    17   46112414   46213883    317      20  195813      0.35361      0.29593    8.5598e-14      0.35361
_SET2_   ENSG00000005884    17   48098332   48202845    327      42  195813       1.8203     0.030336    8.5709e-14       1.8203
_SET2_   ENSG00000108846    17   48677138   48804613    296      54  195813     -0.10419      0.52077    8.5612e-14     -0.10419
_SET2_   ENSG00000141232    17   48904584   48980339    187      21  195813     -0.32368      0.56341    8.5598e-14     -0.32368
_SET2_   ENSG00000239672    17   49195897   49274789    226      28  195813       1.9259     0.018911    8.5709e-14       1.9259
_SET2_   ENSG00000011052    17   49195951   49284105    244      29  195813       1.8506     0.022683    8.5709e-14       1.8506
_SET2_   ENSG00000121060    17   54930270   55026399    161      31  195813      -1.6913      0.94368    8.5709e-14      -1.6913
_SET2_   ENSG00000121057    17   55127453   55233710    417      55  195813     -0.73091      0.74452    8.5598e-14     -0.73091
_SET2_   ENSG00000108443    17   57935447   58062925    196      16  195813      0.60093      0.21058    8.5598e-14      0.60093
_SET2_   ENSG00000168646    17   63489681   63592765    273      52  195813       3.1738   0.00066296    8.5709e-14       3.1738
_SET2_   ENSG00000167861    17   72911838   73004261    188      41  195813       -1.418      0.91421    8.5709e-14       -1.418
_SET2_   ENSG00000109089    17   72948727   73036895    234      33  195813     -0.69953      0.73593    8.5598e-14     -0.69953
_SET2_   ENSG00000132470    17   73682408   73788899    194      36  195813        2.241     0.010006    8.5709e-14        2.241
_SET2_   ENSG00000167895    17   76091851   76174049    321      55  195813     -0.40478      0.64193    8.5598e-14     -0.40478
_SET2_   ENSG00000087157    17   76339721   76456195    447      31  195813      -1.2518      0.86048    8.5709e-14      -1.2518
_SET2_   ENSG00000108679    17   76932320   77011191    255      37  195813      0.32377      0.36164    8.5598e-14      0.32377
_SET2_   ENSG00000171302    17   76952799   77040949    271      36  195813     -0.43045      0.66972    8.5598e-14     -0.43045
_SET2_   ENSG00000141564    17   78483619   78975171   2018      74  195813       2.1031     0.014385    8.5709e-14       2.1031
_SET2_   ENSG00000183010    17   79855260   79935288     36       2  195813      0.57681      0.18402    8.5598e-14      0.57681
_SET2_   ENSG00000169727    17   79973567   80050346    147      20  195813      0.46765      0.26177    8.5598e-14      0.46765
_SET2_   ENSG00000141551    17   80161899   80266607    159      15  195813      -1.1633      0.83259    8.5709e-14      -1.1633
_SET2_   ENSG00000173762    17   80237744   80310478    197      11  195813     -0.79088      0.72502    8.5598e-14     -0.79088
_SET2_   ENSG00000176890    18     622604     708578    361      28  195813      0.48968      0.24784    8.5598e-14      0.48968
_SET2_   ENSG00000168461    18    9673162    9897548   1008     122  195813     0.085287      0.49613    8.5612e-14     0.085287
_SET2_   ENSG00000185231    18   13847043   13950706    443      34  195813      -1.6397      0.92955    8.5709e-14      -1.6397
_SET2_   ENSG00000153339    18   29374136   29568099    642      42  195813        0.357      0.31046    8.5598e-14        0.357
_SET2_   ENSG00000134769    18   32038254   32506808   1086      43  195813       1.2585      0.08797    8.5709e-14       1.2585
_SET2_   ENSG00000078043    18   44353353   44535123    549      19  195813    -0.079626      0.44995    8.5612e-14    -0.079626
_SET2_   ENSG00000198796    18   56113479   56331189    823      78  195813      0.27959      0.37351    8.5598e-14      0.27959
_SET2_   ENSG00000074657    18   56494832   56688712    556      44  195813      0.85246      0.16573    8.5598e-14      0.85246
_SET2_   ENSG00000166401    18   61602159   61707278    276      31  195813      0.81707      0.16857    8.5598e-14      0.81707
_SET2_   ENSG00000099860    19    2441120    2513257    276      42  195813     -0.76852      0.74909    8.5598e-14     -0.76852
_SET2_   ENSG00000064961    19    3537775    3614086    201      32  195813     -0.63003      0.68982    8.5598e-14     -0.63003
_SET2_   ENSG00000174886    19    5856287    5939017    306      27  195813     0.032119      0.42215    8.5619e-14     0.032119
_SET2_   ENSG00000171105    19    7077266    7329045    934      99  195813     -0.54859      0.71315    8.5598e-14     -0.54859
_SET2_   ENSG00000130816    19   10209021   10376962    375      33  195813     -0.36834      0.58626    8.5598e-14     -0.36834
_SET2_   ENSG00000130158    19   11274971   11408157    442      36  195813       1.4827     0.052703    8.5709e-14       1.4827
_SET2_   ENSG00000105612    19   12951025   13027282    137      16  195813      0.71364      0.18782    8.5598e-14      0.71364
_SET2_   ENSG00000186529    19   15716707   15808635    672      33  195813      0.55665      0.22427    8.5598e-14      0.55665
_SET2_   ENSG00000127528    19   16400628   16473685    253      29  195813       2.0407     0.014361    8.5709e-14       2.0407
_SET2_   ENSG00000130522    19   18355563   18427432    293      27  195813       1.1679     0.089201    8.5709e-14       1.1679
_SET2_   ENSG00000221983    19   18647540   18723360    213      23  195813      0.21152      0.34849    8.5626e-14      0.21152
_SET2_   ENSG00000130402    19   39103289   39257223    459      24  195813       1.3246     0.064468    8.5709e-14       1.3246
_SET2_   ENSG00000205076    19   39226611   39299132    312      22  195813       1.4315     0.050971    8.5709e-14       1.4315
_SET2_   ENSG00000104824    19   39292028   39377987    197      22  195813      -1.5552      0.91745    8.5709e-14      -1.5552
_SET2_   ENSG00000269190    19   39397044   39501550    366      28  195813     -0.99087      0.78763    8.5598e-14     -0.99087
_SET2_   ENSG00000130204    19   45358826   45441946    279      37  195813       5.4394   1.3304e-08    8.5265e-14       5.4394
_SET2_   ENSG00000105483    19   48649027   48794203    664      51  195813       1.0069      0.12901    8.5709e-14       1.0069
_SET2_   ENSG00000087088    19   49423072   49500055    198      30  195813     -0.87223      0.77399    8.5598e-14     -0.87223
_SET2_   ENSG00000104812    19   49436382   49531567    289      28  195813      -1.0631      0.81466    8.5709e-14      -1.0631
_SET2_   ENSG00000104826    19   49484237   49555338    220      19  195813      -1.2471      0.85111    8.5709e-14      -1.2471
_SET2_   ENSG00000142534    19   49964622   50037946    172      16  195813      0.17321      0.36973    8.5626e-14      0.17321
_SET2_   ENSG00000126457    19   50144043   50227286    147      25  195813      0.87218      0.16975    8.5598e-14      0.87218
_SET2_   ENSG00000131408    19   50797910   50921239    298      35  195813      -1.6678      0.93785    8.5709e-14      -1.6678
_SET2_   ENSG00000105379    19   51813423   51904672    308      33  195813      -1.4108      0.89493    8.5709e-14      -1.4108
_SET2_   ENSG00000095752    19   55840757   55916831    270      36  195813       -1.177      0.85968    8.5709e-14       -1.177
_SET2_   ENSG00000088888    20    3792487    3884280    260      39  195813      0.13215      0.41527    8.5626e-14      0.13215
_SET2_   ENSG00000101311    20    6020492    6139191    471      48  195813     -0.52775      0.66778    8.5598e-14     -0.52775
_SET2_   ENSG00000182621    20    8077824    8984003   3027     188  195813      0.99062      0.20416    8.5598e-14      0.99062
_SET2_   ENSG00000154930    20   24951868   25074616    353      32  195813      0.32833      0.32592    8.5598e-14      0.32833
_SET2_   ENSG00000088305    20   31315191   31432162    366      23  195813      -1.5629      0.91295    8.5709e-14      -1.5629
_SET2_   ENSG00000132792    20   36287408   36535531    524      22  195813       1.1218     0.089468    8.5709e-14       1.1218
_SET2_   ENSG00000129988    20   36939759   37040665    344      42  195813     -0.92381      0.79601    8.5598e-14     -0.92381
_SET2_   ENSG00000124181    20   39730600   39846629    177      24  195813       3.5926   0.00010704    8.5709e-14       3.5926
_SET2_   ENSG00000101040    20   45802859   46020567    429      38  195813     -0.87203      0.76455    8.5598e-14     -0.87203
_SET2_   ENSG00000172216    20   48772376   48844212    219      22  195813     -0.50918      0.62511    8.5598e-14     -0.50918
_SET2_   ENSG00000101144    20   55708804   55876685    567      48  195813       1.3172     0.076669    8.5709e-14       1.3172
_SET2_   ENSG00000124225    20   56188448   56321592    441      79  195813       0.3604      0.36405    8.5598e-14       0.3604
_SET2_   ENSG00000130702    20   60848011   60977368    557      33  195813     -0.99888      0.79781    8.5598e-14     -0.99888
_SET2_   ENSG00000149679    20   60928688   61017341    404      35  195813     -0.69952      0.70958    8.5598e-14     -0.69952
_SET2_   ENSG00000101152    20   62491518   62602384    316      29  195813     -0.44173      0.62169    8.5598e-14     -0.44173
_SET2_   ENSG00000171700    20   62669534   62746323    194      30  195813       1.0664      0.11825    8.5709e-14       1.0664
_SET2_   ENSG00000156261    21   30393126   30481118    185      21  195813       2.0239     0.014277    8.5709e-14       2.0239
_SET2_   ENSG00000157554    21   39716949   40068704   1268     120  195813       2.2211     0.015739    8.5709e-14       2.2211
_SET2_   ENSG00000182871    21   46790052   46968634    734      62  195813      -0.4883      0.65757    8.5598e-14      -0.4883
_SET2_   ENSG00000100030    22   22073789   22256970    440      27  195813      0.39836      0.28197    8.5598e-14      0.39836
_SET2_   ENSG00000100031    22   24944718   25059972    176      21  195813       1.3096     0.070327    8.5709e-14       1.3096
_SET2_   ENSG00000182541    22   31573225   31711066    296      21  195813     -0.51387      0.63219    8.5598e-14     -0.51387
_SET2_   ENSG00000100365    22   37222030   37309057    264      37  195813      0.14469      0.39934    8.5626e-14      0.14469
_SET2_   ENSG00000128340    22   37586301   37675488    348      32  195813     -0.56076      0.65319    8.5598e-14     -0.56076
_SET2_   ENSG00000100097    22   38036615   38110813    225      27  195813      0.40428      0.28906    8.5598e-14      0.40428
_SET2_   ENSG00000100393    22   41452790   41611081    301      16  195813      -1.6851       0.9253    8.5709e-14      -1.6851
_SET2_   ENSG00000100197    22   42487501   42561908    256      14  195813      -1.4147      0.87755    8.5709e-14      -1.4147
_SET2_   ENSG00000100290    22   43471754   43560718    307      43  195813     -0.64001      0.70371    8.5598e-14     -0.64001
_SET2_   ENSG00000100344    22   44284619   44395368    476      46  195813      0.04968      0.43262    8.5619e-14      0.04968
_SET2_   ENSG00000100347    22   44316301   44441411    456      46  195813     0.099994      0.41498    8.5612e-14     0.099994
_SET2_   ENSG00000093000    22   45524722   45618896    359      29  195813     -0.50626       0.6296    8.5598e-14     -0.50626
