Welcome to MAGMA v1.10 (linux/s)
Using flags:
	--gene-results cad_case.control_genebased.genes.raw
	--set-annot /sc/arion/projects/psychgen/cotea02_prset/geneoverlap/data/pathway_db/msigdb/c2.all.v2023.2.Hs.symbols.gmt_filtered.txt
	--out cad_real_set

Start time is 12:24:46, Thursday 24 Apr 2025

Reading file cad_case.control_genebased.genes.raw... 
	16492 genes read from file
Loading gene-set annotation...
Reading file /sc/arion/projects/psychgen/cotea02_prset/geneoverlap/data/pathway_db/msigdb/c2.all.v2023.2.Hs.symbols.gmt_filtered.txt... 
	5878 gene-set definitions read from file
	found 5878 gene sets containing genes defined in genotype data (containing a total of 16492 unique genes)
Preparing variables for analysis...
	truncating Z-scores 3 points below zero or 6 standard deviations above the mean
	truncating covariate values more than 5 standard deviations from the mean
	total variables available for analysis: 5878 gene sets

Parsing model specifications...
Inverting gene-gene correlation matrix...
Performing regression analysis...
	testing direction: one-sided, positive (sets), two-sided (covar)
	conditioning on internal variables:
		gene size, log(gene size)
		gene density, log(gene density)
		inverse mac, log(inverse mac)
	analysing individual variables

	analysing single-variable models (number of models: 5878)
	writing results to file cad_real_set.gsa.out
	writing gene information to file cad_real_set.gsa.genes.out
	writing gene analysis results per significant result (after multiple testing correction, at alpha = 0.05) to file cad_real_set.gsa.sets.genes.out

End time is 12:24:54, Thursday 24 Apr 2025 (elapsed: 00:00:08)
